#
# There is insufficient memory for the Java Runtime Environment to continue.
# Native memory allocation (mmap) failed to map 38797312 bytes for Failed to commit area from 0x000000008b900000 to 0x000000008de00000 of length 38797312.
# Possible reasons:
#   The system is out of physical RAM or swap space
#   The process is running with CompressedOops enabled, and the Java Heap may be blocking the growth of the native heap
# Possible solutions:
#   Reduce memory load on the system
#   Increase physical memory or swap space
#   Check if swap backing store is full
#   Decrease Java heap size (-Xmx/-Xms)
#   Decrease number of Java threads
#   Decrease Java thread stack sizes (-Xss)
#   Set larger code cache with -XX:ReservedCodeCacheSize=
#   JVM is running with Unscaled Compressed Oops mode in which the Java heap is
#     placed in the first 4GB address space. The Java Heap base address is the
#     maximum limit for the native heap growth. Please use -XX:HeapBaseMinAddress
#     to set the Java Heap base and to place the Java Heap above 4GB virtual address.
# This output file may be truncated or incomplete.
#
#  Out of Memory Error (./src/hotspot/os/windows/os_windows.cpp:3303), pid=19520, tid=20716
#
# JRE version: OpenJDK Runtime Environment (11.0.8+10) (build 11.0.8+10-b944.6842174)
# Java VM: OpenJDK 64-Bit Server VM (11.0.8+10-b944.6842174, mixed mode, tiered, compressed oops, g1 gc, windows-amd64)
# No core dump will be written. Minidumps are not enabled by default on client versions of Windows
#

---------------  S U M M A R Y ------------

Command Line: --add-opens=java.base/java.util=ALL-UNNAMED --add-opens=java.base/java.lang=ALL-UNNAMED --add-opens=java.base/java.lang.invoke=ALL-UNNAMED --add-opens=java.prefs/java.util.prefs=ALL-UNNAMED -Xmx2048m -Dfile.encoding=UTF-8 -Duser.country=IN -Duser.language=en -Duser.variant org.gradle.launcher.daemon.bootstrap.GradleDaemon 6.5

Host: Intel(R) Core(TM) i5-2400 CPU @ 3.10GHz, 4 cores, 7G,  Windows 10 , 64 bit Build 19041 (10.0.19041.1023)
Time: Mon Jun 28 17:29:16 2021 India Standard Time elapsed time: 31 seconds (0d 0h 0m 31s)

---------------  T H R E A D  ---------------

Current thread (0x000002adff0e6000):  VMThread "VM Thread" [stack: 0x000000afe3100000,0x000000afe3200000] [id=20716]

Stack: [0x000000afe3100000,0x000000afe3200000]
[error occurred during error reporting (printing stack bounds), id 0xc0000005, EXCEPTION_ACCESS_VIOLATION (0xc0000005) at pc=0x000002ad80000dad]

Native frames: (J=compiled Java code, j=interpreted, Vv=VM code, C=native code)
V  [jvm.dll+0x5de50a]
V  [jvm.dll+0x7122f5]
V  [jvm.dll+0x71384d]
V  [jvm.dll+0x713e65]
V  [jvm.dll+0x713e1b]
V  [jvm.dll+0x5dd958]
V  [jvm.dll+0x5de0f8]
C  [ntdll.dll+0xa217f]
C  [ntdll.dll+0x51454]
C  [ntdll.dll+0xa0cae]
C  0x000002ad80000dad

VM_Operation (0x000000afe47f6520): G1CollectForAllocation, mode: safepoint, requested by thread 0x000002ad9414f800


---------------  P R O C E S S  ---------------

Threads class SMR info:
_java_thread_list=0x000002ad930d6a10, length=128, elements={
0x000002adf671a800, 0x000002adff0ed000, 0x000002adff0f0000, 0x000002adffa92800,
0x000002adffa93800, 0x000002adff108000, 0x000002adff10c800, 0x000002adff13b000,
0x000002adffbc1800, 0x000002adffbcd000, 0x000002ad93d5d800, 0x000002ad947ce800,
0x000002ad94bd1000, 0x000002ad945a3800, 0x000002ad942c2000, 0x000002ad94462800,
0x000002ad9414f800, 0x000002ad93912000, 0x000002ad9447a800, 0x000002ad93b04000,
0x000002ad94f0c000, 0x000002ad94f0e000, 0x000002ad94f11000, 0x000002ad94f12800,
0x000002ad94f0d000, 0x000002ad94f0e800, 0x000002ad94f12000, 0x000002ad94f0f800,
0x000002ad94f10000, 0x000002ad9723b000, 0x000002ad97239800, 0x000002ad97235800,
0x000002ad9723c000, 0x000002ad9723a800, 0x000002ad97236000, 0x000002ad9723d800,
0x000002ad97238000, 0x000002ad9723e800, 0x000002ad97238800, 0x000002ad97240000,
0x000002ad9723f000, 0x000002ad97243800, 0x000002ad97241000, 0x000002ad97241800,
0x000002ad97242800, 0x000002ad97244000, 0x000002ad94aa7800, 0x000002ad94aa8000,
0x000002ad94aa5000, 0x000002ad94aa3800, 0x000002ad94aaa000, 0x000002ad94aa6800,
0x000002ad94aa9000, 0x000002ad94aa4000, 0x000002ad94aaa800, 0x000002ad94aab800,
0x000002ad94aa5800, 0x000002ad94aac800, 0x000002ad94aad000, 0x000002ad94aae000,
0x000002ad94aae800, 0x000002ad94aaf800, 0x000002ad94ab0800, 0x000002ad94ab1000,
0x000002ad94ab2000, 0x000002ad97520800, 0x000002ad97521800, 0x000002ad97522000,
0x000002ad9751f000, 0x000002ad97523000, 0x000002ad97525800, 0x000002ad97524000,
0x000002ad97524800, 0x000002ad9751f800, 0x000002ad97528800, 0x000002ad97526000,
0x000002ad97527000, 0x000002ad9752d000, 0x000002ad97529800, 0x000002ad9752d800,
0x000002ad97528000, 0x000002ad9752c000, 0x000002ad9752a800, 0x000002ad9752b000,
0x000002ad95202000, 0x000002ad95201000, 0x000002ad95202800, 0x000002ad95203800,
0x000002ad95204800, 0x000002ad951fe800, 0x000002ad95200800, 0x000002ad95205000,
0x000002ad951ff800, 0x000002ad95208800, 0x000002ad9520a000, 0x000002ad95209800,
0x000002ad95207800, 0x000002ad95207000, 0x000002ad9520b000, 0x000002ad9520b800,
0x000002ad95206000, 0x000002ad9520c800, 0x000002ad9520d800, 0x000002ad930da800,
0x000002ad930df000, 0x000002ad930df800, 0x000002ad930de000, 0x000002ad930da000,
0x000002ad930db800, 0x000002ad930dd000, 0x000002ad930e1000, 0x000002ad930e2000,
0x000002ad930dc800, 0x000002ad930e3800, 0x000002ad930e6000, 0x000002ad930e3000,
0x000002ad930e4800, 0x000002ad930e0800, 0x000002ad930e5800, 0x000002ad930e7000,
0x000002ad930e7800, 0x000002ad930e8800, 0x000002ad971ea800, 0x000002ad971ec000,
0x000002ad971e9000, 0x000002ad971ef800, 0x000002ad971eb800, 0x000002ad98cd8000
}

Java Threads: ( => current thread )
  0x000002adf671a800 JavaThread "main" [_thread_blocked, id=23784, stack(0x000000afe2a00000,0x000000afe2b00000)]
  0x000002adff0ed000 JavaThread "Reference Handler" daemon [_thread_blocked, id=14484, stack(0x000000afe3200000,0x000000afe3300000)]
  0x000002adff0f0000 JavaThread "Finalizer" daemon [_thread_blocked, id=23988, stack(0x000000afe3300000,0x000000afe3400000)]
  0x000002adffa92800 JavaThread "Signal Dispatcher" daemon [_thread_blocked, id=2376, stack(0x000000afe3400000,0x000000afe3500000)]
  0x000002adffa93800 JavaThread "Attach Listener" daemon [_thread_blocked, id=744, stack(0x000000afe3500000,0x000000afe3600000)]
  0x000002adff108000 JavaThread "C2 CompilerThread0" daemon [_thread_blocked, id=23640, stack(0x000000afe3600000,0x000000afe3700000)]
  0x000002adff10c800 JavaThread "C1 CompilerThread0" daemon [_thread_blocked, id=24192, stack(0x000000afe3700000,0x000000afe3800000)]
  0x000002adff13b000 JavaThread "Sweeper thread" daemon [_thread_blocked, id=23604, stack(0x000000afe3800000,0x000000afe3900000)]
  0x000002adffbc1800 JavaThread "Common-Cleaner" daemon [_thread_blocked, id=16420, stack(0x000000afe3900000,0x000000afe3a00000)]
  0x000002adffbcd000 JavaThread "Service Thread" daemon [_thread_blocked, id=20856, stack(0x000000afe3a00000,0x000000afe3b00000)]
  0x000002ad93d5d800 JavaThread "Daemon health stats" [_thread_blocked, id=21216, stack(0x000000afe4000000,0x000000afe4100000)]
  0x000002ad947ce800 JavaThread "Incoming local TCP Connector on port 59996" [_thread_in_native, id=20576, stack(0x000000afe3f00000,0x000000afe4000000)]
  0x000002ad94bd1000 JavaThread "Daemon periodic checks" [_thread_blocked, id=22536, stack(0x000000afe4300000,0x000000afe4400000)]
  0x000002ad945a3800 JavaThread "Daemon" [_thread_blocked, id=2428, stack(0x000000afe4400000,0x000000afe4500000)]
  0x000002ad942c2000 JavaThread "Handler for socket connection from /127.0.0.1:59996 to /127.0.0.1:59997" [_thread_in_native, id=20620, stack(0x000000afe4500000,0x000000afe4600000)]
  0x000002ad94462800 JavaThread "Cancel handler" [_thread_blocked, id=9876, stack(0x000000afe4600000,0x000000afe4700000)]
  0x000002ad9414f800 JavaThread "Daemon worker" [_thread_blocked, id=14280, stack(0x000000afe4700000,0x000000afe4800000)]
  0x000002ad93912000 JavaThread "Asynchronous log dispatcher for DefaultDaemonConnection: socket connection from /127.0.0.1:59996 to /127.0.0.1:59997" [_thread_blocked, id=14052, stack(0x000000afe4800000,0x000000afe4900000)]
  0x000002ad9447a800 JavaThread "Stdin handler" [_thread_blocked, id=15488, stack(0x000000afe4900000,0x000000afe4a00000)]
  0x000002ad93b04000 JavaThread "Thread-8" [_thread_blocked, id=25540, stack(0x000000afe4a00000,0x000000afe4b00000)]
  0x000002ad94f0c000 JavaThread "Cache worker for journal cache (C:\Users\infinity\.gradle\caches\journal-1)" [_thread_blocked, id=9116, stack(0x000000afe4c00000,0x000000afe4d00000)]
  0x000002ad94f0e000 JavaThread "File lock request listener" [_thread_in_native, id=5796, stack(0x000000afe4d00000,0x000000afe4e00000)]
  0x000002ad94f11000 JavaThread "Cache worker for file hash cache (C:\Users\infinity\.gradle\caches\6.5\fileHashes)" [_thread_blocked, id=20528, stack(0x000000afe4e00000,0x000000afe4f00000)]
  0x000002ad94f12800 JavaThread "Cache worker for file hash cache (D:\monginisssss\.gradle\6.5\fileHashes)" [_thread_blocked, id=9428, stack(0x000000afe5000000,0x000000afe5100000)]
  0x000002ad94f0d000 JavaThread "jar transforms" [_thread_blocked, id=12836, stack(0x000000afe5100000,0x000000afe5200000)]
  0x000002ad94f0e800 JavaThread "jar transforms Thread 2" [_thread_blocked, id=2588, stack(0x000000afe5200000,0x000000afe5300000)]
  0x000002ad94f12000 JavaThread "jar transforms Thread 3" [_thread_blocked, id=3020, stack(0x000000afe5300000,0x000000afe5400000)]
  0x000002ad94f0f800 JavaThread "jar transforms Thread 4" [_thread_blocked, id=25144, stack(0x000000afe5400000,0x000000afe5500000)]
  0x000002ad94f10000 JavaThread "jar transforms Thread 5" [_thread_blocked, id=25356, stack(0x000000afe5500000,0x000000afe5600000)]
  0x000002ad9723b000 JavaThread "jar transforms Thread 6" [_thread_blocked, id=13876, stack(0x000000afe5600000,0x000000afe5700000)]
  0x000002ad97239800 JavaThread "Cache worker for checksums cache (D:\monginisssss\.gradle\checksums)" [_thread_blocked, id=15768, stack(0x000000afe5700000,0x000000afe5800000)]
  0x000002ad97235800 JavaThread "Cache worker for cache directory md-supplier (C:\Users\infinity\.gradle\caches\6.5\md-supplier)" [_thread_blocked, id=21876, stack(0x000000afe5800000,0x000000afe5900000)]
  0x000002ad9723c000 JavaThread "Cache worker for cache directory md-rule (C:\Users\infinity\.gradle\caches\6.5\md-rule)" [_thread_blocked, id=20100, stack(0x000000afe5900000,0x000000afe5a00000)]
  0x000002ad9723a800 JavaThread "Cache worker for execution history cache (C:\Users\infinity\.gradle\caches\6.5\executionHistory)" [_thread_blocked, id=24616, stack(0x000000afe5a00000,0x000000afe5b00000)]
  0x000002ad97236000 JavaThread "Cache worker for file content cache (C:\Users\infinity\.gradle\caches\6.5\fileContent)" [_thread_blocked, id=18308, stack(0x000000afe5b00000,0x000000afe5c00000)]
  0x000002ad9723d800 JavaThread "Build operations" [_thread_blocked, id=20552, stack(0x000000afe5c00000,0x000000afe5d00000)]
  0x000002ad97238000 JavaThread "Build operations Thread 2" [_thread_blocked, id=24420, stack(0x000000afe5d00000,0x000000afe5e00000)]
  0x000002ad9723e800 JavaThread "Build operations Thread 3" [_thread_blocked, id=25560, stack(0x000000afe5e00000,0x000000afe5f00000)]
  0x000002ad97238800 JavaThread "Build operations Thread 4" [_thread_blocked, id=19904, stack(0x000000afe5f00000,0x000000afe6000000)]
  0x000002ad97240000 JavaThread "jar transforms Thread 7" [_thread_blocked, id=22648, stack(0x000000afe6000000,0x000000afe6100000)]
  0x000002ad9723f000 JavaThread "jar transforms Thread 8" [_thread_blocked, id=22032, stack(0x000000afe6100000,0x000000afe6200000)]
  0x000002ad97243800 JavaThread "jar transforms Thread 9" [_thread_blocked, id=17564, stack(0x000000afe6200000,0x000000afe6300000)]
  0x000002ad97241000 JavaThread "jar transforms Thread 10" [_thread_blocked, id=24948, stack(0x000000afe6300000,0x000000afe6400000)]
  0x000002ad97241800 JavaThread "jar transforms Thread 11" [_thread_blocked, id=15332, stack(0x000000afe6400000,0x000000afe6500000)]
  0x000002ad97242800 JavaThread "jar transforms Thread 12" [_thread_blocked, id=25380, stack(0x000000afe6500000,0x000000afe6600000)]
  0x000002ad97244000 JavaThread "jar transforms Thread 13" [_thread_blocked, id=2300, stack(0x000000afe6600000,0x000000afe6700000)]
  0x000002ad94aa7800 JavaThread "jar transforms Thread 14" [_thread_blocked, id=8352, stack(0x000000afe6700000,0x000000afe6800000)]
  0x000002ad94aa8000 JavaThread "jar transforms Thread 15" [_thread_blocked, id=19264, stack(0x000000afe6800000,0x000000afe6900000)]
  0x000002ad94aa5000 JavaThread "jar transforms Thread 16" [_thread_blocked, id=19748, stack(0x000000afe6900000,0x000000afe6a00000)]
  0x000002ad94aa3800 JavaThread "jar transforms Thread 17" [_thread_blocked, id=25364, stack(0x000000afe6a00000,0x000000afe6b00000)]
  0x000002ad94aaa000 JavaThread "jar transforms Thread 18" [_thread_blocked, id=25012, stack(0x000000afe6b00000,0x000000afe6c00000)]
  0x000002ad94aa6800 JavaThread "jar transforms Thread 19" [_thread_blocked, id=22464, stack(0x000000afe6c00000,0x000000afe6d00000)]
  0x000002ad94aa9000 JavaThread "jar transforms Thread 20" [_thread_blocked, id=24452, stack(0x000000afe6d00000,0x000000afe6e00000)]
  0x000002ad94aa4000 JavaThread "jar transforms Thread 21" [_thread_blocked, id=17952, stack(0x000000afe6e00000,0x000000afe6f00000)]
  0x000002ad94aaa800 JavaThread "jar transforms Thread 22" [_thread_blocked, id=11612, stack(0x000000afe6f00000,0x000000afe7000000)]
  0x000002ad94aab800 JavaThread "jar transforms Thread 23" [_thread_blocked, id=23468, stack(0x000000afe7000000,0x000000afe7100000)]
  0x000002ad94aa5800 JavaThread "jar transforms Thread 24" [_thread_blocked, id=20516, stack(0x000000afe7100000,0x000000afe7200000)]
  0x000002ad94aac800 JavaThread "jar transforms Thread 25" [_thread_blocked, id=19124, stack(0x000000afe7200000,0x000000afe7300000)]
  0x000002ad94aad000 JavaThread "jar transforms Thread 26" [_thread_blocked, id=13852, stack(0x000000afe7300000,0x000000afe7400000)]
  0x000002ad94aae000 JavaThread "jar transforms Thread 27" [_thread_blocked, id=9760, stack(0x000000afe7400000,0x000000afe7500000)]
  0x000002ad94aae800 JavaThread "jar transforms Thread 28" [_thread_blocked, id=14324, stack(0x000000afe7500000,0x000000afe7600000)]
  0x000002ad94aaf800 JavaThread "jar transforms Thread 29" [_thread_blocked, id=11408, stack(0x000000afe7600000,0x000000afe7700000)]
  0x000002ad94ab0800 JavaThread "jar transforms Thread 30" [_thread_blocked, id=22656, stack(0x000000afe7700000,0x000000afe7800000)]
  0x000002ad94ab1000 JavaThread "jar transforms Thread 31" [_thread_blocked, id=20796, stack(0x000000afe7800000,0x000000afe7900000)]
  0x000002ad94ab2000 JavaThread "jar transforms Thread 32" [_thread_blocked, id=13024, stack(0x000000afe7900000,0x000000afe7a00000)]
  0x000002ad97520800 JavaThread "jar transforms Thread 33" [_thread_blocked, id=10252, stack(0x000000afe7a00000,0x000000afe7b00000)]
  0x000002ad97521800 JavaThread "jar transforms Thread 34" [_thread_blocked, id=24064, stack(0x000000afe7b00000,0x000000afe7c00000)]
  0x000002ad97522000 JavaThread "jar transforms Thread 35" [_thread_blocked, id=17900, stack(0x000000afe7c00000,0x000000afe7d00000)]
  0x000002ad9751f000 JavaThread "jar transforms Thread 36" [_thread_blocked, id=25268, stack(0x000000afe7d00000,0x000000afe7e00000)]
  0x000002ad97523000 JavaThread "jar transforms Thread 37" [_thread_blocked, id=14632, stack(0x000000afe7e00000,0x000000afe7f00000)]
  0x000002ad97525800 JavaThread "jar transforms Thread 38" [_thread_blocked, id=15392, stack(0x000000afe7f00000,0x000000afe8000000)]
  0x000002ad97524000 JavaThread "jar transforms Thread 39" [_thread_blocked, id=24028, stack(0x000000afe8000000,0x000000afe8100000)]
  0x000002ad97524800 JavaThread "jar transforms Thread 40" [_thread_blocked, id=12508, stack(0x000000afe8100000,0x000000afe8200000)]
  0x000002ad9751f800 JavaThread "jar transforms Thread 41" [_thread_blocked, id=9960, stack(0x000000afe8200000,0x000000afe8300000)]
  0x000002ad97528800 JavaThread "jar transforms Thread 42" [_thread_blocked, id=23092, stack(0x000000afe8300000,0x000000afe8400000)]
  0x000002ad97526000 JavaThread "jar transforms Thread 43" [_thread_blocked, id=25280, stack(0x000000afe8400000,0x000000afe8500000)]
  0x000002ad97527000 JavaThread "jar transforms Thread 44" [_thread_blocked, id=6588, stack(0x000000afe8500000,0x000000afe8600000)]
  0x000002ad9752d000 JavaThread "jar transforms Thread 45" [_thread_blocked, id=23180, stack(0x000000afe8600000,0x000000afe8700000)]
  0x000002ad97529800 JavaThread "jar transforms Thread 46" [_thread_blocked, id=23588, stack(0x000000afe8700000,0x000000afe8800000)]
  0x000002ad9752d800 JavaThread "jar transforms Thread 47" [_thread_blocked, id=20116, stack(0x000000afe8800000,0x000000afe8900000)]
  0x000002ad97528000 JavaThread "jar transforms Thread 48" [_thread_blocked, id=24548, stack(0x000000afe8900000,0x000000afe8a00000)]
  0x000002ad9752c000 JavaThread "jar transforms Thread 49" [_thread_blocked, id=5636, stack(0x000000afe8a00000,0x000000afe8b00000)]
  0x000002ad9752a800 JavaThread "jar transforms Thread 50" [_thread_blocked, id=9496, stack(0x000000afe8b00000,0x000000afe8c00000)]
  0x000002ad9752b000 JavaThread "jar transforms Thread 51" [_thread_blocked, id=21532, stack(0x000000afe8c00000,0x000000afe8d00000)]
  0x000002ad95202000 JavaThread "jar transforms Thread 52" [_thread_blocked, id=1656, stack(0x000000afe8d00000,0x000000afe8e00000)]
  0x000002ad95201000 JavaThread "jar transforms Thread 53" [_thread_blocked, id=25216, stack(0x000000afe8e00000,0x000000afe8f00000)]
  0x000002ad95202800 JavaThread "jar transforms Thread 54" [_thread_blocked, id=23172, stack(0x000000afe8f00000,0x000000afe9000000)]
  0x000002ad95203800 JavaThread "jar transforms Thread 55" [_thread_blocked, id=21624, stack(0x000000afe9000000,0x000000afe9100000)]
  0x000002ad95204800 JavaThread "jar transforms Thread 56" [_thread_blocked, id=14288, stack(0x000000afe9100000,0x000000afe9200000)]
  0x000002ad951fe800 JavaThread "jar transforms Thread 57" [_thread_blocked, id=24700, stack(0x000000afe9200000,0x000000afe9300000)]
  0x000002ad95200800 JavaThread "jar transforms Thread 58" [_thread_blocked, id=13176, stack(0x000000afe9300000,0x000000afe9400000)]
  0x000002ad95205000 JavaThread "jar transforms Thread 59" [_thread_blocked, id=14004, stack(0x000000afe9400000,0x000000afe9500000)]
  0x000002ad951ff800 JavaThread "jar transforms Thread 60" [_thread_blocked, id=16836, stack(0x000000afe9500000,0x000000afe9600000)]
  0x000002ad95208800 JavaThread "jar transforms Thread 61" [_thread_blocked, id=24832, stack(0x000000afe9600000,0x000000afe9700000)]
  0x000002ad9520a000 JavaThread "jar transforms Thread 62" [_thread_blocked, id=8680, stack(0x000000afe9700000,0x000000afe9800000)]
  0x000002ad95209800 JavaThread "jar transforms Thread 63" [_thread_blocked, id=18824, stack(0x000000afe9800000,0x000000afe9900000)]
  0x000002ad95207800 JavaThread "jar transforms Thread 64" [_thread_blocked, id=15736, stack(0x000000afe9900000,0x000000afe9a00000)]
  0x000002ad95207000 JavaThread "jar transforms Thread 65" [_thread_blocked, id=13496, stack(0x000000afe9a00000,0x000000afe9b00000)]
  0x000002ad9520b000 JavaThread "jar transforms Thread 66" [_thread_blocked, id=25472, stack(0x000000afe9b00000,0x000000afe9c00000)]
  0x000002ad9520b800 JavaThread "jar transforms Thread 67" [_thread_blocked, id=23628, stack(0x000000afe9c00000,0x000000afe9d00000)]
  0x000002ad95206000 JavaThread "jar transforms Thread 68" [_thread_blocked, id=21408, stack(0x000000afe9d00000,0x000000afe9e00000)]
  0x000002ad9520c800 JavaThread "jar transforms Thread 69" [_thread_blocked, id=17112, stack(0x000000afe9e00000,0x000000afe9f00000)]
  0x000002ad9520d800 JavaThread "jar transforms Thread 70" [_thread_blocked, id=12856, stack(0x000000afe9f00000,0x000000afea000000)]
  0x000002ad930da800 JavaThread "jar transforms Thread 71" [_thread_blocked, id=15708, stack(0x000000afea000000,0x000000afea100000)]
  0x000002ad930df000 JavaThread "jar transforms Thread 72" [_thread_blocked, id=24992, stack(0x000000afea100000,0x000000afea200000)]
  0x000002ad930df800 JavaThread "jar transforms Thread 73" [_thread_blocked, id=22632, stack(0x000000afea200000,0x000000afea300000)]
  0x000002ad930de000 JavaThread "jar transforms Thread 74" [_thread_blocked, id=14688, stack(0x000000afea300000,0x000000afea400000)]
  0x000002ad930da000 JavaThread "jar transforms Thread 75" [_thread_blocked, id=20740, stack(0x000000afea400000,0x000000afea500000)]
  0x000002ad930db800 JavaThread "jar transforms Thread 76" [_thread_blocked, id=2996, stack(0x000000afea500000,0x000000afea600000)]
  0x000002ad930dd000 JavaThread "jar transforms Thread 77" [_thread_blocked, id=24668, stack(0x000000afea600000,0x000000afea700000)]
  0x000002ad930e1000 JavaThread "jar transforms Thread 78" [_thread_blocked, id=10720, stack(0x000000afea700000,0x000000afea800000)]
  0x000002ad930e2000 JavaThread "jar transforms Thread 79" [_thread_blocked, id=17752, stack(0x000000afea800000,0x000000afea900000)]
  0x000002ad930dc800 JavaThread "jar transforms Thread 80" [_thread_blocked, id=23376, stack(0x000000afea900000,0x000000afeaa00000)]
  0x000002ad930e3800 JavaThread "jar transforms Thread 81" [_thread_blocked, id=24692, stack(0x000000afeaa00000,0x000000afeab00000)]
  0x000002ad930e6000 JavaThread "jar transforms Thread 82" [_thread_blocked, id=17044, stack(0x000000afeab00000,0x000000afeac00000)]
  0x000002ad930e3000 JavaThread "jar transforms Thread 83" [_thread_blocked, id=24708, stack(0x000000afeac00000,0x000000afead00000)]
  0x000002ad930e4800 JavaThread "jar transforms Thread 84" [_thread_blocked, id=24644, stack(0x000000afead00000,0x000000afeae00000)]
  0x000002ad930e0800 JavaThread "jar transforms Thread 85" [_thread_blocked, id=15964, stack(0x000000afeae00000,0x000000afeaf00000)]
  0x000002ad930e5800 JavaThread "Cache worker for Build Output Cleanup Cache (D:\monginisssss\.gradle\buildOutputCleanup)" [_thread_blocked, id=16560, stack(0x000000afeaf00000,0x000000afeb000000)]
  0x000002ad930e7000 JavaThread "Memory manager" [_thread_blocked, id=9316, stack(0x000000afeb000000,0x000000afeb100000)]
  0x000002ad930e7800 JavaThread "Cache worker for file content cache (D:\monginisssss\.gradle\6.5\fileContent)" [_thread_blocked, id=18392, stack(0x000000afeb100000,0x000000afeb200000)]
  0x000002ad930e8800 JavaThread "Execution worker for ':'" [_thread_blocked, id=18288, stack(0x000000afeb200000,0x000000afeb300000)]
  0x000002ad971ea800 JavaThread "Execution worker for ':' Thread 2" [_thread_blocked, id=8788, stack(0x000000afeb300000,0x000000afeb400000)]
  0x000002ad971ec000 JavaThread "Execution worker for ':' Thread 3" [_thread_blocked, id=25436, stack(0x000000afeb400000,0x000000afeb500000)]
  0x000002ad971e9000 JavaThread "Cache worker for execution history cache (D:\monginisssss\.gradle\6.5\executionHistory)" [_thread_blocked, id=25316, stack(0x000000afeb500000,0x000000afeb600000)]
  0x000002ad971ef800 JavaThread "Cache worker for Java compile cache (C:\Users\infinity\.gradle\caches\6.5\javaCompile)" [_thread_blocked, id=23056, stack(0x000000afeb600000,0x000000afeb700000)]
  0x000002ad971eb800 JavaThread "Cache worker for Java compile cache (D:\monginisssss\.gradle\6.5\javaCompile)" [_thread_blocked, id=8940, stack(0x000000afeb700000,0x000000afeb800000)]
  0x000002ad98cd8000 JavaThread "C2 CompilerThread1" daemon [_thread_in_native, id=23148, stack(0x000000afe4f00000,0x000000afe5000000)]

Other Threads:
=>0x000002adff0e6000 VMThread "VM Thread" [stack: 0x000000afe3100000,0x000000afe3200000] [id=20716]
  0x000002adffbce000 WatcherThread [stack: 0x000000afe3b00000,0x000000afe3c00000] [id=23912]
  0x000002adf6734000 GCTaskThread "GC Thread#0" [stack: 0x000000afe2c00000,0x000000afe2d00000] [id=20532]
  0x000002ad93225800 GCTaskThread "GC Thread#1" [stack: 0x000000afe3d00000,0x000000afe3e00000] [id=24480]
  0x000002adffe4d800 GCTaskThread "GC Thread#2" [stack: 0x000000afe3e00000,0x000000afe3f00000] [id=17760]
  0x000002ad94328800 GCTaskThread "GC Thread#3" [stack: 0x000000afe4b00000,0x000000afe4c00000] [id=25516]
  0x000002adf6764800 ConcurrentGCThread "G1 Main Marker" [stack: 0x000000afe2d00000,0x000000afe2e00000] [id=21252]
  0x000002adf6765800 ConcurrentGCThread "G1 Conc#0" [stack: 0x000000afe2e00000,0x000000afe2f00000] [id=6452]
  0x000002adf67f5800 ConcurrentGCThread "G1 Refine#0" [stack: 0x000000afe2f00000,0x000000afe3000000] [id=7948]
  0x000002adf67f6800 ConcurrentGCThread "G1 Young RemSet Sampling" [stack: 0x000000afe3000000,0x000000afe3100000] [id=2564]

Threads with active compile tasks:
C2 CompilerThread0  31120 11709       4       com.sun.tools.javac.comp.Check::checkUnique (288 bytes)
C2 CompilerThread1  31120 11614       4       com.sun.tools.javac.code.Symbol$ClassSymbol::flags (9 bytes)

VM state:at safepoint (normal execution)

VM Mutex/Monitor currently owned by a thread:  ([mutex/lock_event])
[0x000002adf6718290] Threads_lock - owner thread: 0x000002adff0e6000
[0x000002adf6716700] Heap_lock - owner thread: 0x000002ad9414f800

Heap address: 0x0000000080000000, size: 2048 MB, Compressed Oops mode: 32-bit
Narrow klass base: 0x0000000000000000, Narrow klass shift: 3
Compressed class space size: 1073741824 Address: 0x0000000100000000

Heap:
 garbage-first heap   total 227328K, used 169984K [0x0000000080000000, 0x0000000100000000)
  region size 1024K, 2 young (2048K), 2 survivors (2048K)
 Metaspace       used 83932K, capacity 86289K, committed 86536K, reserved 1124352K
  class space    used 10626K, capacity 11468K, committed 11520K, reserved 1048576K
Heap Regions: E=young(eden), S=young(survivor), O=old, HS=humongous(starts), HC=humongous(continues), CS=collection set, F=free, A=archive, TAMS=top-at-mark-start (previous, next)
|   0|0x0000000080000000, 0x0000000080100000, 0x0000000080100000|100%| O|  |TAMS 0x0000000080100000, 0x0000000080100000| Untracked 
|   1|0x0000000080100000, 0x0000000080200000, 0x0000000080200000|100%| O|  |TAMS 0x0000000080200000, 0x0000000080200000| Untracked 
|   2|0x0000000080200000, 0x0000000080300000, 0x0000000080300000|100%| O|  |TAMS 0x0000000080300000, 0x0000000080300000| Untracked 
|   3|0x0000000080300000, 0x0000000080400000, 0x0000000080400000|100%|HS|  |TAMS 0x0000000080400000, 0x0000000080400000| Complete 
|   4|0x0000000080400000, 0x0000000080500000, 0x0000000080500000|100%|HC|  |TAMS 0x0000000080500000, 0x0000000080500000| Complete 
|   5|0x0000000080500000, 0x0000000080600000, 0x0000000080600000|100%|HC|  |TAMS 0x0000000080600000, 0x0000000080600000| Complete 
|   6|0x0000000080600000, 0x0000000080700000, 0x0000000080700000|100%| O|  |TAMS 0x0000000080700000, 0x0000000080700000| Untracked 
|   7|0x0000000080700000, 0x0000000080800000, 0x0000000080800000|100%| O|  |TAMS 0x0000000080800000, 0x0000000080800000| Untracked 
|   8|0x0000000080800000, 0x0000000080900000, 0x0000000080900000|100%| O|  |TAMS 0x0000000080900000, 0x0000000080900000| Untracked 
|   9|0x0000000080900000, 0x0000000080a00000, 0x0000000080a00000|100%| O|  |TAMS 0x0000000080a00000, 0x0000000080a00000| Untracked 
|  10|0x0000000080a00000, 0x0000000080b00000, 0x0000000080b00000|100%| O|  |TAMS 0x0000000080b00000, 0x0000000080b00000| Untracked 
|  11|0x0000000080b00000, 0x0000000080c00000, 0x0000000080c00000|100%| O|  |TAMS 0x0000000080c00000, 0x0000000080c00000| Untracked 
|  12|0x0000000080c00000, 0x0000000080d00000, 0x0000000080d00000|100%| O|  |TAMS 0x0000000080d00000, 0x0000000080d00000| Untracked 
|  13|0x0000000080d00000, 0x0000000080e00000, 0x0000000080e00000|100%|HS|  |TAMS 0x0000000080e00000, 0x0000000080e00000| Complete 
|  14|0x0000000080e00000, 0x0000000080f00000, 0x0000000080f00000|100%|HC|  |TAMS 0x0000000080f00000, 0x0000000080f00000| Complete 
|  15|0x0000000080f00000, 0x0000000081000000, 0x0000000081000000|100%|HS|  |TAMS 0x0000000081000000, 0x0000000081000000| Complete 
|  16|0x0000000081000000, 0x0000000081100000, 0x0000000081100000|100%|HC|  |TAMS 0x0000000081100000, 0x0000000081100000| Complete 
|  17|0x0000000081100000, 0x0000000081200000, 0x0000000081200000|100%|HC|  |TAMS 0x0000000081200000, 0x0000000081200000| Complete 
|  18|0x0000000081200000, 0x0000000081300000, 0x0000000081300000|100%|HS|  |TAMS 0x0000000081300000, 0x0000000081300000| Complete 
|  19|0x0000000081300000, 0x0000000081400000, 0x0000000081400000|100%|HC|  |TAMS 0x0000000081400000, 0x0000000081400000| Complete 
|  20|0x0000000081400000, 0x0000000081500000, 0x0000000081500000|100%|HC|  |TAMS 0x0000000081500000, 0x0000000081500000| Complete 
|  21|0x0000000081500000, 0x0000000081600000, 0x0000000081600000|100%|HC|  |TAMS 0x0000000081600000, 0x0000000081600000| Complete 
|  22|0x0000000081600000, 0x0000000081700000, 0x0000000081700000|100%| O|  |TAMS 0x0000000081700000, 0x0000000081700000| Untracked 
|  23|0x0000000081700000, 0x0000000081800000, 0x0000000081800000|100%| O|  |TAMS 0x0000000081800000, 0x0000000081800000| Untracked 
|  24|0x0000000081800000, 0x0000000081900000, 0x0000000081900000|100%| O|  |TAMS 0x0000000081900000, 0x0000000081900000| Untracked 
|  25|0x0000000081900000, 0x0000000081a00000, 0x0000000081a00000|100%| O|  |TAMS 0x0000000081a00000, 0x0000000081a00000| Untracked 
|  26|0x0000000081a00000, 0x0000000081b00000, 0x0000000081b00000|100%| O|  |TAMS 0x0000000081b00000, 0x0000000081b00000| Untracked 
|  27|0x0000000081b00000, 0x0000000081c00000, 0x0000000081c00000|100%| O|  |TAMS 0x0000000081c00000, 0x0000000081c00000| Untracked 
|  28|0x0000000081c00000, 0x0000000081d00000, 0x0000000081d00000|100%| O|  |TAMS 0x0000000081d00000, 0x0000000081d00000| Untracked 
|  29|0x0000000081d00000, 0x0000000081e00000, 0x0000000081e00000|100%| O|  |TAMS 0x0000000081e00000, 0x0000000081e00000| Untracked 
|  30|0x0000000081e00000, 0x0000000081f00000, 0x0000000081f00000|100%| O|  |TAMS 0x0000000081f00000, 0x0000000081f00000| Untracked 
|  31|0x0000000081f00000, 0x0000000082000000, 0x0000000082000000|100%| O|  |TAMS 0x0000000082000000, 0x0000000082000000| Untracked 
|  32|0x0000000082000000, 0x0000000082100000, 0x0000000082100000|100%|HS|  |TAMS 0x0000000082100000, 0x0000000082100000| Complete 
|  33|0x0000000082100000, 0x0000000082200000, 0x0000000082200000|100%|HC|  |TAMS 0x0000000082200000, 0x0000000082200000| Complete 
|  34|0x0000000082200000, 0x0000000082300000, 0x0000000082300000|100%| O|  |TAMS 0x0000000082300000, 0x0000000082300000| Untracked 
|  35|0x0000000082300000, 0x0000000082400000, 0x0000000082400000|100%| O|  |TAMS 0x0000000082400000, 0x0000000082400000| Untracked 
|  36|0x0000000082400000, 0x0000000082500000, 0x0000000082500000|100%| O|  |TAMS 0x0000000082500000, 0x0000000082500000| Untracked 
|  37|0x0000000082500000, 0x0000000082600000, 0x0000000082600000|100%| O|  |TAMS 0x0000000082600000, 0x0000000082600000| Untracked 
|  38|0x0000000082600000, 0x0000000082700000, 0x0000000082700000|100%| O|  |TAMS 0x0000000082700000, 0x0000000082700000| Untracked 
|  39|0x0000000082700000, 0x0000000082800000, 0x0000000082800000|100%| O|  |TAMS 0x0000000082800000, 0x0000000082800000| Untracked 
|  40|0x0000000082800000, 0x0000000082900000, 0x0000000082900000|100%| O|  |TAMS 0x0000000082900000, 0x0000000082900000| Untracked 
|  41|0x0000000082900000, 0x0000000082a00000, 0x0000000082a00000|100%| O|  |TAMS 0x0000000082a00000, 0x0000000082a00000| Untracked 
|  42|0x0000000082a00000, 0x0000000082b00000, 0x0000000082b00000|100%| O|  |TAMS 0x0000000082b00000, 0x0000000082b00000| Untracked 
|  43|0x0000000082b00000, 0x0000000082c00000, 0x0000000082c00000|100%| O|  |TAMS 0x0000000082c00000, 0x0000000082c00000| Untracked 
|  44|0x0000000082c00000, 0x0000000082d00000, 0x0000000082d00000|100%| O|  |TAMS 0x0000000082d00000, 0x0000000082d00000| Untracked 
|  45|0x0000000082d00000, 0x0000000082e00000, 0x0000000082e00000|100%| O|  |TAMS 0x0000000082e00000, 0x0000000082e00000| Untracked 
|  46|0x0000000082e00000, 0x0000000082f00000, 0x0000000082f00000|100%| O|  |TAMS 0x0000000082f00000, 0x0000000082f00000| Untracked 
|  47|0x0000000082f00000, 0x0000000083000000, 0x0000000083000000|100%| O|  |TAMS 0x0000000083000000, 0x0000000083000000| Untracked 
|  48|0x0000000083000000, 0x0000000083100000, 0x0000000083100000|100%| O|  |TAMS 0x0000000083100000, 0x0000000083100000| Untracked 
|  49|0x0000000083100000, 0x0000000083200000, 0x0000000083200000|100%| O|  |TAMS 0x0000000083200000, 0x0000000083200000| Untracked 
|  50|0x0000000083200000, 0x0000000083300000, 0x0000000083300000|100%| O|  |TAMS 0x0000000083300000, 0x0000000083300000| Untracked 
|  51|0x0000000083300000, 0x0000000083400000, 0x0000000083400000|100%| O|  |TAMS 0x0000000083400000, 0x0000000083400000| Untracked 
|  52|0x0000000083400000, 0x0000000083500000, 0x0000000083500000|100%| O|  |TAMS 0x0000000083500000, 0x0000000083500000| Untracked 
|  53|0x0000000083500000, 0x0000000083600000, 0x0000000083600000|100%| O|  |TAMS 0x0000000083600000, 0x0000000083600000| Untracked 
|  54|0x0000000083600000, 0x0000000083700000, 0x0000000083700000|100%| O|  |TAMS 0x0000000083700000, 0x0000000083700000| Untracked 
|  55|0x0000000083700000, 0x0000000083800000, 0x0000000083800000|100%| O|  |TAMS 0x0000000083800000, 0x0000000083800000| Untracked 
|  56|0x0000000083800000, 0x0000000083900000, 0x0000000083900000|100%| O|  |TAMS 0x0000000083900000, 0x0000000083900000| Untracked 
|  57|0x0000000083900000, 0x0000000083a00000, 0x0000000083a00000|100%| O|  |TAMS 0x0000000083a00000, 0x0000000083a00000| Untracked 
|  58|0x0000000083a00000, 0x0000000083b00000, 0x0000000083b00000|100%| O|  |TAMS 0x0000000083b00000, 0x0000000083b00000| Untracked 
|  59|0x0000000083b00000, 0x0000000083c00000, 0x0000000083c00000|100%| O|  |TAMS 0x0000000083c00000, 0x0000000083c00000| Untracked 
|  60|0x0000000083c00000, 0x0000000083d00000, 0x0000000083d00000|100%| O|  |TAMS 0x0000000083d00000, 0x0000000083d00000| Untracked 
|  61|0x0000000083d00000, 0x0000000083e00000, 0x0000000083e00000|100%| O|  |TAMS 0x0000000083e00000, 0x0000000083e00000| Untracked 
|  62|0x0000000083e00000, 0x0000000083f00000, 0x0000000083f00000|100%| O|  |TAMS 0x0000000083f00000, 0x0000000083f00000| Untracked 
|  63|0x0000000083f00000, 0x0000000084000000, 0x0000000084000000|100%| O|  |TAMS 0x0000000084000000, 0x0000000084000000| Untracked 
|  64|0x0000000084000000, 0x0000000084100000, 0x0000000084100000|100%| O|  |TAMS 0x0000000084100000, 0x0000000084100000| Untracked 
|  65|0x0000000084100000, 0x0000000084200000, 0x0000000084200000|100%| O|  |TAMS 0x0000000084200000, 0x0000000084200000| Untracked 
|  66|0x0000000084200000, 0x0000000084300000, 0x0000000084300000|100%| O|  |TAMS 0x0000000084300000, 0x0000000084300000| Untracked 
|  67|0x0000000084300000, 0x0000000084400000, 0x0000000084400000|100%| O|  |TAMS 0x0000000084400000, 0x0000000084400000| Untracked 
|  68|0x0000000084400000, 0x0000000084500000, 0x0000000084500000|100%| O|  |TAMS 0x0000000084500000, 0x0000000084500000| Untracked 
|  69|0x0000000084500000, 0x0000000084600000, 0x0000000084600000|100%| O|  |TAMS 0x0000000084600000, 0x0000000084600000| Untracked 
|  70|0x0000000084600000, 0x0000000084700000, 0x0000000084700000|100%| O|  |TAMS 0x0000000084700000, 0x0000000084700000| Untracked 
|  71|0x0000000084700000, 0x0000000084800000, 0x0000000084800000|100%| O|  |TAMS 0x0000000084800000, 0x0000000084800000| Untracked 
|  72|0x0000000084800000, 0x0000000084900000, 0x0000000084900000|100%| O|  |TAMS 0x0000000084900000, 0x0000000084900000| Untracked 
|  73|0x0000000084900000, 0x0000000084a00000, 0x0000000084a00000|100%| O|  |TAMS 0x0000000084a00000, 0x0000000084a00000| Untracked 
|  74|0x0000000084a00000, 0x0000000084b00000, 0x0000000084b00000|100%| O|  |TAMS 0x0000000084b00000, 0x0000000084b00000| Untracked 
|  75|0x0000000084b00000, 0x0000000084c00000, 0x0000000084c00000|100%| O|  |TAMS 0x0000000084c00000, 0x0000000084c00000| Untracked 
|  76|0x0000000084c00000, 0x0000000084d00000, 0x0000000084d00000|100%| O|  |TAMS 0x0000000084d00000, 0x0000000084d00000| Untracked 
|  77|0x0000000084d00000, 0x0000000084e00000, 0x0000000084e00000|100%| O|  |TAMS 0x0000000084e00000, 0x0000000084e00000| Untracked 
|  78|0x0000000084e00000, 0x0000000084f00000, 0x0000000084f00000|100%|HS|  |TAMS 0x0000000084f00000, 0x0000000084f00000| Complete 
|  79|0x0000000084f00000, 0x0000000085000000, 0x0000000085000000|100%|HC|  |TAMS 0x0000000085000000, 0x0000000085000000| Complete 
|  80|0x0000000085000000, 0x0000000085100000, 0x0000000085100000|100%|HS|  |TAMS 0x0000000085100000, 0x0000000085100000| Complete 
|  81|0x0000000085100000, 0x0000000085200000, 0x0000000085200000|100%| O|  |TAMS 0x0000000085200000, 0x0000000085200000| Untracked 
|  82|0x0000000085200000, 0x0000000085300000, 0x0000000085300000|100%| O|  |TAMS 0x0000000085300000, 0x0000000085300000| Untracked 
|  83|0x0000000085300000, 0x0000000085400000, 0x0000000085400000|100%| O|  |TAMS 0x0000000085400000, 0x0000000085400000| Untracked 
|  84|0x0000000085400000, 0x0000000085500000, 0x0000000085500000|100%| O|  |TAMS 0x0000000085500000, 0x0000000085500000| Untracked 
|  85|0x0000000085500000, 0x0000000085600000, 0x0000000085600000|100%| O|  |TAMS 0x0000000085600000, 0x0000000085600000| Untracked 
|  86|0x0000000085600000, 0x0000000085700000, 0x0000000085700000|100%| O|  |TAMS 0x0000000085700000, 0x0000000085700000| Untracked 
|  87|0x0000000085700000, 0x0000000085800000, 0x0000000085800000|100%| O|  |TAMS 0x0000000085800000, 0x0000000085800000| Untracked 
|  88|0x0000000085800000, 0x0000000085900000, 0x0000000085900000|100%| O|  |TAMS 0x0000000085900000, 0x0000000085900000| Untracked 
|  89|0x0000000085900000, 0x0000000085a00000, 0x0000000085a00000|100%| O|  |TAMS 0x0000000085a00000, 0x0000000085a00000| Untracked 
|  90|0x0000000085a00000, 0x0000000085b00000, 0x0000000085b00000|100%| O|  |TAMS 0x0000000085b00000, 0x0000000085b00000| Untracked 
|  91|0x0000000085b00000, 0x0000000085c00000, 0x0000000085c00000|100%| O|  |TAMS 0x0000000085c00000, 0x0000000085c00000| Untracked 
|  92|0x0000000085c00000, 0x0000000085d00000, 0x0000000085d00000|100%| O|  |TAMS 0x0000000085d00000, 0x0000000085d00000| Untracked 
|  93|0x0000000085d00000, 0x0000000085e00000, 0x0000000085e00000|100%| O|  |TAMS 0x0000000085e00000, 0x0000000085e00000| Untracked 
|  94|0x0000000085e00000, 0x0000000085f00000, 0x0000000085f00000|100%| O|  |TAMS 0x0000000085f00000, 0x0000000085f00000| Untracked 
|  95|0x0000000085f00000, 0x0000000086000000, 0x0000000086000000|100%| O|  |TAMS 0x0000000086000000, 0x0000000086000000| Untracked 
|  96|0x0000000086000000, 0x0000000086100000, 0x0000000086100000|100%| O|  |TAMS 0x0000000086100000, 0x0000000086100000| Untracked 
|  97|0x0000000086100000, 0x0000000086200000, 0x0000000086200000|100%| O|  |TAMS 0x0000000086200000, 0x0000000086200000| Untracked 
|  98|0x0000000086200000, 0x0000000086300000, 0x0000000086300000|100%| O|  |TAMS 0x0000000086300000, 0x0000000086300000| Untracked 
|  99|0x0000000086300000, 0x0000000086400000, 0x0000000086400000|100%|HS|  |TAMS 0x0000000086400000, 0x0000000086400000| Complete 
| 100|0x0000000086400000, 0x0000000086500000, 0x0000000086500000|100%|HC|  |TAMS 0x0000000086500000, 0x0000000086500000| Complete 
| 101|0x0000000086500000, 0x0000000086600000, 0x0000000086600000|100%|HC|  |TAMS 0x0000000086600000, 0x0000000086600000| Complete 
| 102|0x0000000086600000, 0x0000000086700000, 0x0000000086700000|100%|HC|  |TAMS 0x0000000086700000, 0x0000000086700000| Complete 
| 103|0x0000000086700000, 0x0000000086800000, 0x0000000086800000|100%| O|  |TAMS 0x0000000086800000, 0x0000000086800000| Untracked 
| 104|0x0000000086800000, 0x0000000086900000, 0x0000000086900000|100%| O|  |TAMS 0x0000000086900000, 0x0000000086900000| Untracked 
| 105|0x0000000086900000, 0x0000000086a00000, 0x0000000086a00000|100%| O|  |TAMS 0x0000000086a00000, 0x0000000086a00000| Untracked 
| 106|0x0000000086a00000, 0x0000000086b00000, 0x0000000086b00000|100%| O|  |TAMS 0x0000000086b00000, 0x0000000086b00000| Untracked 
| 107|0x0000000086b00000, 0x0000000086c00000, 0x0000000086c00000|100%| O|  |TAMS 0x0000000086c00000, 0x0000000086c00000| Untracked 
| 108|0x0000000086c00000, 0x0000000086d00000, 0x0000000086d00000|100%| O|  |TAMS 0x0000000086d00000, 0x0000000086d00000| Untracked 
| 109|0x0000000086d00000, 0x0000000086e00000, 0x0000000086e00000|100%|HS|  |TAMS 0x0000000086e00000, 0x0000000086e00000| Complete 
| 110|0x0000000086e00000, 0x0000000086f00000, 0x0000000086f00000|100%|HC|  |TAMS 0x0000000086f00000, 0x0000000086f00000| Complete 
| 111|0x0000000086f00000, 0x0000000087000000, 0x0000000087000000|100%| O|  |TAMS 0x0000000087000000, 0x0000000087000000| Untracked 
| 112|0x0000000087000000, 0x0000000087100000, 0x0000000087100000|100%| O|  |TAMS 0x0000000087100000, 0x0000000087100000| Untracked 
| 113|0x0000000087100000, 0x0000000087200000, 0x0000000087200000|100%| O|  |TAMS 0x0000000087200000, 0x0000000087200000| Untracked 
| 114|0x0000000087200000, 0x0000000087300000, 0x0000000087300000|100%| O|  |TAMS 0x0000000087300000, 0x0000000087300000| Untracked 
| 115|0x0000000087300000, 0x0000000087400000, 0x0000000087400000|100%| O|  |TAMS 0x0000000087400000, 0x0000000087400000| Untracked 
| 116|0x0000000087400000, 0x0000000087500000, 0x0000000087500000|100%| O|  |TAMS 0x0000000087500000, 0x0000000087500000| Untracked 
| 117|0x0000000087500000, 0x0000000087600000, 0x0000000087600000|100%| O|  |TAMS 0x0000000087600000, 0x0000000087600000| Untracked 
| 118|0x0000000087600000, 0x0000000087700000, 0x0000000087700000|100%| O|  |TAMS 0x0000000087700000, 0x0000000087700000| Untracked 
| 119|0x0000000087700000, 0x0000000087800000, 0x0000000087800000|100%| O|  |TAMS 0x0000000087800000, 0x0000000087800000| Untracked 
| 120|0x0000000087800000, 0x0000000087900000, 0x0000000087900000|100%|HS|  |TAMS 0x0000000087900000, 0x0000000087900000| Complete 
| 121|0x0000000087900000, 0x0000000087a00000, 0x0000000087a00000|100%| O|  |TAMS 0x0000000087a00000, 0x0000000087a00000| Untracked 
| 122|0x0000000087a00000, 0x0000000087b00000, 0x0000000087b00000|100%| O|  |TAMS 0x0000000087b00000, 0x0000000087b00000| Untracked 
| 123|0x0000000087b00000, 0x0000000087c00000, 0x0000000087c00000|100%| O|  |TAMS 0x0000000087c00000, 0x0000000087c00000| Untracked 
| 124|0x0000000087c00000, 0x0000000087d00000, 0x0000000087d00000|100%| O|  |TAMS 0x0000000087c41c00, 0x0000000087d00000| Untracked 
| 125|0x0000000087d00000, 0x0000000087e00000, 0x0000000087e00000|100%| O|  |TAMS 0x0000000087d00000, 0x0000000087e00000| Untracked 
| 126|0x0000000087e00000, 0x0000000087f00000, 0x0000000087f00000|100%| O|  |TAMS 0x0000000087f00000, 0x0000000087f00000| Untracked 
| 127|0x0000000087f00000, 0x0000000088000000, 0x0000000088000000|100%| O|  |TAMS 0x0000000088000000, 0x0000000088000000| Untracked 
| 128|0x0000000088000000, 0x0000000088100000, 0x0000000088100000|100%| O|  |TAMS 0x0000000088100000, 0x0000000088100000| Untracked 
| 129|0x0000000088100000, 0x0000000088200000, 0x0000000088200000|100%| O|  |TAMS 0x0000000088200000, 0x0000000088200000| Untracked 
| 130|0x0000000088200000, 0x0000000088300000, 0x0000000088300000|100%| O|  |TAMS 0x0000000088300000, 0x0000000088300000| Untracked 
| 131|0x0000000088300000, 0x0000000088400000, 0x0000000088400000|100%| O|  |TAMS 0x0000000088300000, 0x0000000088400000| Untracked 
| 132|0x0000000088400000, 0x0000000088500000, 0x0000000088500000|100%| O|  |TAMS 0x0000000088400000, 0x0000000088500000| Untracked 
| 133|0x0000000088500000, 0x0000000088600000, 0x0000000088600000|100%| O|  |TAMS 0x0000000088500000, 0x0000000088600000| Untracked 
| 134|0x0000000088600000, 0x0000000088700000, 0x0000000088700000|100%| O|  |TAMS 0x0000000088600000, 0x0000000088700000| Untracked 
| 135|0x0000000088700000, 0x0000000088800000, 0x0000000088800000|100%| O|  |TAMS 0x0000000088700000, 0x0000000088800000| Untracked 
| 136|0x0000000088800000, 0x0000000088900000, 0x0000000088900000|100%| O|  |TAMS 0x0000000088800000, 0x0000000088900000| Untracked 
| 137|0x0000000088900000, 0x0000000088a00000, 0x0000000088a00000|100%| O|  |TAMS 0x0000000088900000, 0x0000000088a00000| Untracked 
| 138|0x0000000088a00000, 0x0000000088b00000, 0x0000000088b00000|100%| O|  |TAMS 0x0000000088a00000, 0x0000000088b00000| Untracked 
| 139|0x0000000088b00000, 0x0000000088c00000, 0x0000000088c00000|100%| O|  |TAMS 0x0000000088b00000, 0x0000000088c00000| Untracked 
| 140|0x0000000088c00000, 0x0000000088d00000, 0x0000000088d00000|100%| O|  |TAMS 0x0000000088c00000, 0x0000000088d00000| Untracked 
| 141|0x0000000088d00000, 0x0000000088e00000, 0x0000000088e00000|100%| O|  |TAMS 0x0000000088d00000, 0x0000000088e00000| Untracked 
| 142|0x0000000088e00000, 0x0000000088f00000, 0x0000000088f00000|100%| O|  |TAMS 0x0000000088e00000, 0x0000000088f00000| Untracked 
| 143|0x0000000088f00000, 0x0000000089000000, 0x0000000089000000|100%| O|  |TAMS 0x0000000088f00000, 0x0000000089000000| Untracked 
| 144|0x0000000089000000, 0x0000000089100000, 0x0000000089100000|100%| O|  |TAMS 0x0000000089000000, 0x00000000890a8600| Untracked 
| 145|0x0000000089100000, 0x0000000089200000, 0x0000000089200000|100%| O|  |TAMS 0x0000000089100000, 0x0000000089100000| Untracked 
| 146|0x0000000089200000, 0x0000000089300000, 0x0000000089300000|100%| O|  |TAMS 0x0000000089200000, 0x0000000089200000| Untracked 
| 147|0x0000000089300000, 0x0000000089400000, 0x0000000089400000|100%| O|  |TAMS 0x0000000089300000, 0x0000000089300000| Untracked 
| 148|0x0000000089400000, 0x0000000089500000, 0x0000000089500000|100%| O|  |TAMS 0x0000000089400000, 0x0000000089400000| Untracked 
| 149|0x0000000089500000, 0x0000000089600000, 0x0000000089600000|100%| O|  |TAMS 0x0000000089500000, 0x0000000089500000| Untracked 
| 150|0x0000000089600000, 0x0000000089700000, 0x0000000089700000|100%| O|  |TAMS 0x0000000089600000, 0x0000000089600000| Untracked 
| 151|0x0000000089700000, 0x0000000089800000, 0x0000000089800000|100%| O|  |TAMS 0x0000000089700000, 0x0000000089700000| Untracked 
| 152|0x0000000089800000, 0x0000000089900000, 0x0000000089900000|100%| O|  |TAMS 0x0000000089800000, 0x0000000089800000| Untracked 
| 153|0x0000000089900000, 0x0000000089a00000, 0x0000000089a00000|100%| O|  |TAMS 0x0000000089900000, 0x0000000089900000| Untracked 
| 154|0x0000000089a00000, 0x0000000089b00000, 0x0000000089b00000|100%| O|  |TAMS 0x0000000089a00000, 0x0000000089a00000| Untracked 
| 155|0x0000000089b00000, 0x0000000089c00000, 0x0000000089c00000|100%| O|  |TAMS 0x0000000089b00000, 0x0000000089b00000| Untracked 
| 156|0x0000000089c00000, 0x0000000089d00000, 0x0000000089d00000|100%| O|  |TAMS 0x0000000089c00000, 0x0000000089c00000| Untracked 
| 157|0x0000000089d00000, 0x0000000089e00000, 0x0000000089e00000|100%| O|  |TAMS 0x0000000089d00000, 0x0000000089d00000| Untracked 
| 158|0x0000000089e00000, 0x0000000089f00000, 0x0000000089f00000|100%| O|  |TAMS 0x0000000089e00000, 0x0000000089e00000| Untracked 
| 159|0x0000000089f00000, 0x000000008a000000, 0x000000008a000000|100%| O|  |TAMS 0x0000000089f00000, 0x0000000089f00000| Untracked 
| 160|0x000000008a000000, 0x000000008a100000, 0x000000008a100000|100%| O|  |TAMS 0x000000008a000000, 0x000000008a000000| Untracked 
| 161|0x000000008a100000, 0x000000008a200000, 0x000000008a200000|100%| O|  |TAMS 0x000000008a100000, 0x000000008a100000| Untracked 
| 162|0x000000008a200000, 0x000000008a300000, 0x000000008a300000|100%| O|  |TAMS 0x000000008a200000, 0x000000008a200000| Untracked 
| 163|0x000000008a300000, 0x000000008a400000, 0x000000008a400000|100%| O|  |TAMS 0x000000008a300000, 0x000000008a300000| Untracked 
| 164|0x000000008a400000, 0x000000008a400000, 0x000000008a500000|  0%| F|  |TAMS 0x000000008a400000, 0x000000008a400000| Untracked 
| 165|0x000000008a500000, 0x000000008a500000, 0x000000008a600000|  0%| F|  |TAMS 0x000000008a500000, 0x000000008a500000| Untracked 
| 166|0x000000008a600000, 0x000000008a600000, 0x000000008a700000|  0%| F|  |TAMS 0x000000008a600000, 0x000000008a600000| Untracked 
| 167|0x000000008a700000, 0x000000008a700000, 0x000000008a800000|  0%| F|  |TAMS 0x000000008a700000, 0x000000008a700000| Untracked 
| 168|0x000000008a800000, 0x000000008a800000, 0x000000008a900000|  0%| F|  |TAMS 0x000000008a800000, 0x000000008a800000| Untracked 
| 169|0x000000008a900000, 0x000000008a900000, 0x000000008aa00000|  0%| F|  |TAMS 0x000000008a900000, 0x000000008a900000| Untracked 
| 170|0x000000008aa00000, 0x000000008aa00000, 0x000000008ab00000|  0%| F|  |TAMS 0x000000008aa00000, 0x000000008aa00000| Untracked 
| 171|0x000000008ab00000, 0x000000008ab00000, 0x000000008ac00000|  0%| F|  |TAMS 0x000000008ab00000, 0x000000008ab00000| Untracked 
| 172|0x000000008ac00000, 0x000000008ac00000, 0x000000008ad00000|  0%| F|  |TAMS 0x000000008ac00000, 0x000000008ac00000| Untracked 
| 173|0x000000008ad00000, 0x000000008ad00000, 0x000000008ae00000|  0%| F|  |TAMS 0x000000008ad00000, 0x000000008ad00000| Untracked 
| 174|0x000000008ae00000, 0x000000008ae00000, 0x000000008af00000|  0%| F|  |TAMS 0x000000008ae00000, 0x000000008ae00000| Untracked 
| 175|0x000000008af00000, 0x000000008b000000, 0x000000008b000000|100%| S|CS|TAMS 0x000000008af00000, 0x000000008af00000| Complete 
| 176|0x000000008b000000, 0x000000008b100000, 0x000000008b100000|100%| S|CS|TAMS 0x000000008b000000, 0x000000008b000000| Complete 
| 177|0x000000008b100000, 0x000000008b100000, 0x000000008b200000|  0%| F|  |TAMS 0x000000008b100000, 0x000000008b100000| Untracked 
| 178|0x000000008b200000, 0x000000008b200000, 0x000000008b300000|  0%| F|  |TAMS 0x000000008b200000, 0x000000008b200000| Untracked 
| 179|0x000000008b300000, 0x000000008b300000, 0x000000008b400000|  0%| F|  |TAMS 0x000000008b300000, 0x000000008b300000| Untracked 
| 180|0x000000008b400000, 0x000000008b400000, 0x000000008b500000|  0%| F|  |TAMS 0x000000008b400000, 0x000000008b400000| Untracked 
| 181|0x000000008b500000, 0x000000008b500000, 0x000000008b600000|  0%| F|  |TAMS 0x000000008b500000, 0x000000008b500000| Untracked 
| 182|0x000000008b600000, 0x000000008b600000, 0x000000008b700000|  0%| F|  |TAMS 0x000000008b600000, 0x000000008b600000| Untracked 
| 183|0x000000008b700000, 0x000000008b700000, 0x000000008b800000|  0%| F|  |TAMS 0x000000008b700000, 0x000000008b700000| Untracked 
| 184|0x000000008b800000, 0x000000008b800000, 0x000000008b900000|  0%| F|  |TAMS 0x000000008b800000, 0x000000008b800000| Untracked 

Card table byte_map: [0x000002adfc2a0000,0x000002adfc6a0000] _byte_map_base: 0x000002adfbea0000

Marking Bits (Prev, Next): (CMBitMap*) 0x000002adf675b8c0, (CMBitMap*) 0x000002adf675b888
 Prev Bits: [0x000002ad8f000000, 0x000002ad91000000)
 Next Bits: [0x000002adfcaa0000, 0x000002adfeaa0000)

Polling page: 0x000002adf6800000

Metaspace:

Usage:
  Non-class:     73.07 MB capacity,    71.59 MB ( 98%) used,     1.26 MB (  2%) free+waste,   227.88 KB ( <1%) overhead. 
      Class:     11.20 MB capacity,    10.38 MB ( 93%) used,   737.93 KB (  6%) free+waste,   103.13 KB ( <1%) overhead. 
       Both:     84.27 MB capacity,    81.97 MB ( 97%) used,     1.98 MB (  2%) free+waste,   331.00 KB ( <1%) overhead. 

Virtual space:
  Non-class space:       74.00 MB reserved,      73.26 MB ( 99%) committed 
      Class space:        1.00 GB reserved,      11.25 MB (  1%) committed 
             Both:        1.07 GB reserved,      84.51 MB (  8%) committed 

Chunk freelists:
   Non-Class:  3.00 KB
       Class:  20.00 KB
        Both:  23.00 KB

MaxMetaspaceSize: 17179869184.00 GB
CompressedClassSpaceSize: 1.00 GB

CodeHeap 'non-profiled nmethods': size=120064Kb used=7683Kb max_used=7683Kb free=112380Kb
 bounds [0x000002ad87ac0000, 0x000002ad88250000, 0x000002ad8f000000]
CodeHeap 'profiled nmethods': size=120000Kb used=25655Kb max_used=25655Kb free=94344Kb
 bounds [0x000002ad80590000, 0x000002ad81eb0000, 0x000002ad87ac0000]
CodeHeap 'non-nmethods': size=5696Kb used=2263Kb max_used=2335Kb free=3432Kb
 bounds [0x000002ad80000000, 0x000002ad80270000, 0x000002ad80590000]
 total_blobs=12176 nmethods=11315 adapters=772
 compilation: enabled
              stopped_count=0, restarted_count=0
 full_count=0

Compilation events (20 events):
Event: 31.001 Thread 0x000002adff10c800 11699       3       com.sun.tools.javac.code.Scope$ScopeImpl$1::<init> (54 bytes)
Event: 31.001 Thread 0x000002adff10c800 nmethod 11699 0x000002ad81ea0490 code [0x000002ad81ea0660, 0x000002ad81ea09c8]
Event: 31.031 Thread 0x000002adff108000 nmethod 11693 0x000002ad8823c690 code [0x000002ad8823c8a0, 0x000002ad8823e018]
Event: 31.031 Thread 0x000002adff108000 11700       4       com.sun.tools.javac.comp.Annotate::annotateLater (41 bytes)
Event: 31.042 Thread 0x000002adff108000 nmethod 11700 0x000002ad8823e610 code [0x000002ad8823e800, 0x000002ad8823efb0]
Event: 31.042 Thread 0x000002adff108000 11694       4       com.sun.tools.javac.code.Symbol$PackageSymbol::members (9 bytes)
Event: 31.043 Thread 0x000002adff108000 nmethod 11694 0x000002ad8823f390 code [0x000002ad8823f520, 0x000002ad8823f5a8]
Event: 31.050 Thread 0x000002adff10c800 11701   !   3       sun.management.Util::newObjectName (15 bytes)
Event: 31.051 Thread 0x000002adff10c800 nmethod 11701 0x000002ad81ea0b10 code [0x000002ad81ea0d00, 0x000002ad81ea1078]
Event: 31.051 Thread 0x000002adff108000 11702       4       java.util.Collections$UnmodifiableCollection::contains (11 bytes)
Event: 31.052 Thread 0x000002adff108000 nmethod 11702 0x000002ad8823f690 code [0x000002ad8823f820, 0x000002ad8823f8b8]
Event: 31.061 Thread 0x000002adff108000 11703       4       com.sun.tools.javac.comp.Attr$ResultInfo::<init> (32 bytes)
Event: 31.065 Thread 0x000002adff108000 nmethod 11703 0x000002ad8823f990 code [0x000002ad8823fb20, 0x000002ad8823ff78]
Event: 31.065 Thread 0x000002adff108000 11704   !   4       com.sun.tools.javac.comp.MemberEnter::memberEnter (58 bytes)
Event: 31.068 Thread 0x000002adff10c800 11708       3       com.sun.tools.javac.tree.JCTree$JCCompilationUnit::getModuleDecl (47 bytes)
Event: 31.069 Thread 0x000002adff10c800 nmethod 11708 0x000002ad81ea1210 code [0x000002ad81ea1460, 0x000002ad81ea1f08]
Event: 31.070 Thread 0x000002adff108000 nmethod 11704 0x000002ad88240010 code [0x000002ad882401c0, 0x000002ad882406b8]
Event: 31.070 Thread 0x000002adff108000 11706       4       com.sun.tools.javac.comp.Annotate$$Lambda$900/0x00000001009c4c40::<init> (32 bytes)
Event: 31.074 Thread 0x000002adff108000 nmethod 11706 0x000002ad88240890 code [0x000002ad88240a20, 0x000002ad88240e78]
Event: 31.074 Thread 0x000002adff108000 11709       4       com.sun.tools.javac.comp.Check::checkUnique (288 bytes)

GC Heap History (20 events):
Event: 26.926 GC heap after
{Heap after GC invocations=27 (full 0):
 garbage-first heap   total 189440K, used 88633K [0x0000000080000000, 0x0000000100000000)
  region size 1024K, 10 young (10240K), 10 survivors (10240K)
 Metaspace       used 82588K, capacity 84869K, committed 85128K, reserved 1124352K
  class space    used 10559K, capacity 11367K, committed 11392K, reserved 1048576K
}
Event: 27.472 GC heap before
{Heap before GC invocations=27 (full 0):
 garbage-first heap   total 189440K, used 136761K [0x0000000080000000, 0x0000000100000000)
  region size 1024K, 52 young (53248K), 10 survivors (10240K)
 Metaspace       used 82640K, capacity 84933K, committed 85128K, reserved 1124352K
  class space    used 10559K, capacity 11367K, committed 11392K, reserved 1048576K
}
Event: 27.530 GC heap after
{Heap after GC invocations=28 (full 0):
 garbage-first heap   total 189440K, used 103259K [0x0000000080000000, 0x0000000100000000)
  region size 1024K, 10 young (10240K), 10 survivors (10240K)
 Metaspace       used 82640K, capacity 84933K, committed 85128K, reserved 1124352K
  class space    used 10559K, capacity 11367K, committed 11392K, reserved 1048576K
}
Event: 28.255 GC heap before
{Heap before GC invocations=29 (full 0):
 garbage-first heap   total 189440K, used 133979K [0x0000000080000000, 0x0000000100000000)
  region size 1024K, 35 young (35840K), 10 survivors (10240K)
 Metaspace       used 82594K, capacity 84845K, committed 85128K, reserved 1124352K
  class space    used 10543K, capacity 11338K, committed 11392K, reserved 1048576K
}
Event: 28.268 GC heap after
{Heap after GC invocations=30 (full 0):
 garbage-first heap   total 189440K, used 115032K [0x0000000080000000, 0x0000000100000000)
  region size 1024K, 5 young (5120K), 5 survivors (5120K)
 Metaspace       used 82594K, capacity 84845K, committed 85128K, reserved 1124352K
  class space    used 10543K, capacity 11338K, committed 11392K, reserved 1048576K
}
Event: 28.588 GC heap before
{Heap before GC invocations=31 (full 0):
 garbage-first heap   total 189440K, used 149848K [0x0000000080000000, 0x0000000100000000)
  region size 1024K, 23 young (23552K), 5 survivors (5120K)
 Metaspace       used 82594K, capacity 84845K, committed 85128K, reserved 1124352K
  class space    used 10543K, capacity 11338K, committed 11392K, reserved 1048576K
}
Event: 28.597 GC heap after
{Heap after GC invocations=32 (full 0):
 garbage-first heap   total 189440K, used 121856K [0x0000000080000000, 0x0000000100000000)
  region size 1024K, 5 young (5120K), 5 survivors (5120K)
 Metaspace       used 82594K, capacity 84845K, committed 85128K, reserved 1124352K
  class space    used 10543K, capacity 11338K, committed 11392K, reserved 1048576K
}
Event: 29.807 GC heap before
{Heap before GC invocations=33 (full 0):
 garbage-first heap   total 189440K, used 151552K [0x0000000080000000, 0x0000000100000000)
  region size 1024K, 31 young (31744K), 5 survivors (5120K)
 Metaspace       used 83326K, capacity 85602K, committed 85768K, reserved 1124352K
  class space    used 10606K, capacity 11418K, committed 11520K, reserved 1048576K
}
Event: 29.820 GC heap after
{Heap after GC invocations=34 (full 0):
 garbage-first heap   total 189440K, used 130627K [0x0000000080000000, 0x0000000100000000)
  region size 1024K, 4 young (4096K), 4 survivors (4096K)
 Metaspace       used 83326K, capacity 85602K, committed 85768K, reserved 1124352K
  class space    used 10606K, capacity 11418K, committed 11520K, reserved 1048576K
}
Event: 30.189 GC heap before
{Heap before GC invocations=34 (full 0):
 garbage-first heap   total 189440K, used 153155K [0x0000000080000000, 0x0000000100000000)
  region size 1024K, 26 young (26624K), 4 survivors (4096K)
 Metaspace       used 83823K, capacity 86091K, committed 86280K, reserved 1124352K
  class space    used 10626K, capacity 11468K, committed 11520K, reserved 1048576K
}
Event: 30.206 GC heap after
{Heap after GC invocations=35 (full 0):
 garbage-first heap   total 189440K, used 136455K [0x0000000080000000, 0x0000000100000000)
  region size 1024K, 4 young (4096K), 4 survivors (4096K)
 Metaspace       used 83823K, capacity 86091K, committed 86280K, reserved 1124352K
  class space    used 10626K, capacity 11468K, committed 11520K, reserved 1048576K
}
Event: 30.600 GC heap before
{Heap before GC invocations=36 (full 0):
 garbage-first heap   total 189440K, used 155911K [0x0000000080000000, 0x0000000100000000)
  region size 1024K, 23 young (23552K), 4 survivors (4096K)
 Metaspace       used 83866K, capacity 86222K, committed 86280K, reserved 1124352K
  class space    used 10626K, capacity 11468K, committed 11520K, reserved 1048576K
}
Event: 30.613 GC heap after
{Heap after GC invocations=37 (full 0):
 garbage-first heap   total 189440K, used 140288K [0x0000000080000000, 0x0000000100000000)
  region size 1024K, 3 young (3072K), 3 survivors (3072K)
 Metaspace       used 83866K, capacity 86222K, committed 86280K, reserved 1124352K
  class space    used 10626K, capacity 11468K, committed 11520K, reserved 1048576K
}
Event: 30.764 GC heap before
{Heap before GC invocations=37 (full 0):
 garbage-first heap   total 189440K, used 158720K [0x0000000080000000, 0x0000000100000000)
  region size 1024K, 21 young (21504K), 3 survivors (3072K)
 Metaspace       used 83925K, capacity 86289K, committed 86536K, reserved 1124352K
  class space    used 10626K, capacity 11468K, committed 11520K, reserved 1048576K
}
Event: 30.784 GC heap after
{Heap after GC invocations=38 (full 0):
 garbage-first heap   total 189440K, used 151201K [0x0000000080000000, 0x0000000100000000)
  region size 1024K, 3 young (3072K), 3 survivors (3072K)
 Metaspace       used 83925K, capacity 86289K, committed 86536K, reserved 1124352K
  class space    used 10626K, capacity 11468K, committed 11520K, reserved 1048576K
}
Event: 30.874 GC heap before
{Heap before GC invocations=38 (full 0):
 garbage-first heap   total 189440K, used 159393K [0x0000000080000000, 0x0000000100000000)
  region size 1024K, 11 young (11264K), 3 survivors (3072K)
 Metaspace       used 83927K, capacity 86289K, committed 86536K, reserved 1124352K
  class space    used 10626K, capacity 11468K, committed 11520K, reserved 1048576K
}
Event: 30.892 GC heap after
{Heap after GC invocations=39 (full 0):
 garbage-first heap   total 189440K, used 157562K [0x0000000080000000, 0x0000000100000000)
  region size 1024K, 2 young (2048K), 2 survivors (2048K)
 Metaspace       used 83927K, capacity 86289K, committed 86536K, reserved 1124352K
  class space    used 10626K, capacity 11468K, committed 11520K, reserved 1048576K
}
Event: 30.973 GC heap before
{Heap before GC invocations=39 (full 0):
 garbage-first heap   total 189440K, used 164730K [0x0000000080000000, 0x0000000100000000)
  region size 1024K, 9 young (9216K), 2 survivors (2048K)
 Metaspace       used 83931K, capacity 86289K, committed 86536K, reserved 1124352K
  class space    used 10626K, capacity 11468K, committed 11520K, reserved 1048576K
}
Event: 30.985 GC heap after
{Heap after GC invocations=40 (full 0):
 garbage-first heap   total 189440K, used 163840K [0x0000000080000000, 0x0000000100000000)
  region size 1024K, 2 young (2048K), 2 survivors (2048K)
 Metaspace       used 83931K, capacity 86289K, committed 86536K, reserved 1124352K
  class space    used 10626K, capacity 11468K, committed 11520K, reserved 1048576K
}
Event: 31.075 GC heap before
{Heap before GC invocations=40 (full 0):
 garbage-first heap   total 189440K, used 171008K [0x0000000080000000, 0x0000000100000000)
  region size 1024K, 9 young (9216K), 2 survivors (2048K)
 Metaspace       used 83932K, capacity 86289K, committed 86536K, reserved 1124352K
  class space    used 10626K, capacity 11468K, committed 11520K, reserved 1048576K
}

Deoptimization events (20 events):
Event: 30.213 Thread 0x000002ad9414f800 DEOPT PACKING pc=0x000002ad81e40b27 sp=0x000000afe47f4bc0
Event: 30.213 Thread 0x000002ad9414f800 DEOPT UNPACKING pc=0x000002ad8002724e sp=0x000000afe47f4080 mode 0
Event: 30.312 Thread 0x000002ad9414f800 DEOPT PACKING pc=0x000002ad8072f550 sp=0x000000afe47f5d00
Event: 30.312 Thread 0x000002ad9414f800 DEOPT UNPACKING pc=0x000002ad8002724e sp=0x000000afe47f5230 mode 0
Event: 30.323 Thread 0x000002ad9414f800 Uncommon trap: trap_request=0xffffff4d fr.pc=0x000002ad88211128 relative=0x0000000000000168
Event: 30.323 Thread 0x000002ad9414f800 Uncommon trap: reason=unstable_if action=reinterpret pc=0x000002ad88211128 method=com.sun.tools.javac.code.Scope$ScopeImpl.getIndex(Lcom/sun/tools/javac/util/Name;)I @ 65 c2
Event: 30.323 Thread 0x000002ad9414f800 DEOPT PACKING pc=0x000002ad88211128 sp=0x000000afe47f59c0
Event: 30.323 Thread 0x000002ad9414f800 DEOPT UNPACKING pc=0x000002ad8002742f sp=0x000000afe47f5938 mode 2
Event: 30.395 Thread 0x000002ad9414f800 DEOPT PACKING pc=0x000002ad81dc7a66 sp=0x000000afe47f4a80
Event: 30.395 Thread 0x000002ad9414f800 DEOPT UNPACKING pc=0x000002ad8002724e sp=0x000000afe47f3f18 mode 0
Event: 30.619 Thread 0x000002ad9414f800 Uncommon trap: trap_request=0xffffff4d fr.pc=0x000002ad88223328 relative=0x00000000000029c8
Event: 30.619 Thread 0x000002ad9414f800 Uncommon trap: reason=unstable_if action=reinterpret pc=0x000002ad88223328 method=com.sun.tools.javac.jvm.ClassReader.sigToType()Lcom/sun/tools/javac/code/Type; @ 697 c2
Event: 30.619 Thread 0x000002ad9414f800 DEOPT PACKING pc=0x000002ad88223328 sp=0x000000afe47f5910
Event: 30.619 Thread 0x000002ad9414f800 DEOPT UNPACKING pc=0x000002ad8002742f sp=0x000000afe47f58f8 mode 2
Event: 30.633 Thread 0x000002ad9414f800 DEOPT PACKING pc=0x000002ad81dc240e sp=0x000000afe47f59b0
Event: 30.633 Thread 0x000002ad9414f800 DEOPT UNPACKING pc=0x000002ad8002724e sp=0x000000afe47f4e28 mode 0
Event: 30.832 Thread 0x000002ad9414f800 DEOPT PACKING pc=0x000002ad81e752cf sp=0x000000afe47f6cf0
Event: 30.832 Thread 0x000002ad9414f800 DEOPT UNPACKING pc=0x000002ad8002724e sp=0x000000afe47f6198 mode 0
Event: 31.000 Thread 0x000002ad9414f800 DEOPT PACKING pc=0x000002ad81e752cf sp=0x000000afe47f6c40
Event: 31.000 Thread 0x000002ad9414f800 DEOPT UNPACKING pc=0x000002ad8002724e sp=0x000000afe47f60e8 mode 0

Classes redefined (0 events):
No events

Internal exceptions (20 events):
Event: 23.858 Thread 0x000002ad93b04000 Exception <a 'java/lang/NoSuchMethodError'{0x0000000087864998}: <clinit>> (0x0000000087864998) thrown at [./src/hotspot/share/prims/jni.cpp, line 1362]
Event: 23.875 Thread 0x000002ad93b04000 Exception <a 'java/lang/NoSuchMethodError'{0x0000000087708870}: <clinit>> (0x0000000087708870) thrown at [./src/hotspot/share/prims/jni.cpp, line 1362]
Event: 23.877 Thread 0x000002ad93b04000 Exception <a 'java/lang/NoSuchMethodError'{0x0000000087753d38}: <clinit>> (0x0000000087753d38) thrown at [./src/hotspot/share/prims/jni.cpp, line 1362]
Event: 23.878 Thread 0x000002ad93b04000 Exception <a 'java/lang/NoSuchMethodError'{0x0000000087755490}: <clinit>> (0x0000000087755490) thrown at [./src/hotspot/share/prims/jni.cpp, line 1362]
Event: 23.878 Thread 0x000002ad93b04000 Exception <a 'java/lang/NoSuchMethodError'{0x0000000087756e98}: <clinit>> (0x0000000087756e98) thrown at [./src/hotspot/share/prims/jni.cpp, line 1362]
Event: 23.930 Thread 0x000002ad93b04000 Exception <a 'java/lang/NoSuchMethodError'{0x0000000087541860}: <clinit>> (0x0000000087541860) thrown at [./src/hotspot/share/prims/jni.cpp, line 1362]
Event: 24.619 Thread 0x000002ad971ea800 Implicit null exception at 0x000002ad8805da32 to 0x000002ad8805dddc
Event: 25.046 Thread 0x000002ad9414f800 Exception <a 'java/lang/NoSuchMethodError'{0x000000008afa56e8}: <clinit>> (0x000000008afa56e8) thrown at [./src/hotspot/share/prims/jni.cpp, line 1362]
Event: 25.261 Thread 0x000002ad9414f800 Exception <a 'sun/nio/fs/WindowsException'{0x000000008a2ff528}> (0x000000008a2ff528) thrown at [./src/hotspot/share/prims/jni.cpp, line 615]
Event: 25.261 Thread 0x000002ad9414f800 Exception <a 'sun/nio/fs/WindowsException'{0x000000008a030a70}> (0x000000008a030a70) thrown at [./src/hotspot/share/prims/jni.cpp, line 615]
Event: 25.262 Thread 0x000002ad9414f800 Exception <a 'java/lang/NoSuchMethodError'{0x000000008a04cfa8}: 'int java.lang.invoke.DirectMethodHandle$Holder.invokeSpecial(java.lang.Object, java.lang.Object, java.lang.Object, java.lang.Object, java.lang.Object)'> (0x000000008a04cfa8) thrown at [./src/hotspot/share/interpreter/linkResolver.cpp, line 773]
Event: 25.266 Thread 0x000002ad9414f800 Exception <a 'sun/nio/fs/WindowsException'{0x000000008a0863c8}> (0x000000008a0863c8) thrown at [./src/hotspot/share/prims/jni.cpp, line 615]
Event: 25.267 Thread 0x000002ad9414f800 Exception <a 'sun/nio/fs/WindowsException'{0x000000008a0874f8}> (0x000000008a0874f8) thrown at [./src/hotspot/share/prims/jni.cpp, line 615]
Event: 25.268 Thread 0x000002ad9414f800 Exception <a 'java/lang/NoSuchMethodError'{0x000000008a0a1f60}: 'void java.lang.invoke.DirectMethodHandle$Holder.invokeStatic(java.lang.Object, java.lang.Object, java.lang.Object, java.lang.Object, int, java.lang.Object)'> (0x000000008a0a1f60) thrown at [./src/hotspot/share/interpreter/linkResolver.cpp, line 773]
Event: 26.271 Thread 0x000002ad9414f800 Exception <a 'java/lang/NoSuchMethodError'{0x0000000088c56f58}: 'java.lang.Object java.lang.invoke.Invokers$Holder.linkToTargetMethod(java.lang.Object, java.lang.Object, java.lang.Object, int, int, java.lang.Object)'> (0x0000000088c56f58) thrown at [./src/hotspot/share/interpreter/linkResolver.cpp, line 773]
Event: 26.446 Thread 0x000002ad9414f800 Exception <a 'java/lang/NoSuchMethodError'{0x000000008893c060}: 'int java.lang.invoke.DirectMethodHandle$Holder.invokeVirtual(java.lang.Object, java.lang.Object, java.lang.Object)'> (0x000000008893c060) thrown at [./src/hotspot/share/interpreter/linkResolver.cpp, line 773]
Event: 26.932 Thread 0x000002ad9414f800 Implicit null exception at 0x000002ad88100e17 to 0x000002ad8810197c
Event: 28.613 Thread 0x000002ad9414f800 Exception <a 'sun/nio/fs/WindowsException'{0x000000008b8b2530}> (0x000000008b8b2530) thrown at [./src/hotspot/share/prims/jni.cpp, line 615]
Event: 28.614 Thread 0x000002ad9414f800 Exception <a 'sun/nio/fs/WindowsException'{0x000000008b8b2638}> (0x000000008b8b2638) thrown at [./src/hotspot/share/prims/jni.cpp, line 615]
Event: 28.615 Thread 0x000002ad9414f800 Implicit null exception at 0x000002ad880d30f4 to 0x000002ad880d53f8

Events (20 events):
Event: 30.141 Thread 0x000002adff13b000 flushing nmethod 0x000002ad80946b10
Event: 30.159 loading class com/sun/tools/javac/util/JCDiagnostic$DiagnosticPosition
Event: 30.159 loading class com/sun/tools/javac/util/JCDiagnostic$DiagnosticPosition done
Event: 30.159 loading class com/sun/tools/javac/comp/Check
Event: 30.159 loading class com/sun/tools/javac/comp/Check done
Event: 30.189 Executing VM operation: G1CollectForAllocation
Event: 30.206 Executing VM operation: G1CollectForAllocation done
Event: 30.446 Executing VM operation: CGC_Operation
Event: 30.456 Executing VM operation: CGC_Operation done
Event: 30.579 Executing VM operation: CGC_Operation
Event: 30.579 Executing VM operation: CGC_Operation done
Event: 30.600 Executing VM operation: G1CollectForAllocation
Event: 30.613 Executing VM operation: G1CollectForAllocation done
Event: 30.764 Executing VM operation: G1CollectForAllocation
Event: 30.784 Executing VM operation: G1CollectForAllocation done
Event: 30.874 Executing VM operation: G1CollectForAllocation
Event: 30.892 Executing VM operation: G1CollectForAllocation done
Event: 30.973 Executing VM operation: G1CollectForAllocation
Event: 30.985 Executing VM operation: G1CollectForAllocation done
Event: 31.075 Executing VM operation: G1CollectForAllocation


Dynamic libraries:
0x00007ff6c17f0000 - 0x00007ff6c17fa000 	C:\Program Files\Android\Android Studio\jre\bin\java.exe
0x00007ffdbfbb0000 - 0x00007ffdbfda5000 	C:\WINDOWS\SYSTEM32\ntdll.dll
0x00007ffdbf740000 - 0x00007ffdbf7fd000 	C:\WINDOWS\System32\KERNEL32.DLL
0x00007ffdbd920000 - 0x00007ffdbdbe8000 	C:\WINDOWS\System32\KERNELBASE.dll
0x00007ffdbd500000 - 0x00007ffdbd600000 	C:\WINDOWS\System32\ucrtbase.dll
0x00007ffd8b630000 - 0x00007ffd8b649000 	C:\Program Files\Android\Android Studio\jre\bin\jli.dll
0x00007ffdbe410000 - 0x00007ffdbe5b0000 	C:\WINDOWS\System32\USER32.dll
0x00007ffdbdbf0000 - 0x00007ffdbdc12000 	C:\WINDOWS\System32\win32u.dll
0x00007ffdbfa90000 - 0x00007ffdbfaba000 	C:\WINDOWS\System32\GDI32.dll
0x00007ffdbd810000 - 0x00007ffdbd91b000 	C:\WINDOWS\System32\gdi32full.dll
0x00007ffdbd410000 - 0x00007ffdbd4ad000 	C:\WINDOWS\System32\msvcp_win.dll
0x00007ffd998c0000 - 0x00007ffd998d7000 	C:\Program Files\Android\Android Studio\jre\bin\VCRUNTIME140.dll
0x00007ffdaee00000 - 0x00007ffdaf09a000 	C:\WINDOWS\WinSxS\amd64_microsoft.windows.common-controls_6595b64144ccf1df_6.0.19041.1052_none_60b8f8fd71f5e8cb\COMCTL32.dll
0x00007ffdbf870000 - 0x00007ffdbf90e000 	C:\WINDOWS\System32\msvcrt.dll
0x00007ffdbe060000 - 0x00007ffdbe090000 	C:\WINDOWS\System32\IMM32.DLL
0x00007ffd7d510000 - 0x00007ffd7d5ad000 	C:\Program Files\Android\Android Studio\jre\bin\msvcp140.dll
0x00007ffd87e70000 - 0x00007ffd8892c000 	C:\Program Files\Android\Android Studio\jre\bin\server\jvm.dll
0x00007ffdbfac0000 - 0x00007ffdbfb6c000 	C:\WINDOWS\System32\ADVAPI32.dll
0x00007ffdbe6e0000 - 0x00007ffdbe77b000 	C:\WINDOWS\System32\sechost.dll
0x00007ffdbe2e0000 - 0x00007ffdbe40b000 	C:\WINDOWS\System32\RPCRT4.dll
0x00007ffdbf910000 - 0x00007ffdbf918000 	C:\WINDOWS\System32\PSAPI.DLL
0x00007ffdac460000 - 0x00007ffdac469000 	C:\WINDOWS\SYSTEM32\WSOCK32.dll
0x00007ffdbf800000 - 0x00007ffdbf86b000 	C:\WINDOWS\System32\WS2_32.dll
0x00007ffdb1eb0000 - 0x00007ffdb1ed7000 	C:\WINDOWS\SYSTEM32\WINMM.dll
0x00007ffdb3de0000 - 0x00007ffdb3dea000 	C:\WINDOWS\SYSTEM32\VERSION.dll
0x00007ffdbb260000 - 0x00007ffdbb272000 	C:\WINDOWS\SYSTEM32\kernel.appcore.dll
0x00007ffd968f0000 - 0x00007ffd96901000 	C:\Program Files\Android\Android Studio\jre\bin\verify.dll
0x00007ffdaba90000 - 0x00007ffdabc74000 	C:\WINDOWS\SYSTEM32\DBGHELP.DLL
0x00007ffdabd80000 - 0x00007ffdabdac000 	C:\WINDOWS\SYSTEM32\dbgcore.DLL
0x00007ffdbd350000 - 0x00007ffdbd3d3000 	C:\WINDOWS\System32\bcryptPrimitives.dll
0x00007ffd93ff0000 - 0x00007ffd94019000 	C:\Program Files\Android\Android Studio\jre\bin\java.dll
0x00007ffdab9c0000 - 0x00007ffdab9cb000 	C:\Program Files\Android\Android Studio\jre\bin\jimage.dll
0x00007ffd93da0000 - 0x00007ffd93db8000 	C:\Program Files\Android\Android Studio\jre\bin\zip.dll
0x00007ffdbe7a0000 - 0x00007ffdbeedf000 	C:\WINDOWS\System32\SHELL32.dll
0x00007ffdbb460000 - 0x00007ffdbbbf0000 	C:\WINDOWS\SYSTEM32\windows.storage.dll
0x00007ffdbdd00000 - 0x00007ffdbe055000 	C:\WINDOWS\System32\combase.dll
0x00007ffdbcc90000 - 0x00007ffdbccbc000 	C:\WINDOWS\SYSTEM32\Wldp.dll
0x00007ffdbf690000 - 0x00007ffdbf73e000 	C:\WINDOWS\System32\SHCORE.dll
0x00007ffdbf090000 - 0x00007ffdbf0e5000 	C:\WINDOWS\System32\shlwapi.dll
0x00007ffdbd230000 - 0x00007ffdbd24f000 	C:\WINDOWS\SYSTEM32\profapi.dll
0x00007ffd92e70000 - 0x00007ffd92e8a000 	C:\Program Files\Android\Android Studio\jre\bin\net.dll
0x00007ffdb7d10000 - 0x00007ffdb7e1b000 	C:\WINDOWS\SYSTEM32\WINHTTP.dll
0x00007ffdbca00000 - 0x00007ffdbca6a000 	C:\WINDOWS\system32\mswsock.dll
0x00007ffd92330000 - 0x00007ffd92344000 	C:\Program Files\Android\Android Studio\jre\bin\nio.dll
0x00007ffda5f10000 - 0x00007ffda5f37000 	C:\Users\infinity\.gradle\native\f6784746aeab05261644944871eae4fe03e0ef1612fff0a4a95f87b438bc6780\windows-amd64\native-platform.dll
0x00007ffda7880000 - 0x00007ffda788a000 	C:\Program Files\Android\Android Studio\jre\bin\management.dll
0x00007ffda7320000 - 0x00007ffda732c000 	C:\Program Files\Android\Android Studio\jre\bin\management_ext.dll
0x00007ffdbcbe0000 - 0x00007ffdbcbf8000 	C:\WINDOWS\SYSTEM32\CRYPTSP.dll
0x00007ffdbc3a0000 - 0x00007ffdbc3d4000 	C:\WINDOWS\system32\rsaenh.dll
0x00007ffdbd3e0000 - 0x00007ffdbd407000 	C:\WINDOWS\System32\bcrypt.dll
0x00007ffdbd1b0000 - 0x00007ffdbd1de000 	C:\WINDOWS\SYSTEM32\USERENV.dll
0x00007ffdbcbd0000 - 0x00007ffdbcbdc000 	C:\WINDOWS\SYSTEM32\CRYPTBASE.dll
0x00007ffdbc6f0000 - 0x00007ffdbc72b000 	C:\WINDOWS\SYSTEM32\IPHLPAPI.DLL
0x00007ffdbe6d0000 - 0x00007ffdbe6d8000 	C:\WINDOWS\System32\NSI.dll
0x00007ffdb6e80000 - 0x00007ffdb6e97000 	C:\WINDOWS\SYSTEM32\dhcpcsvc6.DLL
0x00007ffdb6e40000 - 0x00007ffdb6e5d000 	C:\WINDOWS\SYSTEM32\dhcpcsvc.DLL
0x00007ffdbc730000 - 0x00007ffdbc7fc000 	C:\WINDOWS\SYSTEM32\DNSAPI.dll
0x00007ffdb72a0000 - 0x00007ffdb72ab000 	C:\WINDOWS\SYSTEM32\WINNSI.DLL

dbghelp: loaded successfully - version: 4.0.5 - missing functions: none
symbol engine: initialized successfully - sym options: 0x614 - pdb path: .;C:\Program Files\Android\Android Studio\jre\bin;C:\WINDOWS\SYSTEM32;C:\WINDOWS\WinSxS\amd64_microsoft.windows.common-controls_6595b64144ccf1df_6.0.19041.1052_none_60b8f8fd71f5e8cb;C:\Program Files\Android\Android Studio\jre\bin\server;C:\Users\infinity\.gradle\native\f6784746aeab05261644944871eae4fe03e0ef1612fff0a4a95f87b438bc6780\windows-amd64

VM Arguments:
jvm_args: --add-opens=java.base/java.util=ALL-UNNAMED --add-opens=java.base/java.lang=ALL-UNNAMED --add-opens=java.base/java.lang.invoke=ALL-UNNAMED --add-opens=java.prefs/java.util.prefs=ALL-UNNAMED -Xmx2048m -Dfile.encoding=UTF-8 -Duser.country=IN -Duser.language=en -Duser.variant 
java_command: org.gradle.launcher.daemon.bootstrap.GradleDaemon 6.5
java_class_path (initial): C:\Users\infinity\.gradle\wrapper\dists\gradle-6.5-bin\6nifqtx7604sqp1q6g8wikw7p\gradle-6.5\lib\gradle-launcher-6.5.jar
Launcher Type: SUN_STANDARD

[Global flags]
     intx CICompilerCount                          = 3                                         {product} {ergonomic}
     uint ConcGCThreads                            = 1                                         {product} {ergonomic}
     uint G1ConcRefinementThreads                  = 4                                         {product} {ergonomic}
   size_t G1HeapRegionSize                         = 1048576                                   {product} {ergonomic}
    uintx GCDrainStackTargetSize                   = 64                                        {product} {ergonomic}
   size_t InitialHeapSize                          = 134217728                                 {product} {ergonomic}
   size_t MarkStackSize                            = 4194304                                   {product} {ergonomic}
   size_t MaxHeapSize                              = 2147483648                                {product} {command line}
   size_t MaxNewSize                               = 1287651328                                {product} {ergonomic}
   size_t MinHeapDeltaBytes                        = 1048576                                   {product} {ergonomic}
    uintx NonNMethodCodeHeapSize                   = 5830732                                {pd product} {ergonomic}
    uintx NonProfiledCodeHeapSize                  = 122913754                              {pd product} {ergonomic}
    uintx ProfiledCodeHeapSize                     = 122913754                              {pd product} {ergonomic}
    uintx ReservedCodeCacheSize                    = 251658240                              {pd product} {ergonomic}
     bool SegmentedCodeCache                       = true                                      {product} {ergonomic}
     bool UseCompressedClassPointers               = true                                 {lp64_product} {ergonomic}
     bool UseCompressedOops                        = true                                 {lp64_product} {ergonomic}
     bool UseG1GC                                  = true                                      {product} {ergonomic}
     bool UseLargePagesIndividualAllocation        = false                                  {pd product} {ergonomic}

Logging:
Log output configuration:
 #0: stdout all=warning uptime,level,tags
 #1: stderr all=off uptime,level,tags

Environment Variables:
JAVA_HOME=C:\Program Files\Java\jdk1.8.0_211
CLASSPATH=.;
PATH=C:\Windows\system32;C:\Windows;C:\Windows\System32\Wbem;C:\Windows\System32\WindowsPowerShell\v1.0\;C:\Windows\System32\OpenSSH\;C:\Program Files\Git\cmd;C:\Users\infinity\AppData\Local\Microsoft\WindowsApps;C:\adb;C:\ProgramData\chocolatey\bin;C:\Program Files\nodejs\;C:\Program Files\Java\jdk1.8.0_211\bin;C:\Program Files\Microsoft SQL Server\Client SDK\ODBC\170\Tools\Binn\;C:\Program Files\Azure Data Studio\bin;C:\Program Files (x86)\Microsoft SQL Server\150\Tools\Binn\;C:\Program Files\Microsoft SQL Server\150\Tools\Binn\;C:\Program Files\Microsoft SQL Server\150\DTS\Binn\;%SystemRoot%\system32;%SystemRoot%;%SystemRoot%\System32\Wbem;%SYSTEMROOT%\System32\WindowsPowerShell\v1.0\;%SYSTEMROOT%\System32\OpenSSH\;C:\Users\infinity\AppData\Local\Microsoft\WindowsApps;C:\Users\infinity\AppData\Roaming\npm;C:\Users\infinity\Downloads\flutter_windows_1.22.6-stable\flutter\bin;C:\Program Files\Azure Data Studio\bin;;C:\Users\infinity\AppData\Local\Programs\Microsoft VS Code\bin
USERNAME=infinity
OS=Windows_NT
PROCESSOR_IDENTIFIER=Intel64 Family 6 Model 42 Stepping 7, GenuineIntel



---------------  S Y S T E M  ---------------

OS: Windows 10 , 64 bit Build 19041 (10.0.19041.1023)
OS uptime: 5 days 3:02 hours

CPU:total 4 (initial active 4) (4 cores per cpu, 1 threads per core) family 6 model 42 stepping 7, cmov, cx8, fxsr, mmx, sse, sse2, sse3, ssse3, sse4.1, sse4.2, popcnt, avx, aes, clmul, tsc, tscinvbit

Memory: 4k page, system-wide physical 8064M (419M free)
TotalPageFile size 14765M (AvailPageFile size 29M)
current process WorkingSet (physical memory assigned to process): 447M, peak: 455M
current process commit charge ("private bytes"): 479M, peak: 519M

vm_info: OpenJDK 64-Bit Server VM (11.0.8+10-b944.6842174) for windows-amd64 JRE (11.0.8+10-b944.6842174), built on Sep 19 2020 01:11:42 by "builder" with MS VC++ 14.0 (VS2015)

END.
