#
# There is insufficient memory for the Java Runtime Environment to continue.
# Native memory allocation (mmap) failed to map 243269632 bytes for Failed to commit area from 0x0000000091900000 to 0x00000000a0100000 of length 243269632.
# Possible reasons:
#   The system is out of physical RAM or swap space
#   The process is running with CompressedOops enabled, and the Java Heap may be blocking the growth of the native heap
# Possible solutions:
#   Reduce memory load on the system
#   Increase physical memory or swap space
#   Check if swap backing store is full
#   Decrease Java heap size (-Xmx/-Xms)
#   Decrease number of Java threads
#   Decrease Java thread stack sizes (-Xss)
#   Set larger code cache with -XX:ReservedCodeCacheSize=
#   JVM is running with Unscaled Compressed Oops mode in which the Java heap is
#     placed in the first 4GB address space. The Java Heap base address is the
#     maximum limit for the native heap growth. Please use -XX:HeapBaseMinAddress
#     to set the Java Heap base and to place the Java Heap above 4GB virtual address.
# This output file may be truncated or incomplete.
#
#  Out of Memory Error (./src/hotspot/os/windows/os_windows.cpp:3303), pid=24692, tid=25168
#
# JRE version: OpenJDK Runtime Environment (11.0.8+10) (build 11.0.8+10-b944.6842174)
# Java VM: OpenJDK 64-Bit Server VM (11.0.8+10-b944.6842174, mixed mode, tiered, compressed oops, g1 gc, windows-amd64)
# No core dump will be written. Minidumps are not enabled by default on client versions of Windows
#

---------------  S U M M A R Y ------------

Command Line: --add-opens=java.base/java.util=ALL-UNNAMED --add-opens=java.base/java.lang=ALL-UNNAMED --add-opens=java.base/java.lang.invoke=ALL-UNNAMED --add-opens=java.prefs/java.util.prefs=ALL-UNNAMED -Xmx2048m -Dfile.encoding=UTF-8 -Duser.country=IN -Duser.language=en -Duser.variant org.gradle.launcher.daemon.bootstrap.GradleDaemon 6.5

Host: Intel(R) Core(TM) i5-2400 CPU @ 3.10GHz, 4 cores, 7G,  Windows 10 , 64 bit Build 19041 (10.0.19041.1023)
Time: Mon Jun 28 17:31:45 2021 India Standard Time elapsed time: 32 seconds (0d 0h 0m 32s)

---------------  T H R E A D  ---------------

Current thread (0x000002b0a2ba9000):  VMThread "VM Thread" [stack: 0x000000eeb1800000,0x000000eeb1900000] [id=25168]

Stack: [0x000000eeb1800000,0x000000eeb1900000]
[error occurred during error reporting (printing stack bounds), id 0xc0000005, EXCEPTION_ACCESS_VIOLATION (0xc0000005) at pc=0x000002b08c340dad]

Native frames: (J=compiled Java code, j=interpreted, Vv=VM code, C=native code)
V  [jvm.dll+0x5de50a]
V  [jvm.dll+0x7122f5]
V  [jvm.dll+0x71384d]
V  [jvm.dll+0x713e65]
V  [jvm.dll+0x713e1b]
V  [jvm.dll+0x5dd958]
V  [jvm.dll+0x5de0f8]
C  [ntdll.dll+0xa217f]
C  [ntdll.dll+0x51454]
C  [ntdll.dll+0xa0cae]
C  0x000002b08c340dad

VM_Operation (0x000000eeb9bf86c0): G1CollectForAllocation, mode: safepoint, requested by thread 0x000002b0a4d61800


---------------  P R O C E S S  ---------------

Threads class SMR info:
_java_thread_list=0x000002b0a94acba0, length=128, elements={
0x000002b0889aa800, 0x000002b0a2baf000, 0x000002b0a2bb2800, 0x000002b0a3552800,
0x000002b0a2bc7800, 0x000002b0a2bca800, 0x000002b0a2bd6800, 0x000002b0a2be4000,
0x000002b0a3693800, 0x000002b0a36de800, 0x000002b0a5047000, 0x000002b0a4754800,
0x000002b0a52ec800, 0x000002b0a4281000, 0x000002b0a4281800, 0x000002b0a4e6c800,
0x000002b0a5095000, 0x000002b0a5095800, 0x000002b0a5446000, 0x000002b0a5640800,
0x000002b0a53c4000, 0x000002b0a53c5000, 0x000002b0a53c5800, 0x000002b0a53c3000,
0x000002b0a817f800, 0x000002b0a817a000, 0x000002b0a817e800, 0x000002b0a817e000,
0x000002b0a817b800, 0x000002b0a817a800, 0x000002b0a8180800, 0x000002b0a8181000,
0x000002b0a8182000, 0x000002b0a817d000, 0x000002b0a817c000, 0x000002b0a8188800,
0x000002b0a8187800, 0x000002b0a8182800, 0x000002b0a8185000, 0x000002b0a8186000,
0x000002b0a8183800, 0x000002b0a8184800, 0x000002b0a5a7b800, 0x000002b0a5a75800,
0x000002b0a5a76800, 0x000002b0a5a79800, 0x000002b0a5a7c000, 0x000002b0a5a78000,
0x000002b0a5a77000, 0x000002b0a5a7e000, 0x000002b0a5a7a800, 0x000002b0a5a7d000,
0x000002b0a5a7e800, 0x000002b0a5a79000, 0x000002b0a5a83800, 0x000002b0a5a81000,
0x000002b0a5a84800, 0x000002b0a5a82800, 0x000002b0a5a80000, 0x000002b0a5a82000,
0x000002b0a5a7f800, 0x000002b0a842f000, 0x000002b0a842e800, 0x000002b0a842c000,
0x000002b0a842a800, 0x000002b0a8429800, 0x000002b0a842b000, 0x000002b0a842d000,
0x000002b0a842d800, 0x000002b0a8435000, 0x000002b0a8433800, 0x000002b0a8431000,
0x000002b0a8430000, 0x000002b0a8431800, 0x000002b0a8434000, 0x000002b0a8437800,
0x000002b0a8432800, 0x000002b0a8438000, 0x000002b0a8436000, 0x000002b0a8436800,
0x000002b0a7df5000, 0x000002b0a7df7800, 0x000002b0a7df3800, 0x000002b0a7df4800,
0x000002b0a7df6000, 0x000002b0a7df8800, 0x000002b0a7df2800, 0x000002b0a7dfb000,
0x000002b0a7dfb800, 0x000002b0a7df9800, 0x000002b0a7df7000, 0x000002b0a7dff000,
0x000002b0a7e00000, 0x000002b0a7dfe000, 0x000002b0a7dfd800, 0x000002b0a7dfa000,
0x000002b0a7dfc800, 0x000002b0a7e00800, 0x000002b0a7e01800, 0x000002b0a6286000,
0x000002b0a6289800, 0x000002b0a6284800, 0x000002b0a6287000, 0x000002b0a628a000,
0x000002b0a6287800, 0x000002b0a6285800, 0x000002b0a628b000, 0x000002b0a6288800,
0x000002b0a628e800, 0x000002b0a628d800, 0x000002b0a6291800, 0x000002b0a628c000,
0x000002b0a6290800, 0x000002b0a6292800, 0x000002b0a628f000, 0x000002b0a628c800,
0x000002b0a6290000, 0x000002b0a6293000, 0x000002b0a4d63000, 0x000002b0a4d67000,
0x000002b0a4d62000, 0x000002b0a4d64800, 0x000002b0a4d61800, 0x000002b0a4d65800,
0x000002b0a4d66000, 0x000002b0a4d68000, 0x000002b0a4d68800, 0x000002b0b0156800
}

Java Threads: ( => current thread )
  0x000002b0889aa800 JavaThread "main" [_thread_blocked, id=19488, stack(0x000000eeb1200000,0x000000eeb1300000)]
  0x000002b0a2baf000 JavaThread "Reference Handler" daemon [_thread_blocked, id=19600, stack(0x000000eeb1900000,0x000000eeb1a00000)]
  0x000002b0a2bb2800 JavaThread "Finalizer" daemon [_thread_blocked, id=19732, stack(0x000000eeb1a00000,0x000000eeb1b00000)]
  0x000002b0a3552800 JavaThread "Signal Dispatcher" daemon [_thread_blocked, id=18208, stack(0x000000eeb1b00000,0x000000eeb1c00000)]
  0x000002b0a2bc7800 JavaThread "Attach Listener" daemon [_thread_blocked, id=24672, stack(0x000000eeb1c00000,0x000000eeb1d00000)]
  0x000002b0a2bca800 JavaThread "C2 CompilerThread0" daemon [_thread_blocked, id=23628, stack(0x000000eeb1d00000,0x000000eeb1e00000)]
  0x000002b0a2bd6800 JavaThread "C1 CompilerThread0" daemon [_thread_blocked, id=18576, stack(0x000000eeb1e00000,0x000000eeb1f00000)]
  0x000002b0a2be4000 JavaThread "Sweeper thread" daemon [_thread_blocked, id=10628, stack(0x000000eeb1f00000,0x000000eeb2000000)]
  0x000002b0a3693800 JavaThread "Common-Cleaner" daemon [_thread_blocked, id=11252, stack(0x000000eeb2000000,0x000000eeb2100000)]
  0x000002b0a36de800 JavaThread "Service Thread" daemon [_thread_blocked, id=24564, stack(0x000000eeb2100000,0x000000eeb2200000)]
  0x000002b0a5047000 JavaThread "Daemon health stats" [_thread_blocked, id=17844, stack(0x000000eeb2600000,0x000000eeb2700000)]
  0x000002b0a4754800 JavaThread "Incoming local TCP Connector on port 56932" [_thread_in_native, id=7092, stack(0x000000eeb2900000,0x000000eeb2a00000)]
  0x000002b0a52ec800 JavaThread "Daemon periodic checks" [_thread_blocked, id=14612, stack(0x000000eeb2a00000,0x000000eeb2b00000)]
  0x000002b0a4281000 JavaThread "Daemon" [_thread_blocked, id=21088, stack(0x000000eeb2b00000,0x000000eeb2c00000)]
  0x000002b0a4281800 JavaThread "Handler for socket connection from /127.0.0.1:56932 to /127.0.0.1:56933" [_thread_in_native, id=19944, stack(0x000000eeb2c00000,0x000000eeb2d00000)]
  0x000002b0a4e6c800 JavaThread "Cancel handler" [_thread_blocked, id=20492, stack(0x000000eeb2d00000,0x000000eeb2e00000)]
  0x000002b0a5095000 JavaThread "Daemon worker" [_thread_blocked, id=25048, stack(0x000000eeb2e00000,0x000000eeb2f00000)]
  0x000002b0a5095800 JavaThread "Asynchronous log dispatcher for DefaultDaemonConnection: socket connection from /127.0.0.1:56932 to /127.0.0.1:56933" [_thread_blocked, id=13852, stack(0x000000eeb2f00000,0x000000eeb3000000)]
  0x000002b0a5446000 JavaThread "Stdin handler" [_thread_blocked, id=14324, stack(0x000000eeb3000000,0x000000eeb3100000)]
  0x000002b0a5640800 JavaThread "Thread-8" [_thread_blocked, id=24124, stack(0x000000eeb3100000,0x000000eeb3200000)]
  0x000002b0a53c4000 JavaThread "Cache worker for journal cache (C:\Users\infinity\.gradle\caches\journal-1)" [_thread_blocked, id=25432, stack(0x000000eeb3200000,0x000000eeb3300000)]
  0x000002b0a53c5000 JavaThread "File lock request listener" [_thread_in_native, id=21988, stack(0x000000eeb3300000,0x000000eeb3400000)]
  0x000002b0a53c5800 JavaThread "Cache worker for file hash cache (C:\Users\infinity\.gradle\caches\6.5\fileHashes)" [_thread_blocked, id=17128, stack(0x000000eeb3500000,0x000000eeb3600000)]
  0x000002b0a53c3000 JavaThread "Cache worker for file hash cache (D:\monginisssss\.gradle\6.5\fileHashes)" [_thread_blocked, id=1332, stack(0x000000eeb3700000,0x000000eeb3800000)]
  0x000002b0a817f800 JavaThread "jar transforms" [_thread_blocked, id=23636, stack(0x000000eeb3800000,0x000000eeb3900000)]
  0x000002b0a817a000 JavaThread "jar transforms Thread 2" [_thread_blocked, id=19292, stack(0x000000eeb3900000,0x000000eeb3a00000)]
  0x000002b0a817e800 JavaThread "jar transforms Thread 3" [_thread_blocked, id=24860, stack(0x000000eeb3a00000,0x000000eeb3b00000)]
  0x000002b0a817e000 JavaThread "jar transforms Thread 4" [_thread_blocked, id=20356, stack(0x000000eeb3b00000,0x000000eeb3c00000)]
  0x000002b0a817b800 JavaThread "jar transforms Thread 5" [_thread_blocked, id=4364, stack(0x000000eeb3c00000,0x000000eeb3d00000)]
  0x000002b0a817a800 JavaThread "jar transforms Thread 6" [_thread_blocked, id=22232, stack(0x000000eeb3d00000,0x000000eeb3e00000)]
  0x000002b0a8180800 JavaThread "Cache worker for checksums cache (D:\monginisssss\.gradle\checksums)" [_thread_blocked, id=24412, stack(0x000000eeb3e00000,0x000000eeb3f00000)]
  0x000002b0a8181000 JavaThread "Cache worker for cache directory md-supplier (C:\Users\infinity\.gradle\caches\6.5\md-supplier)" [_thread_blocked, id=11792, stack(0x000000eeb3f00000,0x000000eeb4000000)]
  0x000002b0a8182000 JavaThread "Cache worker for cache directory md-rule (C:\Users\infinity\.gradle\caches\6.5\md-rule)" [_thread_blocked, id=12280, stack(0x000000eeb4000000,0x000000eeb4100000)]
  0x000002b0a817d000 JavaThread "Cache worker for execution history cache (C:\Users\infinity\.gradle\caches\6.5\executionHistory)" [_thread_blocked, id=20048, stack(0x000000eeb4100000,0x000000eeb4200000)]
  0x000002b0a817c000 JavaThread "Cache worker for file content cache (C:\Users\infinity\.gradle\caches\6.5\fileContent)" [_thread_blocked, id=22448, stack(0x000000eeb4200000,0x000000eeb4300000)]
  0x000002b0a8188800 JavaThread "Build operations" [_thread_blocked, id=2584, stack(0x000000eeb4300000,0x000000eeb4400000)]
  0x000002b0a8187800 JavaThread "Build operations Thread 2" [_thread_blocked, id=11620, stack(0x000000eeb4400000,0x000000eeb4500000)]
  0x000002b0a8182800 JavaThread "Build operations Thread 3" [_thread_blocked, id=4512, stack(0x000000eeb4500000,0x000000eeb4600000)]
  0x000002b0a8185000 JavaThread "Build operations Thread 4" [_thread_blocked, id=640, stack(0x000000eeb4600000,0x000000eeb4700000)]
  0x000002b0a8186000 JavaThread "jar transforms Thread 7" [_thread_blocked, id=17900, stack(0x000000eeb4700000,0x000000eeb4800000)]
  0x000002b0a8183800 JavaThread "jar transforms Thread 8" [_thread_blocked, id=18700, stack(0x000000eeb4800000,0x000000eeb4900000)]
  0x000002b0a8184800 JavaThread "jar transforms Thread 9" [_thread_blocked, id=6216, stack(0x000000eeb4900000,0x000000eeb4a00000)]
  0x000002b0a5a7b800 JavaThread "jar transforms Thread 10" [_thread_blocked, id=6340, stack(0x000000eeb4a00000,0x000000eeb4b00000)]
  0x000002b0a5a75800 JavaThread "jar transforms Thread 11" [_thread_blocked, id=25488, stack(0x000000eeb4b00000,0x000000eeb4c00000)]
  0x000002b0a5a76800 JavaThread "jar transforms Thread 12" [_thread_blocked, id=8060, stack(0x000000eeb4c00000,0x000000eeb4d00000)]
  0x000002b0a5a79800 JavaThread "jar transforms Thread 13" [_thread_blocked, id=6796, stack(0x000000eeb4d00000,0x000000eeb4e00000)]
  0x000002b0a5a7c000 JavaThread "jar transforms Thread 14" [_thread_blocked, id=22028, stack(0x000000eeb4e00000,0x000000eeb4f00000)]
  0x000002b0a5a78000 JavaThread "jar transforms Thread 15" [_thread_blocked, id=19388, stack(0x000000eeb4f00000,0x000000eeb5000000)]
  0x000002b0a5a77000 JavaThread "jar transforms Thread 16" [_thread_blocked, id=19596, stack(0x000000eeb5000000,0x000000eeb5100000)]
  0x000002b0a5a7e000 JavaThread "jar transforms Thread 17" [_thread_blocked, id=17488, stack(0x000000eeb5100000,0x000000eeb5200000)]
  0x000002b0a5a7a800 JavaThread "jar transforms Thread 18" [_thread_blocked, id=19620, stack(0x000000eeb5200000,0x000000eeb5300000)]
  0x000002b0a5a7d000 JavaThread "jar transforms Thread 19" [_thread_blocked, id=19404, stack(0x000000eeb5300000,0x000000eeb5400000)]
  0x000002b0a5a7e800 JavaThread "jar transforms Thread 20" [_thread_blocked, id=22072, stack(0x000000eeb5400000,0x000000eeb5500000)]
  0x000002b0a5a79000 JavaThread "jar transforms Thread 21" [_thread_blocked, id=15712, stack(0x000000eeb5500000,0x000000eeb5600000)]
  0x000002b0a5a83800 JavaThread "jar transforms Thread 22" [_thread_blocked, id=23812, stack(0x000000eeb5600000,0x000000eeb5700000)]
  0x000002b0a5a81000 JavaThread "jar transforms Thread 23" [_thread_blocked, id=7784, stack(0x000000eeb5700000,0x000000eeb5800000)]
  0x000002b0a5a84800 JavaThread "jar transforms Thread 24" [_thread_blocked, id=24880, stack(0x000000eeb5800000,0x000000eeb5900000)]
  0x000002b0a5a82800 JavaThread "jar transforms Thread 25" [_thread_blocked, id=19092, stack(0x000000eeb5900000,0x000000eeb5a00000)]
  0x000002b0a5a80000 JavaThread "jar transforms Thread 26" [_thread_blocked, id=16104, stack(0x000000eeb5a00000,0x000000eeb5b00000)]
  0x000002b0a5a82000 JavaThread "jar transforms Thread 27" [_thread_blocked, id=19452, stack(0x000000eeb5b00000,0x000000eeb5c00000)]
  0x000002b0a5a7f800 JavaThread "jar transforms Thread 28" [_thread_blocked, id=24800, stack(0x000000eeb5c00000,0x000000eeb5d00000)]
  0x000002b0a842f000 JavaThread "jar transforms Thread 29" [_thread_blocked, id=7980, stack(0x000000eeb5d00000,0x000000eeb5e00000)]
  0x000002b0a842e800 JavaThread "jar transforms Thread 30" [_thread_blocked, id=18444, stack(0x000000eeb5e00000,0x000000eeb5f00000)]
  0x000002b0a842c000 JavaThread "jar transforms Thread 31" [_thread_blocked, id=5492, stack(0x000000eeb5f00000,0x000000eeb6000000)]
  0x000002b0a842a800 JavaThread "jar transforms Thread 32" [_thread_blocked, id=14476, stack(0x000000eeb6000000,0x000000eeb6100000)]
  0x000002b0a8429800 JavaThread "jar transforms Thread 33" [_thread_blocked, id=10396, stack(0x000000eeb6100000,0x000000eeb6200000)]
  0x000002b0a842b000 JavaThread "jar transforms Thread 34" [_thread_blocked, id=4124, stack(0x000000eeb6200000,0x000000eeb6300000)]
  0x000002b0a842d000 JavaThread "jar transforms Thread 35" [_thread_blocked, id=11116, stack(0x000000eeb6300000,0x000000eeb6400000)]
  0x000002b0a842d800 JavaThread "jar transforms Thread 36" [_thread_blocked, id=10988, stack(0x000000eeb6400000,0x000000eeb6500000)]
  0x000002b0a8435000 JavaThread "jar transforms Thread 37" [_thread_blocked, id=21068, stack(0x000000eeb6500000,0x000000eeb6600000)]
  0x000002b0a8433800 JavaThread "jar transforms Thread 38" [_thread_blocked, id=24608, stack(0x000000eeb6600000,0x000000eeb6700000)]
  0x000002b0a8431000 JavaThread "jar transforms Thread 39" [_thread_blocked, id=5132, stack(0x000000eeb6700000,0x000000eeb6800000)]
  0x000002b0a8430000 JavaThread "jar transforms Thread 40" [_thread_blocked, id=644, stack(0x000000eeb6800000,0x000000eeb6900000)]
  0x000002b0a8431800 JavaThread "jar transforms Thread 41" [_thread_blocked, id=20440, stack(0x000000eeb6900000,0x000000eeb6a00000)]
  0x000002b0a8434000 JavaThread "jar transforms Thread 42" [_thread_blocked, id=22192, stack(0x000000eeb6a00000,0x000000eeb6b00000)]
  0x000002b0a8437800 JavaThread "jar transforms Thread 43" [_thread_blocked, id=22688, stack(0x000000eeb6b00000,0x000000eeb6c00000)]
  0x000002b0a8432800 JavaThread "jar transforms Thread 44" [_thread_blocked, id=21148, stack(0x000000eeb6c00000,0x000000eeb6d00000)]
  0x000002b0a8438000 JavaThread "jar transforms Thread 45" [_thread_blocked, id=21228, stack(0x000000eeb6d00000,0x000000eeb6e00000)]
  0x000002b0a8436000 JavaThread "jar transforms Thread 46" [_thread_blocked, id=23352, stack(0x000000eeb6e00000,0x000000eeb6f00000)]
  0x000002b0a8436800 JavaThread "jar transforms Thread 47" [_thread_blocked, id=16856, stack(0x000000eeb6f00000,0x000000eeb7000000)]
  0x000002b0a7df5000 JavaThread "jar transforms Thread 48" [_thread_blocked, id=11920, stack(0x000000eeb7000000,0x000000eeb7100000)]
  0x000002b0a7df7800 JavaThread "jar transforms Thread 49" [_thread_blocked, id=11160, stack(0x000000eeb7100000,0x000000eeb7200000)]
  0x000002b0a7df3800 JavaThread "jar transforms Thread 50" [_thread_blocked, id=11568, stack(0x000000eeb7200000,0x000000eeb7300000)]
  0x000002b0a7df4800 JavaThread "jar transforms Thread 51" [_thread_blocked, id=19872, stack(0x000000eeb7300000,0x000000eeb7400000)]
  0x000002b0a7df6000 JavaThread "jar transforms Thread 52" [_thread_blocked, id=6316, stack(0x000000eeb7400000,0x000000eeb7500000)]
  0x000002b0a7df8800 JavaThread "jar transforms Thread 53" [_thread_blocked, id=3744, stack(0x000000eeb7500000,0x000000eeb7600000)]
  0x000002b0a7df2800 JavaThread "jar transforms Thread 54" [_thread_blocked, id=23872, stack(0x000000eeb7600000,0x000000eeb7700000)]
  0x000002b0a7dfb000 JavaThread "jar transforms Thread 55" [_thread_blocked, id=23920, stack(0x000000eeb7700000,0x000000eeb7800000)]
  0x000002b0a7dfb800 JavaThread "jar transforms Thread 56" [_thread_blocked, id=16648, stack(0x000000eeb7800000,0x000000eeb7900000)]
  0x000002b0a7df9800 JavaThread "jar transforms Thread 57" [_thread_blocked, id=24724, stack(0x000000eeb7900000,0x000000eeb7a00000)]
  0x000002b0a7df7000 JavaThread "jar transforms Thread 58" [_thread_blocked, id=808, stack(0x000000eeb7a00000,0x000000eeb7b00000)]
  0x000002b0a7dff000 JavaThread "jar transforms Thread 59" [_thread_blocked, id=20848, stack(0x000000eeb7b00000,0x000000eeb7c00000)]
  0x000002b0a7e00000 JavaThread "jar transforms Thread 60" [_thread_blocked, id=25128, stack(0x000000eeb7c00000,0x000000eeb7d00000)]
  0x000002b0a7dfe000 JavaThread "jar transforms Thread 61" [_thread_blocked, id=25196, stack(0x000000eeb7d00000,0x000000eeb7e00000)]
  0x000002b0a7dfd800 JavaThread "jar transforms Thread 62" [_thread_blocked, id=5752, stack(0x000000eeb7e00000,0x000000eeb7f00000)]
  0x000002b0a7dfa000 JavaThread "jar transforms Thread 63" [_thread_blocked, id=19288, stack(0x000000eeb7f00000,0x000000eeb8000000)]
  0x000002b0a7dfc800 JavaThread "jar transforms Thread 64" [_thread_blocked, id=14936, stack(0x000000eeb8000000,0x000000eeb8100000)]
  0x000002b0a7e00800 JavaThread "jar transforms Thread 65" [_thread_blocked, id=24832, stack(0x000000eeb8100000,0x000000eeb8200000)]
  0x000002b0a7e01800 JavaThread "jar transforms Thread 66" [_thread_blocked, id=24028, stack(0x000000eeb8200000,0x000000eeb8300000)]
  0x000002b0a6286000 JavaThread "jar transforms Thread 67" [_thread_blocked, id=12508, stack(0x000000eeb8300000,0x000000eeb8400000)]
  0x000002b0a6289800 JavaThread "jar transforms Thread 68" [_thread_blocked, id=1260, stack(0x000000eeb8400000,0x000000eeb8500000)]
  0x000002b0a6284800 JavaThread "jar transforms Thread 69" [_thread_blocked, id=24920, stack(0x000000eeb8500000,0x000000eeb8600000)]
  0x000002b0a6287000 JavaThread "jar transforms Thread 70" [_thread_blocked, id=2192, stack(0x000000eeb8600000,0x000000eeb8700000)]
  0x000002b0a628a000 JavaThread "jar transforms Thread 71" [_thread_blocked, id=24348, stack(0x000000eeb8700000,0x000000eeb8800000)]
  0x000002b0a6287800 JavaThread "jar transforms Thread 72" [_thread_blocked, id=4256, stack(0x000000eeb8800000,0x000000eeb8900000)]
  0x000002b0a6285800 JavaThread "jar transforms Thread 73" [_thread_blocked, id=12540, stack(0x000000eeb8900000,0x000000eeb8a00000)]
  0x000002b0a628b000 JavaThread "jar transforms Thread 74" [_thread_blocked, id=24752, stack(0x000000eeb8a00000,0x000000eeb8b00000)]
  0x000002b0a6288800 JavaThread "jar transforms Thread 75" [_thread_blocked, id=10320, stack(0x000000eeb8b00000,0x000000eeb8c00000)]
  0x000002b0a628e800 JavaThread "jar transforms Thread 76" [_thread_blocked, id=13116, stack(0x000000eeb8c00000,0x000000eeb8d00000)]
  0x000002b0a628d800 JavaThread "jar transforms Thread 77" [_thread_blocked, id=13236, stack(0x000000eeb8d00000,0x000000eeb8e00000)]
  0x000002b0a6291800 JavaThread "jar transforms Thread 78" [_thread_blocked, id=21144, stack(0x000000eeb8e00000,0x000000eeb8f00000)]
  0x000002b0a628c000 JavaThread "jar transforms Thread 79" [_thread_blocked, id=21140, stack(0x000000eeb8f00000,0x000000eeb9000000)]
  0x000002b0a6290800 JavaThread "jar transforms Thread 80" [_thread_blocked, id=23172, stack(0x000000eeb9000000,0x000000eeb9100000)]
  0x000002b0a6292800 JavaThread "jar transforms Thread 81" [_thread_blocked, id=10740, stack(0x000000eeb9100000,0x000000eeb9200000)]
  0x000002b0a628f000 JavaThread "jar transforms Thread 82" [_thread_blocked, id=20956, stack(0x000000eeb9200000,0x000000eeb9300000)]
  0x000002b0a628c800 JavaThread "jar transforms Thread 83" [_thread_blocked, id=18788, stack(0x000000eeb9300000,0x000000eeb9400000)]
  0x000002b0a6290000 JavaThread "jar transforms Thread 84" [_thread_blocked, id=24016, stack(0x000000eeb9400000,0x000000eeb9500000)]
  0x000002b0a6293000 JavaThread "jar transforms Thread 85" [_thread_blocked, id=10296, stack(0x000000eeb9500000,0x000000eeb9600000)]
  0x000002b0a4d63000 JavaThread "Cache worker for Build Output Cleanup Cache (D:\monginisssss\.gradle\buildOutputCleanup)" [_thread_blocked, id=21244, stack(0x000000eeb9600000,0x000000eeb9700000)]
  0x000002b0a4d67000 JavaThread "Memory manager" [_thread_blocked, id=9588, stack(0x000000eeb9800000,0x000000eeb9900000)]
  0x000002b0a4d62000 JavaThread "Cache worker for file content cache (D:\monginisssss\.gradle\6.5\fileContent)" [_thread_blocked, id=17288, stack(0x000000eeb9900000,0x000000eeb9a00000)]
  0x000002b0a4d64800 JavaThread "Execution worker for ':'" [_thread_blocked, id=22212, stack(0x000000eeb9a00000,0x000000eeb9b00000)]
  0x000002b0a4d61800 JavaThread "Execution worker for ':' Thread 2" [_thread_blocked, id=19504, stack(0x000000eeb9b00000,0x000000eeb9c00000)]
  0x000002b0a4d65800 JavaThread "Execution worker for ':' Thread 3" [_thread_blocked, id=23968, stack(0x000000eeb9c00000,0x000000eeb9d00000)]
  0x000002b0a4d66000 JavaThread "Cache worker for execution history cache (D:\monginisssss\.gradle\6.5\executionHistory)" [_thread_blocked, id=24268, stack(0x000000eeb9d00000,0x000000eeb9e00000)]
  0x000002b0a4d68000 JavaThread "Cache worker for Java compile cache (C:\Users\infinity\.gradle\caches\6.5\javaCompile)" [_thread_blocked, id=16140, stack(0x000000eeb9e00000,0x000000eeb9f00000)]
  0x000002b0a4d68800 JavaThread "Cache worker for Java compile cache (D:\monginisssss\.gradle\6.5\javaCompile)" [_thread_blocked, id=13164, stack(0x000000eeb9f00000,0x000000eeba000000)]
  0x000002b0b0156800 JavaThread "C2 CompilerThread1" daemon [_thread_blocked, id=22080, stack(0x000000eeb3600000,0x000000eeb3700000)]

Other Threads:
=>0x000002b0a2ba9000 VMThread "VM Thread" [stack: 0x000000eeb1800000,0x000000eeb1900000] [id=25168]
  0x000002b0a36d9800 WatcherThread [stack: 0x000000eeb2200000,0x000000eeb2300000] [id=25244]
  0x000002b0889c4000 GCTaskThread "GC Thread#0" [stack: 0x000000eeb1300000,0x000000eeb1400000] [id=19520]
  0x000002b0a3ad5000 GCTaskThread "GC Thread#1" [stack: 0x000000eeb2300000,0x000000eeb2400000] [id=24948]
  0x000002b0a3e1e000 GCTaskThread "GC Thread#2" [stack: 0x000000eeb2400000,0x000000eeb2500000] [id=24812]
  0x000002b0a56a6800 GCTaskThread "GC Thread#3" [stack: 0x000000eeb3400000,0x000000eeb3500000] [id=18420]
  0x000002b0889f4800 ConcurrentGCThread "G1 Main Marker" [stack: 0x000000eeb1400000,0x000000eeb1500000] [id=656]
  0x000002b0889f5800 ConcurrentGCThread "G1 Conc#0" [stack: 0x000000eeb1500000,0x000000eeb1600000] [id=12076]
  0x000002b088a8a800 ConcurrentGCThread "G1 Refine#0" [stack: 0x000000eeb1600000,0x000000eeb1700000] [id=23320]
  0x000002b0a8599000 ConcurrentGCThread "G1 Refine#1" [stack: 0x000000eeb9700000,0x000000eeb9800000] [id=15992]
  0x000002b0a4ce9000 ConcurrentGCThread "G1 Refine#2" [stack: 0x000000eeba000000,0x000000eeba100000] [id=18108]
  0x000002b088a8b800 ConcurrentGCThread "G1 Young RemSet Sampling" [stack: 0x000000eeb1700000,0x000000eeb1800000] [id=3176]

Threads with active compile tasks:
C2 CompilerThread0  32675 12784   !   4       com.sun.tools.javac.code.ClassFinder::loadClass (127 bytes)
C1 CompilerThread0  32675 12801       3       com.sun.tools.javac.code.Types::hasSameArgs (13 bytes)
C2 CompilerThread1  32675 12772       4       com.sun.tools.javac.comp.Attr::selectSym (453 bytes)

VM state:at safepoint (normal execution)

VM Mutex/Monitor currently owned by a thread:  ([mutex/lock_event])
[0x000002b0889a65e0] Threads_lock - owner thread: 0x000002b0a2ba9000
[0x000002b0889a72d0] Heap_lock - owner thread: 0x000002b0a4d61800

Heap address: 0x0000000080000000, size: 2048 MB, Compressed Oops mode: 32-bit
Narrow klass base: 0x0000000000000000, Narrow klass shift: 3
Compressed class space size: 1073741824 Address: 0x0000000100000000

Heap:
 garbage-first heap   total 525312K, used 188625K [0x0000000080000000, 0x0000000100000000)
  region size 1024K, 2 young (2048K), 2 survivors (2048K)
 Metaspace       used 91775K, capacity 94092K, committed 94344K, reserved 1132544K
  class space    used 11471K, capacity 12314K, committed 12416K, reserved 1048576K
Heap Regions: E=young(eden), S=young(survivor), O=old, HS=humongous(starts), HC=humongous(continues), CS=collection set, F=free, A=archive, TAMS=top-at-mark-start (previous, next)
|   0|0x0000000080000000, 0x0000000080100000, 0x0000000080100000|100%| O|  |TAMS 0x0000000080100000, 0x0000000080000000| Untracked 
|   1|0x0000000080100000, 0x0000000080200000, 0x0000000080200000|100%| O|  |TAMS 0x0000000080200000, 0x0000000080100000| Untracked 
|   2|0x0000000080200000, 0x0000000080300000, 0x0000000080300000|100%| O|  |TAMS 0x0000000080300000, 0x0000000080200000| Untracked 
|   3|0x0000000080300000, 0x0000000080400000, 0x0000000080400000|100%|HS|  |TAMS 0x0000000080400000, 0x0000000080300000| Complete 
|   4|0x0000000080400000, 0x0000000080500000, 0x0000000080500000|100%|HC|  |TAMS 0x0000000080500000, 0x0000000080400000| Complete 
|   5|0x0000000080500000, 0x0000000080600000, 0x0000000080600000|100%|HC|  |TAMS 0x0000000080600000, 0x0000000080500000| Complete 
|   6|0x0000000080600000, 0x0000000080700000, 0x0000000080700000|100%| O|  |TAMS 0x0000000080700000, 0x0000000080600000| Complete 
|   7|0x0000000080700000, 0x0000000080800000, 0x0000000080800000|100%| O|  |TAMS 0x0000000080800000, 0x0000000080700000| Untracked 
|   8|0x0000000080800000, 0x0000000080900000, 0x0000000080900000|100%| O|  |TAMS 0x0000000080900000, 0x0000000080800000| Untracked 
|   9|0x0000000080900000, 0x0000000080a00000, 0x0000000080a00000|100%| O|  |TAMS 0x0000000080a00000, 0x0000000080900000| Untracked 
|  10|0x0000000080a00000, 0x0000000080b00000, 0x0000000080b00000|100%| O|  |TAMS 0x0000000080b00000, 0x0000000080a00000| Untracked 
|  11|0x0000000080b00000, 0x0000000080c00000, 0x0000000080c00000|100%| O|  |TAMS 0x0000000080c00000, 0x0000000080b00000| Complete 
|  12|0x0000000080c00000, 0x0000000080d00000, 0x0000000080d00000|100%| O|  |TAMS 0x0000000080d00000, 0x0000000080c00000| Untracked 
|  13|0x0000000080d00000, 0x0000000080e00000, 0x0000000080e00000|100%| O|  |TAMS 0x0000000080e00000, 0x0000000080d00000| Complete 
|  14|0x0000000080e00000, 0x0000000080f00000, 0x0000000080f00000|100%|HS|  |TAMS 0x0000000080f00000, 0x0000000080e00000| Complete 
|  15|0x0000000080f00000, 0x0000000081000000, 0x0000000081000000|100%|HC|  |TAMS 0x0000000081000000, 0x0000000080f00000| Complete 
|  16|0x0000000081000000, 0x0000000081100000, 0x0000000081100000|100%|HS|  |TAMS 0x0000000081100000, 0x0000000081000000| Complete 
|  17|0x0000000081100000, 0x0000000081200000, 0x0000000081200000|100%|HC|  |TAMS 0x0000000081200000, 0x0000000081100000| Complete 
|  18|0x0000000081200000, 0x0000000081300000, 0x0000000081300000|100%|HC|  |TAMS 0x0000000081300000, 0x0000000081200000| Complete 
|  19|0x0000000081300000, 0x0000000081400000, 0x0000000081400000|100%|HS|  |TAMS 0x0000000081400000, 0x0000000081300000| Complete 
|  20|0x0000000081400000, 0x0000000081500000, 0x0000000081500000|100%|HC|  |TAMS 0x0000000081500000, 0x0000000081400000| Complete 
|  21|0x0000000081500000, 0x0000000081600000, 0x0000000081600000|100%|HC|  |TAMS 0x0000000081600000, 0x0000000081500000| Complete 
|  22|0x0000000081600000, 0x0000000081700000, 0x0000000081700000|100%|HC|  |TAMS 0x0000000081700000, 0x0000000081600000| Complete 
|  23|0x0000000081700000, 0x0000000081800000, 0x0000000081800000|100%| O|  |TAMS 0x0000000081800000, 0x0000000081700000| Untracked 
|  24|0x0000000081800000, 0x0000000081900000, 0x0000000081900000|100%| O|  |TAMS 0x0000000081900000, 0x0000000081800000| Untracked 
|  25|0x0000000081900000, 0x0000000081a00000, 0x0000000081a00000|100%| O|  |TAMS 0x0000000081a00000, 0x0000000081900000| Complete 
|  26|0x0000000081a00000, 0x0000000081b00000, 0x0000000081b00000|100%| O|  |TAMS 0x0000000081b00000, 0x0000000081a00000| Untracked 
|  27|0x0000000081b00000, 0x0000000081c00000, 0x0000000081c00000|100%| O|  |TAMS 0x0000000081c00000, 0x0000000081b00000| Untracked 
|  28|0x0000000081c00000, 0x0000000081d00000, 0x0000000081d00000|100%| O|  |TAMS 0x0000000081d00000, 0x0000000081c00000| Complete 
|  29|0x0000000081d00000, 0x0000000081e00000, 0x0000000081e00000|100%| O|  |TAMS 0x0000000081e00000, 0x0000000081d00000| Untracked 
|  30|0x0000000081e00000, 0x0000000081f00000, 0x0000000081f00000|100%| O|  |TAMS 0x0000000081f00000, 0x0000000081e00000| Untracked 
|  31|0x0000000081f00000, 0x0000000082000000, 0x0000000082000000|100%| O|  |TAMS 0x0000000082000000, 0x0000000081f00000| Untracked 
|  32|0x0000000082000000, 0x0000000082100000, 0x0000000082100000|100%|HS|  |TAMS 0x0000000082100000, 0x0000000082000000| Complete 
|  33|0x0000000082100000, 0x0000000082200000, 0x0000000082200000|100%|HC|  |TAMS 0x0000000082200000, 0x0000000082100000| Complete 
|  34|0x0000000082200000, 0x0000000082300000, 0x0000000082300000|100%| O|  |TAMS 0x0000000082300000, 0x0000000082200000| Untracked 
|  35|0x0000000082300000, 0x0000000082400000, 0x0000000082400000|100%| O|  |TAMS 0x0000000082400000, 0x0000000082300000| Untracked 
|  36|0x0000000082400000, 0x0000000082500000, 0x0000000082500000|100%| O|  |TAMS 0x0000000082500000, 0x0000000082400000| Untracked 
|  37|0x0000000082500000, 0x0000000082600000, 0x0000000082600000|100%| O|  |TAMS 0x0000000082600000, 0x0000000082500000| Untracked 
|  38|0x0000000082600000, 0x0000000082600000, 0x0000000082700000|  0%| F|  |TAMS 0x0000000082600000, 0x0000000082600000| Untracked 
|  39|0x0000000082700000, 0x0000000082700000, 0x0000000082800000|  0%| F|  |TAMS 0x0000000082700000, 0x0000000082700000| Untracked 
|  40|0x0000000082800000, 0x0000000082800000, 0x0000000082900000|  0%| F|  |TAMS 0x0000000082800000, 0x0000000082800000| Untracked 
|  41|0x0000000082900000, 0x0000000082a00000, 0x0000000082a00000|100%| O|  |TAMS 0x0000000082a00000, 0x0000000082900000| Complete 
|  42|0x0000000082a00000, 0x0000000082b00000, 0x0000000082b00000|100%| O|  |TAMS 0x0000000082b00000, 0x0000000082a00000| Untracked 
|  43|0x0000000082b00000, 0x0000000082c00000, 0x0000000082c00000|100%| O|  |TAMS 0x0000000082c00000, 0x0000000082b00000| Untracked 
|  44|0x0000000082c00000, 0x0000000082d00000, 0x0000000082d00000|100%| O|  |TAMS 0x0000000082d00000, 0x0000000082c00000| Untracked 
|  45|0x0000000082d00000, 0x0000000082e00000, 0x0000000082e00000|100%| O|  |TAMS 0x0000000082e00000, 0x0000000082d00000| Untracked 
|  46|0x0000000082e00000, 0x0000000082f00000, 0x0000000082f00000|100%| O|  |TAMS 0x0000000082f00000, 0x0000000082e00000| Untracked 
|  47|0x0000000082f00000, 0x0000000083000000, 0x0000000083000000|100%| O|  |TAMS 0x0000000083000000, 0x0000000082f00000| Complete 
|  48|0x0000000083000000, 0x0000000083100000, 0x0000000083100000|100%| O|  |TAMS 0x0000000083100000, 0x0000000083000000| Untracked 
|  49|0x0000000083100000, 0x0000000083200000, 0x0000000083200000|100%| O|  |TAMS 0x0000000083200000, 0x0000000083100000| Untracked 
|  50|0x0000000083200000, 0x0000000083300000, 0x0000000083300000|100%| O|  |TAMS 0x0000000083300000, 0x0000000083200000| Untracked 
|  51|0x0000000083300000, 0x0000000083400000, 0x0000000083400000|100%| O|  |TAMS 0x0000000083400000, 0x0000000083300000| Untracked 
|  52|0x0000000083400000, 0x0000000083500000, 0x0000000083500000|100%| O|  |TAMS 0x0000000083500000, 0x0000000083400000| Untracked 
|  53|0x0000000083500000, 0x0000000083600000, 0x0000000083600000|100%| O|  |TAMS 0x0000000083600000, 0x0000000083500000| Complete 
|  54|0x0000000083600000, 0x0000000083700000, 0x0000000083700000|100%| O|  |TAMS 0x0000000083700000, 0x0000000083600000| Untracked 
|  55|0x0000000083700000, 0x0000000083800000, 0x0000000083800000|100%| O|  |TAMS 0x0000000083800000, 0x0000000083700000| Untracked 
|  56|0x0000000083800000, 0x0000000083900000, 0x0000000083900000|100%| O|  |TAMS 0x0000000083900000, 0x0000000083800000| Complete 
|  57|0x0000000083900000, 0x0000000083a00000, 0x0000000083a00000|100%| O|  |TAMS 0x0000000083a00000, 0x0000000083900000| Complete 
|  58|0x0000000083a00000, 0x0000000083b00000, 0x0000000083b00000|100%| O|  |TAMS 0x0000000083b00000, 0x0000000083a00000| Complete 
|  59|0x0000000083b00000, 0x0000000083c00000, 0x0000000083c00000|100%| O|  |TAMS 0x0000000083c00000, 0x0000000083b00000| Untracked 
|  60|0x0000000083c00000, 0x0000000083d00000, 0x0000000083d00000|100%| O|  |TAMS 0x0000000083d00000, 0x0000000083c00000| Untracked 
|  61|0x0000000083d00000, 0x0000000083e00000, 0x0000000083e00000|100%| O|  |TAMS 0x0000000083e00000, 0x0000000083d00000| Untracked 
|  62|0x0000000083e00000, 0x0000000083f00000, 0x0000000083f00000|100%| O|  |TAMS 0x0000000083f00000, 0x0000000083e00000| Complete 
|  63|0x0000000083f00000, 0x0000000084000000, 0x0000000084000000|100%| O|  |TAMS 0x0000000084000000, 0x0000000083f00000| Complete 
|  64|0x0000000084000000, 0x0000000084100000, 0x0000000084100000|100%| O|  |TAMS 0x0000000084100000, 0x0000000084000000| Untracked 
|  65|0x0000000084100000, 0x0000000084200000, 0x0000000084200000|100%| O|  |TAMS 0x0000000084200000, 0x0000000084100000| Untracked 
|  66|0x0000000084200000, 0x0000000084300000, 0x0000000084300000|100%| O|  |TAMS 0x0000000084300000, 0x0000000084200000| Untracked 
|  67|0x0000000084300000, 0x0000000084400000, 0x0000000084400000|100%| O|  |TAMS 0x0000000084400000, 0x0000000084300000| Untracked 
|  68|0x0000000084400000, 0x0000000084500000, 0x0000000084500000|100%| O|  |TAMS 0x0000000084500000, 0x0000000084400000| Untracked 
|  69|0x0000000084500000, 0x0000000084600000, 0x0000000084600000|100%| O|  |TAMS 0x0000000084600000, 0x0000000084500000| Untracked 
|  70|0x0000000084600000, 0x0000000084700000, 0x0000000084700000|100%| O|  |TAMS 0x0000000084700000, 0x0000000084600000| Untracked 
|  71|0x0000000084700000, 0x0000000084800000, 0x0000000084800000|100%| O|  |TAMS 0x0000000084800000, 0x0000000084700000| Untracked 
|  72|0x0000000084800000, 0x0000000084900000, 0x0000000084900000|100%| O|  |TAMS 0x0000000084900000, 0x0000000084800000| Complete 
|  73|0x0000000084900000, 0x0000000084a00000, 0x0000000084a00000|100%| O|  |TAMS 0x0000000084a00000, 0x0000000084900000| Complete 
|  74|0x0000000084a00000, 0x0000000084b00000, 0x0000000084b00000|100%| O|  |TAMS 0x0000000084b00000, 0x0000000084a00000| Complete 
|  75|0x0000000084b00000, 0x0000000084c00000, 0x0000000084c00000|100%| O|  |TAMS 0x0000000084c00000, 0x0000000084b00000| Untracked 
|  76|0x0000000084c00000, 0x0000000084d00000, 0x0000000084d00000|100%| O|  |TAMS 0x0000000084d00000, 0x0000000084c00000| Untracked 
|  77|0x0000000084d00000, 0x0000000084e00000, 0x0000000084e00000|100%|HS|  |TAMS 0x0000000084e00000, 0x0000000084d00000| Complete 
|  78|0x0000000084e00000, 0x0000000084f00000, 0x0000000084f00000|100%| O|  |TAMS 0x0000000084f00000, 0x0000000084e00000| Untracked 
|  79|0x0000000084f00000, 0x0000000085000000, 0x0000000085000000|100%| O|  |TAMS 0x0000000085000000, 0x0000000084f00000| Untracked 
|  80|0x0000000085000000, 0x0000000085100000, 0x0000000085100000|100%| O|  |TAMS 0x0000000085100000, 0x0000000085000000| Untracked 
|  81|0x0000000085100000, 0x0000000085200000, 0x0000000085200000|100%|HS|  |TAMS 0x0000000085200000, 0x0000000085100000| Complete 
|  82|0x0000000085200000, 0x0000000085300000, 0x0000000085300000|100%| O|  |TAMS 0x0000000085300000, 0x0000000085200000| Complete 
|  83|0x0000000085300000, 0x0000000085400000, 0x0000000085400000|100%| O|  |TAMS 0x0000000085400000, 0x0000000085300000| Untracked 
|  84|0x0000000085400000, 0x0000000085500000, 0x0000000085500000|100%| O|  |TAMS 0x0000000085500000, 0x0000000085400000| Untracked 
|  85|0x0000000085500000, 0x0000000085600000, 0x0000000085600000|100%| O|  |TAMS 0x0000000085600000, 0x0000000085500000| Untracked 
|  86|0x0000000085600000, 0x0000000085700000, 0x0000000085700000|100%| O|  |TAMS 0x0000000085700000, 0x0000000085600000| Untracked 
|  87|0x0000000085700000, 0x0000000085800000, 0x0000000085800000|100%| O|  |TAMS 0x0000000085800000, 0x0000000085700000| Untracked 
|  88|0x0000000085800000, 0x0000000085900000, 0x0000000085900000|100%| O|  |TAMS 0x0000000085900000, 0x0000000085800000| Untracked 
|  89|0x0000000085900000, 0x0000000085a00000, 0x0000000085a00000|100%| O|  |TAMS 0x0000000085a00000, 0x0000000085900000| Untracked 
|  90|0x0000000085a00000, 0x0000000085b00000, 0x0000000085b00000|100%| O|  |TAMS 0x0000000085b00000, 0x0000000085a00000| Untracked 
|  91|0x0000000085b00000, 0x0000000085c00000, 0x0000000085c00000|100%| O|  |TAMS 0x0000000085c00000, 0x0000000085b00000| Complete 
|  92|0x0000000085c00000, 0x0000000085d00000, 0x0000000085d00000|100%| O|  |TAMS 0x0000000085d00000, 0x0000000085c00000| Complete 
|  93|0x0000000085d00000, 0x0000000085e00000, 0x0000000085e00000|100%| O|  |TAMS 0x0000000085e00000, 0x0000000085d00000| Complete 
|  94|0x0000000085e00000, 0x0000000085f00000, 0x0000000085f00000|100%| O|  |TAMS 0x0000000085f00000, 0x0000000085e00000| Complete 
|  95|0x0000000085f00000, 0x0000000086000000, 0x0000000086000000|100%| O|  |TAMS 0x0000000086000000, 0x0000000085f00000| Complete 
|  96|0x0000000086000000, 0x0000000086100000, 0x0000000086100000|100%| O|  |TAMS 0x0000000086100000, 0x0000000086000000| Untracked 
|  97|0x0000000086100000, 0x0000000086200000, 0x0000000086200000|100%| O|  |TAMS 0x0000000086200000, 0x0000000086100000| Untracked 
|  98|0x0000000086200000, 0x0000000086300000, 0x0000000086300000|100%|HS|  |TAMS 0x0000000086300000, 0x0000000086200000| Complete 
|  99|0x0000000086300000, 0x0000000086400000, 0x0000000086400000|100%|HC|  |TAMS 0x0000000086400000, 0x0000000086300000| Complete 
| 100|0x0000000086400000, 0x0000000086500000, 0x0000000086500000|100%|HS|  |TAMS 0x0000000086500000, 0x0000000086400000| Complete 
| 101|0x0000000086500000, 0x0000000086600000, 0x0000000086600000|100%|HC|  |TAMS 0x0000000086600000, 0x0000000086500000| Complete 
| 102|0x0000000086600000, 0x0000000086700000, 0x0000000086700000|100%|HC|  |TAMS 0x0000000086700000, 0x0000000086600000| Complete 
| 103|0x0000000086700000, 0x0000000086800000, 0x0000000086800000|100%|HC|  |TAMS 0x0000000086800000, 0x0000000086700000| Complete 
| 104|0x0000000086800000, 0x0000000086900000, 0x0000000086900000|100%| O|  |TAMS 0x0000000086900000, 0x0000000086800000| Untracked 
| 105|0x0000000086900000, 0x0000000086a00000, 0x0000000086a00000|100%| O|  |TAMS 0x0000000086a00000, 0x0000000086900000| Untracked 
| 106|0x0000000086a00000, 0x0000000086b00000, 0x0000000086b00000|100%| O|  |TAMS 0x0000000086b00000, 0x0000000086a00000| Untracked 
| 107|0x0000000086b00000, 0x0000000086c00000, 0x0000000086c00000|100%| O|  |TAMS 0x0000000086c00000, 0x0000000086b00000| Untracked 
| 108|0x0000000086c00000, 0x0000000086d00000, 0x0000000086d00000|100%| O|  |TAMS 0x0000000086d00000, 0x0000000086c00000| Untracked 
| 109|0x0000000086d00000, 0x0000000086e00000, 0x0000000086e00000|100%| O|  |TAMS 0x0000000086e00000, 0x0000000086d00000| Untracked 
| 110|0x0000000086e00000, 0x0000000086f00000, 0x0000000086f00000|100%| O|  |TAMS 0x0000000086f00000, 0x0000000086e00000| Untracked 
| 111|0x0000000086f00000, 0x0000000087000000, 0x0000000087000000|100%| O|  |TAMS 0x0000000087000000, 0x0000000086f00000| Untracked 
| 112|0x0000000087000000, 0x0000000087100000, 0x0000000087100000|100%| O|  |TAMS 0x0000000087100000, 0x0000000087000000| Untracked 
| 113|0x0000000087100000, 0x0000000087200000, 0x0000000087200000|100%| O|  |TAMS 0x0000000087200000, 0x0000000087100000| Complete 
| 114|0x0000000087200000, 0x0000000087300000, 0x0000000087300000|100%| O|  |TAMS 0x0000000087300000, 0x0000000087200000| Untracked 
| 115|0x0000000087300000, 0x0000000087400000, 0x0000000087400000|100%| O|  |TAMS 0x0000000087400000, 0x0000000087300000| Untracked 
| 116|0x0000000087400000, 0x0000000087500000, 0x0000000087500000|100%| O|  |TAMS 0x0000000087500000, 0x0000000087400000| Complete 
| 117|0x0000000087500000, 0x0000000087600000, 0x0000000087600000|100%| O|  |TAMS 0x0000000087600000, 0x0000000087500000| Complete 
| 118|0x0000000087600000, 0x0000000087700000, 0x0000000087700000|100%| O|  |TAMS 0x0000000087700000, 0x0000000087600000| Complete 
| 119|0x0000000087700000, 0x0000000087800000, 0x0000000087800000|100%| O|  |TAMS 0x0000000087800000, 0x0000000087700000| Complete 
| 120|0x0000000087800000, 0x0000000087800000, 0x0000000087900000|  0%| F|  |TAMS 0x0000000087800000, 0x0000000087800000| Untracked 
| 121|0x0000000087900000, 0x0000000087a00000, 0x0000000087a00000|100%| O|  |TAMS 0x0000000087a00000, 0x0000000087900000| Complete 
| 122|0x0000000087a00000, 0x0000000087b00000, 0x0000000087b00000|100%| O|  |TAMS 0x0000000087b00000, 0x0000000087a00000| Complete 
| 123|0x0000000087b00000, 0x0000000087c00000, 0x0000000087c00000|100%| O|  |TAMS 0x0000000087c00000, 0x0000000087b00000| Complete 
| 124|0x0000000087c00000, 0x0000000087d00000, 0x0000000087d00000|100%| O|  |TAMS 0x0000000087d00000, 0x0000000087c00000| Complete 
| 125|0x0000000087d00000, 0x0000000087e00000, 0x0000000087e00000|100%| O|  |TAMS 0x0000000087e00000, 0x0000000087d00000| Complete 
| 126|0x0000000087e00000, 0x0000000087e00000, 0x0000000087f00000|  0%| F|  |TAMS 0x0000000087e00000, 0x0000000087e00000| Untracked 
| 127|0x0000000087f00000, 0x0000000088000000, 0x0000000088000000|100%| O|  |TAMS 0x0000000088000000, 0x0000000087f00000| Complete 
| 128|0x0000000088000000, 0x0000000088000000, 0x0000000088100000|  0%| F|  |TAMS 0x0000000088000000, 0x0000000088000000| Untracked 
| 129|0x0000000088100000, 0x0000000088200000, 0x0000000088200000|100%| O|  |TAMS 0x0000000088200000, 0x0000000088100000| Untracked 
| 130|0x0000000088200000, 0x0000000088300000, 0x0000000088300000|100%|HS|  |TAMS 0x0000000088300000, 0x0000000088200000| Complete 
| 131|0x0000000088300000, 0x0000000088400000, 0x0000000088400000|100%|HC|  |TAMS 0x0000000088400000, 0x0000000088300000| Complete 
| 132|0x0000000088400000, 0x0000000088500000, 0x0000000088500000|100%| O|  |TAMS 0x0000000088500000, 0x0000000088400000| Untracked 
| 133|0x0000000088500000, 0x0000000088600000, 0x0000000088600000|100%| O|  |TAMS 0x0000000088600000, 0x0000000088500000| Untracked 
| 134|0x0000000088600000, 0x0000000088700000, 0x0000000088700000|100%| O|  |TAMS 0x0000000088700000, 0x0000000088600000| Untracked 
| 135|0x0000000088700000, 0x0000000088800000, 0x0000000088800000|100%| O|  |TAMS 0x0000000088800000, 0x0000000088700000| Untracked 
| 136|0x0000000088800000, 0x0000000088900000, 0x0000000088900000|100%| O|  |TAMS 0x0000000088900000, 0x0000000088800000| Untracked 
| 137|0x0000000088900000, 0x0000000088a00000, 0x0000000088a00000|100%| O|  |TAMS 0x0000000088a00000, 0x0000000088900000| Untracked 
| 138|0x0000000088a00000, 0x0000000088b00000, 0x0000000088b00000|100%| O|  |TAMS 0x0000000088b00000, 0x0000000088a00000| Untracked 
| 139|0x0000000088b00000, 0x0000000088c00000, 0x0000000088c00000|100%| O|  |TAMS 0x0000000088c00000, 0x0000000088b00000| Untracked 
| 140|0x0000000088c00000, 0x0000000088d00000, 0x0000000088d00000|100%| O|  |TAMS 0x0000000088d00000, 0x0000000088c00000| Complete 
| 141|0x0000000088d00000, 0x0000000088e00000, 0x0000000088e00000|100%| O|  |TAMS 0x0000000088e00000, 0x0000000088d00000| Complete 
| 142|0x0000000088e00000, 0x0000000088e00000, 0x0000000088f00000|  0%| F|  |TAMS 0x0000000088e00000, 0x0000000088e00000| Untracked 
| 143|0x0000000088f00000, 0x0000000088f00000, 0x0000000089000000|  0%| F|  |TAMS 0x0000000088f00000, 0x0000000088f00000| Untracked 
| 144|0x0000000089000000, 0x0000000089000000, 0x0000000089100000|  0%| F|  |TAMS 0x0000000089000000, 0x0000000089000000| Untracked 
| 145|0x0000000089100000, 0x0000000089100000, 0x0000000089200000|  0%| F|  |TAMS 0x0000000089100000, 0x0000000089100000| Untracked 
| 146|0x0000000089200000, 0x0000000089300000, 0x0000000089300000|100%| O|  |TAMS 0x0000000089200000, 0x0000000089200000| Untracked 
| 147|0x0000000089300000, 0x0000000089300000, 0x0000000089400000|  0%| F|  |TAMS 0x0000000089300000, 0x0000000089300000| Untracked 
| 148|0x0000000089400000, 0x0000000089400000, 0x0000000089500000|  0%| F|  |TAMS 0x0000000089400000, 0x0000000089400000| Untracked 
| 149|0x0000000089500000, 0x0000000089500000, 0x0000000089600000|  0%| F|  |TAMS 0x0000000089500000, 0x0000000089500000| Untracked 
| 150|0x0000000089600000, 0x0000000089600000, 0x0000000089700000|  0%| F|  |TAMS 0x0000000089600000, 0x0000000089600000| Untracked 
| 151|0x0000000089700000, 0x0000000089700000, 0x0000000089800000|  0%| F|  |TAMS 0x0000000089700000, 0x0000000089700000| Untracked 
| 152|0x0000000089800000, 0x0000000089800000, 0x0000000089900000|  0%| F|  |TAMS 0x0000000089800000, 0x0000000089800000| Untracked 
| 153|0x0000000089900000, 0x0000000089900000, 0x0000000089a00000|  0%| F|  |TAMS 0x0000000089900000, 0x0000000089900000| Untracked 
| 154|0x0000000089a00000, 0x0000000089b00000, 0x0000000089b00000|100%| O|  |TAMS 0x0000000089a00000, 0x0000000089a00000| Untracked 
| 155|0x0000000089b00000, 0x0000000089b00000, 0x0000000089c00000|  0%| F|  |TAMS 0x0000000089b00000, 0x0000000089b00000| Untracked 
| 156|0x0000000089c00000, 0x0000000089c00000, 0x0000000089d00000|  0%| F|  |TAMS 0x0000000089c00000, 0x0000000089c00000| Untracked 
| 157|0x0000000089d00000, 0x0000000089d00000, 0x0000000089e00000|  0%| F|  |TAMS 0x0000000089d00000, 0x0000000089d00000| Untracked 
| 158|0x0000000089e00000, 0x0000000089e00000, 0x0000000089f00000|  0%| F|  |TAMS 0x0000000089e00000, 0x0000000089e00000| Untracked 
| 159|0x0000000089f00000, 0x0000000089f00000, 0x000000008a000000|  0%| F|  |TAMS 0x0000000089f00000, 0x0000000089f00000| Untracked 
| 160|0x000000008a000000, 0x000000008a000000, 0x000000008a100000|  0%| F|  |TAMS 0x000000008a000000, 0x000000008a000000| Untracked 
| 161|0x000000008a100000, 0x000000008a100000, 0x000000008a200000|  0%| F|  |TAMS 0x000000008a100000, 0x000000008a100000| Untracked 
| 162|0x000000008a200000, 0x000000008a200000, 0x000000008a300000|  0%| F|  |TAMS 0x000000008a200000, 0x000000008a200000| Untracked 
| 163|0x000000008a300000, 0x000000008a300000, 0x000000008a400000|  0%| F|  |TAMS 0x000000008a300000, 0x000000008a300000| Untracked 
| 164|0x000000008a400000, 0x000000008a500000, 0x000000008a500000|100%| O|  |TAMS 0x000000008a500000, 0x000000008a400000| Untracked 
| 165|0x000000008a500000, 0x000000008a600000, 0x000000008a600000|100%| O|  |TAMS 0x000000008a600000, 0x000000008a500000| Complete 
| 166|0x000000008a600000, 0x000000008a700000, 0x000000008a700000|100%| O|  |TAMS 0x000000008a700000, 0x000000008a600000| Untracked 
| 167|0x000000008a700000, 0x000000008a800000, 0x000000008a800000|100%| O|  |TAMS 0x000000008a800000, 0x000000008a700000| Complete 
| 168|0x000000008a800000, 0x000000008a800000, 0x000000008a900000|  0%| F|  |TAMS 0x000000008a800000, 0x000000008a800000| Untracked 
| 169|0x000000008a900000, 0x000000008aa00000, 0x000000008aa00000|100%| O|  |TAMS 0x000000008a900000, 0x000000008a900000| Untracked 
| 170|0x000000008aa00000, 0x000000008ab00000, 0x000000008ab00000|100%| O|  |TAMS 0x000000008aa00000, 0x000000008aa00000| Untracked 
| 171|0x000000008ab00000, 0x000000008ac00000, 0x000000008ac00000|100%| O|  |TAMS 0x000000008ac00000, 0x000000008ab00000| Untracked 
| 172|0x000000008ac00000, 0x000000008ad00000, 0x000000008ad00000|100%| O|  |TAMS 0x000000008ad00000, 0x000000008ac00000| Complete 
| 173|0x000000008ad00000, 0x000000008ae00000, 0x000000008ae00000|100%| O|  |TAMS 0x000000008ae00000, 0x000000008ad00000| Untracked 
| 174|0x000000008ae00000, 0x000000008af00000, 0x000000008af00000|100%| O|  |TAMS 0x000000008af00000, 0x000000008ae00000| Untracked 
| 175|0x000000008af00000, 0x000000008b000000, 0x000000008b000000|100%| O|  |TAMS 0x000000008b000000, 0x000000008af00000| Untracked 
| 176|0x000000008b000000, 0x000000008b100000, 0x000000008b100000|100%| O|  |TAMS 0x000000008b100000, 0x000000008b000000| Untracked 
| 177|0x000000008b100000, 0x000000008b200000, 0x000000008b200000|100%| O|  |TAMS 0x000000008b200000, 0x000000008b100000| Untracked 
| 178|0x000000008b200000, 0x000000008b300000, 0x000000008b300000|100%| O|  |TAMS 0x000000008b2dc800, 0x000000008b200000| Complete 
| 179|0x000000008b300000, 0x000000008b400000, 0x000000008b400000|100%| O|  |TAMS 0x000000008b300000, 0x000000008b300000| Untracked 
| 180|0x000000008b400000, 0x000000008b500000, 0x000000008b500000|100%| O|  |TAMS 0x000000008b400000, 0x000000008b400000| Untracked 
| 181|0x000000008b500000, 0x000000008b600000, 0x000000008b600000|100%| O|  |TAMS 0x000000008b500000, 0x000000008b500000| Untracked 
| 182|0x000000008b600000, 0x000000008b700000, 0x000000008b700000|100%| O|  |TAMS 0x000000008b600000, 0x000000008b600000| Untracked 
| 183|0x000000008b700000, 0x000000008b800000, 0x000000008b800000|100%| O|  |TAMS 0x000000008b700000, 0x000000008b700000| Untracked 
| 184|0x000000008b800000, 0x000000008b900000, 0x000000008b900000|100%| O|  |TAMS 0x000000008b800000, 0x000000008b800000| Untracked 
| 185|0x000000008b900000, 0x000000008ba00000, 0x000000008ba00000|100%| O|  |TAMS 0x000000008b900000, 0x000000008b900000| Untracked 
| 186|0x000000008ba00000, 0x000000008bb00000, 0x000000008bb00000|100%| O|  |TAMS 0x000000008ba00000, 0x000000008ba00000| Untracked 
| 187|0x000000008bb00000, 0x000000008bc00000, 0x000000008bc00000|100%| O|  |TAMS 0x000000008bb00000, 0x000000008bb00000| Untracked 
| 188|0x000000008bc00000, 0x000000008bd00000, 0x000000008bd00000|100%| O|  |TAMS 0x000000008bc00000, 0x000000008bc00000| Untracked 
| 189|0x000000008bd00000, 0x000000008be00000, 0x000000008be00000|100%| O|  |TAMS 0x000000008bd00000, 0x000000008bd00000| Untracked 
| 190|0x000000008be00000, 0x000000008bf00000, 0x000000008bf00000|100%| O|  |TAMS 0x000000008be00000, 0x000000008be00000| Untracked 
| 191|0x000000008bf00000, 0x000000008c000000, 0x000000008c000000|100%| O|  |TAMS 0x000000008bf00000, 0x000000008bf00000| Untracked 
| 192|0x000000008c000000, 0x000000008c100000, 0x000000008c100000|100%| O|  |TAMS 0x000000008c000000, 0x000000008c000000| Untracked 
| 193|0x000000008c100000, 0x000000008c200000, 0x000000008c200000|100%| O|  |TAMS 0x000000008c100000, 0x000000008c100000| Untracked 
| 194|0x000000008c200000, 0x000000008c300000, 0x000000008c300000|100%| O|  |TAMS 0x000000008c200000, 0x000000008c200000| Untracked 
| 195|0x000000008c300000, 0x000000008c400000, 0x000000008c400000|100%| O|  |TAMS 0x000000008c300000, 0x000000008c300000| Untracked 
| 196|0x000000008c400000, 0x000000008c500000, 0x000000008c500000|100%| O|  |TAMS 0x000000008c400000, 0x000000008c400000| Untracked 
| 197|0x000000008c500000, 0x000000008c600000, 0x000000008c600000|100%| O|  |TAMS 0x000000008c500000, 0x000000008c500000| Untracked 
| 198|0x000000008c600000, 0x000000008c700000, 0x000000008c700000|100%| O|  |TAMS 0x000000008c600000, 0x000000008c600000| Untracked 
| 199|0x000000008c700000, 0x000000008c800000, 0x000000008c800000|100%| O|  |TAMS 0x000000008c700000, 0x000000008c700000| Untracked 
| 200|0x000000008c800000, 0x000000008c900000, 0x000000008c900000|100%| O|  |TAMS 0x000000008c800000, 0x000000008c800000| Untracked 
| 201|0x000000008c900000, 0x000000008ca00000, 0x000000008ca00000|100%| O|  |TAMS 0x000000008c900000, 0x000000008c900000| Untracked 
| 202|0x000000008ca00000, 0x000000008cb00000, 0x000000008cb00000|100%| O|  |TAMS 0x000000008ca00000, 0x000000008ca00000| Untracked 
| 203|0x000000008cb00000, 0x000000008cc00000, 0x000000008cc00000|100%| O|  |TAMS 0x000000008cb00000, 0x000000008cb00000| Untracked 
| 204|0x000000008cc00000, 0x000000008cd00000, 0x000000008cd00000|100%| O|  |TAMS 0x000000008cc00000, 0x000000008cc00000| Untracked 
| 205|0x000000008cd00000, 0x000000008ce00000, 0x000000008ce00000|100%| O|  |TAMS 0x000000008cd00000, 0x000000008cd00000| Untracked 
| 206|0x000000008ce00000, 0x000000008cf00000, 0x000000008cf00000|100%| O|  |TAMS 0x000000008ce00000, 0x000000008ce00000| Untracked 
| 207|0x000000008cf00000, 0x000000008d000000, 0x000000008d000000|100%| O|  |TAMS 0x000000008cf00000, 0x000000008cf00000| Untracked 
| 208|0x000000008d000000, 0x000000008d100000, 0x000000008d100000|100%| O|  |TAMS 0x000000008d000000, 0x000000008d000000| Untracked 
| 209|0x000000008d100000, 0x000000008d200000, 0x000000008d200000|100%| O|  |TAMS 0x000000008d100000, 0x000000008d100000| Untracked 
| 210|0x000000008d200000, 0x000000008d200000, 0x000000008d300000|  0%| F|  |TAMS 0x000000008d200000, 0x000000008d200000| Untracked 
| 211|0x000000008d300000, 0x000000008d300000, 0x000000008d400000|  0%| F|  |TAMS 0x000000008d300000, 0x000000008d300000| Untracked 
| 212|0x000000008d400000, 0x000000008d400000, 0x000000008d500000|  0%| F|  |TAMS 0x000000008d400000, 0x000000008d400000| Untracked 
| 213|0x000000008d500000, 0x000000008d500000, 0x000000008d600000|  0%| F|  |TAMS 0x000000008d500000, 0x000000008d500000| Untracked 
| 214|0x000000008d600000, 0x000000008d600000, 0x000000008d700000|  0%| F|  |TAMS 0x000000008d600000, 0x000000008d600000| Untracked 
| 215|0x000000008d700000, 0x000000008d700000, 0x000000008d800000|  0%| F|  |TAMS 0x000000008d700000, 0x000000008d700000| Untracked 
| 216|0x000000008d800000, 0x000000008d800000, 0x000000008d900000|  0%| F|  |TAMS 0x000000008d800000, 0x000000008d800000| Untracked 
| 217|0x000000008d900000, 0x000000008d900000, 0x000000008da00000|  0%| F|  |TAMS 0x000000008d900000, 0x000000008d900000| Untracked 
| 218|0x000000008da00000, 0x000000008da00000, 0x000000008db00000|  0%| F|  |TAMS 0x000000008da00000, 0x000000008da00000| Untracked 
| 219|0x000000008db00000, 0x000000008db00000, 0x000000008dc00000|  0%| F|  |TAMS 0x000000008db00000, 0x000000008db00000| Untracked 
| 220|0x000000008dc00000, 0x000000008dc00000, 0x000000008dd00000|  0%| F|  |TAMS 0x000000008dc00000, 0x000000008dc00000| Untracked 
| 221|0x000000008dd00000, 0x000000008dd00000, 0x000000008de00000|  0%| F|  |TAMS 0x000000008dd00000, 0x000000008dd00000| Untracked 
| 222|0x000000008de00000, 0x000000008de00000, 0x000000008df00000|  0%| F|  |TAMS 0x000000008de00000, 0x000000008de00000| Untracked 
| 223|0x000000008df00000, 0x000000008df00000, 0x000000008e000000|  0%| F|  |TAMS 0x000000008df00000, 0x000000008df00000| Untracked 
| 224|0x000000008e000000, 0x000000008e000000, 0x000000008e100000|  0%| F|  |TAMS 0x000000008e000000, 0x000000008e000000| Untracked 
| 225|0x000000008e100000, 0x000000008e100000, 0x000000008e200000|  0%| F|  |TAMS 0x000000008e100000, 0x000000008e100000| Untracked 
| 226|0x000000008e200000, 0x000000008e200000, 0x000000008e300000|  0%| F|  |TAMS 0x000000008e200000, 0x000000008e200000| Untracked 
| 227|0x000000008e300000, 0x000000008e300000, 0x000000008e400000|  0%| F|  |TAMS 0x000000008e300000, 0x000000008e300000| Untracked 
| 228|0x000000008e400000, 0x000000008e400000, 0x000000008e500000|  0%| F|  |TAMS 0x000000008e400000, 0x000000008e400000| Untracked 
| 229|0x000000008e500000, 0x000000008e500000, 0x000000008e600000|  0%| F|  |TAMS 0x000000008e500000, 0x000000008e500000| Untracked 
| 230|0x000000008e600000, 0x000000008e600000, 0x000000008e700000|  0%| F|  |TAMS 0x000000008e600000, 0x000000008e600000| Untracked 
| 231|0x000000008e700000, 0x000000008e700000, 0x000000008e800000|  0%| F|  |TAMS 0x000000008e700000, 0x000000008e700000| Untracked 
| 232|0x000000008e800000, 0x000000008e800000, 0x000000008e900000|  0%| F|  |TAMS 0x000000008e800000, 0x000000008e800000| Untracked 
| 233|0x000000008e900000, 0x000000008e900000, 0x000000008ea00000|  0%| F|  |TAMS 0x000000008e900000, 0x000000008e900000| Untracked 
| 234|0x000000008ea00000, 0x000000008ea00000, 0x000000008eb00000|  0%| F|  |TAMS 0x000000008ea00000, 0x000000008ea00000| Untracked 
| 235|0x000000008eb00000, 0x000000008eb00000, 0x000000008ec00000|  0%| F|  |TAMS 0x000000008eb00000, 0x000000008eb00000| Untracked 
| 236|0x000000008ec00000, 0x000000008ec00000, 0x000000008ed00000|  0%| F|  |TAMS 0x000000008ec00000, 0x000000008ec00000| Untracked 
| 237|0x000000008ed00000, 0x000000008ed00000, 0x000000008ee00000|  0%| F|  |TAMS 0x000000008ed00000, 0x000000008ed00000| Untracked 
| 238|0x000000008ee00000, 0x000000008ee00000, 0x000000008ef00000|  0%| F|  |TAMS 0x000000008ee00000, 0x000000008ee00000| Untracked 
| 239|0x000000008ef00000, 0x000000008ef00000, 0x000000008f000000|  0%| F|  |TAMS 0x000000008ef00000, 0x000000008ef00000| Untracked 
| 240|0x000000008f000000, 0x000000008f000000, 0x000000008f100000|  0%| F|  |TAMS 0x000000008f000000, 0x000000008f000000| Untracked 
| 241|0x000000008f100000, 0x000000008f100000, 0x000000008f200000|  0%| F|  |TAMS 0x000000008f100000, 0x000000008f100000| Untracked 
| 242|0x000000008f200000, 0x000000008f200000, 0x000000008f300000|  0%| F|  |TAMS 0x000000008f200000, 0x000000008f200000| Untracked 
| 243|0x000000008f300000, 0x000000008f300000, 0x000000008f400000|  0%| F|  |TAMS 0x000000008f300000, 0x000000008f300000| Untracked 
| 244|0x000000008f400000, 0x000000008f400000, 0x000000008f500000|  0%| F|  |TAMS 0x000000008f400000, 0x000000008f400000| Untracked 
| 245|0x000000008f500000, 0x000000008f500000, 0x000000008f600000|  0%| F|  |TAMS 0x000000008f500000, 0x000000008f500000| Untracked 
| 246|0x000000008f600000, 0x000000008f600000, 0x000000008f700000|  0%| F|  |TAMS 0x000000008f600000, 0x000000008f600000| Untracked 
| 247|0x000000008f700000, 0x000000008f700000, 0x000000008f800000|  0%| F|  |TAMS 0x000000008f700000, 0x000000008f700000| Untracked 
| 248|0x000000008f800000, 0x000000008f800000, 0x000000008f900000|  0%| F|  |TAMS 0x000000008f800000, 0x000000008f800000| Untracked 
| 249|0x000000008f900000, 0x000000008f900000, 0x000000008fa00000|  0%| F|  |TAMS 0x000000008f900000, 0x000000008f900000| Untracked 
| 250|0x000000008fa00000, 0x000000008fa00000, 0x000000008fb00000|  0%| F|  |TAMS 0x000000008fa00000, 0x000000008fa00000| Untracked 
| 251|0x000000008fb00000, 0x000000008fb00000, 0x000000008fc00000|  0%| F|  |TAMS 0x000000008fb00000, 0x000000008fb00000| Untracked 
| 252|0x000000008fc00000, 0x000000008fc00000, 0x000000008fd00000|  0%| F|  |TAMS 0x000000008fc00000, 0x000000008fc00000| Untracked 
| 253|0x000000008fd00000, 0x000000008fd00000, 0x000000008fe00000|  0%| F|  |TAMS 0x000000008fd00000, 0x000000008fd00000| Untracked 
| 254|0x000000008fe00000, 0x000000008fe00000, 0x000000008ff00000|  0%| F|  |TAMS 0x000000008fe00000, 0x000000008fe00000| Untracked 
| 255|0x000000008ff00000, 0x000000008ff00000, 0x0000000090000000|  0%| F|  |TAMS 0x000000008ff00000, 0x000000008ff00000| Untracked 
| 256|0x0000000090000000, 0x0000000090000000, 0x0000000090100000|  0%| F|  |TAMS 0x0000000090000000, 0x0000000090000000| Untracked 
| 257|0x0000000090100000, 0x0000000090100000, 0x0000000090200000|  0%| F|  |TAMS 0x0000000090100000, 0x0000000090100000| Untracked 
| 258|0x0000000090200000, 0x0000000090200000, 0x0000000090300000|  0%| F|  |TAMS 0x0000000090200000, 0x0000000090200000| Untracked 
| 259|0x0000000090300000, 0x0000000090300000, 0x0000000090400000|  0%| F|  |TAMS 0x0000000090300000, 0x0000000090300000| Untracked 
| 260|0x0000000090400000, 0x0000000090400000, 0x0000000090500000|  0%| F|  |TAMS 0x0000000090400000, 0x0000000090400000| Untracked 
| 261|0x0000000090500000, 0x0000000090500000, 0x0000000090600000|  0%| F|  |TAMS 0x0000000090500000, 0x0000000090500000| Untracked 
| 262|0x0000000090600000, 0x0000000090600000, 0x0000000090700000|  0%| F|  |TAMS 0x0000000090600000, 0x0000000090600000| Untracked 
| 263|0x0000000090700000, 0x0000000090700000, 0x0000000090800000|  0%| F|  |TAMS 0x0000000090700000, 0x0000000090700000| Untracked 
| 264|0x0000000090800000, 0x0000000090800000, 0x0000000090900000|  0%| F|  |TAMS 0x0000000090800000, 0x0000000090800000| Untracked 
| 265|0x0000000090900000, 0x0000000090900000, 0x0000000090a00000|  0%| F|  |TAMS 0x0000000090900000, 0x0000000090900000| Untracked 
| 266|0x0000000090a00000, 0x0000000090a00000, 0x0000000090b00000|  0%| F|  |TAMS 0x0000000090a00000, 0x0000000090a00000| Untracked 
| 267|0x0000000090b00000, 0x0000000090b00000, 0x0000000090c00000|  0%| F|  |TAMS 0x0000000090b00000, 0x0000000090b00000| Untracked 
| 268|0x0000000090c00000, 0x0000000090c00000, 0x0000000090d00000|  0%| F|  |TAMS 0x0000000090c00000, 0x0000000090c00000| Untracked 
| 269|0x0000000090d00000, 0x0000000090d34598, 0x0000000090e00000| 20%| S|CS|TAMS 0x0000000090d00000, 0x0000000090d00000| Complete 
| 270|0x0000000090e00000, 0x0000000090f00000, 0x0000000090f00000|100%| S|CS|TAMS 0x0000000090e00000, 0x0000000090e00000| Complete 
| 271|0x0000000090f00000, 0x0000000090f00000, 0x0000000091000000|  0%| F|  |TAMS 0x0000000090f00000, 0x0000000090f00000| Untracked 
| 272|0x0000000091000000, 0x0000000091000000, 0x0000000091100000|  0%| F|  |TAMS 0x0000000091000000, 0x0000000091000000| Untracked 
| 273|0x0000000091100000, 0x0000000091100000, 0x0000000091200000|  0%| F|  |TAMS 0x0000000091100000, 0x0000000091100000| Untracked 
| 274|0x0000000091200000, 0x0000000091200000, 0x0000000091300000|  0%| F|  |TAMS 0x0000000091200000, 0x0000000091200000| Untracked 
| 275|0x0000000091300000, 0x0000000091300000, 0x0000000091400000|  0%| F|  |TAMS 0x0000000091300000, 0x0000000091300000| Untracked 
| 276|0x0000000091400000, 0x0000000091400000, 0x0000000091500000|  0%| F|  |TAMS 0x0000000091400000, 0x0000000091400000| Untracked 
| 277|0x0000000091500000, 0x0000000091500000, 0x0000000091600000|  0%| F|  |TAMS 0x0000000091500000, 0x0000000091500000| Untracked 
| 278|0x0000000091600000, 0x0000000091600000, 0x0000000091700000|  0%| F|  |TAMS 0x0000000091600000, 0x0000000091600000| Untracked 
| 279|0x0000000091700000, 0x0000000091700000, 0x0000000091800000|  0%| F|  |TAMS 0x0000000091700000, 0x0000000091700000| Untracked 
| 280|0x0000000091800000, 0x0000000091800000, 0x0000000091900000|  0%| F|  |TAMS 0x0000000091800000, 0x0000000091800000| Untracked 

Card table byte_map: [0x000002b09bd70000,0x000002b09c170000] _byte_map_base: 0x000002b09b970000

Marking Bits (Prev, Next): (CMBitMap*) 0x000002b0889eb888, (CMBitMap*) 0x000002b0889eb8c0
 Prev Bits: [0x000002b09c570000, 0x000002b09e570000)
 Next Bits: [0x000002b09e570000, 0x000002b0a0570000)

Polling page: 0x000002b087360000

Metaspace:

Usage:
  Non-class:     79.86 MB capacity,    78.42 MB ( 98%) used,     1.21 MB (  2%) free+waste,   237.81 KB ( <1%) overhead. 
      Class:     12.03 MB capacity,    11.20 MB ( 93%) used,   736.80 KB (  6%) free+waste,   105.63 KB ( <1%) overhead. 
       Both:     91.89 MB capacity,    89.62 MB ( 98%) used,     1.93 MB (  2%) free+waste,   343.44 KB ( <1%) overhead. 

Virtual space:
  Non-class space:       82.00 MB reserved,      80.01 MB ( 98%) committed 
      Class space:        1.00 GB reserved,      12.13 MB (  1%) committed 
             Both:        1.08 GB reserved,      92.13 MB (  8%) committed 

Chunk freelists:
   Non-Class:  22.00 KB
       Class:  6.00 KB
        Both:  28.00 KB

MaxMetaspaceSize: 17179869184.00 GB
CompressedClassSpaceSize: 1.00 GB

CodeHeap 'non-profiled nmethods': size=120064Kb used=7339Kb max_used=7339Kb free=112724Kb
 bounds [0x000002b093e00000, 0x000002b094530000, 0x000002b09b340000]
CodeHeap 'profiled nmethods': size=120000Kb used=25376Kb max_used=25376Kb free=94623Kb
 bounds [0x000002b08c8d0000, 0x000002b08e1c0000, 0x000002b093e00000]
CodeHeap 'non-nmethods': size=5696Kb used=2269Kb max_used=2328Kb free=3426Kb
 bounds [0x000002b08c340000, 0x000002b08c5b0000, 0x000002b08c8d0000]
 total_blobs=12147 nmethods=11273 adapters=782
 compilation: enabled
              stopped_count=0, restarted_count=0
 full_count=0

Compilation events (20 events):
Event: 32.621 Thread 0x000002b0a2bd6800 nmethod 12790 0x000002b08e1add90 code [0x000002b08e1ae020, 0x000002b08e1aec88]
Event: 32.626 Thread 0x000002b0a2bd6800 12792       3       com.sun.tools.javac.comp.Resolve::findType (512 bytes)
Event: 32.628 Thread 0x000002b0a2bd6800 nmethod 12792 0x000002b08e1af190 code [0x000002b08e1af640, 0x000002b08e1b1ed8]
Event: 32.629 Thread 0x000002b0a2bd6800 12793       3       com.sun.tools.javac.comp.TypeEnter::createDefaultConstructorParams (198 bytes)
Event: 32.631 Thread 0x000002b0a2bd6800 nmethod 12793 0x000002b08e1b2d10 code [0x000002b08e1b30e0, 0x000002b08e1b5058]
Event: 32.631 Thread 0x000002b0a2bd6800 12794       3       com.sun.tools.javac.comp.TypeEnter::SuperCall (86 bytes)
Event: 32.633 Thread 0x000002b0a2bd6800 nmethod 12794 0x000002b08e1b5b10 code [0x000002b08e1b5e00, 0x000002b08e1b7068]
Event: 32.633 Thread 0x000002b0a2bd6800 12796       3       com.sun.tools.javac.comp.Resolve::findIdentInternal (102 bytes)
Event: 32.633 Thread 0x000002b0a2bd6800 nmethod 12796 0x000002b08e1b7790 code [0x000002b08e1b7a20, 0x000002b08e1b8568]
Event: 32.633 Thread 0x000002b0a2bd6800 12795       3       com.sun.tools.javac.tree.TreeMaker::MethodDef (79 bytes)
Event: 32.634 Thread 0x000002b0a2bd6800 nmethod 12795 0x000002b08e1b8a10 code [0x000002b08e1b8cc0, 0x000002b08e1b99e8]
Event: 32.635 Thread 0x000002b0b0156800 nmethod 12774 0x000002b094529a90 code [0x000002b094529d60, 0x000002b09452ac38]
Event: 32.635 Thread 0x000002b0b0156800 12798       4       com.sun.tools.javac.tree.TreeInfo::symbol (104 bytes)
Event: 32.637 Thread 0x000002b0b0156800 nmethod 12798 0x000002b09452bc90 code [0x000002b09452be40, 0x000002b09452bfb8]
Event: 32.637 Thread 0x000002b0b0156800 12791       4       com.sun.tools.javac.code.Symbol$PackageSymbol::flags (9 bytes)
Event: 32.638 Thread 0x000002b0a2bd6800 12800       3       com.sun.tools.javac.code.Types::hasSameArgs (22 bytes)
Event: 32.638 Thread 0x000002b0a2bd6800 nmethod 12800 0x000002b08e1b9e90 code [0x000002b08e1ba080, 0x000002b08e1ba468]
Event: 32.638 Thread 0x000002b0a2bd6800 12801       3       com.sun.tools.javac.code.Types::hasSameArgs (13 bytes)
Event: 32.638 Thread 0x000002b0b0156800 nmethod 12791 0x000002b09452c190 code [0x000002b09452c340, 0x000002b09452c498]
Event: 32.638 Thread 0x000002b0b0156800 12772       4       com.sun.tools.javac.comp.Attr::selectSym (453 bytes)

GC Heap History (20 events):
Event: 29.740 GC heap after
{Heap after GC invocations=39 (full 0):
 garbage-first heap   total 227328K, used 158414K [0x0000000080000000, 0x0000000100000000)
  region size 1024K, 2 young (2048K), 2 survivors (2048K)
 Metaspace       used 83969K, capacity 86273K, committed 86536K, reserved 1124352K
  class space    used 10630K, capacity 11468K, committed 11520K, reserved 1048576K
}
Event: 29.994 GC heap before
{Heap before GC invocations=39 (full 0):
 garbage-first heap   total 227328K, used 178894K [0x0000000080000000, 0x0000000100000000)
  region size 1024K, 22 young (22528K), 2 survivors (2048K)
 Metaspace       used 83974K, capacity 86273K, committed 86536K, reserved 1124352K
  class space    used 10630K, capacity 11468K, committed 11520K, reserved 1048576K
}
Event: 30.021 GC heap after
{Heap after GC invocations=40 (full 0):
 garbage-first heap   total 227328K, used 175104K [0x0000000080000000, 0x0000000100000000)
  region size 1024K, 3 young (3072K), 3 survivors (3072K)
 Metaspace       used 83974K, capacity 86273K, committed 86536K, reserved 1124352K
  class space    used 10630K, capacity 11468K, committed 11520K, reserved 1048576K
}
Event: 30.256 GC heap before
{Heap before GC invocations=41 (full 0):
 garbage-first heap   total 227328K, used 186368K [0x0000000080000000, 0x0000000100000000)
  region size 1024K, 14 young (14336K), 3 survivors (3072K)
 Metaspace       used 84388K, capacity 86722K, committed 86792K, reserved 1124352K
  class space    used 10652K, capacity 11507K, committed 11520K, reserved 1048576K
}
Event: 30.265 GC heap after
{Heap after GC invocations=42 (full 0):
 garbage-first heap   total 227328K, used 177294K [0x0000000080000000, 0x0000000100000000)
  region size 1024K, 2 young (2048K), 2 survivors (2048K)
 Metaspace       used 84388K, capacity 86722K, committed 86792K, reserved 1124352K
  class space    used 10652K, capacity 11507K, committed 11520K, reserved 1048576K
}
Event: 30.475 GC heap before
{Heap before GC invocations=42 (full 0):
 garbage-first heap   total 227328K, used 187534K [0x0000000080000000, 0x0000000100000000)
  region size 1024K, 13 young (13312K), 2 survivors (2048K)
 Metaspace       used 85974K, capacity 88296K, committed 88584K, reserved 1126400K
  class space    used 10793K, capacity 11667K, committed 11776K, reserved 1048576K
}
Event: 30.480 GC heap after
{Heap after GC invocations=43 (full 0):
 garbage-first heap   total 227328K, used 177913K [0x0000000080000000, 0x0000000100000000)
  region size 1024K, 2 young (2048K), 2 survivors (2048K)
 Metaspace       used 85974K, capacity 88296K, committed 88584K, reserved 1126400K
  class space    used 10793K, capacity 11667K, committed 11776K, reserved 1048576K
}
Event: 30.990 GC heap before
{Heap before GC invocations=43 (full 0):
 garbage-first heap   total 227328K, used 186105K [0x0000000080000000, 0x0000000100000000)
  region size 1024K, 14 young (14336K), 2 survivors (2048K)
 Metaspace       used 88363K, capacity 90700K, committed 90888K, reserved 1128448K
  class space    used 11076K, capacity 11956K, committed 12032K, reserved 1048576K
}
Event: 30.999 GC heap after
{Heap after GC invocations=44 (full 0):
 garbage-first heap   total 227328K, used 174442K [0x0000000080000000, 0x0000000100000000)
  region size 1024K, 2 young (2048K), 2 survivors (2048K)
 Metaspace       used 88363K, capacity 90700K, committed 90888K, reserved 1128448K
  class space    used 11076K, capacity 11956K, committed 12032K, reserved 1048576K
}
Event: 31.245 GC heap before
{Heap before GC invocations=45 (full 0):
 garbage-first heap   total 227328K, used 188778K [0x0000000080000000, 0x0000000100000000)
  region size 1024K, 16 young (16384K), 2 survivors (2048K)
 Metaspace       used 91237K, capacity 93521K, committed 93704K, reserved 1130496K
  class space    used 11427K, capacity 12278K, committed 12288K, reserved 1048576K
}
Event: 31.250 GC heap after
{Heap after GC invocations=46 (full 0):
 garbage-first heap   total 287744K, used 175565K [0x0000000080000000, 0x0000000100000000)
  region size 1024K, 2 young (2048K), 2 survivors (2048K)
 Metaspace       used 91237K, capacity 93521K, committed 93704K, reserved 1130496K
  class space    used 11427K, capacity 12278K, committed 12288K, reserved 1048576K
}
Event: 31.433 GC heap before
{Heap before GC invocations=46 (full 0):
 garbage-first heap   total 287744K, used 186829K [0x0000000080000000, 0x0000000100000000)
  region size 1024K, 14 young (14336K), 2 survivors (2048K)
 Metaspace       used 91683K, capacity 94018K, committed 94344K, reserved 1132544K
  class space    used 11471K, capacity 12314K, committed 12416K, reserved 1048576K
}
Event: 31.445 GC heap after
{Heap after GC invocations=47 (full 0):
 garbage-first heap   total 287744K, used 175234K [0x0000000080000000, 0x0000000100000000)
  region size 1024K, 2 young (2048K), 2 survivors (2048K)
 Metaspace       used 91683K, capacity 94018K, committed 94344K, reserved 1132544K
  class space    used 11471K, capacity 12314K, committed 12416K, reserved 1048576K
}
Event: 31.786 GC heap before
{Heap before GC invocations=47 (full 0):
 garbage-first heap   total 287744K, used 214146K [0x0000000080000000, 0x0000000100000000)
  region size 1024K, 40 young (40960K), 2 survivors (2048K)
 Metaspace       used 91707K, capacity 94021K, committed 94344K, reserved 1132544K
  class space    used 11471K, capacity 12314K, committed 12416K, reserved 1048576K
}
Event: 31.806 GC heap after
{Heap after GC invocations=48 (full 0):
 garbage-first heap   total 287744K, used 188274K [0x0000000080000000, 0x0000000100000000)
  region size 1024K, 5 young (5120K), 5 survivors (5120K)
 Metaspace       used 91707K, capacity 94021K, committed 94344K, reserved 1132544K
  class space    used 11471K, capacity 12314K, committed 12416K, reserved 1048576K
}
Event: 32.201 GC heap before
{Heap before GC invocations=48 (full 0):
 garbage-first heap   total 287744K, used 217970K [0x0000000080000000, 0x0000000100000000)
  region size 1024K, 38 young (38912K), 5 survivors (5120K)
 Metaspace       used 91761K, capacity 94088K, committed 94344K, reserved 1132544K
  class space    used 11471K, capacity 12314K, committed 12416K, reserved 1048576K
}
Event: 32.242 GC heap after
{Heap after GC invocations=49 (full 0):
 garbage-first heap   total 287744K, used 206614K [0x0000000080000000, 0x0000000100000000)
  region size 1024K, 5 young (5120K), 5 survivors (5120K)
 Metaspace       used 91761K, capacity 94088K, committed 94344K, reserved 1132544K
  class space    used 11471K, capacity 12314K, committed 12416K, reserved 1048576K
}
Event: 32.549 GC heap before
{Heap before GC invocations=50 (full 0):
 garbage-first heap   total 287744K, used 229142K [0x0000000080000000, 0x0000000100000000)
  region size 1024K, 27 young (27648K), 5 survivors (5120K)
 Metaspace       used 91775K, capacity 94092K, committed 94344K, reserved 1132544K
  class space    used 11471K, capacity 12314K, committed 12416K, reserved 1048576K
}
Event: 32.565 GC heap after
{Heap after GC invocations=51 (full 0):
 garbage-first heap   total 287744K, used 212480K [0x0000000080000000, 0x0000000100000000)
  region size 1024K, 4 young (4096K), 4 survivors (4096K)
 Metaspace       used 91775K, capacity 94092K, committed 94344K, reserved 1132544K
  class space    used 11471K, capacity 12314K, committed 12416K, reserved 1048576K
}
Event: 32.639 GC heap before
{Heap before GC invocations=51 (full 0):
 garbage-first heap   total 287744K, used 222720K [0x0000000080000000, 0x0000000100000000)
  region size 1024K, 14 young (14336K), 4 survivors (4096K)
 Metaspace       used 91775K, capacity 94092K, committed 94344K, reserved 1132544K
  class space    used 11471K, capacity 12314K, committed 12416K, reserved 1048576K
}

Deoptimization events (20 events):
Event: 32.330 Thread 0x000002b0a4d61800 Uncommon trap: trap_request=0xffffffde fr.pc=0x000002b093f4d740 relative=0x0000000000000180
Event: 32.330 Thread 0x000002b0a4d61800 Uncommon trap: reason=class_check action=maybe_recompile pc=0x000002b093f4d740 method=com.sun.tools.javac.util.ListBuffer.next()Ljava/lang/Object; @ 12 c2
Event: 32.330 Thread 0x000002b0a4d61800 DEOPT PACKING pc=0x000002b093f4d740 sp=0x000000eeb9bfa370
Event: 32.330 Thread 0x000002b0a4d61800 DEOPT UNPACKING pc=0x000002b08c36742f sp=0x000000eeb9bfa328 mode 2
Event: 32.331 Thread 0x000002b0a4d61800 DEOPT PACKING pc=0x000002b08d38309b sp=0x000000eeb9bf9e80
Event: 32.331 Thread 0x000002b0a4d61800 DEOPT UNPACKING pc=0x000002b08c36724e sp=0x000000eeb9bf92e8 mode 0
Event: 32.372 Thread 0x000002b0a4d61800 DEOPT PACKING pc=0x000002b08d290de2 sp=0x000000eeb9bf9c70
Event: 32.372 Thread 0x000002b0a4d61800 DEOPT UNPACKING pc=0x000002b08c36724e sp=0x000000eeb9bf90d8 mode 0
Event: 32.378 Thread 0x000002b0a4d61800 DEOPT PACKING pc=0x000002b08d50f8dd sp=0x000000eeb9bf9d10
Event: 32.378 Thread 0x000002b0a4d61800 DEOPT UNPACKING pc=0x000002b08c36724e sp=0x000000eeb9bf9198 mode 0
Event: 32.410 Thread 0x000002b0a4d61800 DEOPT PACKING pc=0x000002b08e03da8f sp=0x000000eeb9bf8960
Event: 32.410 Thread 0x000002b0a4d61800 DEOPT UNPACKING pc=0x000002b08c36724e sp=0x000000eeb9bf7e18 mode 0
Event: 32.584 Thread 0x000002b0a4d61800 Uncommon trap: trap_request=0xffffffde fr.pc=0x000002b094188c88 relative=0x00000000000006a8
Event: 32.584 Thread 0x000002b0a4d61800 Uncommon trap: reason=class_check action=maybe_recompile pc=0x000002b094188c88 method=com.sun.tools.javac.code.Symbol$ClassSymbol.erasure(Lcom/sun/tools/javac/code/Types;)Lcom/sun/tools/javac/code/Type; @ 17 c2
Event: 32.584 Thread 0x000002b0a4d61800 DEOPT PACKING pc=0x000002b094188c88 sp=0x000000eeb9bf7480
Event: 32.584 Thread 0x000002b0a4d61800 DEOPT UNPACKING pc=0x000002b08c36742f sp=0x000000eeb9bf7440 mode 2
Event: 32.607 Thread 0x000002b0a4d61800 Uncommon trap: trap_request=0xffffffde fr.pc=0x000002b094188c88 relative=0x00000000000006a8
Event: 32.607 Thread 0x000002b0a4d61800 Uncommon trap: reason=class_check action=maybe_recompile pc=0x000002b094188c88 method=com.sun.tools.javac.code.Symbol$ClassSymbol.erasure(Lcom/sun/tools/javac/code/Types;)Lcom/sun/tools/javac/code/Type; @ 17 c2
Event: 32.607 Thread 0x000002b0a4d61800 DEOPT PACKING pc=0x000002b094188c88 sp=0x000000eeb9bf8420
Event: 32.607 Thread 0x000002b0a4d61800 DEOPT UNPACKING pc=0x000002b08c36742f sp=0x000000eeb9bf83e0 mode 2

Classes redefined (0 events):
No events

Internal exceptions (20 events):
Event: 25.698 Thread 0x000002b0a4d61800 Exception <a 'java/lang/NoSuchMethodError'{0x0000000087d15538}: 'int java.lang.invoke.DirectMethodHandle$Holder.invokeVirtual(java.lang.Object, java.lang.Object, java.lang.Object)'> (0x0000000087d15538) thrown at [./src/hotspot/share/interpreter/linkResolver.cpp, line 773]
Event: 27.640 Thread 0x000002b0a4d61800 Exception <a 'sun/nio/fs/WindowsException'{0x000000008a6082b0}> (0x000000008a6082b0) thrown at [./src/hotspot/share/prims/jni.cpp, line 615]
Event: 27.640 Thread 0x000002b0a4d61800 Exception <a 'sun/nio/fs/WindowsException'{0x000000008a6083b8}> (0x000000008a6083b8) thrown at [./src/hotspot/share/prims/jni.cpp, line 615]
Event: 29.004 Thread 0x000002b0a4d61800 Implicit null exception at 0x000002b0943b1697 to 0x000002b0943b21fc
Event: 31.256 Thread 0x000002b0a4d61800 Exception <a 'sun/nio/fs/WindowsException'{0x000000009182fd58}> (0x000000009182fd58) thrown at [./src/hotspot/share/prims/jni.cpp, line 615]
Event: 31.256 Thread 0x000002b0a4d61800 Exception <a 'sun/nio/fs/WindowsException'{0x00000000918305a8}> (0x00000000918305a8) thrown at [./src/hotspot/share/prims/jni.cpp, line 615]
Event: 31.258 Thread 0x000002b0a4d61800 Exception <a 'sun/nio/fs/WindowsException'{0x0000000091841a40}> (0x0000000091841a40) thrown at [./src/hotspot/share/prims/jni.cpp, line 615]
Event: 31.258 Thread 0x000002b0a4d61800 Exception <a 'sun/nio/fs/WindowsException'{0x0000000091842c98}> (0x0000000091842c98) thrown at [./src/hotspot/share/prims/jni.cpp, line 615]
Event: 31.258 Thread 0x000002b0a4d61800 Exception <a 'sun/nio/fs/WindowsException'{0x0000000091843ea8}> (0x0000000091843ea8) thrown at [./src/hotspot/share/prims/jni.cpp, line 615]
Event: 31.258 Thread 0x000002b0a4d61800 Exception <a 'sun/nio/fs/WindowsException'{0x0000000091844000}> (0x0000000091844000) thrown at [./src/hotspot/share/prims/jni.cpp, line 615]
Event: 31.258 Thread 0x000002b0a4d61800 Exception <a 'sun/nio/fs/WindowsException'{0x0000000091846208}> (0x0000000091846208) thrown at [./src/hotspot/share/prims/jni.cpp, line 615]
Event: 31.259 Thread 0x000002b0a4d61800 Exception <a 'sun/nio/fs/WindowsException'{0x0000000091846348}> (0x0000000091846348) thrown at [./src/hotspot/share/prims/jni.cpp, line 615]
Event: 31.259 Thread 0x000002b0a4d61800 Exception <a 'sun/nio/fs/WindowsException'{0x0000000091848538}> (0x0000000091848538) thrown at [./src/hotspot/share/prims/jni.cpp, line 615]
Event: 31.259 Thread 0x000002b0a4d61800 Exception <a 'sun/nio/fs/WindowsException'{0x0000000091848668}> (0x0000000091848668) thrown at [./src/hotspot/share/prims/jni.cpp, line 615]
Event: 31.259 Thread 0x000002b0a4d61800 Exception <a 'sun/nio/fs/WindowsException'{0x000000009184a840}> (0x000000009184a840) thrown at [./src/hotspot/share/prims/jni.cpp, line 615]
Event: 31.259 Thread 0x000002b0a4d61800 Exception <a 'sun/nio/fs/WindowsException'{0x000000009184a960}> (0x000000009184a960) thrown at [./src/hotspot/share/prims/jni.cpp, line 615]
Event: 31.259 Thread 0x000002b0a4d61800 Exception <a 'sun/nio/fs/WindowsException'{0x000000009184cb30}> (0x000000009184cb30) thrown at [./src/hotspot/share/prims/jni.cpp, line 615]
Event: 31.302 Thread 0x000002b0a4d61800 Exception <a 'sun/nio/fs/WindowsException'{0x000000009144c510}> (0x000000009144c510) thrown at [./src/hotspot/share/prims/jni.cpp, line 615]
Event: 31.319 Thread 0x000002b0a4d61800 Exception <a 'java/lang/NullPointerException'{0x000000009130d258}> (0x000000009130d258) thrown at [./src/hotspot/share/interpreter/linkResolver.cpp, line 1358]
Event: 32.329 Thread 0x000002b0a4d61800 Implicit null exception at 0x000002b093f88457 to 0x000002b093f88a10

Events (20 events):
Event: 31.323 loading class com/google/common/collect/FluentIterable$1 done
Event: 31.323 loading class com/google/common/collect/FluentIterable$2
Event: 31.323 loading class com/google/common/collect/FluentIterable$2 done
Event: 31.351 loading class com/sun/tools/javac/code/Symtab
Event: 31.351 loading class com/sun/tools/javac/code/Symtab done
Event: 31.381 Executing VM operation: ICBufferFull
Event: 31.381 Executing VM operation: ICBufferFull done
Event: 31.433 Executing VM operation: G1CollectForAllocation
Event: 31.445 Executing VM operation: G1CollectForAllocation done
Event: 31.786 Executing VM operation: G1CollectForAllocation
Event: 31.807 Executing VM operation: G1CollectForAllocation done
Event: 32.100 Executing VM operation: CGC_Operation
Event: 32.116 Executing VM operation: CGC_Operation done
Event: 32.200 Executing VM operation: G1CollectForAllocation
Event: 32.242 Executing VM operation: G1CollectForAllocation done
Event: 32.305 Executing VM operation: CGC_Operation
Event: 32.305 Executing VM operation: CGC_Operation done
Event: 32.549 Executing VM operation: G1CollectForAllocation
Event: 32.565 Executing VM operation: G1CollectForAllocation done
Event: 32.638 Executing VM operation: G1CollectForAllocation


Dynamic libraries:
0x00007ff6c17f0000 - 0x00007ff6c17fa000 	C:\Program Files\Android\Android Studio\jre\bin\java.exe
0x00007ffdbfbb0000 - 0x00007ffdbfda5000 	C:\WINDOWS\SYSTEM32\ntdll.dll
0x00007ffdbf740000 - 0x00007ffdbf7fd000 	C:\WINDOWS\System32\KERNEL32.DLL
0x00007ffdbd920000 - 0x00007ffdbdbe8000 	C:\WINDOWS\System32\KERNELBASE.dll
0x00007ffdbd500000 - 0x00007ffdbd600000 	C:\WINDOWS\System32\ucrtbase.dll
0x00007ffd8b630000 - 0x00007ffd8b649000 	C:\Program Files\Android\Android Studio\jre\bin\jli.dll
0x00007ffdbe410000 - 0x00007ffdbe5b0000 	C:\WINDOWS\System32\USER32.dll
0x00007ffdbdbf0000 - 0x00007ffdbdc12000 	C:\WINDOWS\System32\win32u.dll
0x00007ffdbfa90000 - 0x00007ffdbfaba000 	C:\WINDOWS\System32\GDI32.dll
0x00007ffdbd810000 - 0x00007ffdbd91b000 	C:\WINDOWS\System32\gdi32full.dll
0x00007ffdbd410000 - 0x00007ffdbd4ad000 	C:\WINDOWS\System32\msvcp_win.dll
0x00007ffd998c0000 - 0x00007ffd998d7000 	C:\Program Files\Android\Android Studio\jre\bin\VCRUNTIME140.dll
0x00007ffdaee00000 - 0x00007ffdaf09a000 	C:\WINDOWS\WinSxS\amd64_microsoft.windows.common-controls_6595b64144ccf1df_6.0.19041.1052_none_60b8f8fd71f5e8cb\COMCTL32.dll
0x00007ffdbf870000 - 0x00007ffdbf90e000 	C:\WINDOWS\System32\msvcrt.dll
0x00007ffdbe060000 - 0x00007ffdbe090000 	C:\WINDOWS\System32\IMM32.DLL
0x00007ffd7d510000 - 0x00007ffd7d5ad000 	C:\Program Files\Android\Android Studio\jre\bin\msvcp140.dll
0x00007ffd87e70000 - 0x00007ffd8892c000 	C:\Program Files\Android\Android Studio\jre\bin\server\jvm.dll
0x00007ffdbfac0000 - 0x00007ffdbfb6c000 	C:\WINDOWS\System32\ADVAPI32.dll
0x00007ffdbe6e0000 - 0x00007ffdbe77b000 	C:\WINDOWS\System32\sechost.dll
0x00007ffdbe2e0000 - 0x00007ffdbe40b000 	C:\WINDOWS\System32\RPCRT4.dll
0x00007ffdbf910000 - 0x00007ffdbf918000 	C:\WINDOWS\System32\PSAPI.DLL
0x00007ffdac460000 - 0x00007ffdac469000 	C:\WINDOWS\SYSTEM32\WSOCK32.dll
0x00007ffdbf800000 - 0x00007ffdbf86b000 	C:\WINDOWS\System32\WS2_32.dll
0x00007ffdb1eb0000 - 0x00007ffdb1ed7000 	C:\WINDOWS\SYSTEM32\WINMM.dll
0x00007ffdb3de0000 - 0x00007ffdb3dea000 	C:\WINDOWS\SYSTEM32\VERSION.dll
0x00007ffdbb260000 - 0x00007ffdbb272000 	C:\WINDOWS\SYSTEM32\kernel.appcore.dll
0x00007ffd968f0000 - 0x00007ffd96901000 	C:\Program Files\Android\Android Studio\jre\bin\verify.dll
0x00007ffdaba90000 - 0x00007ffdabc74000 	C:\WINDOWS\SYSTEM32\DBGHELP.DLL
0x00007ffdabd80000 - 0x00007ffdabdac000 	C:\WINDOWS\SYSTEM32\dbgcore.DLL
0x00007ffdbd350000 - 0x00007ffdbd3d3000 	C:\WINDOWS\System32\bcryptPrimitives.dll
0x00007ffd93ff0000 - 0x00007ffd94019000 	C:\Program Files\Android\Android Studio\jre\bin\java.dll
0x00007ffdab9c0000 - 0x00007ffdab9cb000 	C:\Program Files\Android\Android Studio\jre\bin\jimage.dll
0x00007ffd93da0000 - 0x00007ffd93db8000 	C:\Program Files\Android\Android Studio\jre\bin\zip.dll
0x00007ffdbe7a0000 - 0x00007ffdbeedf000 	C:\WINDOWS\System32\SHELL32.dll
0x00007ffdbb460000 - 0x00007ffdbbbf0000 	C:\WINDOWS\SYSTEM32\windows.storage.dll
0x00007ffdbdd00000 - 0x00007ffdbe055000 	C:\WINDOWS\System32\combase.dll
0x00007ffdbcc90000 - 0x00007ffdbccbc000 	C:\WINDOWS\SYSTEM32\Wldp.dll
0x00007ffdbf690000 - 0x00007ffdbf73e000 	C:\WINDOWS\System32\SHCORE.dll
0x00007ffdbf090000 - 0x00007ffdbf0e5000 	C:\WINDOWS\System32\shlwapi.dll
0x00007ffdbd230000 - 0x00007ffdbd24f000 	C:\WINDOWS\SYSTEM32\profapi.dll
0x00007ffd92e70000 - 0x00007ffd92e8a000 	C:\Program Files\Android\Android Studio\jre\bin\net.dll
0x00007ffdb7d10000 - 0x00007ffdb7e1b000 	C:\WINDOWS\SYSTEM32\WINHTTP.dll
0x00007ffdbca00000 - 0x00007ffdbca6a000 	C:\WINDOWS\system32\mswsock.dll
0x00007ffd92330000 - 0x00007ffd92344000 	C:\Program Files\Android\Android Studio\jre\bin\nio.dll
0x00007ffda5f10000 - 0x00007ffda5f37000 	C:\Users\infinity\.gradle\native\f6784746aeab05261644944871eae4fe03e0ef1612fff0a4a95f87b438bc6780\windows-amd64\native-platform.dll
0x00007ffda7880000 - 0x00007ffda788a000 	C:\Program Files\Android\Android Studio\jre\bin\management.dll
0x00007ffda7320000 - 0x00007ffda732c000 	C:\Program Files\Android\Android Studio\jre\bin\management_ext.dll
0x00007ffdbcbe0000 - 0x00007ffdbcbf8000 	C:\WINDOWS\SYSTEM32\CRYPTSP.dll
0x00007ffdbc3a0000 - 0x00007ffdbc3d4000 	C:\WINDOWS\system32\rsaenh.dll
0x00007ffdbd3e0000 - 0x00007ffdbd407000 	C:\WINDOWS\System32\bcrypt.dll
0x00007ffdbd1b0000 - 0x00007ffdbd1de000 	C:\WINDOWS\SYSTEM32\USERENV.dll
0x00007ffdbcbd0000 - 0x00007ffdbcbdc000 	C:\WINDOWS\SYSTEM32\CRYPTBASE.dll
0x00007ffdbc6f0000 - 0x00007ffdbc72b000 	C:\WINDOWS\SYSTEM32\IPHLPAPI.DLL
0x00007ffdbe6d0000 - 0x00007ffdbe6d8000 	C:\WINDOWS\System32\NSI.dll
0x00007ffdb6e80000 - 0x00007ffdb6e97000 	C:\WINDOWS\SYSTEM32\dhcpcsvc6.DLL
0x00007ffdb6e40000 - 0x00007ffdb6e5d000 	C:\WINDOWS\SYSTEM32\dhcpcsvc.DLL
0x00007ffdbc730000 - 0x00007ffdbc7fc000 	C:\WINDOWS\SYSTEM32\DNSAPI.dll
0x00007ffdb72a0000 - 0x00007ffdb72ab000 	C:\WINDOWS\SYSTEM32\WINNSI.DLL
0x0000000066e00000 - 0x0000000066f03000 	C:\Users\infinity\AppData\Local\Temp\sqlite-3.25.2-0137eb2e-26d0-45e4-b809-cd314e560361-sqlitejdbc.dll

dbghelp: loaded successfully - version: 4.0.5 - missing functions: none
symbol engine: initialized successfully - sym options: 0x614 - pdb path: .;C:\Program Files\Android\Android Studio\jre\bin;C:\WINDOWS\SYSTEM32;C:\WINDOWS\WinSxS\amd64_microsoft.windows.common-controls_6595b64144ccf1df_6.0.19041.1052_none_60b8f8fd71f5e8cb;C:\Program Files\Android\Android Studio\jre\bin\server;C:\Users\infinity\.gradle\native\f6784746aeab05261644944871eae4fe03e0ef1612fff0a4a95f87b438bc6780\windows-amd64;C:\Users\infinity\AppData\Local\Temp

VM Arguments:
jvm_args: --add-opens=java.base/java.util=ALL-UNNAMED --add-opens=java.base/java.lang=ALL-UNNAMED --add-opens=java.base/java.lang.invoke=ALL-UNNAMED --add-opens=java.prefs/java.util.prefs=ALL-UNNAMED -Xmx2048m -Dfile.encoding=UTF-8 -Duser.country=IN -Duser.language=en -Duser.variant 
java_command: org.gradle.launcher.daemon.bootstrap.GradleDaemon 6.5
java_class_path (initial): C:\Users\infinity\.gradle\wrapper\dists\gradle-6.5-bin\6nifqtx7604sqp1q6g8wikw7p\gradle-6.5\lib\gradle-launcher-6.5.jar
Launcher Type: SUN_STANDARD

[Global flags]
     intx CICompilerCount                          = 3                                         {product} {ergonomic}
     uint ConcGCThreads                            = 1                                         {product} {ergonomic}
     uint G1ConcRefinementThreads                  = 4                                         {product} {ergonomic}
   size_t G1HeapRegionSize                         = 1048576                                   {product} {ergonomic}
    uintx GCDrainStackTargetSize                   = 64                                        {product} {ergonomic}
   size_t InitialHeapSize                          = 134217728                                 {product} {ergonomic}
   size_t MarkStackSize                            = 4194304                                   {product} {ergonomic}
   size_t MaxHeapSize                              = 2147483648                                {product} {command line}
   size_t MaxNewSize                               = 1287651328                                {product} {ergonomic}
   size_t MinHeapDeltaBytes                        = 1048576                                   {product} {ergonomic}
    uintx NonNMethodCodeHeapSize                   = 5830732                                {pd product} {ergonomic}
    uintx NonProfiledCodeHeapSize                  = 122913754                              {pd product} {ergonomic}
    uintx ProfiledCodeHeapSize                     = 122913754                              {pd product} {ergonomic}
    uintx ReservedCodeCacheSize                    = 251658240                              {pd product} {ergonomic}
     bool SegmentedCodeCache                       = true                                      {product} {ergonomic}
     bool UseCompressedClassPointers               = true                                 {lp64_product} {ergonomic}
     bool UseCompressedOops                        = true                                 {lp64_product} {ergonomic}
     bool UseG1GC                                  = true                                      {product} {ergonomic}
     bool UseLargePagesIndividualAllocation        = false                                  {pd product} {ergonomic}

Logging:
Log output configuration:
 #0: stdout all=warning uptime,level,tags
 #1: stderr all=off uptime,level,tags

Environment Variables:
JAVA_HOME=C:\Program Files\Java\jdk1.8.0_211
CLASSPATH=.;
PATH=C:\Windows\system32;C:\Windows;C:\Windows\System32\Wbem;C:\Windows\System32\WindowsPowerShell\v1.0\;C:\Windows\System32\OpenSSH\;C:\Program Files\Git\cmd;C:\Users\infinity\AppData\Local\Microsoft\WindowsApps;C:\adb;C:\ProgramData\chocolatey\bin;C:\Program Files\nodejs\;C:\Program Files\Java\jdk1.8.0_211\bin;C:\Program Files\Microsoft SQL Server\Client SDK\ODBC\170\Tools\Binn\;C:\Program Files\Azure Data Studio\bin;C:\Program Files (x86)\Microsoft SQL Server\150\Tools\Binn\;C:\Program Files\Microsoft SQL Server\150\Tools\Binn\;C:\Program Files\Microsoft SQL Server\150\DTS\Binn\;%SystemRoot%\system32;%SystemRoot%;%SystemRoot%\System32\Wbem;%SYSTEMROOT%\System32\WindowsPowerShell\v1.0\;%SYSTEMROOT%\System32\OpenSSH\;C:\Users\infinity\AppData\Local\Microsoft\WindowsApps;C:\Users\infinity\AppData\Roaming\npm;C:\Users\infinity\Downloads\flutter_windows_1.22.6-stable\flutter\bin;C:\Program Files\Azure Data Studio\bin;;C:\Users\infinity\AppData\Local\Programs\Microsoft VS Code\bin
USERNAME=infinity
OS=Windows_NT
PROCESSOR_IDENTIFIER=Intel64 Family 6 Model 42 Stepping 7, GenuineIntel



---------------  S Y S T E M  ---------------

OS: Windows 10 , 64 bit Build 19041 (10.0.19041.1023)
OS uptime: 5 days 3:05 hours

CPU:total 4 (initial active 4) (4 cores per cpu, 1 threads per core) family 6 model 42 stepping 7, cmov, cx8, fxsr, mmx, sse, sse2, sse3, ssse3, sse4.1, sse4.2, popcnt, avx, aes, clmul, tsc, tscinvbit

Memory: 4k page, system-wide physical 8064M (914M free)
TotalPageFile size 14765M (AvailPageFile size 29M)
current process WorkingSet (physical memory assigned to process): 537M, peak: 537M
current process commit charge ("private bytes"): 582M, peak: 814M

vm_info: OpenJDK 64-Bit Server VM (11.0.8+10-b944.6842174) for windows-amd64 JRE (11.0.8+10-b944.6842174), built on Sep 19 2020 01:11:42 by "builder" with MS VC++ 14.0 (VS2015)

END.
