#
# There is insufficient memory for the Java Runtime Environment to continue.
# Native memory allocation (mmap) failed to map 263192576 bytes for Failed to commit area from 0x0000000093700000 to 0x00000000a3200000 of length 263192576.
# Possible reasons:
#   The system is out of physical RAM or swap space
#   The process is running with CompressedOops enabled, and the Java Heap may be blocking the growth of the native heap
# Possible solutions:
#   Reduce memory load on the system
#   Increase physical memory or swap space
#   Check if swap backing store is full
#   Decrease Java heap size (-Xmx/-Xms)
#   Decrease number of Java threads
#   Decrease Java thread stack sizes (-Xss)
#   Set larger code cache with -XX:ReservedCodeCacheSize=
#   JVM is running with Unscaled Compressed Oops mode in which the Java heap is
#     placed in the first 4GB address space. The Java Heap base address is the
#     maximum limit for the native heap growth. Please use -XX:HeapBaseMinAddress
#     to set the Java Heap base and to place the Java Heap above 4GB virtual address.
# This output file may be truncated or incomplete.
#
#  Out of Memory Error (./src/hotspot/os/windows/os_windows.cpp:3303), pid=15772, tid=9452
#
# JRE version: OpenJDK Runtime Environment (11.0.8+10) (build 11.0.8+10-b944.6842174)
# Java VM: OpenJDK 64-Bit Server VM (11.0.8+10-b944.6842174, mixed mode, tiered, compressed oops, g1 gc, windows-amd64)
# No core dump will be written. Minidumps are not enabled by default on client versions of Windows
#

---------------  S U M M A R Y ------------

Command Line: --add-opens=java.base/java.util=ALL-UNNAMED --add-opens=java.base/java.lang=ALL-UNNAMED --add-opens=java.base/java.lang.invoke=ALL-UNNAMED --add-opens=java.prefs/java.util.prefs=ALL-UNNAMED -Xmx2048m -Dfile.encoding=UTF-8 -Duser.country=IN -Duser.language=en -Duser.variant org.gradle.launcher.daemon.bootstrap.GradleDaemon 6.5

Host: Intel(R) Core(TM) i5-2400 CPU @ 3.10GHz, 4 cores, 7G,  Windows 10 , 64 bit Build 19041 (10.0.19041.1023)
Time: Tue Jun 22 11:09:32 2021 India Standard Time elapsed time: 2510 seconds (0d 0h 41m 50s)

---------------  T H R E A D  ---------------

Current thread (0x00000273adc9e000):  VMThread "VM Thread" [stack: 0x00000078afe00000,0x00000078aff00000] [id=9452]

Stack: [0x00000078afe00000,0x00000078aff00000]
[error occurred during error reporting (printing stack bounds), id 0xc0000005, EXCEPTION_ACCESS_VIOLATION (0xc0000005) at pc=0x0000027397bc0dad]

Native frames: (J=compiled Java code, j=interpreted, Vv=VM code, C=native code)
V  [jvm.dll+0x5de50a]
V  [jvm.dll+0x7122f5]
V  [jvm.dll+0x71384d]
V  [jvm.dll+0x713e65]
V  [jvm.dll+0x713e1b]
V  [jvm.dll+0x5dd958]
V  [jvm.dll+0x5de0f8]
C  [ntdll.dll+0xa217f]
C  [ntdll.dll+0x51454]
C  [ntdll.dll+0xa0cae]
C  0x0000027397bc0dad

VM_Operation (0x00000078b7cf9940): G1CollectForAllocation, mode: safepoint, requested by thread 0x00000273b4659800


---------------  P R O C E S S  ---------------

Threads class SMR info:
_java_thread_list=0x00000273b12c9480, length=128, elements={
0x000002739423d000, 0x00000273adca0800, 0x00000273adca2000, 0x00000273ae632800,
0x00000273adcbc800, 0x00000273adcbf000, 0x00000273adcc4000, 0x00000273adcc5000,
0x00000273ae771000, 0x00000273ae78e000, 0x00000273b06f4800, 0x00000273b01be800,
0x00000273afc1f800, 0x00000273b07a9000, 0x00000273b07ae000, 0x00000273b07ad000,
0x00000273b0b70800, 0x00000273b0b72000, 0x00000273b3f20800, 0x00000273b3f17800,
0x00000273b3f18000, 0x00000273b3f13800, 0x00000273b3f15000, 0x00000273b3f1a000,
0x00000273b3f16800, 0x00000273b3f15800, 0x00000273b3f14000, 0x00000273b3f1d000,
0x00000273b3f1a800, 0x00000273b3f1b800, 0x00000273b3f1c000, 0x00000273b3f1e000,
0x00000273b3f1e800, 0x00000273b3f19000, 0x00000273b3f1f800, 0x00000273b3f22000,
0x00000273b3f21000, 0x00000273b0b6d800, 0x00000273b0b6f000, 0x00000273b0b71800,
0x00000273b0b73000, 0x00000273b0b74000, 0x00000273b0b6e000, 0x00000273b0b74800,
0x00000273b0b75800, 0x00000273b0b6f800, 0x00000273b0b78800, 0x00000273b0b7a800,
0x00000273b0b79800, 0x00000273b0b7b000, 0x00000273b0b76800, 0x00000273b0b77000,
0x00000273b0b78000, 0x00000273b07ab800, 0x00000273b07aa800, 0x00000273b07ac800,
0x00000273b07a8800, 0x00000273b07af000, 0x00000273b07aa000, 0x00000273b1490000,
0x00000273b148d000, 0x00000273b148f000, 0x00000273b1493800, 0x00000273b1491000,
0x00000273b148d800, 0x00000273b1494000, 0x00000273b1491800, 0x00000273b148e800,
0x00000273b1495000, 0x00000273b1496000, 0x00000273b1496800, 0x00000273b1497800,
0x00000273b1498000, 0x00000273b1492800, 0x00000273b1499000, 0x00000273b149a000,
0x00000273b149a800, 0x00000273b149b800, 0x00000273af1e7000, 0x00000273af1e6800,
0x00000273af1e8000, 0x00000273af1e9000, 0x00000273af1e3000, 0x00000273af1e9800,
0x00000273af1e4000, 0x00000273af1e5000, 0x00000273af1e5800, 0x00000273b0da5800,
0x00000273b0da7000, 0x00000273b0da6000, 0x00000273b0da7800, 0x00000273b0da3800,
0x00000273b0da2000, 0x00000273b0da4800, 0x00000273b0da8800, 0x00000273b0da3000,
0x00000273b0dac800, 0x00000273b0dae800, 0x00000273b0daf000, 0x00000273b0da9800,
0x00000273b0dad800, 0x00000273b0dab000, 0x00000273b0db0000, 0x00000273b0daa000,
0x00000273b0dac000, 0x00000273b0db0800, 0x00000273b4651000, 0x00000273b4650800,
0x00000273b464e800, 0x00000273b464c000, 0x00000273b464d000, 0x00000273b464e000,
0x00000273b4653800, 0x00000273b4652000, 0x00000273b4654800, 0x00000273b4653000,
0x00000273b4655000, 0x00000273b464f800, 0x00000273b4657800, 0x00000273b4656000,
0x00000273b4657000, 0x00000273b465a000, 0x00000273b4658800, 0x00000273b4659800,
0x00000273b465b000, 0x00000273b631b800, 0x00000273b631c000, 0x00000273b9355000
}

Java Threads: ( => current thread )
  0x000002739423d000 JavaThread "main" [_thread_blocked, id=23360, stack(0x00000078af800000,0x00000078af900000)]
  0x00000273adca0800 JavaThread "Reference Handler" daemon [_thread_blocked, id=16240, stack(0x00000078aff00000,0x00000078b0000000)]
  0x00000273adca2000 JavaThread "Finalizer" daemon [_thread_blocked, id=13248, stack(0x00000078b0000000,0x00000078b0100000)]
  0x00000273ae632800 JavaThread "Signal Dispatcher" daemon [_thread_blocked, id=20976, stack(0x00000078b0100000,0x00000078b0200000)]
  0x00000273adcbc800 JavaThread "Attach Listener" daemon [_thread_blocked, id=19036, stack(0x00000078b0200000,0x00000078b0300000)]
  0x00000273adcbf000 JavaThread "C2 CompilerThread0" daemon [_thread_in_native, id=23088, stack(0x00000078b0300000,0x00000078b0400000)]
  0x00000273adcc4000 JavaThread "C1 CompilerThread0" daemon [_thread_blocked, id=14536, stack(0x00000078b0400000,0x00000078b0500000)]
  0x00000273adcc5000 JavaThread "Sweeper thread" daemon [_thread_blocked, id=23372, stack(0x00000078b0500000,0x00000078b0600000)]
  0x00000273ae771000 JavaThread "Common-Cleaner" daemon [_thread_blocked, id=19296, stack(0x00000078b0600000,0x00000078b0700000)]
  0x00000273ae78e000 JavaThread "Service Thread" daemon [_thread_blocked, id=15892, stack(0x00000078b0700000,0x00000078b0800000)]
  0x00000273b06f4800 JavaThread "Daemon health stats" [_thread_blocked, id=23460, stack(0x00000078b0c00000,0x00000078b0d00000)]
  0x00000273b01be800 JavaThread "Incoming local TCP Connector on port 51184" [_thread_in_native, id=18360, stack(0x00000078b0f00000,0x00000078b1000000)]
  0x00000273afc1f800 JavaThread "Daemon periodic checks" [_thread_blocked, id=22224, stack(0x00000078b1000000,0x00000078b1100000)]
  0x00000273b07a9000 JavaThread "Cache worker for journal cache (C:\Users\infinity\.gradle\caches\journal-1)" [_thread_blocked, id=22924, stack(0x00000078b1900000,0x00000078b1a00000)]
  0x00000273b07ae000 JavaThread "File lock request listener" [_thread_in_native, id=16256, stack(0x00000078b1a00000,0x00000078b1b00000)]
  0x00000273b07ad000 JavaThread "Cache worker for file hash cache (C:\Users\infinity\.gradle\caches\6.5\fileHashes)" [_thread_blocked, id=22784, stack(0x00000078b1b00000,0x00000078b1c00000)]
  0x00000273b0b70800 JavaThread "Cache worker for execution history cache (C:\Users\infinity\.gradle\caches\6.5\executionHistory)" [_thread_blocked, id=22604, stack(0x00000078b2600000,0x00000078b2700000)]
  0x00000273b0b72000 JavaThread "Cache worker for file content cache (C:\Users\infinity\.gradle\caches\6.5\fileContent)" [_thread_blocked, id=22596, stack(0x00000078b2400000,0x00000078b2500000)]
  0x00000273b3f20800 JavaThread "Memory manager" [_thread_blocked, id=20584, stack(0x00000078b7b00000,0x00000078b7c00000)]
  0x00000273b3f17800 JavaThread "Daemon Thread 2" [_thread_blocked, id=22388, stack(0x00000078af500000,0x00000078af600000)]
  0x00000273b3f18000 JavaThread "Handler for socket connection from /127.0.0.1:51184 to /127.0.0.1:60398" [_thread_in_native, id=20864, stack(0x00000078af600000,0x00000078af700000)]
  0x00000273b3f13800 JavaThread "Cancel handler" [_thread_blocked, id=21992, stack(0x00000078af700000,0x00000078af800000)]
  0x00000273b3f15000 JavaThread "Daemon worker Thread 2" [_thread_blocked, id=19584, stack(0x00000078b0900000,0x00000078b0a00000)]
  0x00000273b3f1a000 JavaThread "Asynchronous log dispatcher for DefaultDaemonConnection: socket connection from /127.0.0.1:51184 to /127.0.0.1:60398" [_thread_blocked, id=8892, stack(0x00000078b0d00000,0x00000078b0e00000)]
  0x00000273b3f16800 JavaThread "Stdin handler" [_thread_blocked, id=22056, stack(0x00000078b0e00000,0x00000078b0f00000)]
  0x00000273b3f15800 JavaThread "Thread-120" [_thread_blocked, id=17888, stack(0x00000078b1100000,0x00000078b1200000)]
  0x00000273b3f14000 JavaThread "Cache worker for file hash cache (D:\monginisssss\.gradle\6.5\fileHashes)" [_thread_blocked, id=16828, stack(0x00000078b1200000,0x00000078b1300000)]
  0x00000273b3f1d000 JavaThread "Cache worker for checksums cache (D:\monginisssss\.gradle\checksums)" [_thread_blocked, id=18512, stack(0x00000078b1300000,0x00000078b1400000)]
  0x00000273b3f1a800 JavaThread "Cache worker for cache directory md-supplier (C:\Users\infinity\.gradle\caches\6.5\md-supplier)" [_thread_blocked, id=22124, stack(0x00000078b1400000,0x00000078b1500000)]
  0x00000273b3f1b800 JavaThread "Cache worker for cache directory md-rule (C:\Users\infinity\.gradle\caches\6.5\md-rule)" [_thread_blocked, id=8032, stack(0x00000078b1500000,0x00000078b1600000)]
  0x00000273b3f1c000 JavaThread "Build operations" [_thread_blocked, id=13416, stack(0x00000078b1700000,0x00000078b1800000)]
  0x00000273b3f1e000 JavaThread "Build operations Thread 2" [_thread_blocked, id=17200, stack(0x00000078b1c00000,0x00000078b1d00000)]
  0x00000273b3f1e800 JavaThread "Build operations Thread 3" [_thread_blocked, id=23444, stack(0x00000078b1d00000,0x00000078b1e00000)]
  0x00000273b3f19000 JavaThread "Build operations Thread 4" [_thread_blocked, id=9952, stack(0x00000078b1e00000,0x00000078b1f00000)]
  0x00000273b3f1f800 JavaThread "jar transforms Thread 86" [_thread_blocked, id=17748, stack(0x00000078b1f00000,0x00000078b2000000)]
  0x00000273b3f22000 JavaThread "jar transforms Thread 87" [_thread_blocked, id=17464, stack(0x00000078b2000000,0x00000078b2100000)]
  0x00000273b3f21000 JavaThread "jar transforms Thread 88" [_thread_blocked, id=17396, stack(0x00000078b2100000,0x00000078b2200000)]
  0x00000273b0b6d800 JavaThread "jar transforms Thread 89" [_thread_blocked, id=9280, stack(0x00000078b2200000,0x00000078b2300000)]
  0x00000273b0b6f000 JavaThread "jar transforms Thread 90" [_thread_blocked, id=19624, stack(0x00000078b2300000,0x00000078b2400000)]
  0x00000273b0b71800 JavaThread "jar transforms Thread 91" [_thread_blocked, id=6996, stack(0x00000078b2500000,0x00000078b2600000)]
  0x00000273b0b73000 JavaThread "jar transforms Thread 92" [_thread_blocked, id=12696, stack(0x00000078b2700000,0x00000078b2800000)]
  0x00000273b0b74000 JavaThread "jar transforms Thread 93" [_thread_blocked, id=21560, stack(0x00000078b2800000,0x00000078b2900000)]
  0x00000273b0b6e000 JavaThread "jar transforms Thread 94" [_thread_blocked, id=19020, stack(0x00000078b2900000,0x00000078b2a00000)]
  0x00000273b0b74800 JavaThread "jar transforms Thread 95" [_thread_blocked, id=13880, stack(0x00000078b2a00000,0x00000078b2b00000)]
  0x00000273b0b75800 JavaThread "jar transforms Thread 96" [_thread_blocked, id=4488, stack(0x00000078b2b00000,0x00000078b2c00000)]
  0x00000273b0b6f800 JavaThread "jar transforms Thread 97" [_thread_blocked, id=15956, stack(0x00000078b2c00000,0x00000078b2d00000)]
  0x00000273b0b78800 JavaThread "jar transforms Thread 98" [_thread_blocked, id=22992, stack(0x00000078b2d00000,0x00000078b2e00000)]
  0x00000273b0b7a800 JavaThread "jar transforms Thread 99" [_thread_blocked, id=19092, stack(0x00000078b2e00000,0x00000078b2f00000)]
  0x00000273b0b79800 JavaThread "jar transforms Thread 100" [_thread_blocked, id=15560, stack(0x00000078b2f00000,0x00000078b3000000)]
  0x00000273b0b7b000 JavaThread "jar transforms Thread 101" [_thread_blocked, id=22308, stack(0x00000078b3000000,0x00000078b3100000)]
  0x00000273b0b76800 JavaThread "jar transforms Thread 102" [_thread_blocked, id=22756, stack(0x00000078b3100000,0x00000078b3200000)]
  0x00000273b0b77000 JavaThread "jar transforms Thread 103" [_thread_blocked, id=15580, stack(0x00000078b3200000,0x00000078b3300000)]
  0x00000273b0b78000 JavaThread "jar transforms Thread 104" [_thread_blocked, id=12268, stack(0x00000078b3300000,0x00000078b3400000)]
  0x00000273b07ab800 JavaThread "jar transforms Thread 105" [_thread_blocked, id=7020, stack(0x00000078b3400000,0x00000078b3500000)]
  0x00000273b07aa800 JavaThread "jar transforms Thread 106" [_thread_blocked, id=22624, stack(0x00000078b3500000,0x00000078b3600000)]
  0x00000273b07ac800 JavaThread "jar transforms Thread 107" [_thread_blocked, id=18744, stack(0x00000078b3600000,0x00000078b3700000)]
  0x00000273b07a8800 JavaThread "jar transforms Thread 108" [_thread_blocked, id=21976, stack(0x00000078b3700000,0x00000078b3800000)]
  0x00000273b07af000 JavaThread "jar transforms Thread 109" [_thread_blocked, id=14856, stack(0x00000078b3800000,0x00000078b3900000)]
  0x00000273b07aa000 JavaThread "jar transforms Thread 110" [_thread_blocked, id=18076, stack(0x00000078b3900000,0x00000078b3a00000)]
  0x00000273b1490000 JavaThread "jar transforms Thread 111" [_thread_blocked, id=18796, stack(0x00000078b3a00000,0x00000078b3b00000)]
  0x00000273b148d000 JavaThread "jar transforms Thread 112" [_thread_blocked, id=16284, stack(0x00000078b3b00000,0x00000078b3c00000)]
  0x00000273b148f000 JavaThread "jar transforms Thread 113" [_thread_blocked, id=6300, stack(0x00000078b3c00000,0x00000078b3d00000)]
  0x00000273b1493800 JavaThread "jar transforms Thread 114" [_thread_blocked, id=18812, stack(0x00000078b3d00000,0x00000078b3e00000)]
  0x00000273b1491000 JavaThread "jar transforms Thread 115" [_thread_blocked, id=22888, stack(0x00000078b3e00000,0x00000078b3f00000)]
  0x00000273b148d800 JavaThread "jar transforms Thread 116" [_thread_blocked, id=13848, stack(0x00000078b3f00000,0x00000078b4000000)]
  0x00000273b1494000 JavaThread "jar transforms Thread 117" [_thread_blocked, id=22400, stack(0x00000078b4000000,0x00000078b4100000)]
  0x00000273b1491800 JavaThread "jar transforms Thread 118" [_thread_blocked, id=11268, stack(0x00000078b4100000,0x00000078b4200000)]
  0x00000273b148e800 JavaThread "jar transforms Thread 119" [_thread_blocked, id=18284, stack(0x00000078b4200000,0x00000078b4300000)]
  0x00000273b1495000 JavaThread "jar transforms Thread 120" [_thread_blocked, id=1112, stack(0x00000078b4300000,0x00000078b4400000)]
  0x00000273b1496000 JavaThread "jar transforms Thread 121" [_thread_blocked, id=19932, stack(0x00000078b4400000,0x00000078b4500000)]
  0x00000273b1496800 JavaThread "jar transforms Thread 122" [_thread_blocked, id=22892, stack(0x00000078b4500000,0x00000078b4600000)]
  0x00000273b1497800 JavaThread "jar transforms Thread 123" [_thread_blocked, id=23192, stack(0x00000078b4600000,0x00000078b4700000)]
  0x00000273b1498000 JavaThread "jar transforms Thread 124" [_thread_blocked, id=20744, stack(0x00000078b4700000,0x00000078b4800000)]
  0x00000273b1492800 JavaThread "jar transforms Thread 125" [_thread_blocked, id=17644, stack(0x00000078b4800000,0x00000078b4900000)]
  0x00000273b1499000 JavaThread "jar transforms Thread 126" [_thread_blocked, id=23296, stack(0x00000078b4900000,0x00000078b4a00000)]
  0x00000273b149a000 JavaThread "jar transforms Thread 127" [_thread_blocked, id=18904, stack(0x00000078b4a00000,0x00000078b4b00000)]
  0x00000273b149a800 JavaThread "jar transforms Thread 128" [_thread_blocked, id=19376, stack(0x00000078b4b00000,0x00000078b4c00000)]
  0x00000273b149b800 JavaThread "jar transforms Thread 129" [_thread_blocked, id=21020, stack(0x00000078b4c00000,0x00000078b4d00000)]
  0x00000273af1e7000 JavaThread "jar transforms Thread 130" [_thread_blocked, id=21952, stack(0x00000078b4d00000,0x00000078b4e00000)]
  0x00000273af1e6800 JavaThread "jar transforms Thread 131" [_thread_blocked, id=10788, stack(0x00000078b4e00000,0x00000078b4f00000)]
  0x00000273af1e8000 JavaThread "jar transforms Thread 132" [_thread_blocked, id=9980, stack(0x00000078b4f00000,0x00000078b5000000)]
  0x00000273af1e9000 JavaThread "jar transforms Thread 133" [_thread_blocked, id=5764, stack(0x00000078b5000000,0x00000078b5100000)]
  0x00000273af1e3000 JavaThread "jar transforms Thread 134" [_thread_blocked, id=23452, stack(0x00000078b5100000,0x00000078b5200000)]
  0x00000273af1e9800 JavaThread "jar transforms Thread 135" [_thread_blocked, id=15084, stack(0x00000078b5200000,0x00000078b5300000)]
  0x00000273af1e4000 JavaThread "jar transforms Thread 136" [_thread_blocked, id=23244, stack(0x00000078b5300000,0x00000078b5400000)]
  0x00000273af1e5000 JavaThread "jar transforms Thread 137" [_thread_blocked, id=21240, stack(0x00000078b5400000,0x00000078b5500000)]
  0x00000273af1e5800 JavaThread "jar transforms Thread 138" [_thread_blocked, id=4812, stack(0x00000078b5500000,0x00000078b5600000)]
  0x00000273b0da5800 JavaThread "jar transforms Thread 139" [_thread_blocked, id=21652, stack(0x00000078b5600000,0x00000078b5700000)]
  0x00000273b0da7000 JavaThread "jar transforms Thread 140" [_thread_blocked, id=22808, stack(0x00000078b5700000,0x00000078b5800000)]
  0x00000273b0da6000 JavaThread "jar transforms Thread 141" [_thread_blocked, id=7100, stack(0x00000078b5800000,0x00000078b5900000)]
  0x00000273b0da7800 JavaThread "jar transforms Thread 142" [_thread_blocked, id=11300, stack(0x00000078b5900000,0x00000078b5a00000)]
  0x00000273b0da3800 JavaThread "jar transforms Thread 143" [_thread_blocked, id=20680, stack(0x00000078b5a00000,0x00000078b5b00000)]
  0x00000273b0da2000 JavaThread "jar transforms Thread 144" [_thread_blocked, id=3040, stack(0x00000078b5b00000,0x00000078b5c00000)]
  0x00000273b0da4800 JavaThread "jar transforms Thread 145" [_thread_blocked, id=12516, stack(0x00000078b5c00000,0x00000078b5d00000)]
  0x00000273b0da8800 JavaThread "jar transforms Thread 146" [_thread_blocked, id=12992, stack(0x00000078b5d00000,0x00000078b5e00000)]
  0x00000273b0da3000 JavaThread "jar transforms Thread 147" [_thread_blocked, id=22312, stack(0x00000078b5e00000,0x00000078b5f00000)]
  0x00000273b0dac800 JavaThread "jar transforms Thread 148" [_thread_blocked, id=23536, stack(0x00000078b5f00000,0x00000078b6000000)]
  0x00000273b0dae800 JavaThread "jar transforms Thread 149" [_thread_blocked, id=13424, stack(0x00000078b6000000,0x00000078b6100000)]
  0x00000273b0daf000 JavaThread "jar transforms Thread 150" [_thread_blocked, id=18168, stack(0x00000078b6100000,0x00000078b6200000)]
  0x00000273b0da9800 JavaThread "jar transforms Thread 151" [_thread_blocked, id=21028, stack(0x00000078b6200000,0x00000078b6300000)]
  0x00000273b0dad800 JavaThread "jar transforms Thread 152" [_thread_blocked, id=18624, stack(0x00000078b6300000,0x00000078b6400000)]
  0x00000273b0dab000 JavaThread "jar transforms Thread 153" [_thread_blocked, id=20212, stack(0x00000078b6400000,0x00000078b6500000)]
  0x00000273b0db0000 JavaThread "jar transforms Thread 154" [_thread_blocked, id=5364, stack(0x00000078b6500000,0x00000078b6600000)]
  0x00000273b0daa000 JavaThread "jar transforms Thread 155" [_thread_blocked, id=23200, stack(0x00000078b6600000,0x00000078b6700000)]
  0x00000273b0dac000 JavaThread "jar transforms Thread 156" [_thread_blocked, id=13944, stack(0x00000078b6700000,0x00000078b6800000)]
  0x00000273b0db0800 JavaThread "jar transforms Thread 157" [_thread_blocked, id=21960, stack(0x00000078b6800000,0x00000078b6900000)]
  0x00000273b4651000 JavaThread "jar transforms Thread 158" [_thread_blocked, id=12420, stack(0x00000078b6900000,0x00000078b6a00000)]
  0x00000273b4650800 JavaThread "jar transforms Thread 159" [_thread_blocked, id=21940, stack(0x00000078b6a00000,0x00000078b6b00000)]
  0x00000273b464e800 JavaThread "jar transforms Thread 160" [_thread_blocked, id=22192, stack(0x00000078b6b00000,0x00000078b6c00000)]
  0x00000273b464c000 JavaThread "jar transforms Thread 161" [_thread_blocked, id=20872, stack(0x00000078b6c00000,0x00000078b6d00000)]
  0x00000273b464d000 JavaThread "jar transforms Thread 162" [_thread_blocked, id=22068, stack(0x00000078b6d00000,0x00000078b6e00000)]
  0x00000273b464e000 JavaThread "jar transforms Thread 163" [_thread_blocked, id=22732, stack(0x00000078b6e00000,0x00000078b6f00000)]
  0x00000273b4653800 JavaThread "jar transforms Thread 164" [_thread_blocked, id=22080, stack(0x00000078b6f00000,0x00000078b7000000)]
  0x00000273b4652000 JavaThread "jar transforms Thread 165" [_thread_blocked, id=11976, stack(0x00000078b7000000,0x00000078b7100000)]
  0x00000273b4654800 JavaThread "jar transforms Thread 166" [_thread_blocked, id=21056, stack(0x00000078b7100000,0x00000078b7200000)]
  0x00000273b4653000 JavaThread "jar transforms Thread 167" [_thread_blocked, id=20608, stack(0x00000078b7200000,0x00000078b7300000)]
  0x00000273b4655000 JavaThread "jar transforms Thread 168" [_thread_blocked, id=17660, stack(0x00000078b7300000,0x00000078b7400000)]
  0x00000273b464f800 JavaThread "jar transforms Thread 169" [_thread_blocked, id=23124, stack(0x00000078b7400000,0x00000078b7500000)]
  0x00000273b4657800 JavaThread "jar transforms Thread 170" [_thread_blocked, id=19916, stack(0x00000078b7500000,0x00000078b7600000)]
  0x00000273b4656000 JavaThread "Cache worker for Build Output Cleanup Cache (D:\monginisssss\.gradle\buildOutputCleanup)" [_thread_blocked, id=13512, stack(0x00000078b7600000,0x00000078b7700000)]
  0x00000273b4657000 JavaThread "Cache worker for file content cache (D:\monginisssss\.gradle\6.5\fileContent)" [_thread_blocked, id=14072, stack(0x00000078b7700000,0x00000078b7800000)]
  0x00000273b465a000 JavaThread "Execution worker for ':'" [_thread_blocked, id=4668, stack(0x00000078b7900000,0x00000078b7a00000)]
  0x00000273b4658800 JavaThread "Execution worker for ':' Thread 2" [_thread_blocked, id=22316, stack(0x00000078b7a00000,0x00000078b7b00000)]
  0x00000273b4659800 JavaThread "Execution worker for ':' Thread 3" [_thread_blocked, id=18460, stack(0x00000078b7c00000,0x00000078b7d00000)]
  0x00000273b465b000 JavaThread "Cache worker for execution history cache (D:\monginisssss\.gradle\6.5\executionHistory)" [_thread_blocked, id=4220, stack(0x00000078b7d00000,0x00000078b7e00000)]
  0x00000273b631b800 JavaThread "Cache worker for Java compile cache (C:\Users\infinity\.gradle\caches\6.5\javaCompile)" [_thread_blocked, id=16108, stack(0x00000078b7e00000,0x00000078b7f00000)]
  0x00000273b631c000 JavaThread "Cache worker for Java compile cache (D:\monginisssss\.gradle\6.5\javaCompile)" [_thread_blocked, id=18508, stack(0x00000078b7f00000,0x00000078b8000000)]
  0x00000273b9355000 JavaThread "C2 CompilerThread1" daemon [_thread_blocked, id=22284, stack(0x00000078b7800000,0x00000078b7900000)]

Other Threads:
=>0x00000273adc9e000 VMThread "VM Thread" [stack: 0x00000078afe00000,0x00000078aff00000] [id=9452]
  0x00000273ae793000 WatcherThread [stack: 0x00000078b0800000,0x00000078b0900000] [id=21364]
  0x0000027394253800 GCTaskThread "GC Thread#0" [stack: 0x00000078af900000,0x00000078afa00000] [id=19640]
  0x00000273aea25800 GCTaskThread "GC Thread#1" [stack: 0x00000078b0a00000,0x00000078b0b00000] [id=20756]
  0x00000273af33f800 GCTaskThread "GC Thread#2" [stack: 0x00000078b0b00000,0x00000078b0c00000] [id=23188]
  0x00000273aebad800 GCTaskThread "GC Thread#3" [stack: 0x00000078b1800000,0x00000078b1900000] [id=22864]
  0x0000027394285000 ConcurrentGCThread "G1 Main Marker" [stack: 0x00000078afa00000,0x00000078afb00000] [id=21544]
  0x0000027394286800 ConcurrentGCThread "G1 Conc#0" [stack: 0x00000078afb00000,0x00000078afc00000] [id=18280]
  0x0000027394318000 ConcurrentGCThread "G1 Refine#0" [stack: 0x00000078afc00000,0x00000078afd00000] [id=9572]
  0x00000273b100a800 ConcurrentGCThread "G1 Refine#1" [stack: 0x00000078b1600000,0x00000078b1700000] [id=13484]
  0x00000273b100c800 ConcurrentGCThread "G1 Refine#2" [stack: 0x00000078b8000000,0x00000078b8100000] [id=12668]
  0x0000027394319000 ConcurrentGCThread "G1 Young RemSet Sampling" [stack: 0x00000078afd00000,0x00000078afe00000] [id=18632]

Threads with active compile tasks:
C2 CompilerThread02510730 15518       4       com.sun.tools.javac.code.Scope$FilterImportScope$SymbolImporter::importFrom (111 bytes)
C2 CompilerThread12510730 15534       4       com.sun.tools.javac.jvm.ClassReader$AnnotationDeproxy::deproxyCompoundList (46 bytes)

VM state:at safepoint (normal execution)

VM Mutex/Monitor currently owned by a thread:  ([mutex/lock_event])
[0x0000027394238c70] Threads_lock - owner thread: 0x00000273adc9e000
[0x0000027394238640] Heap_lock - owner thread: 0x00000273b4659800

Heap address: 0x0000000080000000, size: 2048 MB, Compressed Oops mode: 32-bit
Narrow klass base: 0x0000000000000000, Narrow klass shift: 3
Compressed class space size: 1073741824 Address: 0x0000000100000000

Heap:
 garbage-first heap   total 575488K, used 228764K [0x0000000080000000, 0x0000000100000000)
  region size 1024K, 6 young (6144K), 6 survivors (6144K)
 Metaspace       used 98660K, capacity 100983K, committed 101192K, reserved 1138688K
  class space    used 12131K, capacity 12932K, committed 13056K, reserved 1048576K
Heap Regions: E=young(eden), S=young(survivor), O=old, HS=humongous(starts), HC=humongous(continues), CS=collection set, F=free, A=archive, TAMS=top-at-mark-start (previous, next)
|   0|0x0000000080000000, 0x0000000080100000, 0x0000000080100000|100%| O|  |TAMS 0x0000000080100000, 0x0000000080000000| Untracked 
|   1|0x0000000080100000, 0x0000000080200000, 0x0000000080200000|100%| O|  |TAMS 0x0000000080200000, 0x0000000080100000| Untracked 
|   2|0x0000000080200000, 0x0000000080300000, 0x0000000080300000|100%| O|  |TAMS 0x0000000080300000, 0x0000000080200000| Untracked 
|   3|0x0000000080300000, 0x0000000080400000, 0x0000000080400000|100%|HS|  |TAMS 0x0000000080400000, 0x0000000080300000| Complete 
|   4|0x0000000080400000, 0x0000000080500000, 0x0000000080500000|100%|HC|  |TAMS 0x0000000080500000, 0x0000000080400000| Complete 
|   5|0x0000000080500000, 0x0000000080600000, 0x0000000080600000|100%|HC|  |TAMS 0x0000000080600000, 0x0000000080500000| Complete 
|   6|0x0000000080600000, 0x0000000080700000, 0x0000000080700000|100%| O|  |TAMS 0x0000000080700000, 0x0000000080600000| Untracked 
|   7|0x0000000080700000, 0x0000000080800000, 0x0000000080800000|100%| O|  |TAMS 0x0000000080800000, 0x0000000080700000| Untracked 
|   8|0x0000000080800000, 0x0000000080900000, 0x0000000080900000|100%| O|  |TAMS 0x0000000080900000, 0x0000000080800000| Untracked 
|   9|0x0000000080900000, 0x0000000080a00000, 0x0000000080a00000|100%| O|  |TAMS 0x0000000080a00000, 0x0000000080900000| Untracked 
|  10|0x0000000080a00000, 0x0000000080b00000, 0x0000000080b00000|100%| O|  |TAMS 0x0000000080b00000, 0x0000000080a00000| Untracked 
|  11|0x0000000080b00000, 0x0000000080c00000, 0x0000000080c00000|100%| O|  |TAMS 0x0000000080c00000, 0x0000000080b00000| Untracked 
|  12|0x0000000080c00000, 0x0000000080d00000, 0x0000000080d00000|100%| O|  |TAMS 0x0000000080d00000, 0x0000000080c00000| Untracked 
|  13|0x0000000080d00000, 0x0000000080e00000, 0x0000000080e00000|100%|HS|  |TAMS 0x0000000080e00000, 0x0000000080d00000| Complete 
|  14|0x0000000080e00000, 0x0000000080f00000, 0x0000000080f00000|100%|HC|  |TAMS 0x0000000080f00000, 0x0000000080e00000| Complete 
|  15|0x0000000080f00000, 0x0000000081000000, 0x0000000081000000|100%|HS|  |TAMS 0x0000000081000000, 0x0000000080f00000| Complete 
|  16|0x0000000081000000, 0x0000000081100000, 0x0000000081100000|100%|HC|  |TAMS 0x0000000081100000, 0x0000000081000000| Complete 
|  17|0x0000000081100000, 0x0000000081200000, 0x0000000081200000|100%|HC|  |TAMS 0x0000000081200000, 0x0000000081100000| Complete 
|  18|0x0000000081200000, 0x0000000081300000, 0x0000000081300000|100%|HS|  |TAMS 0x0000000081300000, 0x0000000081200000| Complete 
|  19|0x0000000081300000, 0x0000000081400000, 0x0000000081400000|100%|HC|  |TAMS 0x0000000081400000, 0x0000000081300000| Complete 
|  20|0x0000000081400000, 0x0000000081500000, 0x0000000081500000|100%|HC|  |TAMS 0x0000000081500000, 0x0000000081400000| Complete 
|  21|0x0000000081500000, 0x0000000081600000, 0x0000000081600000|100%|HC|  |TAMS 0x0000000081600000, 0x0000000081500000| Complete 
|  22|0x0000000081600000, 0x0000000081700000, 0x0000000081700000|100%| O|  |TAMS 0x0000000081700000, 0x0000000081600000| Untracked 
|  23|0x0000000081700000, 0x0000000081800000, 0x0000000081800000|100%| O|  |TAMS 0x0000000081800000, 0x0000000081700000| Untracked 
|  24|0x0000000081800000, 0x0000000081900000, 0x0000000081900000|100%| O|  |TAMS 0x0000000081900000, 0x0000000081800000| Untracked 
|  25|0x0000000081900000, 0x0000000081a00000, 0x0000000081a00000|100%| O|  |TAMS 0x0000000081a00000, 0x0000000081900000| Untracked 
|  26|0x0000000081a00000, 0x0000000081b00000, 0x0000000081b00000|100%| O|  |TAMS 0x0000000081b00000, 0x0000000081a00000| Untracked 
|  27|0x0000000081b00000, 0x0000000081c00000, 0x0000000081c00000|100%| O|  |TAMS 0x0000000081c00000, 0x0000000081b00000| Untracked 
|  28|0x0000000081c00000, 0x0000000081d00000, 0x0000000081d00000|100%| O|  |TAMS 0x0000000081d00000, 0x0000000081c00000| Untracked 
|  29|0x0000000081d00000, 0x0000000081e00000, 0x0000000081e00000|100%| O|  |TAMS 0x0000000081e00000, 0x0000000081d00000| Untracked 
|  30|0x0000000081e00000, 0x0000000081f00000, 0x0000000081f00000|100%| O|  |TAMS 0x0000000081f00000, 0x0000000081e00000| Untracked 
|  31|0x0000000081f00000, 0x0000000082000000, 0x0000000082000000|100%| O|  |TAMS 0x0000000082000000, 0x0000000081f00000| Untracked 
|  32|0x0000000082000000, 0x0000000082100000, 0x0000000082100000|100%|HS|  |TAMS 0x0000000082100000, 0x0000000082000000| Complete 
|  33|0x0000000082100000, 0x0000000082200000, 0x0000000082200000|100%|HC|  |TAMS 0x0000000082200000, 0x0000000082100000| Complete 
|  34|0x0000000082200000, 0x0000000082300000, 0x0000000082300000|100%| O|  |TAMS 0x0000000082300000, 0x0000000082200000| Untracked 
|  35|0x0000000082300000, 0x0000000082400000, 0x0000000082400000|100%| O|  |TAMS 0x0000000082400000, 0x0000000082300000| Untracked 
|  36|0x0000000082400000, 0x0000000082500000, 0x0000000082500000|100%| O|  |TAMS 0x0000000082500000, 0x0000000082400000| Untracked 
|  37|0x0000000082500000, 0x0000000082600000, 0x0000000082600000|100%| O|  |TAMS 0x0000000082600000, 0x0000000082500000| Untracked 
|  38|0x0000000082600000, 0x0000000082700000, 0x0000000082700000|100%| O|  |TAMS 0x0000000082600000, 0x0000000082600000| Untracked 
|  39|0x0000000082700000, 0x0000000082800000, 0x0000000082800000|100%| O|  |TAMS 0x0000000082800000, 0x0000000082700000| Untracked 
|  40|0x0000000082800000, 0x0000000082900000, 0x0000000082900000|100%| O|  |TAMS 0x0000000082900000, 0x0000000082800000| Untracked 
|  41|0x0000000082900000, 0x0000000082a00000, 0x0000000082a00000|100%| O|  |TAMS 0x0000000082a00000, 0x0000000082900000| Untracked 
|  42|0x0000000082a00000, 0x0000000082b00000, 0x0000000082b00000|100%| O|  |TAMS 0x0000000082b00000, 0x0000000082a00000| Untracked 
|  43|0x0000000082b00000, 0x0000000082c00000, 0x0000000082c00000|100%| O|  |TAMS 0x0000000082c00000, 0x0000000082b00000| Untracked 
|  44|0x0000000082c00000, 0x0000000082d00000, 0x0000000082d00000|100%| O|  |TAMS 0x0000000082d00000, 0x0000000082c00000| Untracked 
|  45|0x0000000082d00000, 0x0000000082e00000, 0x0000000082e00000|100%| O|  |TAMS 0x0000000082e00000, 0x0000000082d00000| Untracked 
|  46|0x0000000082e00000, 0x0000000082f00000, 0x0000000082f00000|100%| O|  |TAMS 0x0000000082f00000, 0x0000000082e00000| Untracked 
|  47|0x0000000082f00000, 0x0000000083000000, 0x0000000083000000|100%| O|  |TAMS 0x0000000083000000, 0x0000000082f00000| Untracked 
|  48|0x0000000083000000, 0x0000000083100000, 0x0000000083100000|100%| O|  |TAMS 0x0000000083000000, 0x0000000083000000| Untracked 
|  49|0x0000000083100000, 0x0000000083200000, 0x0000000083200000|100%| O|  |TAMS 0x0000000083200000, 0x0000000083100000| Untracked 
|  50|0x0000000083200000, 0x0000000083300000, 0x0000000083300000|100%| O|  |TAMS 0x0000000083200000, 0x0000000083200000| Untracked 
|  51|0x0000000083300000, 0x0000000083400000, 0x0000000083400000|100%| O|  |TAMS 0x0000000083400000, 0x0000000083300000| Untracked 
|  52|0x0000000083400000, 0x0000000083500000, 0x0000000083500000|100%| O|  |TAMS 0x0000000083500000, 0x0000000083400000| Untracked 
|  53|0x0000000083500000, 0x0000000083600000, 0x0000000083600000|100%| O|  |TAMS 0x0000000083600000, 0x0000000083500000| Untracked 
|  54|0x0000000083600000, 0x0000000083700000, 0x0000000083700000|100%| O|  |TAMS 0x000000008366c400, 0x0000000083600000| Untracked 
|  55|0x0000000083700000, 0x0000000083800000, 0x0000000083800000|100%| O|  |TAMS 0x0000000083800000, 0x0000000083700000| Untracked 
|  56|0x0000000083800000, 0x0000000083900000, 0x0000000083900000|100%| O|  |TAMS 0x0000000083900000, 0x0000000083800000| Untracked 
|  57|0x0000000083900000, 0x0000000083a00000, 0x0000000083a00000|100%| O|  |TAMS 0x0000000083900000, 0x0000000083900000| Untracked 
|  58|0x0000000083a00000, 0x0000000083b00000, 0x0000000083b00000|100%| O|  |TAMS 0x0000000083a00000, 0x0000000083a00000| Untracked 
|  59|0x0000000083b00000, 0x0000000083c00000, 0x0000000083c00000|100%| O|  |TAMS 0x0000000083c00000, 0x0000000083b00000| Untracked 
|  60|0x0000000083c00000, 0x0000000083d00000, 0x0000000083d00000|100%| O|  |TAMS 0x0000000083d00000, 0x0000000083c00000| Untracked 
|  61|0x0000000083d00000, 0x0000000083e00000, 0x0000000083e00000|100%| O|  |TAMS 0x0000000083e00000, 0x0000000083d00000| Untracked 
|  62|0x0000000083e00000, 0x0000000083f00000, 0x0000000083f00000|100%| O|  |TAMS 0x0000000083f00000, 0x0000000083e00000| Untracked 
|  63|0x0000000083f00000, 0x0000000084000000, 0x0000000084000000|100%| O|  |TAMS 0x0000000084000000, 0x0000000083f00000| Untracked 
|  64|0x0000000084000000, 0x0000000084100000, 0x0000000084100000|100%| O|  |TAMS 0x0000000084100000, 0x0000000084000000| Untracked 
|  65|0x0000000084100000, 0x0000000084200000, 0x0000000084200000|100%| O|  |TAMS 0x0000000084200000, 0x0000000084100000| Untracked 
|  66|0x0000000084200000, 0x0000000084300000, 0x0000000084300000|100%| O|  |TAMS 0x0000000084200000, 0x0000000084200000| Untracked 
|  67|0x0000000084300000, 0x0000000084400000, 0x0000000084400000|100%| O|  |TAMS 0x0000000084400000, 0x0000000084300000| Untracked 
|  68|0x0000000084400000, 0x0000000084500000, 0x0000000084500000|100%| O|  |TAMS 0x0000000084500000, 0x0000000084400000| Untracked 
|  69|0x0000000084500000, 0x0000000084600000, 0x0000000084600000|100%| O|  |TAMS 0x0000000084600000, 0x0000000084500000| Untracked 
|  70|0x0000000084600000, 0x0000000084700000, 0x0000000084700000|100%| O|  |TAMS 0x0000000084700000, 0x0000000084600000| Untracked 
|  71|0x0000000084700000, 0x0000000084800000, 0x0000000084800000|100%| O|  |TAMS 0x0000000084800000, 0x0000000084700000| Untracked 
|  72|0x0000000084800000, 0x0000000084900000, 0x0000000084900000|100%| O|  |TAMS 0x0000000084900000, 0x0000000084800000| Untracked 
|  73|0x0000000084900000, 0x0000000084a00000, 0x0000000084a00000|100%| O|  |TAMS 0x0000000084a00000, 0x0000000084900000| Untracked 
|  74|0x0000000084a00000, 0x0000000084b00000, 0x0000000084b00000|100%| O|  |TAMS 0x0000000084b00000, 0x0000000084a00000| Untracked 
|  75|0x0000000084b00000, 0x0000000084c00000, 0x0000000084c00000|100%| O|  |TAMS 0x0000000084c00000, 0x0000000084b00000| Untracked 
|  76|0x0000000084c00000, 0x0000000084d00000, 0x0000000084d00000|100%|HS|  |TAMS 0x0000000084d00000, 0x0000000084c00000| Complete 
|  77|0x0000000084d00000, 0x0000000084e00000, 0x0000000084e00000|100%| O|  |TAMS 0x0000000084e00000, 0x0000000084d00000| Untracked 
|  78|0x0000000084e00000, 0x0000000084f00000, 0x0000000084f00000|100%| O|  |TAMS 0x0000000084f00000, 0x0000000084e00000| Untracked 
|  79|0x0000000084f00000, 0x0000000085000000, 0x0000000085000000|100%| O|  |TAMS 0x0000000085000000, 0x0000000084f00000| Untracked 
|  80|0x0000000085000000, 0x0000000085100000, 0x0000000085100000|100%| O|  |TAMS 0x0000000085000000, 0x0000000085000000| Untracked 
|  81|0x0000000085100000, 0x0000000085200000, 0x0000000085200000|100%| O|  |TAMS 0x0000000085200000, 0x0000000085100000| Untracked 
|  82|0x0000000085200000, 0x0000000085300000, 0x0000000085300000|100%| O|  |TAMS 0x0000000085300000, 0x0000000085200000| Untracked 
|  83|0x0000000085300000, 0x0000000085400000, 0x0000000085400000|100%| O|  |TAMS 0x0000000085400000, 0x0000000085300000| Untracked 
|  84|0x0000000085400000, 0x0000000085500000, 0x0000000085500000|100%| O|  |TAMS 0x0000000085400000, 0x0000000085400000| Untracked 
|  85|0x0000000085500000, 0x0000000085600000, 0x0000000085600000|100%| O|  |TAMS 0x0000000085600000, 0x0000000085500000| Untracked 
|  86|0x0000000085600000, 0x0000000085700000, 0x0000000085700000|100%| O|  |TAMS 0x0000000085700000, 0x0000000085600000| Untracked 
|  87|0x0000000085700000, 0x0000000085800000, 0x0000000085800000|100%| O|  |TAMS 0x0000000085800000, 0x0000000085700000| Untracked 
|  88|0x0000000085800000, 0x0000000085900000, 0x0000000085900000|100%| O|  |TAMS 0x0000000085900000, 0x0000000085800000| Untracked 
|  89|0x0000000085900000, 0x0000000085a00000, 0x0000000085a00000|100%| O|  |TAMS 0x0000000085900000, 0x0000000085900000| Untracked 
|  90|0x0000000085a00000, 0x0000000085b00000, 0x0000000085b00000|100%|HS|  |TAMS 0x0000000085b00000, 0x0000000085a00000| Complete 
|  91|0x0000000085b00000, 0x0000000085c00000, 0x0000000085c00000|100%|HC|  |TAMS 0x0000000085c00000, 0x0000000085b00000| Complete 
|  92|0x0000000085c00000, 0x0000000085d00000, 0x0000000085d00000|100%| O|  |TAMS 0x0000000085d00000, 0x0000000085c00000| Untracked 
|  93|0x0000000085d00000, 0x0000000085e00000, 0x0000000085e00000|100%| O|  |TAMS 0x0000000085e00000, 0x0000000085d00000| Untracked 
|  94|0x0000000085e00000, 0x0000000085f00000, 0x0000000085f00000|100%| O|  |TAMS 0x0000000085f00000, 0x0000000085e00000| Untracked 
|  95|0x0000000085f00000, 0x0000000086000000, 0x0000000086000000|100%| O|  |TAMS 0x0000000086000000, 0x0000000085f00000| Untracked 
|  96|0x0000000086000000, 0x0000000086100000, 0x0000000086100000|100%| O|  |TAMS 0x0000000086100000, 0x0000000086000000| Untracked 
|  97|0x0000000086100000, 0x0000000086200000, 0x0000000086200000|100%| O|  |TAMS 0x0000000086200000, 0x0000000086100000| Untracked 
|  98|0x0000000086200000, 0x0000000086300000, 0x0000000086300000|100%| O|  |TAMS 0x0000000086300000, 0x0000000086200000| Untracked 
|  99|0x0000000086300000, 0x0000000086400000, 0x0000000086400000|100%| O|  |TAMS 0x0000000086400000, 0x0000000086300000| Untracked 
| 100|0x0000000086400000, 0x0000000086500000, 0x0000000086500000|100%| O|  |TAMS 0x0000000086500000, 0x0000000086400000| Untracked 
| 101|0x0000000086500000, 0x0000000086600000, 0x0000000086600000|100%| O|  |TAMS 0x0000000086600000, 0x0000000086500000| Untracked 
| 102|0x0000000086600000, 0x0000000086700000, 0x0000000086700000|100%|HS|  |TAMS 0x0000000086700000, 0x0000000086600000| Complete 
| 103|0x0000000086700000, 0x0000000086800000, 0x0000000086800000|100%|HC|  |TAMS 0x0000000086800000, 0x0000000086700000| Complete 
| 104|0x0000000086800000, 0x0000000086900000, 0x0000000086900000|100%|HC|  |TAMS 0x0000000086900000, 0x0000000086800000| Complete 
| 105|0x0000000086900000, 0x0000000086a00000, 0x0000000086a00000|100%|HC|  |TAMS 0x0000000086a00000, 0x0000000086900000| Complete 
| 106|0x0000000086a00000, 0x0000000086b00000, 0x0000000086b00000|100%| O|  |TAMS 0x0000000086b00000, 0x0000000086a00000| Untracked 
| 107|0x0000000086b00000, 0x0000000086c00000, 0x0000000086c00000|100%| O|  |TAMS 0x0000000086c00000, 0x0000000086b00000| Untracked 
| 108|0x0000000086c00000, 0x0000000086d00000, 0x0000000086d00000|100%| O|  |TAMS 0x0000000086d00000, 0x0000000086c00000| Untracked 
| 109|0x0000000086d00000, 0x0000000086e00000, 0x0000000086e00000|100%| O|  |TAMS 0x0000000086e00000, 0x0000000086d00000| Untracked 
| 110|0x0000000086e00000, 0x0000000086f00000, 0x0000000086f00000|100%| O|  |TAMS 0x0000000086f00000, 0x0000000086e00000| Untracked 
| 111|0x0000000086f00000, 0x0000000087000000, 0x0000000087000000|100%| O|  |TAMS 0x0000000087000000, 0x0000000086f00000| Untracked 
| 112|0x0000000087000000, 0x0000000087100000, 0x0000000087100000|100%| O|  |TAMS 0x0000000087100000, 0x0000000087000000| Untracked 
| 113|0x0000000087100000, 0x0000000087200000, 0x0000000087200000|100%| O|  |TAMS 0x0000000087200000, 0x0000000087100000| Untracked 
| 114|0x0000000087200000, 0x0000000087300000, 0x0000000087300000|100%| O|  |TAMS 0x0000000087200000, 0x0000000087200000| Untracked 
| 115|0x0000000087300000, 0x0000000087400000, 0x0000000087400000|100%| O|  |TAMS 0x0000000087300000, 0x0000000087300000| Untracked 
| 116|0x0000000087400000, 0x0000000087500000, 0x0000000087500000|100%| O|  |TAMS 0x0000000087500000, 0x0000000087400000| Untracked 
| 117|0x0000000087500000, 0x0000000087600000, 0x0000000087600000|100%| O|  |TAMS 0x0000000087600000, 0x0000000087500000| Untracked 
| 118|0x0000000087600000, 0x0000000087700000, 0x0000000087700000|100%| O|  |TAMS 0x0000000087700000, 0x0000000087600000| Untracked 
| 119|0x0000000087700000, 0x0000000087800000, 0x0000000087800000|100%| O|  |TAMS 0x0000000087800000, 0x0000000087700000| Untracked 
| 120|0x0000000087800000, 0x0000000087900000, 0x0000000087900000|100%|HS|  |TAMS 0x0000000087900000, 0x0000000087800000| Complete 
| 121|0x0000000087900000, 0x0000000087a00000, 0x0000000087a00000|100%| O|  |TAMS 0x0000000087a00000, 0x0000000087900000| Untracked 
| 122|0x0000000087a00000, 0x0000000087b00000, 0x0000000087b00000|100%| O|  |TAMS 0x0000000087b00000, 0x0000000087a00000| Untracked 
| 123|0x0000000087b00000, 0x0000000087c00000, 0x0000000087c00000|100%| O|  |TAMS 0x0000000087c00000, 0x0000000087b00000| Untracked 
| 124|0x0000000087c00000, 0x0000000087d00000, 0x0000000087d00000|100%| O|  |TAMS 0x0000000087d00000, 0x0000000087c00000| Untracked 
| 125|0x0000000087d00000, 0x0000000087e00000, 0x0000000087e00000|100%| O|  |TAMS 0x0000000087e00000, 0x0000000087d00000| Untracked 
| 126|0x0000000087e00000, 0x0000000087f00000, 0x0000000087f00000|100%| O|  |TAMS 0x0000000087f00000, 0x0000000087e00000| Untracked 
| 127|0x0000000087f00000, 0x0000000088000000, 0x0000000088000000|100%| O|  |TAMS 0x0000000088000000, 0x0000000087f00000| Untracked 
| 128|0x0000000088000000, 0x0000000088100000, 0x0000000088100000|100%| O|  |TAMS 0x0000000088100000, 0x0000000088000000| Untracked 
| 129|0x0000000088100000, 0x0000000088200000, 0x0000000088200000|100%| O|  |TAMS 0x0000000088200000, 0x0000000088100000| Untracked 
| 130|0x0000000088200000, 0x0000000088300000, 0x0000000088300000|100%| O|  |TAMS 0x0000000088200000, 0x0000000088200000| Untracked 
| 131|0x0000000088300000, 0x0000000088400000, 0x0000000088400000|100%| O|  |TAMS 0x0000000088400000, 0x0000000088300000| Untracked 
| 132|0x0000000088400000, 0x0000000088500000, 0x0000000088500000|100%| O|  |TAMS 0x0000000088500000, 0x0000000088400000| Untracked 
| 133|0x0000000088500000, 0x0000000088600000, 0x0000000088600000|100%| O|  |TAMS 0x0000000088500000, 0x0000000088500000| Untracked 
| 134|0x0000000088600000, 0x0000000088700000, 0x0000000088700000|100%| O|  |TAMS 0x0000000088600000, 0x0000000088600000| Untracked 
| 135|0x0000000088700000, 0x0000000088800000, 0x0000000088800000|100%| O|  |TAMS 0x0000000088700000, 0x0000000088700000| Untracked 
| 136|0x0000000088800000, 0x0000000088900000, 0x0000000088900000|100%|HS|  |TAMS 0x0000000088900000, 0x0000000088800000| Complete 
| 137|0x0000000088900000, 0x0000000088a00000, 0x0000000088a00000|100%|HC|  |TAMS 0x0000000088a00000, 0x0000000088900000| Complete 
| 138|0x0000000088a00000, 0x0000000088b00000, 0x0000000088b00000|100%| O|  |TAMS 0x0000000088b00000, 0x0000000088a00000| Untracked 
| 139|0x0000000088b00000, 0x0000000088c00000, 0x0000000088c00000|100%| O|  |TAMS 0x0000000088c00000, 0x0000000088b00000| Untracked 
| 140|0x0000000088c00000, 0x0000000088d00000, 0x0000000088d00000|100%| O|  |TAMS 0x0000000088d00000, 0x0000000088c00000| Untracked 
| 141|0x0000000088d00000, 0x0000000088e00000, 0x0000000088e00000|100%| O|  |TAMS 0x0000000088e00000, 0x0000000088d00000| Untracked 
| 142|0x0000000088e00000, 0x0000000088f00000, 0x0000000088f00000|100%| O|  |TAMS 0x0000000088f00000, 0x0000000088e00000| Untracked 
| 143|0x0000000088f00000, 0x0000000089000000, 0x0000000089000000|100%| O|  |TAMS 0x0000000088f00000, 0x0000000088f00000| Untracked 
| 144|0x0000000089000000, 0x0000000089100000, 0x0000000089100000|100%| O|  |TAMS 0x0000000089000000, 0x0000000089000000| Untracked 
| 145|0x0000000089100000, 0x0000000089200000, 0x0000000089200000|100%| O|  |TAMS 0x0000000089100000, 0x0000000089100000| Untracked 
| 146|0x0000000089200000, 0x0000000089300000, 0x0000000089300000|100%| O|  |TAMS 0x0000000089200000, 0x0000000089200000| Untracked 
| 147|0x0000000089300000, 0x0000000089400000, 0x0000000089400000|100%| O|  |TAMS 0x0000000089300000, 0x0000000089300000| Untracked 
| 148|0x0000000089400000, 0x0000000089500000, 0x0000000089500000|100%| O|  |TAMS 0x0000000089400000, 0x0000000089400000| Untracked 
| 149|0x0000000089500000, 0x0000000089600000, 0x0000000089600000|100%| O|  |TAMS 0x0000000089600000, 0x0000000089500000| Untracked 
| 150|0x0000000089600000, 0x0000000089700000, 0x0000000089700000|100%| O|  |TAMS 0x0000000089600000, 0x0000000089600000| Untracked 
| 151|0x0000000089700000, 0x0000000089800000, 0x0000000089800000|100%| O|  |TAMS 0x0000000089700000, 0x0000000089700000| Untracked 
| 152|0x0000000089800000, 0x0000000089900000, 0x0000000089900000|100%| O|  |TAMS 0x0000000089800000, 0x0000000089800000| Untracked 
| 153|0x0000000089900000, 0x0000000089a00000, 0x0000000089a00000|100%| O|  |TAMS 0x0000000089a00000, 0x0000000089900000| Untracked 
| 154|0x0000000089a00000, 0x0000000089b00000, 0x0000000089b00000|100%| O|  |TAMS 0x0000000089b00000, 0x0000000089a00000| Untracked 
| 155|0x0000000089b00000, 0x0000000089c00000, 0x0000000089c00000|100%| O|  |TAMS 0x0000000089c00000, 0x0000000089b00000| Untracked 
| 156|0x0000000089c00000, 0x0000000089d00000, 0x0000000089d00000|100%| O|  |TAMS 0x0000000089d00000, 0x0000000089c00000| Untracked 
| 157|0x0000000089d00000, 0x0000000089e00000, 0x0000000089e00000|100%| O|  |TAMS 0x0000000089d00000, 0x0000000089d00000| Untracked 
| 158|0x0000000089e00000, 0x0000000089f00000, 0x0000000089f00000|100%| O|  |TAMS 0x0000000089e00000, 0x0000000089e00000| Untracked 
| 159|0x0000000089f00000, 0x000000008a000000, 0x000000008a000000|100%| O|  |TAMS 0x0000000089f00000, 0x0000000089f00000| Untracked 
| 160|0x000000008a000000, 0x000000008a100000, 0x000000008a100000|100%| O|  |TAMS 0x000000008a000000, 0x000000008a000000| Untracked 
| 161|0x000000008a100000, 0x000000008a200000, 0x000000008a200000|100%| O|  |TAMS 0x000000008a100000, 0x000000008a100000| Untracked 
| 162|0x000000008a200000, 0x000000008a300000, 0x000000008a300000|100%| O|  |TAMS 0x000000008a200000, 0x000000008a200000| Untracked 
| 163|0x000000008a300000, 0x000000008a400000, 0x000000008a400000|100%| O|  |TAMS 0x000000008a300000, 0x000000008a300000| Untracked 
| 164|0x000000008a400000, 0x000000008a500000, 0x000000008a500000|100%| O|  |TAMS 0x000000008a400000, 0x000000008a400000| Untracked 
| 165|0x000000008a500000, 0x000000008a600000, 0x000000008a600000|100%| O|  |TAMS 0x000000008a500000, 0x000000008a500000| Untracked 
| 166|0x000000008a600000, 0x000000008a700000, 0x000000008a700000|100%| O|  |TAMS 0x000000008a600000, 0x000000008a600000| Untracked 
| 167|0x000000008a700000, 0x000000008a800000, 0x000000008a800000|100%| O|  |TAMS 0x000000008a700000, 0x000000008a700000| Untracked 
| 168|0x000000008a800000, 0x000000008a900000, 0x000000008a900000|100%| O|  |TAMS 0x000000008a800000, 0x000000008a800000| Untracked 
| 169|0x000000008a900000, 0x000000008aa00000, 0x000000008aa00000|100%| O|  |TAMS 0x000000008a900000, 0x000000008a900000| Untracked 
| 170|0x000000008aa00000, 0x000000008ab00000, 0x000000008ab00000|100%| O|  |TAMS 0x000000008aa00000, 0x000000008aa00000| Untracked 
| 171|0x000000008ab00000, 0x000000008ac00000, 0x000000008ac00000|100%| O|  |TAMS 0x000000008ab00000, 0x000000008ab00000| Untracked 
| 172|0x000000008ac00000, 0x000000008ad00000, 0x000000008ad00000|100%| O|  |TAMS 0x000000008ac00000, 0x000000008ac00000| Untracked 
| 173|0x000000008ad00000, 0x000000008ae00000, 0x000000008ae00000|100%| O|  |TAMS 0x000000008ad00000, 0x000000008ad00000| Untracked 
| 174|0x000000008ae00000, 0x000000008af00000, 0x000000008af00000|100%| O|  |TAMS 0x000000008ae00000, 0x000000008ae00000| Untracked 
| 175|0x000000008af00000, 0x000000008b000000, 0x000000008b000000|100%| O|  |TAMS 0x000000008af00000, 0x000000008af00000| Untracked 
| 176|0x000000008b000000, 0x000000008b100000, 0x000000008b100000|100%| O|  |TAMS 0x000000008b100000, 0x000000008b000000| Untracked 
| 177|0x000000008b100000, 0x000000008b200000, 0x000000008b200000|100%| O|  |TAMS 0x000000008b200000, 0x000000008b100000| Untracked 
| 178|0x000000008b200000, 0x000000008b300000, 0x000000008b300000|100%| O|  |TAMS 0x000000008b300000, 0x000000008b200000| Untracked 
| 179|0x000000008b300000, 0x000000008b400000, 0x000000008b400000|100%| O|  |TAMS 0x000000008b400000, 0x000000008b300000| Untracked 
| 180|0x000000008b400000, 0x000000008b500000, 0x000000008b500000|100%| O|  |TAMS 0x000000008b500000, 0x000000008b400000| Untracked 
| 181|0x000000008b500000, 0x000000008b600000, 0x000000008b600000|100%| O|  |TAMS 0x000000008b600000, 0x000000008b500000| Untracked 
| 182|0x000000008b600000, 0x000000008b700000, 0x000000008b700000|100%| O|  |TAMS 0x000000008b700000, 0x000000008b600000| Untracked 
| 183|0x000000008b700000, 0x000000008b800000, 0x000000008b800000|100%| O|  |TAMS 0x000000008b800000, 0x000000008b700000| Untracked 
| 184|0x000000008b800000, 0x000000008b900000, 0x000000008b900000|100%| O|  |TAMS 0x000000008b800000, 0x000000008b800000| Untracked 
| 185|0x000000008b900000, 0x000000008ba00000, 0x000000008ba00000|100%| O|  |TAMS 0x000000008ba00000, 0x000000008b900000| Untracked 
| 186|0x000000008ba00000, 0x000000008bb00000, 0x000000008bb00000|100%| O|  |TAMS 0x000000008bb00000, 0x000000008ba00000| Untracked 
| 187|0x000000008bb00000, 0x000000008bc00000, 0x000000008bc00000|100%| O|  |TAMS 0x000000008bc00000, 0x000000008bb00000| Untracked 
| 188|0x000000008bc00000, 0x000000008bd00000, 0x000000008bd00000|100%| O|  |TAMS 0x000000008bd00000, 0x000000008bc00000| Untracked 
| 189|0x000000008bd00000, 0x000000008be00000, 0x000000008be00000|100%| O|  |TAMS 0x000000008be00000, 0x000000008bd00000| Untracked 
| 190|0x000000008be00000, 0x000000008bf00000, 0x000000008bf00000|100%| O|  |TAMS 0x000000008bf00000, 0x000000008be00000| Untracked 
| 191|0x000000008bf00000, 0x000000008c000000, 0x000000008c000000|100%| O|  |TAMS 0x000000008bf00000, 0x000000008bf00000| Untracked 
| 192|0x000000008c000000, 0x000000008c100000, 0x000000008c100000|100%| O|  |TAMS 0x000000008c000000, 0x000000008c000000| Untracked 
| 193|0x000000008c100000, 0x000000008c200000, 0x000000008c200000|100%| O|  |TAMS 0x000000008c100000, 0x000000008c100000| Untracked 
| 194|0x000000008c200000, 0x000000008c300000, 0x000000008c300000|100%| O|  |TAMS 0x000000008c300000, 0x000000008c200000| Untracked 
| 195|0x000000008c300000, 0x000000008c400000, 0x000000008c400000|100%| O|  |TAMS 0x000000008c300000, 0x000000008c300000| Untracked 
| 196|0x000000008c400000, 0x000000008c500000, 0x000000008c500000|100%| O|  |TAMS 0x000000008c400000, 0x000000008c400000| Untracked 
| 197|0x000000008c500000, 0x000000008c600000, 0x000000008c600000|100%| O|  |TAMS 0x000000008c500000, 0x000000008c500000| Untracked 
| 198|0x000000008c600000, 0x000000008c700000, 0x000000008c700000|100%| O|  |TAMS 0x000000008c600000, 0x000000008c600000| Untracked 
| 199|0x000000008c700000, 0x000000008c800000, 0x000000008c800000|100%| O|  |TAMS 0x000000008c700000, 0x000000008c700000| Untracked 
| 200|0x000000008c800000, 0x000000008c900000, 0x000000008c900000|100%| O|  |TAMS 0x000000008c800000, 0x000000008c800000| Untracked 
| 201|0x000000008c900000, 0x000000008ca00000, 0x000000008ca00000|100%| O|  |TAMS 0x000000008c900000, 0x000000008c900000| Untracked 
| 202|0x000000008ca00000, 0x000000008cb00000, 0x000000008cb00000|100%| O|  |TAMS 0x000000008ca00000, 0x000000008ca00000| Untracked 
| 203|0x000000008cb00000, 0x000000008cc00000, 0x000000008cc00000|100%| O|  |TAMS 0x000000008cb00000, 0x000000008cb00000| Untracked 
| 204|0x000000008cc00000, 0x000000008cd00000, 0x000000008cd00000|100%| O|  |TAMS 0x000000008cc00000, 0x000000008cc00000| Untracked 
| 205|0x000000008cd00000, 0x000000008ce00000, 0x000000008ce00000|100%| O|  |TAMS 0x000000008cd00000, 0x000000008cd00000| Untracked 
| 206|0x000000008ce00000, 0x000000008cf00000, 0x000000008cf00000|100%| O|  |TAMS 0x000000008ce00000, 0x000000008ce00000| Untracked 
| 207|0x000000008cf00000, 0x000000008d000000, 0x000000008d000000|100%| O|  |TAMS 0x000000008cf00000, 0x000000008cf00000| Untracked 
| 208|0x000000008d000000, 0x000000008d100000, 0x000000008d100000|100%| O|  |TAMS 0x000000008d000000, 0x000000008d000000| Untracked 
| 209|0x000000008d100000, 0x000000008d200000, 0x000000008d200000|100%| O|  |TAMS 0x000000008d100000, 0x000000008d100000| Untracked 
| 210|0x000000008d200000, 0x000000008d300000, 0x000000008d300000|100%| O|  |TAMS 0x000000008d200000, 0x000000008d200000| Untracked 
| 211|0x000000008d300000, 0x000000008d400000, 0x000000008d400000|100%| O|  |TAMS 0x000000008d300000, 0x000000008d300000| Untracked 
| 212|0x000000008d400000, 0x000000008d500000, 0x000000008d500000|100%| O|  |TAMS 0x000000008d400000, 0x000000008d400000| Untracked 
| 213|0x000000008d500000, 0x000000008d600000, 0x000000008d600000|100%| O|  |TAMS 0x000000008d500000, 0x000000008d500000| Untracked 
| 214|0x000000008d600000, 0x000000008d700000, 0x000000008d700000|100%| O|  |TAMS 0x000000008d600000, 0x000000008d600000| Untracked 
| 215|0x000000008d700000, 0x000000008d800000, 0x000000008d800000|100%| O|  |TAMS 0x000000008d700000, 0x000000008d700000| Untracked 
| 216|0x000000008d800000, 0x000000008d900000, 0x000000008d900000|100%| O|  |TAMS 0x000000008d800000, 0x000000008d800000| Untracked 
| 217|0x000000008d900000, 0x000000008d967000, 0x000000008da00000| 40%| O|  |TAMS 0x000000008d900000, 0x000000008d900000| Untracked 
| 218|0x000000008da00000, 0x000000008da00000, 0x000000008db00000|  0%| F|  |TAMS 0x000000008da00000, 0x000000008da00000| Untracked 
| 219|0x000000008db00000, 0x000000008db00000, 0x000000008dc00000|  0%| F|  |TAMS 0x000000008db00000, 0x000000008db00000| Untracked 
| 220|0x000000008dc00000, 0x000000008dc00000, 0x000000008dd00000|  0%| F|  |TAMS 0x000000008dc00000, 0x000000008dc00000| Untracked 
| 221|0x000000008dd00000, 0x000000008dd00000, 0x000000008de00000|  0%| F|  |TAMS 0x000000008dd00000, 0x000000008dd00000| Untracked 
| 222|0x000000008de00000, 0x000000008de00000, 0x000000008df00000|  0%| F|  |TAMS 0x000000008de00000, 0x000000008de00000| Untracked 
| 223|0x000000008df00000, 0x000000008df00000, 0x000000008e000000|  0%| F|  |TAMS 0x000000008df00000, 0x000000008df00000| Untracked 
| 224|0x000000008e000000, 0x000000008e000000, 0x000000008e100000|  0%| F|  |TAMS 0x000000008e000000, 0x000000008e000000| Untracked 
| 225|0x000000008e100000, 0x000000008e100000, 0x000000008e200000|  0%| F|  |TAMS 0x000000008e100000, 0x000000008e100000| Untracked 
| 226|0x000000008e200000, 0x000000008e200000, 0x000000008e300000|  0%| F|  |TAMS 0x000000008e200000, 0x000000008e200000| Untracked 
| 227|0x000000008e300000, 0x000000008e300000, 0x000000008e400000|  0%| F|  |TAMS 0x000000008e300000, 0x000000008e300000| Untracked 
| 228|0x000000008e400000, 0x000000008e400000, 0x000000008e500000|  0%| F|  |TAMS 0x000000008e400000, 0x000000008e400000| Untracked 
| 229|0x000000008e500000, 0x000000008e500000, 0x000000008e600000|  0%| F|  |TAMS 0x000000008e500000, 0x000000008e500000| Untracked 
| 230|0x000000008e600000, 0x000000008e600000, 0x000000008e700000|  0%| F|  |TAMS 0x000000008e600000, 0x000000008e600000| Untracked 
| 231|0x000000008e700000, 0x000000008e700000, 0x000000008e800000|  0%| F|  |TAMS 0x000000008e700000, 0x000000008e700000| Untracked 
| 232|0x000000008e800000, 0x000000008e800000, 0x000000008e900000|  0%| F|  |TAMS 0x000000008e800000, 0x000000008e800000| Untracked 
| 233|0x000000008e900000, 0x000000008e900000, 0x000000008ea00000|  0%| F|  |TAMS 0x000000008e900000, 0x000000008e900000| Untracked 
| 234|0x000000008ea00000, 0x000000008ea00000, 0x000000008eb00000|  0%| F|  |TAMS 0x000000008ea00000, 0x000000008ea00000| Untracked 
| 235|0x000000008eb00000, 0x000000008eb00000, 0x000000008ec00000|  0%| F|  |TAMS 0x000000008eb00000, 0x000000008eb00000| Untracked 
| 236|0x000000008ec00000, 0x000000008ec00000, 0x000000008ed00000|  0%| F|  |TAMS 0x000000008ec00000, 0x000000008ec00000| Untracked 
| 237|0x000000008ed00000, 0x000000008ed00000, 0x000000008ee00000|  0%| F|  |TAMS 0x000000008ed00000, 0x000000008ed00000| Untracked 
| 238|0x000000008ee00000, 0x000000008ee00000, 0x000000008ef00000|  0%| F|  |TAMS 0x000000008ee00000, 0x000000008ee00000| Untracked 
| 239|0x000000008ef00000, 0x000000008ef00000, 0x000000008f000000|  0%| F|  |TAMS 0x000000008ef00000, 0x000000008ef00000| Untracked 
| 240|0x000000008f000000, 0x000000008f000000, 0x000000008f100000|  0%| F|  |TAMS 0x000000008f000000, 0x000000008f000000| Untracked 
| 241|0x000000008f100000, 0x000000008f100000, 0x000000008f200000|  0%| F|  |TAMS 0x000000008f100000, 0x000000008f100000| Untracked 
| 242|0x000000008f200000, 0x000000008f200000, 0x000000008f300000|  0%| F|  |TAMS 0x000000008f200000, 0x000000008f200000| Untracked 
| 243|0x000000008f300000, 0x000000008f300000, 0x000000008f400000|  0%| F|  |TAMS 0x000000008f300000, 0x000000008f300000| Untracked 
| 244|0x000000008f400000, 0x000000008f400000, 0x000000008f500000|  0%| F|  |TAMS 0x000000008f400000, 0x000000008f400000| Untracked 
| 245|0x000000008f500000, 0x000000008f500000, 0x000000008f600000|  0%| F|  |TAMS 0x000000008f500000, 0x000000008f500000| Untracked 
| 246|0x000000008f600000, 0x000000008f600000, 0x000000008f700000|  0%| F|  |TAMS 0x000000008f600000, 0x000000008f600000| Untracked 
| 247|0x000000008f700000, 0x000000008f700000, 0x000000008f800000|  0%| F|  |TAMS 0x000000008f700000, 0x000000008f700000| Untracked 
| 248|0x000000008f800000, 0x000000008f800000, 0x000000008f900000|  0%| F|  |TAMS 0x000000008f800000, 0x000000008f800000| Untracked 
| 249|0x000000008f900000, 0x000000008f900000, 0x000000008fa00000|  0%| F|  |TAMS 0x000000008f900000, 0x000000008f900000| Untracked 
| 250|0x000000008fa00000, 0x000000008fa00000, 0x000000008fb00000|  0%| F|  |TAMS 0x000000008fa00000, 0x000000008fa00000| Untracked 
| 251|0x000000008fb00000, 0x000000008fb00000, 0x000000008fc00000|  0%| F|  |TAMS 0x000000008fb00000, 0x000000008fb00000| Untracked 
| 252|0x000000008fc00000, 0x000000008fc00000, 0x000000008fd00000|  0%| F|  |TAMS 0x000000008fc00000, 0x000000008fc00000| Untracked 
| 253|0x000000008fd00000, 0x000000008fd00000, 0x000000008fe00000|  0%| F|  |TAMS 0x000000008fd00000, 0x000000008fd00000| Untracked 
| 254|0x000000008fe00000, 0x000000008fe00000, 0x000000008ff00000|  0%| F|  |TAMS 0x000000008fe00000, 0x000000008fe00000| Untracked 
| 255|0x000000008ff00000, 0x000000008ff00000, 0x0000000090000000|  0%| F|  |TAMS 0x000000008ff00000, 0x000000008ff00000| Untracked 
| 256|0x0000000090000000, 0x0000000090000000, 0x0000000090100000|  0%| F|  |TAMS 0x0000000090000000, 0x0000000090000000| Untracked 
| 257|0x0000000090100000, 0x0000000090100000, 0x0000000090200000|  0%| F|  |TAMS 0x0000000090100000, 0x0000000090100000| Untracked 
| 258|0x0000000090200000, 0x0000000090200000, 0x0000000090300000|  0%| F|  |TAMS 0x0000000090200000, 0x0000000090200000| Untracked 
| 259|0x0000000090300000, 0x0000000090300000, 0x0000000090400000|  0%| F|  |TAMS 0x0000000090300000, 0x0000000090300000| Untracked 
| 260|0x0000000090400000, 0x0000000090400000, 0x0000000090500000|  0%| F|  |TAMS 0x0000000090400000, 0x0000000090400000| Untracked 
| 261|0x0000000090500000, 0x0000000090500000, 0x0000000090600000|  0%| F|  |TAMS 0x0000000090500000, 0x0000000090500000| Untracked 
| 262|0x0000000090600000, 0x0000000090600000, 0x0000000090700000|  0%| F|  |TAMS 0x0000000090600000, 0x0000000090600000| Untracked 
| 263|0x0000000090700000, 0x0000000090700000, 0x0000000090800000|  0%| F|  |TAMS 0x0000000090700000, 0x0000000090700000| Untracked 
| 264|0x0000000090800000, 0x0000000090800000, 0x0000000090900000|  0%| F|  |TAMS 0x0000000090800000, 0x0000000090800000| Untracked 
| 265|0x0000000090900000, 0x0000000090900000, 0x0000000090a00000|  0%| F|  |TAMS 0x0000000090900000, 0x0000000090900000| Untracked 
| 266|0x0000000090a00000, 0x0000000090b00000, 0x0000000090b00000|100%| S|CS|TAMS 0x0000000090a00000, 0x0000000090a00000| Complete 
| 267|0x0000000090b00000, 0x0000000090c00000, 0x0000000090c00000|100%| S|CS|TAMS 0x0000000090b00000, 0x0000000090b00000| Complete 
| 268|0x0000000090c00000, 0x0000000090d00000, 0x0000000090d00000|100%| S|CS|TAMS 0x0000000090c00000, 0x0000000090c00000| Complete 
| 269|0x0000000090d00000, 0x0000000090e00000, 0x0000000090e00000|100%| S|CS|TAMS 0x0000000090d00000, 0x0000000090d00000| Complete 
| 270|0x0000000090e00000, 0x0000000090f00000, 0x0000000090f00000|100%| S|CS|TAMS 0x0000000090e00000, 0x0000000090e00000| Complete 
| 271|0x0000000090f00000, 0x0000000091000000, 0x0000000091000000|100%| S|CS|TAMS 0x0000000090f00000, 0x0000000090f00000| Complete 
| 272|0x0000000091000000, 0x0000000091000000, 0x0000000091100000|  0%| F|  |TAMS 0x0000000091000000, 0x0000000091000000| Untracked 
| 273|0x0000000091100000, 0x0000000091100000, 0x0000000091200000|  0%| F|  |TAMS 0x0000000091100000, 0x0000000091100000| Untracked 
| 274|0x0000000091200000, 0x0000000091200000, 0x0000000091300000|  0%| F|  |TAMS 0x0000000091200000, 0x0000000091200000| Untracked 
| 275|0x0000000091300000, 0x0000000091300000, 0x0000000091400000|  0%| F|  |TAMS 0x0000000091300000, 0x0000000091300000| Untracked 
| 276|0x0000000091400000, 0x0000000091400000, 0x0000000091500000|  0%| F|  |TAMS 0x0000000091400000, 0x0000000091400000| Untracked 
| 277|0x0000000091500000, 0x0000000091500000, 0x0000000091600000|  0%| F|  |TAMS 0x0000000091500000, 0x0000000091500000| Untracked 
| 278|0x0000000091600000, 0x0000000091600000, 0x0000000091700000|  0%| F|  |TAMS 0x0000000091600000, 0x0000000091600000| Untracked 
| 279|0x0000000091700000, 0x0000000091700000, 0x0000000091800000|  0%| F|  |TAMS 0x0000000091700000, 0x0000000091700000| Untracked 
| 280|0x0000000091800000, 0x0000000091800000, 0x0000000091900000|  0%| F|  |TAMS 0x0000000091800000, 0x0000000091800000| Untracked 
| 281|0x0000000091900000, 0x0000000091900000, 0x0000000091a00000|  0%| F|  |TAMS 0x0000000091900000, 0x0000000091900000| Untracked 
| 282|0x0000000091a00000, 0x0000000091a00000, 0x0000000091b00000|  0%| F|  |TAMS 0x0000000091a00000, 0x0000000091a00000| Untracked 
| 283|0x0000000091b00000, 0x0000000091b00000, 0x0000000091c00000|  0%| F|  |TAMS 0x0000000091b00000, 0x0000000091b00000| Untracked 
| 284|0x0000000091c00000, 0x0000000091c00000, 0x0000000091d00000|  0%| F|  |TAMS 0x0000000091c00000, 0x0000000091c00000| Untracked 
| 285|0x0000000091d00000, 0x0000000091d00000, 0x0000000091e00000|  0%| F|  |TAMS 0x0000000091d00000, 0x0000000091d00000| Untracked 
| 286|0x0000000091e00000, 0x0000000091e00000, 0x0000000091f00000|  0%| F|  |TAMS 0x0000000091e00000, 0x0000000091e00000| Untracked 
| 287|0x0000000091f00000, 0x0000000091f00000, 0x0000000092000000|  0%| F|  |TAMS 0x0000000091f00000, 0x0000000091f00000| Untracked 
| 288|0x0000000092000000, 0x0000000092000000, 0x0000000092100000|  0%| F|  |TAMS 0x0000000092000000, 0x0000000092000000| Untracked 
| 289|0x0000000092100000, 0x0000000092100000, 0x0000000092200000|  0%| F|  |TAMS 0x0000000092100000, 0x0000000092100000| Untracked 
| 290|0x0000000092200000, 0x0000000092200000, 0x0000000092300000|  0%| F|  |TAMS 0x0000000092200000, 0x0000000092200000| Untracked 
| 291|0x0000000092300000, 0x0000000092300000, 0x0000000092400000|  0%| F|  |TAMS 0x0000000092300000, 0x0000000092300000| Untracked 
| 292|0x0000000092400000, 0x0000000092400000, 0x0000000092500000|  0%| F|  |TAMS 0x0000000092400000, 0x0000000092400000| Untracked 
| 293|0x0000000092500000, 0x0000000092500000, 0x0000000092600000|  0%| F|  |TAMS 0x0000000092500000, 0x0000000092500000| Untracked 
| 294|0x0000000092600000, 0x0000000092600000, 0x0000000092700000|  0%| F|  |TAMS 0x0000000092600000, 0x0000000092600000| Untracked 
| 295|0x0000000092700000, 0x0000000092700000, 0x0000000092800000|  0%| F|  |TAMS 0x0000000092700000, 0x0000000092700000| Untracked 
| 296|0x0000000092800000, 0x0000000092800000, 0x0000000092900000|  0%| F|  |TAMS 0x0000000092800000, 0x0000000092800000| Untracked 
| 297|0x0000000092900000, 0x0000000092900000, 0x0000000092a00000|  0%| F|  |TAMS 0x0000000092900000, 0x0000000092900000| Untracked 
| 298|0x0000000092a00000, 0x0000000092a00000, 0x0000000092b00000|  0%| F|  |TAMS 0x0000000092a00000, 0x0000000092a00000| Untracked 
| 299|0x0000000092b00000, 0x0000000092b00000, 0x0000000092c00000|  0%| F|  |TAMS 0x0000000092b00000, 0x0000000092b00000| Untracked 
| 300|0x0000000092c00000, 0x0000000092c00000, 0x0000000092d00000|  0%| F|  |TAMS 0x0000000092c00000, 0x0000000092c00000| Untracked 
| 301|0x0000000092d00000, 0x0000000092d00000, 0x0000000092e00000|  0%| F|  |TAMS 0x0000000092d00000, 0x0000000092d00000| Untracked 
| 302|0x0000000092e00000, 0x0000000092e00000, 0x0000000092f00000|  0%| F|  |TAMS 0x0000000092e00000, 0x0000000092e00000| Untracked 
| 303|0x0000000092f00000, 0x0000000092f00000, 0x0000000093000000|  0%| F|  |TAMS 0x0000000092f00000, 0x0000000092f00000| Untracked 
| 304|0x0000000093000000, 0x0000000093000000, 0x0000000093100000|  0%| F|  |TAMS 0x0000000093000000, 0x0000000093000000| Untracked 
| 305|0x0000000093100000, 0x0000000093100000, 0x0000000093200000|  0%| F|  |TAMS 0x0000000093100000, 0x0000000093100000| Untracked 
| 306|0x0000000093200000, 0x0000000093200000, 0x0000000093300000|  0%| F|  |TAMS 0x0000000093200000, 0x0000000093200000| Untracked 
| 307|0x0000000093300000, 0x0000000093300000, 0x0000000093400000|  0%| F|  |TAMS 0x0000000093300000, 0x0000000093300000| Untracked 
| 308|0x0000000093400000, 0x0000000093400000, 0x0000000093500000|  0%| F|  |TAMS 0x0000000093400000, 0x0000000093400000| Untracked 
| 309|0x0000000093500000, 0x0000000093500000, 0x0000000093600000|  0%| F|  |TAMS 0x0000000093500000, 0x0000000093500000| Untracked 
| 310|0x0000000093600000, 0x0000000093600000, 0x0000000093700000|  0%| F|  |TAMS 0x0000000093600000, 0x0000000093600000| Untracked 

Card table byte_map: [0x00000273a6fc0000,0x00000273a73c0000] _byte_map_base: 0x00000273a6bc0000

Marking Bits (Prev, Next): (CMBitMap*) 0x000002739427c490, (CMBitMap*) 0x000002739427c458
 Prev Bits: [0x00000273a97c0000, 0x00000273ab7c0000)
 Next Bits: [0x00000273a77c0000, 0x00000273a97c0000)

Polling page: 0x0000027392070000

Metaspace:

Usage:
  Non-class:     85.99 MB capacity,    84.50 MB ( 98%) used,     1.24 MB (  1%) free+waste,   250.19 KB ( <1%) overhead. 
      Class:     12.63 MB capacity,    11.85 MB ( 94%) used,   692.98 KB (  5%) free+waste,   107.44 KB ( <1%) overhead. 
       Both:     98.62 MB capacity,    96.35 MB ( 98%) used,     1.92 MB (  2%) free+waste,   357.63 KB ( <1%) overhead. 

Virtual space:
  Non-class space:       88.00 MB reserved,      86.07 MB ( 98%) committed 
      Class space:        1.00 GB reserved,      12.75 MB (  1%) committed 
             Both:        1.09 GB reserved,      98.82 MB (  9%) committed 

Chunk freelists:
   Non-Class:  21.00 KB
       Class:  60.00 KB
        Both:  81.00 KB

MaxMetaspaceSize: 17179869184.00 GB
CompressedClassSpaceSize: 1.00 GB

CodeHeap 'non-profiled nmethods': size=120064Kb used=9631Kb max_used=9662Kb free=110432Kb
 bounds [0x000002739f680000, 0x000002739fff0000, 0x00000273a6bc0000]
CodeHeap 'profiled nmethods': size=120000Kb used=32158Kb max_used=32967Kb free=87841Kb
 bounds [0x0000027398150000, 0x000002739a190000, 0x000002739f680000]
CodeHeap 'non-nmethods': size=5696Kb used=2276Kb max_used=2322Kb free=3419Kb
 bounds [0x0000027397bc0000, 0x0000027397e30000, 0x0000027398150000]
 total_blobs=15536 nmethods=14657 adapters=789
 compilation: enabled
              stopped_count=0, restarted_count=0
 full_count=0

Compilation events (20 events):
Event: 2510.528 Thread 0x00000273adcc4000 15531       3       com.sun.tools.javac.tree.TreeMaker::MethodDef (79 bytes)
Event: 2510.529 Thread 0x00000273adcc4000 nmethod 15531 0x00000273982a9010 code [0x00000273982a92c0, 0x00000273982a9fe8]
Event: 2510.550 Thread 0x00000273b9355000 nmethod 15521% 0x000002739f867e90 code [0x000002739f868160, 0x000002739f86a100]
Event: 2510.550 Thread 0x00000273b9355000 15525       4       com.sun.tools.javac.util.ListBuffer::next (56 bytes)
Event: 2510.553 Thread 0x00000273b9355000 nmethod 15525 0x000002739f7c6c10 code [0x000002739f7c6dc0, 0x000002739f7c7018]
Event: 2510.553 Thread 0x00000273b9355000 15528       4       com.sun.tools.javac.code.Scope$ScopeImpl$1::next (5 bytes)
Event: 2510.557 Thread 0x00000273b9355000 nmethod 15528 0x000002739f7de010 code [0x000002739f7de1c0, 0x000002739f7de428]
Event: 2510.557 Thread 0x00000273b9355000 15527       4       com.sun.tools.javac.comp.MemberEnter::memberEnter (30 bytes)
Event: 2510.565 Thread 0x00000273b9355000 nmethod 15527 0x000002739f7e4c90 code [0x000002739f7e4e60, 0x000002739f7e5498]
Event: 2510.565 Thread 0x00000273b9355000 15523       4       com.sun.tools.javac.util.Names::fromUtf (11 bytes)
Event: 2510.566 Thread 0x00000273b9355000 nmethod 15523 0x000002739f79c110 code [0x000002739f79c2c0, 0x000002739f79c388]
Event: 2510.566 Thread 0x00000273b9355000 15524       4       com.sun.tools.javac.jvm.ClassReader::enterClass (44 bytes)
Event: 2510.568 Thread 0x00000273b9355000 nmethod 15524 0x000002739f79cc10 code [0x000002739f79cdc0, 0x000002739f79cec8]
Event: 2510.568 Thread 0x00000273b9355000 15522       4       com.sun.tools.javac.code.Symbol$ClassSymbol::erasure (45 bytes)
Event: 2510.577 Thread 0x00000273b9355000 nmethod 15522 0x000002739f866f90 code [0x000002739f867160, 0x000002739f867a18]
Event: 2510.577 Thread 0x00000273b9355000 15532   !   4       com.sun.tools.javac.jvm.ClassReader::classSigToType (498 bytes)
Event: 2510.617 Thread 0x00000273b9355000 nmethod 15532 0x000002739f864810 code [0x000002739f864aa0, 0x000002739f866290]
Event: 2510.618 Thread 0x00000273b9355000 15534       4       com.sun.tools.javac.jvm.ClassReader$AnnotationDeproxy::deproxyCompoundList (46 bytes)
Event: 2510.640 Thread 0x00000273adcc4000 15543       2       com.sun.tools.javac.util.List::append (9 bytes)
Event: 2510.640 Thread 0x00000273adcc4000 nmethod 15543 0x0000027398277110 code [0x00000273982772e0, 0x0000027398277528]

GC Heap History (20 events):
Event: 2506.880 GC heap after
{Heap after GC invocations=59 (full 0):
 garbage-first heap   total 233472K, used 181861K [0x0000000080000000, 0x0000000100000000)
  region size 1024K, 3 young (3072K), 3 survivors (3072K)
 Metaspace       used 90879K, capacity 93207K, committed 93384K, reserved 1130496K
  class space    used 11284K, capacity 12075K, committed 12160K, reserved 1048576K
}
Event: 2507.221 GC heap before
{Heap before GC invocations=59 (full 0):
 garbage-first heap   total 233472K, used 192101K [0x0000000080000000, 0x0000000100000000)
  region size 1024K, 13 young (13312K), 3 survivors (3072K)
 Metaspace       used 91304K, capacity 93687K, committed 94024K, reserved 1130496K
  class space    used 11306K, capacity 12146K, committed 12288K, reserved 1048576K
}
Event: 2507.233 GC heap after
{Heap after GC invocations=60 (full 0):
 garbage-first heap   total 233472K, used 185024K [0x0000000080000000, 0x0000000100000000)
  region size 1024K, 2 young (2048K), 2 survivors (2048K)
 Metaspace       used 91304K, capacity 93687K, committed 94024K, reserved 1130496K
  class space    used 11306K, capacity 12146K, committed 12288K, reserved 1048576K
}
Event: 2507.486 GC heap before
{Heap before GC invocations=61 (full 0):
 garbage-first heap   total 233472K, used 194240K [0x0000000080000000, 0x0000000100000000)
  region size 1024K, 12 young (12288K), 2 survivors (2048K)
 Metaspace       used 92703K, capacity 94941K, committed 95176K, reserved 1132544K
  class space    used 11421K, capacity 12242K, committed 12416K, reserved 1048576K
}
Event: 2507.494 GC heap after
{Heap after GC invocations=62 (full 0):
 garbage-first heap   total 233472K, used 186332K [0x0000000080000000, 0x0000000100000000)
  region size 1024K, 1 young (1024K), 1 survivors (1024K)
 Metaspace       used 92703K, capacity 94941K, committed 95176K, reserved 1132544K
  class space    used 11421K, capacity 12242K, committed 12416K, reserved 1048576K
}
Event: 2507.793 GC heap before
{Heap before GC invocations=62 (full 0):
 garbage-first heap   total 233472K, used 195548K [0x0000000080000000, 0x0000000100000000)
  region size 1024K, 11 young (11264K), 1 survivors (1024K)
 Metaspace       used 94540K, capacity 96861K, committed 97096K, reserved 1134592K
  class space    used 11630K, capacity 12434K, committed 12544K, reserved 1048576K
}
Event: 2507.796 GC heap after
{Heap after GC invocations=63 (full 0):
 garbage-first heap   total 233472K, used 186517K [0x0000000080000000, 0x0000000100000000)
  region size 1024K, 2 young (2048K), 2 survivors (2048K)
 Metaspace       used 94540K, capacity 96861K, committed 97096K, reserved 1134592K
  class space    used 11630K, capacity 12434K, committed 12544K, reserved 1048576K
}
Event: 2509.144 GC heap before
{Heap before GC invocations=64 (full 0):
 garbage-first heap   total 233472K, used 197781K [0x0000000080000000, 0x0000000100000000)
  region size 1024K, 13 young (13312K), 2 survivors (2048K)
 Metaspace       used 96841K, capacity 99113K, committed 99400K, reserved 1136640K
  class space    used 11941K, capacity 12738K, committed 12800K, reserved 1048576K
}
Event: 2509.149 GC heap after
{Heap after GC invocations=65 (full 0):
 garbage-first heap   total 233472K, used 187172K [0x0000000080000000, 0x0000000100000000)
  region size 1024K, 1 young (1024K), 1 survivors (1024K)
 Metaspace       used 96841K, capacity 99113K, committed 99400K, reserved 1136640K
  class space    used 11941K, capacity 12738K, committed 12800K, reserved 1048576K
}
Event: 2509.318 GC heap before
{Heap before GC invocations=65 (full 0):
 garbage-first heap   total 233472K, used 197412K [0x0000000080000000, 0x0000000100000000)
  region size 1024K, 11 young (11264K), 1 survivors (1024K)
 Metaspace       used 98328K, capacity 100553K, committed 100936K, reserved 1136640K
  class space    used 12101K, capacity 12898K, committed 13056K, reserved 1048576K
}
Event: 2509.346 GC heap after
{Heap after GC invocations=66 (full 0):
 garbage-first heap   total 233472K, used 178027K [0x0000000080000000, 0x0000000100000000)
  region size 1024K, 2 young (2048K), 2 survivors (2048K)
 Metaspace       used 98328K, capacity 100553K, committed 100936K, reserved 1136640K
  class space    used 12101K, capacity 12898K, committed 13056K, reserved 1048576K
}
Event: 2509.650 GC heap before
{Heap before GC invocations=66 (full 0):
 garbage-first heap   total 233472K, used 193387K [0x0000000080000000, 0x0000000100000000)
  region size 1024K, 18 young (18432K), 2 survivors (2048K)
 Metaspace       used 98619K, capacity 100917K, committed 101192K, reserved 1138688K
  class space    used 12131K, capacity 12932K, committed 13056K, reserved 1048576K
}
Event: 2509.667 GC heap after
{Heap after GC invocations=67 (full 0):
 garbage-first heap   total 318464K, used 182705K [0x0000000080000000, 0x0000000100000000)
  region size 1024K, 3 young (3072K), 3 survivors (3072K)
 Metaspace       used 98619K, capacity 100917K, committed 101192K, reserved 1138688K
  class space    used 12131K, capacity 12932K, committed 13056K, reserved 1048576K
}
Event: 2510.111 GC heap before
{Heap before GC invocations=68 (full 0):
 garbage-first heap   total 318464K, used 228785K [0x0000000080000000, 0x0000000100000000)
  region size 1024K, 56 young (57344K), 3 survivors (3072K)
 Metaspace       used 98631K, capacity 100981K, committed 101192K, reserved 1138688K
  class space    used 12131K, capacity 12932K, committed 13056K, reserved 1048576K
}
Event: 2510.161 GC heap after
{Heap after GC invocations=69 (full 0):
 garbage-first heap   total 318464K, used 204700K [0x0000000080000000, 0x0000000100000000)
  region size 1024K, 7 young (7168K), 7 survivors (7168K)
 Metaspace       used 98631K, capacity 100981K, committed 101192K, reserved 1138688K
  class space    used 12131K, capacity 12932K, committed 13056K, reserved 1048576K
}
Event: 2510.223 GC heap before
{Heap before GC invocations=69 (full 0):
 garbage-first heap   total 318464K, used 212892K [0x0000000080000000, 0x0000000100000000)
  region size 1024K, 15 young (15360K), 7 survivors (7168K)
 Metaspace       used 98639K, capacity 100982K, committed 101192K, reserved 1138688K
  class space    used 12131K, capacity 12932K, committed 13056K, reserved 1048576K
}
Event: 2510.257 GC heap after
{Heap after GC invocations=70 (full 0):
 garbage-first heap   total 318464K, used 190976K [0x0000000080000000, 0x0000000100000000)
  region size 1024K, 2 young (2048K), 2 survivors (2048K)
 Metaspace       used 98639K, capacity 100982K, committed 101192K, reserved 1138688K
  class space    used 12131K, capacity 12932K, committed 13056K, reserved 1048576K
}
Event: 2510.486 GC heap before
{Heap before GC invocations=70 (full 0):
 garbage-first heap   total 318464K, used 235008K [0x0000000080000000, 0x0000000100000000)
  region size 1024K, 45 young (46080K), 2 survivors (2048K)
 Metaspace       used 98659K, capacity 100983K, committed 101192K, reserved 1138688K
  class space    used 12131K, capacity 12932K, committed 13056K, reserved 1048576K
}
Event: 2510.506 GC heap after
{Heap after GC invocations=71 (full 0):
 garbage-first heap   total 318464K, used 202752K [0x0000000080000000, 0x0000000100000000)
  region size 1024K, 6 young (6144K), 6 survivors (6144K)
 Metaspace       used 98659K, capacity 100983K, committed 101192K, reserved 1138688K
  class space    used 12131K, capacity 12932K, committed 13056K, reserved 1048576K
}
Event: 2510.643 GC heap before
{Heap before GC invocations=71 (full 0):
 garbage-first heap   total 318464K, used 242688K [0x0000000080000000, 0x0000000100000000)
  region size 1024K, 45 young (46080K), 6 survivors (6144K)
 Metaspace       used 98660K, capacity 100983K, committed 101192K, reserved 1138688K
  class space    used 12131K, capacity 12932K, committed 13056K, reserved 1048576K
}

Deoptimization events (20 events):
Event: 2510.287 Thread 0x00000273b4659800 DEOPT PACKING pc=0x000002739ffb3ec0 sp=0x00000078b7cfa1c0
Event: 2510.287 Thread 0x00000273b4659800 DEOPT UNPACKING pc=0x0000027397be742f sp=0x00000078b7cfa178 mode 2
Event: 2510.406 Thread 0x00000273b4659800 Uncommon trap: trap_request=0xffffffde fr.pc=0x000002739f6f0a80 relative=0x00000000000017a0
Event: 2510.406 Thread 0x00000273b4659800 Uncommon trap: reason=class_check action=maybe_recompile pc=0x000002739f6f0a80 method=com.sun.tools.javac.code.Symbol$ClassSymbol.erasure(Lcom/sun/tools/javac/code/Types;)Lcom/sun/tools/javac/code/Type; @ 17 c2
Event: 2510.406 Thread 0x00000273b4659800 DEOPT PACKING pc=0x000002739f6f0a80 sp=0x00000078b7cf83e0
Event: 2510.406 Thread 0x00000273b4659800 DEOPT UNPACKING pc=0x0000027397be742f sp=0x00000078b7cf8330 mode 2
Event: 2510.418 Thread 0x00000273b4659800 Uncommon trap: trap_request=0xffffffde fr.pc=0x000002739f6f0a80 relative=0x00000000000017a0
Event: 2510.418 Thread 0x00000273b4659800 Uncommon trap: reason=class_check action=maybe_recompile pc=0x000002739f6f0a80 method=com.sun.tools.javac.code.Symbol$ClassSymbol.erasure(Lcom/sun/tools/javac/code/Types;)Lcom/sun/tools/javac/code/Type; @ 17 c2
Event: 2510.418 Thread 0x00000273b4659800 DEOPT PACKING pc=0x000002739f6f0a80 sp=0x00000078b7cf8d50
Event: 2510.418 Thread 0x00000273b4659800 DEOPT UNPACKING pc=0x0000027397be742f sp=0x00000078b7cf8ca0 mode 2
Event: 2510.483 Thread 0x00000273b4659800 DEOPT PACKING pc=0x0000027399f5168d sp=0x00000078b7cf99e0
Event: 2510.483 Thread 0x00000273b4659800 DEOPT UNPACKING pc=0x0000027397be724e sp=0x00000078b7cf8e88 mode 0
Event: 2510.514 Thread 0x00000273b4659800 DEOPT PACKING pc=0x0000027399f5168d sp=0x00000078b7cf99e0
Event: 2510.514 Thread 0x00000273b4659800 DEOPT UNPACKING pc=0x0000027397be724e sp=0x00000078b7cf8e88 mode 0
Event: 2510.524 Thread 0x00000273b4659800 DEOPT PACKING pc=0x0000027399f5168d sp=0x00000078b7cf99e0
Event: 2510.524 Thread 0x00000273b4659800 DEOPT UNPACKING pc=0x0000027397be724e sp=0x00000078b7cf8e88 mode 0
Event: 2510.551 Thread 0x00000273b4659800 DEOPT PACKING pc=0x0000027399f5168d sp=0x00000078b7cf99e0
Event: 2510.551 Thread 0x00000273b4659800 DEOPT UNPACKING pc=0x0000027397be724e sp=0x00000078b7cf8e88 mode 0
Event: 2510.565 Thread 0x00000273b4659800 DEOPT PACKING pc=0x0000027399f5168d sp=0x00000078b7cf99e0
Event: 2510.565 Thread 0x00000273b4659800 DEOPT UNPACKING pc=0x0000027397be724e sp=0x00000078b7cf8e88 mode 0

Classes redefined (0 events):
No events

Internal exceptions (20 events):
Event: 2497.897 Thread 0x00000273b4659800 Implicit null exception at 0x000002739fcd0aec to 0x000002739fcd173c
Event: 2501.487 Thread 0x00000273b4659800 Exception <a 'java/lang/NoSuchMethodError'{0x0000000089323320}: 'java.lang.Object java.lang.invoke.Invokers$Holder.linkToTargetMethod(java.lang.Object, java.lang.Object, java.lang.Object, int, int, java.lang.Object)'> (0x0000000089323320) thrown at [./src/hotspot/share/interpreter/linkResolver.cpp, line 773]
Event: 2501.550 Thread 0x00000273b4659800 Exception <a 'java/lang/NoSuchMethodError'{0x00000000891e3638}: 'int java.lang.invoke.DirectMethodHandle$Holder.invokeVirtual(java.lang.Object, java.lang.Object, java.lang.Object)'> (0x00000000891e3638) thrown at [./src/hotspot/share/interpreter/linkResolver.cpp, line 773]
Event: 2503.969 Thread 0x00000273b4659800 Exception <a 'sun/nio/fs/WindowsException'{0x0000000089bb9f40}> (0x0000000089bb9f40) thrown at [./src/hotspot/share/prims/jni.cpp, line 615]
Event: 2503.969 Thread 0x00000273b4659800 Exception <a 'sun/nio/fs/WindowsException'{0x0000000089bba048}> (0x0000000089bba048) thrown at [./src/hotspot/share/prims/jni.cpp, line 615]
Event: 2509.289 Thread 0x00000273b4659800 Exception <a 'sun/nio/fs/WindowsException'{0x000000008dcc3a00}> (0x000000008dcc3a00) thrown at [./src/hotspot/share/prims/jni.cpp, line 615]
Event: 2509.290 Thread 0x00000273b4659800 Exception <a 'sun/nio/fs/WindowsException'{0x000000008dcc4298}> (0x000000008dcc4298) thrown at [./src/hotspot/share/prims/jni.cpp, line 615]
Event: 2509.292 Thread 0x00000273b4659800 Exception <a 'sun/nio/fs/WindowsException'{0x000000008dcd4ce0}> (0x000000008dcd4ce0) thrown at [./src/hotspot/share/prims/jni.cpp, line 615]
Event: 2509.292 Thread 0x00000273b4659800 Exception <a 'sun/nio/fs/WindowsException'{0x000000008dcd5f38}> (0x000000008dcd5f38) thrown at [./src/hotspot/share/prims/jni.cpp, line 615]
Event: 2509.292 Thread 0x00000273b4659800 Exception <a 'sun/nio/fs/WindowsException'{0x000000008dcd7148}> (0x000000008dcd7148) thrown at [./src/hotspot/share/prims/jni.cpp, line 615]
Event: 2509.292 Thread 0x00000273b4659800 Exception <a 'sun/nio/fs/WindowsException'{0x000000008dcd72a0}> (0x000000008dcd72a0) thrown at [./src/hotspot/share/prims/jni.cpp, line 615]
Event: 2509.292 Thread 0x00000273b4659800 Exception <a 'sun/nio/fs/WindowsException'{0x000000008dcd94a8}> (0x000000008dcd94a8) thrown at [./src/hotspot/share/prims/jni.cpp, line 615]
Event: 2509.292 Thread 0x00000273b4659800 Exception <a 'sun/nio/fs/WindowsException'{0x000000008dcd95e8}> (0x000000008dcd95e8) thrown at [./src/hotspot/share/prims/jni.cpp, line 615]
Event: 2509.292 Thread 0x00000273b4659800 Exception <a 'sun/nio/fs/WindowsException'{0x000000008dcdb7d8}> (0x000000008dcdb7d8) thrown at [./src/hotspot/share/prims/jni.cpp, line 615]
Event: 2509.292 Thread 0x00000273b4659800 Exception <a 'sun/nio/fs/WindowsException'{0x000000008dcdb908}> (0x000000008dcdb908) thrown at [./src/hotspot/share/prims/jni.cpp, line 615]
Event: 2509.292 Thread 0x00000273b4659800 Exception <a 'sun/nio/fs/WindowsException'{0x000000008dcddae0}> (0x000000008dcddae0) thrown at [./src/hotspot/share/prims/jni.cpp, line 615]
Event: 2509.292 Thread 0x00000273b4659800 Exception <a 'sun/nio/fs/WindowsException'{0x000000008dcddc00}> (0x000000008dcddc00) thrown at [./src/hotspot/share/prims/jni.cpp, line 615]
Event: 2509.292 Thread 0x00000273b4659800 Exception <a 'sun/nio/fs/WindowsException'{0x000000008dcdfdd0}> (0x000000008dcdfdd0) thrown at [./src/hotspot/share/prims/jni.cpp, line 615]
Event: 2509.363 Thread 0x00000273b4659800 Exception <a 'sun/nio/fs/WindowsException'{0x000000008e2e2ed8}> (0x000000008e2e2ed8) thrown at [./src/hotspot/share/prims/jni.cpp, line 615]
Event: 2509.388 Thread 0x00000273b4659800 Exception <a 'java/lang/NullPointerException'{0x000000008e19a670}> (0x000000008e19a670) thrown at [./src/hotspot/share/interpreter/linkResolver.cpp, line 1358]

Events (20 events):
Event: 2509.443 Thread 0x00000273adcc5000 flushing nmethod 0x0000027398b5f710
Event: 2509.443 Thread 0x00000273adcc5000 flushing nmethod 0x0000027398babe10
Event: 2509.443 Thread 0x00000273adcc5000 flushing nmethod 0x0000027398bc7c90
Event: 2509.443 Thread 0x00000273adcc5000 flushing nmethod 0x0000027398be2710
Event: 2509.444 Thread 0x00000273adcc5000 flushing nmethod 0x0000027398e3f310
Event: 2509.444 Thread 0x00000273adcc5000 flushing nmethod 0x0000027398e5b110
Event: 2509.448 Thread 0x00000273adcc5000 flushing nmethod 0x0000027399316110
Event: 2509.650 Executing VM operation: G1CollectForAllocation
Event: 2509.667 Executing VM operation: G1CollectForAllocation done
Event: 2509.944 Executing VM operation: CGC_Operation
Event: 2509.957 Executing VM operation: CGC_Operation done
Event: 2510.101 Executing VM operation: CGC_Operation
Event: 2510.101 Executing VM operation: CGC_Operation done
Event: 2510.111 Executing VM operation: G1CollectForAllocation
Event: 2510.161 Executing VM operation: G1CollectForAllocation done
Event: 2510.223 Executing VM operation: G1CollectForAllocation
Event: 2510.257 Executing VM operation: G1CollectForAllocation done
Event: 2510.486 Executing VM operation: G1CollectForAllocation
Event: 2510.506 Executing VM operation: G1CollectForAllocation done
Event: 2510.643 Executing VM operation: G1CollectForAllocation


Dynamic libraries:
0x00007ff761950000 - 0x00007ff76195a000 	C:\Program Files\Android\Android Studio\jre\bin\java.exe
0x00007fff91df0000 - 0x00007fff91fe5000 	C:\WINDOWS\SYSTEM32\ntdll.dll
0x00007fff91280000 - 0x00007fff9133d000 	C:\WINDOWS\System32\KERNEL32.DLL
0x00007fff8f580000 - 0x00007fff8f848000 	C:\WINDOWS\System32\KERNELBASE.dll
0x00007fff8fb30000 - 0x00007fff8fc30000 	C:\WINDOWS\System32\ucrtbase.dll
0x00007fff749d0000 - 0x00007fff749e7000 	C:\Program Files\Android\Android Studio\jre\bin\VCRUNTIME140.dll
0x00007fff774a0000 - 0x00007fff774b9000 	C:\Program Files\Android\Android Studio\jre\bin\jli.dll
0x00007fff90140000 - 0x00007fff902e0000 	C:\WINDOWS\System32\USER32.dll
0x00007fff80e30000 - 0x00007fff810ca000 	C:\WINDOWS\WinSxS\amd64_microsoft.windows.common-controls_6595b64144ccf1df_6.0.19041.1052_none_60b8f8fd71f5e8cb\COMCTL32.dll
0x00007fff8fd90000 - 0x00007fff8fdb2000 	C:\WINDOWS\System32\win32u.dll
0x00007fff91890000 - 0x00007fff918ba000 	C:\WINDOWS\System32\GDI32.dll
0x00007fff90bb0000 - 0x00007fff90c4e000 	C:\WINDOWS\System32\msvcrt.dll
0x00007fff8f850000 - 0x00007fff8f95b000 	C:\WINDOWS\System32\gdi32full.dll
0x00007fff8fdc0000 - 0x00007fff8fe5d000 	C:\WINDOWS\System32\msvcp_win.dll
0x00007fff90c50000 - 0x00007fff90c80000 	C:\WINDOWS\System32\IMM32.DLL
0x00007fff5a4e0000 - 0x00007fff5a57d000 	C:\Program Files\Android\Android Studio\jre\bin\msvcp140.dll
0x00007fff59780000 - 0x00007fff5a23c000 	C:\Program Files\Android\Android Studio\jre\bin\server\jvm.dll
0x00007fff91340000 - 0x00007fff913ec000 	C:\WINDOWS\System32\ADVAPI32.dll
0x00007fff91510000 - 0x00007fff915ab000 	C:\WINDOWS\System32\sechost.dll
0x00007fff8ffb0000 - 0x00007fff900db000 	C:\WINDOWS\System32\RPCRT4.dll
0x00007fff918c0000 - 0x00007fff918c8000 	C:\WINDOWS\System32\PSAPI.DLL
0x00007fff59750000 - 0x00007fff59759000 	C:\WINDOWS\SYSTEM32\WSOCK32.dll
0x00007fff83b60000 - 0x00007fff83b87000 	C:\WINDOWS\SYSTEM32\WINMM.dll
0x00007fff90da0000 - 0x00007fff90e0b000 	C:\WINDOWS\System32\WS2_32.dll
0x00007fff861b0000 - 0x00007fff861ba000 	C:\WINDOWS\SYSTEM32\VERSION.dll
0x00007fff8d4a0000 - 0x00007fff8d4b2000 	C:\WINDOWS\SYSTEM32\kernel.appcore.dll
0x00007fff59730000 - 0x00007fff59741000 	C:\Program Files\Android\Android Studio\jre\bin\verify.dll
0x00007fff7a5a0000 - 0x00007fff7a784000 	C:\WINDOWS\SYSTEM32\DBGHELP.DLL
0x00007fff7a510000 - 0x00007fff7a53c000 	C:\WINDOWS\SYSTEM32\dbgcore.DLL
0x00007fff8f960000 - 0x00007fff8f9e3000 	C:\WINDOWS\System32\bcryptPrimitives.dll
0x00007fff59700000 - 0x00007fff59729000 	C:\Program Files\Android\Android Studio\jre\bin\java.dll
0x00007fff596f0000 - 0x00007fff596fb000 	C:\Program Files\Android\Android Studio\jre\bin\jimage.dll
0x00007fff596d0000 - 0x00007fff596e8000 	C:\Program Files\Android\Android Studio\jre\bin\zip.dll
0x00007fff90470000 - 0x00007fff90baf000 	C:\WINDOWS\System32\SHELL32.dll
0x00007fff8d6a0000 - 0x00007fff8de30000 	C:\WINDOWS\SYSTEM32\windows.storage.dll
0x00007fff918f0000 - 0x00007fff91c45000 	C:\WINDOWS\System32\combase.dll
0x00007fff8ef30000 - 0x00007fff8ef5c000 	C:\WINDOWS\SYSTEM32\Wldp.dll
0x00007fff903c0000 - 0x00007fff9046e000 	C:\WINDOWS\System32\SHCORE.dll
0x00007fff8fef0000 - 0x00007fff8ff45000 	C:\WINDOWS\System32\shlwapi.dll
0x00007fff8f470000 - 0x00007fff8f48f000 	C:\WINDOWS\SYSTEM32\profapi.dll
0x00007fff596b0000 - 0x00007fff596ca000 	C:\Program Files\Android\Android Studio\jre\bin\net.dll
0x00007fff84bb0000 - 0x00007fff84cbb000 	C:\WINDOWS\SYSTEM32\WINHTTP.dll
0x00007fff8ec40000 - 0x00007fff8ecaa000 	C:\WINDOWS\system32\mswsock.dll
0x00007fff59690000 - 0x00007fff596a4000 	C:\Program Files\Android\Android Studio\jre\bin\nio.dll
0x00007fff77510000 - 0x00007fff77537000 	C:\Users\infinity\.gradle\native\f6784746aeab05261644944871eae4fe03e0ef1612fff0a4a95f87b438bc6780\windows-amd64\native-platform.dll
0x00007fff59660000 - 0x00007fff5966a000 	C:\Program Files\Android\Android Studio\jre\bin\management.dll
0x00007fff59650000 - 0x00007fff5965c000 	C:\Program Files\Android\Android Studio\jre\bin\management_ext.dll
0x00007fff8ee20000 - 0x00007fff8ee38000 	C:\WINDOWS\SYSTEM32\CRYPTSP.dll
0x00007fff8e5e0000 - 0x00007fff8e614000 	C:\WINDOWS\system32\rsaenh.dll
0x00007fff8f9f0000 - 0x00007fff8fa17000 	C:\WINDOWS\System32\bcrypt.dll
0x00007fff8f3f0000 - 0x00007fff8f41e000 	C:\WINDOWS\SYSTEM32\USERENV.dll
0x00007fff8ee10000 - 0x00007fff8ee1c000 	C:\WINDOWS\SYSTEM32\CRYPTBASE.dll
0x00007fff8e930000 - 0x00007fff8e96b000 	C:\WINDOWS\SYSTEM32\IPHLPAPI.DLL
0x00007fff8fee0000 - 0x00007fff8fee8000 	C:\WINDOWS\System32\NSI.dll
0x00007fff88ed0000 - 0x00007fff88ee7000 	C:\WINDOWS\SYSTEM32\dhcpcsvc6.DLL
0x00007fff88eb0000 - 0x00007fff88ecd000 	C:\WINDOWS\SYSTEM32\dhcpcsvc.DLL
0x00007fff8e970000 - 0x00007fff8ea3c000 	C:\WINDOWS\SYSTEM32\DNSAPI.dll
0x00007fff89090000 - 0x00007fff8909b000 	C:\WINDOWS\SYSTEM32\WINNSI.DLL
0x0000000066e00000 - 0x0000000066f03000 	C:\Users\infinity\AppData\Local\Temp\sqlite-3.25.2-bc299c0f-3914-4ac0-b40b-73f4f57f2bb0-sqlitejdbc.dll

dbghelp: loaded successfully - version: 4.0.5 - missing functions: none
symbol engine: initialized successfully - sym options: 0x614 - pdb path: .;C:\Program Files\Android\Android Studio\jre\bin;C:\WINDOWS\SYSTEM32;C:\WINDOWS\WinSxS\amd64_microsoft.windows.common-controls_6595b64144ccf1df_6.0.19041.1052_none_60b8f8fd71f5e8cb;C:\Program Files\Android\Android Studio\jre\bin\server;C:\Users\infinity\.gradle\native\f6784746aeab05261644944871eae4fe03e0ef1612fff0a4a95f87b438bc6780\windows-amd64;C:\Users\infinity\AppData\Local\Temp

VM Arguments:
jvm_args: --add-opens=java.base/java.util=ALL-UNNAMED --add-opens=java.base/java.lang=ALL-UNNAMED --add-opens=java.base/java.lang.invoke=ALL-UNNAMED --add-opens=java.prefs/java.util.prefs=ALL-UNNAMED -Xmx2048m -Dfile.encoding=UTF-8 -Duser.country=IN -Duser.language=en -Duser.variant 
java_command: org.gradle.launcher.daemon.bootstrap.GradleDaemon 6.5
java_class_path (initial): C:\Users\infinity\.gradle\wrapper\dists\gradle-6.5-bin\6nifqtx7604sqp1q6g8wikw7p\gradle-6.5\lib\gradle-launcher-6.5.jar
Launcher Type: SUN_STANDARD

[Global flags]
     intx CICompilerCount                          = 3                                         {product} {ergonomic}
     uint ConcGCThreads                            = 1                                         {product} {ergonomic}
     uint G1ConcRefinementThreads                  = 4                                         {product} {ergonomic}
   size_t G1HeapRegionSize                         = 1048576                                   {product} {ergonomic}
    uintx GCDrainStackTargetSize                   = 64                                        {product} {ergonomic}
   size_t InitialHeapSize                          = 134217728                                 {product} {ergonomic}
   size_t MarkStackSize                            = 4194304                                   {product} {ergonomic}
   size_t MaxHeapSize                              = 2147483648                                {product} {command line}
   size_t MaxNewSize                               = 1287651328                                {product} {ergonomic}
   size_t MinHeapDeltaBytes                        = 1048576                                   {product} {ergonomic}
    uintx NonNMethodCodeHeapSize                   = 5830732                                {pd product} {ergonomic}
    uintx NonProfiledCodeHeapSize                  = 122913754                              {pd product} {ergonomic}
    uintx ProfiledCodeHeapSize                     = 122913754                              {pd product} {ergonomic}
    uintx ReservedCodeCacheSize                    = 251658240                              {pd product} {ergonomic}
     bool SegmentedCodeCache                       = true                                      {product} {ergonomic}
     bool UseCompressedClassPointers               = true                                 {lp64_product} {ergonomic}
     bool UseCompressedOops                        = true                                 {lp64_product} {ergonomic}
     bool UseG1GC                                  = true                                      {product} {ergonomic}
     bool UseLargePagesIndividualAllocation        = false                                  {pd product} {ergonomic}

Logging:
Log output configuration:
 #0: stdout all=warning uptime,level,tags
 #1: stderr all=off uptime,level,tags

Environment Variables:
JAVA_HOME=C:\Program Files\Java\jdk1.8.0_211
CLASSPATH=.;
PATH=C:\Windows\system32;C:\Windows;C:\Windows\System32\Wbem;C:\Windows\System32\WindowsPowerShell\v1.0\;C:\Windows\System32\OpenSSH\;C:\Program Files\Git\cmd;C:\Users\infinity\AppData\Local\Microsoft\WindowsApps;C:\adb;C:\ProgramData\chocolatey\bin;C:\Program Files\nodejs\;C:\Program Files\Java\jdk1.8.0_211\bin;C:\Program Files\Microsoft SQL Server\Client SDK\ODBC\170\Tools\Binn\;C:\Program Files\Azure Data Studio\bin;C:\Program Files (x86)\Microsoft SQL Server\150\Tools\Binn\;C:\Program Files\Microsoft SQL Server\150\Tools\Binn\;C:\Program Files\Microsoft SQL Server\150\DTS\Binn\;%SystemRoot%\system32;%SystemRoot%;%SystemRoot%\System32\Wbem;%SYSTEMROOT%\System32\WindowsPowerShell\v1.0\;%SYSTEMROOT%\System32\OpenSSH\;C:\Users\infinity\AppData\Local\Microsoft\WindowsApps;C:\Users\infinity\AppData\Roaming\npm;C:\Users\infinity\Downloads\flutter_windows_1.22.6-stable\flutter\bin;C:\Program Files\Azure Data Studio\bin;;C:\Users\infinity\AppData\Local\Programs\Microsoft VS Code\bin
USERNAME=infinity
OS=Windows_NT
PROCESSOR_IDENTIFIER=Intel64 Family 6 Model 42 Stepping 7, GenuineIntel



---------------  S Y S T E M  ---------------

OS: Windows 10 , 64 bit Build 19041 (10.0.19041.1023)
OS uptime: 3 days 14:48 hours

CPU:total 4 (initial active 4) (4 cores per cpu, 1 threads per core) family 6 model 42 stepping 7, cmov, cx8, fxsr, mmx, sse, sse2, sse3, ssse3, sse4.1, sse4.2, popcnt, avx, aes, clmul, tsc, tscinvbit

Memory: 4k page, system-wide physical 8064M (473M free)
TotalPageFile size 16051M (AvailPageFile size 237M)
current process WorkingSet (physical memory assigned to process): 536M, peak: 536M
current process commit charge ("private bytes"): 633M, peak: 884M

vm_info: OpenJDK 64-Bit Server VM (11.0.8+10-b944.6842174) for windows-amd64 JRE (11.0.8+10-b944.6842174), built on Sep 19 2020 01:11:42 by "builder" with MS VC++ 14.0 (VS2015)

END.
