#
# There is insufficient memory for the Java Runtime Environment to continue.
# Native memory allocation (mmap) failed to map 208666624 bytes for Failed to commit area from 0x0000000090b00000 to 0x000000009d200000 of length 208666624.
# Possible reasons:
#   The system is out of physical RAM or swap space
#   The process is running with CompressedOops enabled, and the Java Heap may be blocking the growth of the native heap
# Possible solutions:
#   Reduce memory load on the system
#   Increase physical memory or swap space
#   Check if swap backing store is full
#   Decrease Java heap size (-Xmx/-Xms)
#   Decrease number of Java threads
#   Decrease Java thread stack sizes (-Xss)
#   Set larger code cache with -XX:ReservedCodeCacheSize=
#   JVM is running with Unscaled Compressed Oops mode in which the Java heap is
#     placed in the first 4GB address space. The Java Heap base address is the
#     maximum limit for the native heap growth. Please use -XX:HeapBaseMinAddress
#     to set the Java Heap base and to place the Java Heap above 4GB virtual address.
# This output file may be truncated or incomplete.
#
#  Out of Memory Error (./src/hotspot/os/windows/os_windows.cpp:3303), pid=20516, tid=9936
#
# JRE version: OpenJDK Runtime Environment (11.0.8+10) (build 11.0.8+10-b944.6842174)
# Java VM: OpenJDK 64-Bit Server VM (11.0.8+10-b944.6842174, mixed mode, tiered, compressed oops, g1 gc, windows-amd64)
# No core dump will be written. Minidumps are not enabled by default on client versions of Windows
#

---------------  S U M M A R Y ------------

Command Line: --add-opens=java.base/java.util=ALL-UNNAMED --add-opens=java.base/java.lang=ALL-UNNAMED --add-opens=java.base/java.lang.invoke=ALL-UNNAMED --add-opens=java.prefs/java.util.prefs=ALL-UNNAMED -Xmx2048m -Dfile.encoding=UTF-8 -Duser.country=IN -Duser.language=en -Duser.variant org.gradle.launcher.daemon.bootstrap.GradleDaemon 6.5

Host: Intel(R) Core(TM) i5-2400 CPU @ 3.10GHz, 4 cores, 7G,  Windows 10 , 64 bit Build 19041 (10.0.19041.1023)
Time: Mon Jun 28 17:32:42 2021 India Standard Time elapsed time: 29 seconds (0d 0h 0m 29s)

---------------  T H R E A D  ---------------

Current thread (0x000001b3aa9b8800):  VMThread "VM Thread" [stack: 0x000000a8e3a00000,0x000000a8e3b00000] [id=9936]

Stack: [0x000000a8e3a00000,0x000000a8e3b00000]
[error occurred during error reporting (printing stack bounds), id 0xc0000005, EXCEPTION_ACCESS_VIOLATION (0xc0000005) at pc=0x000001b3941a0dad]

Native frames: (J=compiled Java code, j=interpreted, Vv=VM code, C=native code)
V  [jvm.dll+0x5de50a]
V  [jvm.dll+0x7122f5]
V  [jvm.dll+0x71384d]
V  [jvm.dll+0x713e65]
V  [jvm.dll+0x713e1b]
V  [jvm.dll+0x5dd958]
V  [jvm.dll+0x5de0f8]
C  [ntdll.dll+0xa217f]
C  [ntdll.dll+0x51454]
C  [ntdll.dll+0xa0cae]
C  0x000001b3941a0dad

VM_Operation (0x000000a8ebcf7770): G1CollectForAllocation, mode: safepoint, requested by thread 0x000001b3b003c000


---------------  P R O C E S S  ---------------

Threads class SMR info:
_java_thread_list=0x000001b3b726e750, length=128, elements={
0x000001b390819000, 0x000001b3aa9bf000, 0x000001b3aa9c1000, 0x000001b3ab352800,
0x000001b3aa9d5000, 0x000001b3aa9d8800, 0x000001b3aa9e1800, 0x000001b3aa9e5800,
0x000001b3ab497000, 0x000001b3ab4b7000, 0x000001b3ac3eb000, 0x000001b3acab2800,
0x000001b3ac30d800, 0x000001b3aca81800, 0x000001b3ac940800, 0x000001b3ad253000,
0x000001b3ac339000, 0x000001b3abd0e800, 0x000001b3ac026800, 0x000001b3ad419800,
0x000001b3ad5fc000, 0x000001b3ad5fe800, 0x000001b3ad5fa800, 0x000001b3ad5ff800,
0x000001b3ad5fd000, 0x000001b3ad5f9800, 0x000001b3ad5fe000, 0x000001b3ad600800,
0x000001b3afa6e000, 0x000001b3afa6b800, 0x000001b3afa6b000, 0x000001b3afa68800,
0x000001b3afa6f000, 0x000001b3afa6d800, 0x000001b3afa69000, 0x000001b3afa74800,
0x000001b3afa70800, 0x000001b3afa76000, 0x000001b3afa75800, 0x000001b3afa77000,
0x000001b3afa71800, 0x000001b3afa72000, 0x000001b3afa73000, 0x000001b3afa74000,
0x000001b3afb01000, 0x000001b3afb01800, 0x000001b3afb02800, 0x000001b3afb00000,
0x000001b3afb03800, 0x000001b3afb04000, 0x000001b3afafe800, 0x000001b3afb05000,
0x000001b3afaff000, 0x000001b3afb08000, 0x000001b3afb0a000, 0x000001b3afb06000,
0x000001b3afb0a800, 0x000001b3afb0b800, 0x000001b3afb06800, 0x000001b3afb09000,
0x000001b3afb0c800, 0x000001b3afb0d000, 0x000001b3afb07800, 0x000001b3ad8f1800,
0x000001b3ad8f7800, 0x000001b3ad8f4000, 0x000001b3ad8f5000, 0x000001b3ad8f2800,
0x000001b3ad8f5800, 0x000001b3ad8f8000, 0x000001b3ad8f3000, 0x000001b3ad8f9000,
0x000001b3ad8f9800, 0x000001b3ad8f6800, 0x000001b3ad8fe000, 0x000001b3ad8fc000,
0x000001b3ad8fe800, 0x000001b3ad8fd000, 0x000001b3ad8fa800, 0x000001b3ad8ff800,
0x000001b3ad900800, 0x000001b3ad8fb800, 0x000001b3afe61000, 0x000001b3afe61800,
0x000001b3afe63800, 0x000001b3afe64000, 0x000001b3afe62800, 0x000001b3afe5e800,
0x000001b3afe65000, 0x000001b3afe5f800, 0x000001b3afe66000, 0x000001b3afe60000,
0x000001b3afe6a800, 0x000001b3afe6b800, 0x000001b3afe6a000, 0x000001b3afe6c800,
0x000001b3afe66800, 0x000001b3afe68800, 0x000001b3afe69000, 0x000001b3afe6d000,
0x000001b3afe67800, 0x000001b3afcbc000, 0x000001b3afcba000, 0x000001b3afcb6800,
0x000001b3afcb8000, 0x000001b3afcbb800, 0x000001b3afcbd000, 0x000001b3afcb7800,
0x000001b3afcb9000, 0x000001b3afcbe800, 0x000001b3afcbe000, 0x000001b3afcbf800,
0x000001b3afcc0800, 0x000001b3afcba800, 0x000001b3afcc1000, 0x000001b3afcc3000,
0x000001b3afcc3800, 0x000001b3afcc4800, 0x000001b3afcc2000, 0x000001b3b003e800,
0x000001b3b003f800, 0x000001b3b0040000, 0x000001b3b003d800, 0x000001b3b003c000,
0x000001b3b003a800, 0x000001b3b0041000, 0x000001b3b0041800, 0x000001b3b003b000
}

Java Threads: ( => current thread )
  0x000001b390819000 JavaThread "main" [_thread_blocked, id=8288, stack(0x000000a8e3400000,0x000000a8e3500000)]
  0x000001b3aa9bf000 JavaThread "Reference Handler" daemon [_thread_blocked, id=14004, stack(0x000000a8e3b00000,0x000000a8e3c00000)]
  0x000001b3aa9c1000 JavaThread "Finalizer" daemon [_thread_blocked, id=17660, stack(0x000000a8e3c00000,0x000000a8e3d00000)]
  0x000001b3ab352800 JavaThread "Signal Dispatcher" daemon [_thread_blocked, id=20876, stack(0x000000a8e3d00000,0x000000a8e3e00000)]
  0x000001b3aa9d5000 JavaThread "Attach Listener" daemon [_thread_blocked, id=17020, stack(0x000000a8e3e00000,0x000000a8e3f00000)]
  0x000001b3aa9d8800 JavaThread "C2 CompilerThread0" daemon [_thread_blocked, id=13940, stack(0x000000a8e3f00000,0x000000a8e4000000)]
  0x000001b3aa9e1800 JavaThread "C1 CompilerThread0" daemon [_thread_blocked, id=15144, stack(0x000000a8e4000000,0x000000a8e4100000)]
  0x000001b3aa9e5800 JavaThread "Sweeper thread" daemon [_thread_blocked, id=25468, stack(0x000000a8e4100000,0x000000a8e4200000)]
  0x000001b3ab497000 JavaThread "Common-Cleaner" daemon [_thread_blocked, id=21808, stack(0x000000a8e4200000,0x000000a8e4300000)]
  0x000001b3ab4b7000 JavaThread "Service Thread" daemon [_thread_blocked, id=23140, stack(0x000000a8e4300000,0x000000a8e4400000)]
  0x000001b3ac3eb000 JavaThread "Daemon health stats" [_thread_blocked, id=19700, stack(0x000000a8e4800000,0x000000a8e4900000)]
  0x000001b3acab2800 JavaThread "Incoming local TCP Connector on port 56266" [_thread_in_native, id=24308, stack(0x000000a8e4a00000,0x000000a8e4b00000)]
  0x000001b3ac30d800 JavaThread "Daemon periodic checks" [_thread_blocked, id=23652, stack(0x000000a8e4b00000,0x000000a8e4c00000)]
  0x000001b3aca81800 JavaThread "Daemon" [_thread_blocked, id=22964, stack(0x000000a8e4c00000,0x000000a8e4d00000)]
  0x000001b3ac940800 JavaThread "Handler for socket connection from /127.0.0.1:56266 to /127.0.0.1:56267" [_thread_in_native, id=23084, stack(0x000000a8e4d00000,0x000000a8e4e00000)]
  0x000001b3ad253000 JavaThread "Cancel handler" [_thread_blocked, id=14500, stack(0x000000a8e4e00000,0x000000a8e4f00000)]
  0x000001b3ac339000 JavaThread "Daemon worker" [_thread_blocked, id=23348, stack(0x000000a8e4f00000,0x000000a8e5000000)]
  0x000001b3abd0e800 JavaThread "Asynchronous log dispatcher for DefaultDaemonConnection: socket connection from /127.0.0.1:56266 to /127.0.0.1:56267" [_thread_blocked, id=16808, stack(0x000000a8e5000000,0x000000a8e5100000)]
  0x000001b3ac026800 JavaThread "Stdin handler" [_thread_blocked, id=5724, stack(0x000000a8e5100000,0x000000a8e5200000)]
  0x000001b3ad419800 JavaThread "Thread-8" [_thread_blocked, id=21224, stack(0x000000a8e5200000,0x000000a8e5300000)]
  0x000001b3ad5fc000 JavaThread "Cache worker for journal cache (C:\Users\infinity\.gradle\caches\journal-1)" [_thread_blocked, id=22300, stack(0x000000a8e5400000,0x000000a8e5500000)]
  0x000001b3ad5fe800 JavaThread "File lock request listener" [_thread_in_native, id=24328, stack(0x000000a8e5500000,0x000000a8e5600000)]
  0x000001b3ad5fa800 JavaThread "Cache worker for file hash cache (C:\Users\infinity\.gradle\caches\6.5\fileHashes)" [_thread_blocked, id=17568, stack(0x000000a8e5600000,0x000000a8e5700000)]
  0x000001b3ad5ff800 JavaThread "Cache worker for file hash cache (D:\monginisssss\.gradle\6.5\fileHashes)" [_thread_blocked, id=23260, stack(0x000000a8e5800000,0x000000a8e5900000)]
  0x000001b3ad5fd000 JavaThread "jar transforms" [_thread_blocked, id=17184, stack(0x000000a8e5900000,0x000000a8e5a00000)]
  0x000001b3ad5f9800 JavaThread "jar transforms Thread 2" [_thread_blocked, id=11532, stack(0x000000a8e5a00000,0x000000a8e5b00000)]
  0x000001b3ad5fe000 JavaThread "jar transforms Thread 3" [_thread_blocked, id=10344, stack(0x000000a8e5b00000,0x000000a8e5c00000)]
  0x000001b3ad600800 JavaThread "jar transforms Thread 4" [_thread_blocked, id=17556, stack(0x000000a8e5c00000,0x000000a8e5d00000)]
  0x000001b3afa6e000 JavaThread "jar transforms Thread 5" [_thread_blocked, id=10776, stack(0x000000a8e5d00000,0x000000a8e5e00000)]
  0x000001b3afa6b800 JavaThread "jar transforms Thread 6" [_thread_blocked, id=22360, stack(0x000000a8e5e00000,0x000000a8e5f00000)]
  0x000001b3afa6b000 JavaThread "Cache worker for checksums cache (D:\monginisssss\.gradle\checksums)" [_thread_blocked, id=9256, stack(0x000000a8e5f00000,0x000000a8e6000000)]
  0x000001b3afa68800 JavaThread "Cache worker for cache directory md-supplier (C:\Users\infinity\.gradle\caches\6.5\md-supplier)" [_thread_blocked, id=8336, stack(0x000000a8e6000000,0x000000a8e6100000)]
  0x000001b3afa6f000 JavaThread "Cache worker for cache directory md-rule (C:\Users\infinity\.gradle\caches\6.5\md-rule)" [_thread_blocked, id=3552, stack(0x000000a8e6100000,0x000000a8e6200000)]
  0x000001b3afa6d800 JavaThread "Cache worker for execution history cache (C:\Users\infinity\.gradle\caches\6.5\executionHistory)" [_thread_blocked, id=8964, stack(0x000000a8e6200000,0x000000a8e6300000)]
  0x000001b3afa69000 JavaThread "Cache worker for file content cache (C:\Users\infinity\.gradle\caches\6.5\fileContent)" [_thread_blocked, id=23236, stack(0x000000a8e6300000,0x000000a8e6400000)]
  0x000001b3afa74800 JavaThread "Build operations" [_thread_blocked, id=19032, stack(0x000000a8e6400000,0x000000a8e6500000)]
  0x000001b3afa70800 JavaThread "Build operations Thread 2" [_thread_blocked, id=15592, stack(0x000000a8e6500000,0x000000a8e6600000)]
  0x000001b3afa76000 JavaThread "Build operations Thread 3" [_thread_blocked, id=18128, stack(0x000000a8e6600000,0x000000a8e6700000)]
  0x000001b3afa75800 JavaThread "Build operations Thread 4" [_thread_blocked, id=24132, stack(0x000000a8e6700000,0x000000a8e6800000)]
  0x000001b3afa77000 JavaThread "jar transforms Thread 7" [_thread_blocked, id=5256, stack(0x000000a8e6800000,0x000000a8e6900000)]
  0x000001b3afa71800 JavaThread "jar transforms Thread 8" [_thread_blocked, id=14672, stack(0x000000a8e6900000,0x000000a8e6a00000)]
  0x000001b3afa72000 JavaThread "jar transforms Thread 9" [_thread_blocked, id=744, stack(0x000000a8e6a00000,0x000000a8e6b00000)]
  0x000001b3afa73000 JavaThread "jar transforms Thread 10" [_thread_blocked, id=9116, stack(0x000000a8e6b00000,0x000000a8e6c00000)]
  0x000001b3afa74000 JavaThread "jar transforms Thread 11" [_thread_blocked, id=25516, stack(0x000000a8e6c00000,0x000000a8e6d00000)]
  0x000001b3afb01000 JavaThread "jar transforms Thread 12" [_thread_blocked, id=15488, stack(0x000000a8e6d00000,0x000000a8e6e00000)]
  0x000001b3afb01800 JavaThread "jar transforms Thread 13" [_thread_blocked, id=20620, stack(0x000000a8e6e00000,0x000000a8e6f00000)]
  0x000001b3afb02800 JavaThread "jar transforms Thread 14" [_thread_blocked, id=2428, stack(0x000000a8e6f00000,0x000000a8e7000000)]
  0x000001b3afb00000 JavaThread "jar transforms Thread 15" [_thread_blocked, id=14280, stack(0x000000a8e7000000,0x000000a8e7100000)]
  0x000001b3afb03800 JavaThread "jar transforms Thread 16" [_thread_blocked, id=20576, stack(0x000000a8e7100000,0x000000a8e7200000)]
  0x000001b3afb04000 JavaThread "jar transforms Thread 17" [_thread_blocked, id=18176, stack(0x000000a8e7200000,0x000000a8e7300000)]
  0x000001b3afafe800 JavaThread "jar transforms Thread 18" [_thread_blocked, id=7948, stack(0x000000a8e7300000,0x000000a8e7400000)]
  0x000001b3afb05000 JavaThread "jar transforms Thread 19" [_thread_blocked, id=24192, stack(0x000000a8e7400000,0x000000a8e7500000)]
  0x000001b3afaff000 JavaThread "jar transforms Thread 20" [_thread_blocked, id=23912, stack(0x000000a8e7500000,0x000000a8e7600000)]
  0x000001b3afb08000 JavaThread "jar transforms Thread 21" [_thread_blocked, id=22536, stack(0x000000a8e7600000,0x000000a8e7700000)]
  0x000001b3afb0a000 JavaThread "jar transforms Thread 22" [_thread_blocked, id=20856, stack(0x000000a8e7700000,0x000000a8e7800000)]
  0x000001b3afb06000 JavaThread "jar transforms Thread 23" [_thread_blocked, id=23604, stack(0x000000a8e7800000,0x000000a8e7900000)]
  0x000001b3afb0a800 JavaThread "jar transforms Thread 24" [_thread_blocked, id=16420, stack(0x000000a8e7900000,0x000000a8e7a00000)]
  0x000001b3afb0b800 JavaThread "jar transforms Thread 25" [_thread_blocked, id=9876, stack(0x000000a8e7a00000,0x000000a8e7b00000)]
  0x000001b3afb06800 JavaThread "jar transforms Thread 26" [_thread_blocked, id=23640, stack(0x000000a8e7b00000,0x000000a8e7c00000)]
  0x000001b3afb09000 JavaThread "jar transforms Thread 27" [_thread_blocked, id=2376, stack(0x000000a8e7c00000,0x000000a8e7d00000)]
  0x000001b3afb0c800 JavaThread "jar transforms Thread 28" [_thread_blocked, id=21644, stack(0x000000a8e7d00000,0x000000a8e7e00000)]
  0x000001b3afb0d000 JavaThread "jar transforms Thread 29" [_thread_blocked, id=9428, stack(0x000000a8e7e00000,0x000000a8e7f00000)]
  0x000001b3afb07800 JavaThread "jar transforms Thread 30" [_thread_blocked, id=24480, stack(0x000000a8e7f00000,0x000000a8e8000000)]
  0x000001b3ad8f1800 JavaThread "jar transforms Thread 31" [_thread_blocked, id=17760, stack(0x000000a8e8000000,0x000000a8e8100000)]
  0x000001b3ad8f7800 JavaThread "jar transforms Thread 32" [_thread_blocked, id=21216, stack(0x000000a8e8100000,0x000000a8e8200000)]
  0x000001b3ad8f4000 JavaThread "jar transforms Thread 33" [_thread_blocked, id=17728, stack(0x000000a8e8200000,0x000000a8e8300000)]
  0x000001b3ad8f5000 JavaThread "jar transforms Thread 34" [_thread_blocked, id=23784, stack(0x000000a8e8300000,0x000000a8e8400000)]
  0x000001b3ad8f2800 JavaThread "jar transforms Thread 35" [_thread_blocked, id=6452, stack(0x000000a8e8400000,0x000000a8e8500000)]
  0x000001b3ad8f5800 JavaThread "jar transforms Thread 36" [_thread_blocked, id=25232, stack(0x000000a8e8500000,0x000000a8e8600000)]
  0x000001b3ad8f8000 JavaThread "jar transforms Thread 37" [_thread_blocked, id=11612, stack(0x000000a8e8600000,0x000000a8e8700000)]
  0x000001b3ad8f3000 JavaThread "jar transforms Thread 38" [_thread_blocked, id=7972, stack(0x000000a8e8700000,0x000000a8e8800000)]
  0x000001b3ad8f9000 JavaThread "jar transforms Thread 39" [_thread_blocked, id=24644, stack(0x000000a8e8800000,0x000000a8e8900000)]
  0x000001b3ad8f9800 JavaThread "jar transforms Thread 40" [_thread_blocked, id=15964, stack(0x000000a8e8900000,0x000000a8e8a00000)]
  0x000001b3ad8f6800 JavaThread "jar transforms Thread 41" [_thread_blocked, id=24700, stack(0x000000a8e8a00000,0x000000a8e8b00000)]
  0x000001b3ad8fe000 JavaThread "jar transforms Thread 42" [_thread_blocked, id=24232, stack(0x000000a8e8b00000,0x000000a8e8c00000)]
  0x000001b3ad8fc000 JavaThread "jar transforms Thread 43" [_thread_blocked, id=16836, stack(0x000000a8e8c00000,0x000000a8e8d00000)]
  0x000001b3ad8fe800 JavaThread "jar transforms Thread 44" [_thread_blocked, id=14288, stack(0x000000a8e8d00000,0x000000a8e8e00000)]
  0x000001b3ad8fd000 JavaThread "jar transforms Thread 45" [_thread_blocked, id=12032, stack(0x000000a8e8e00000,0x000000a8e8f00000)]
  0x000001b3ad8fa800 JavaThread "jar transforms Thread 46" [_thread_blocked, id=5636, stack(0x000000a8e8f00000,0x000000a8e9000000)]
  0x000001b3ad8ff800 JavaThread "jar transforms Thread 47" [_thread_blocked, id=24548, stack(0x000000a8e9000000,0x000000a8e9100000)]
  0x000001b3ad900800 JavaThread "jar transforms Thread 48" [_thread_blocked, id=25216, stack(0x000000a8e9100000,0x000000a8e9200000)]
  0x000001b3ad8fb800 JavaThread "jar transforms Thread 49" [_thread_blocked, id=2588, stack(0x000000a8e9200000,0x000000a8e9300000)]
  0x000001b3afe61000 JavaThread "jar transforms Thread 50" [_thread_blocked, id=20528, stack(0x000000a8e9300000,0x000000a8e9400000)]
  0x000001b3afe61800 JavaThread "jar transforms Thread 51" [_thread_blocked, id=3020, stack(0x000000a8e9400000,0x000000a8e9500000)]
  0x000001b3afe63800 JavaThread "jar transforms Thread 52" [_thread_blocked, id=19904, stack(0x000000a8e9500000,0x000000a8e9600000)]
  0x000001b3afe64000 JavaThread "jar transforms Thread 53" [_thread_blocked, id=12836, stack(0x000000a8e9600000,0x000000a8e9700000)]
  0x000001b3afe62800 JavaThread "jar transforms Thread 54" [_thread_blocked, id=8940, stack(0x000000a8e9700000,0x000000a8e9800000)]
  0x000001b3afe5e800 JavaThread "jar transforms Thread 55" [_thread_blocked, id=25392, stack(0x000000a8e9800000,0x000000a8e9900000)]
  0x000001b3afe65000 JavaThread "jar transforms Thread 56" [_thread_blocked, id=16692, stack(0x000000a8e9900000,0x000000a8e9a00000)]
  0x000001b3afe5f800 JavaThread "jar transforms Thread 57" [_thread_blocked, id=24048, stack(0x000000a8e9a00000,0x000000a8e9b00000)]
  0x000001b3afe66000 JavaThread "jar transforms Thread 58" [_thread_blocked, id=9984, stack(0x000000a8e9b00000,0x000000a8e9c00000)]
  0x000001b3afe60000 JavaThread "jar transforms Thread 59" [_thread_blocked, id=14052, stack(0x000000a8e9c00000,0x000000a8e9d00000)]
  0x000001b3afe6a800 JavaThread "jar transforms Thread 60" [_thread_blocked, id=24636, stack(0x000000a8e9d00000,0x000000a8e9e00000)]
  0x000001b3afe6b800 JavaThread "jar transforms Thread 61" [_thread_blocked, id=24736, stack(0x000000a8e9e00000,0x000000a8e9f00000)]
  0x000001b3afe6a000 JavaThread "jar transforms Thread 62" [_thread_blocked, id=5796, stack(0x000000a8e9f00000,0x000000a8ea000000)]
  0x000001b3afe6c800 JavaThread "jar transforms Thread 63" [_thread_blocked, id=10720, stack(0x000000a8ea000000,0x000000a8ea100000)]
  0x000001b3afe66800 JavaThread "jar transforms Thread 64" [_thread_blocked, id=19424, stack(0x000000a8ea100000,0x000000a8ea200000)]
  0x000001b3afe68800 JavaThread "jar transforms Thread 65" [_thread_blocked, id=12856, stack(0x000000a8ea200000,0x000000a8ea300000)]
  0x000001b3afe69000 JavaThread "jar transforms Thread 66" [_thread_blocked, id=20116, stack(0x000000a8ea300000,0x000000a8ea400000)]
  0x000001b3afe6d000 JavaThread "jar transforms Thread 67" [_thread_blocked, id=19264, stack(0x000000a8ea400000,0x000000a8ea500000)]
  0x000001b3afe67800 JavaThread "jar transforms Thread 68" [_thread_blocked, id=10604, stack(0x000000a8ea500000,0x000000a8ea600000)]
  0x000001b3afcbc000 JavaThread "jar transforms Thread 69" [_thread_blocked, id=25380, stack(0x000000a8ea600000,0x000000a8ea700000)]
  0x000001b3afcba000 JavaThread "jar transforms Thread 70" [_thread_blocked, id=22032, stack(0x000000a8ea700000,0x000000a8ea800000)]
  0x000001b3afcb6800 JavaThread "jar transforms Thread 71" [_thread_blocked, id=18288, stack(0x000000a8ea800000,0x000000a8ea900000)]
  0x000001b3afcb8000 JavaThread "jar transforms Thread 72" [_thread_blocked, id=14084, stack(0x000000a8ea900000,0x000000a8eaa00000)]
  0x000001b3afcbb800 JavaThread "jar transforms Thread 73" [_thread_blocked, id=18876, stack(0x000000a8eaa00000,0x000000a8eab00000)]
  0x000001b3afcbd000 JavaThread "jar transforms Thread 74" [_thread_blocked, id=21864, stack(0x000000a8eab00000,0x000000a8eac00000)]
  0x000001b3afcb7800 JavaThread "jar transforms Thread 75" [_thread_blocked, id=21052, stack(0x000000a8eac00000,0x000000a8ead00000)]
  0x000001b3afcb9000 JavaThread "jar transforms Thread 76" [_thread_blocked, id=18160, stack(0x000000a8ead00000,0x000000a8eae00000)]
  0x000001b3afcbe800 JavaThread "jar transforms Thread 77" [_thread_blocked, id=24912, stack(0x000000a8eae00000,0x000000a8eaf00000)]
  0x000001b3afcbe000 JavaThread "jar transforms Thread 78" [_thread_blocked, id=17228, stack(0x000000a8eaf00000,0x000000a8eb000000)]
  0x000001b3afcbf800 JavaThread "jar transforms Thread 79" [_thread_blocked, id=24136, stack(0x000000a8eb000000,0x000000a8eb100000)]
  0x000001b3afcc0800 JavaThread "jar transforms Thread 80" [_thread_blocked, id=25472, stack(0x000000a8eb100000,0x000000a8eb200000)]
  0x000001b3afcba800 JavaThread "jar transforms Thread 81" [_thread_blocked, id=17648, stack(0x000000a8eb200000,0x000000a8eb300000)]
  0x000001b3afcc1000 JavaThread "jar transforms Thread 82" [_thread_blocked, id=13496, stack(0x000000a8eb300000,0x000000a8eb400000)]
  0x000001b3afcc3000 JavaThread "jar transforms Thread 83" [_thread_blocked, id=15260, stack(0x000000a8eb400000,0x000000a8eb500000)]
  0x000001b3afcc3800 JavaThread "jar transforms Thread 84" [_thread_blocked, id=21396, stack(0x000000a8eb500000,0x000000a8eb600000)]
  0x000001b3afcc4800 JavaThread "jar transforms Thread 85" [_thread_blocked, id=24668, stack(0x000000a8eb600000,0x000000a8eb700000)]
  0x000001b3afcc2000 JavaThread "Cache worker for Build Output Cleanup Cache (D:\monginisssss\.gradle\buildOutputCleanup)" [_thread_blocked, id=18292, stack(0x000000a8eb700000,0x000000a8eb800000)]
  0x000001b3b003e800 JavaThread "Memory manager" [_thread_blocked, id=10128, stack(0x000000a8eb800000,0x000000a8eb900000)]
  0x000001b3b003f800 JavaThread "Cache worker for file content cache (D:\monginisssss\.gradle\6.5\fileContent)" [_thread_blocked, id=20532, stack(0x000000a8eb900000,0x000000a8eba00000)]
  0x000001b3b0040000 JavaThread "Execution worker for ':'" [_thread_blocked, id=24204, stack(0x000000a8eba00000,0x000000a8ebb00000)]
  0x000001b3b003d800 JavaThread "Execution worker for ':' Thread 2" [_thread_blocked, id=23820, stack(0x000000a8ebb00000,0x000000a8ebc00000)]
  0x000001b3b003c000 JavaThread "Execution worker for ':' Thread 3" [_thread_blocked, id=21408, stack(0x000000a8ebc00000,0x000000a8ebd00000)]
  0x000001b3b003a800 JavaThread "Cache worker for execution history cache (D:\monginisssss\.gradle\6.5\executionHistory)" [_thread_blocked, id=23268, stack(0x000000a8ebd00000,0x000000a8ebe00000)]
  0x000001b3b0041000 JavaThread "Cache worker for Java compile cache (C:\Users\infinity\.gradle\caches\6.5\javaCompile)" [_thread_blocked, id=20636, stack(0x000000a8ebe00000,0x000000a8ebf00000)]
  0x000001b3b0041800 JavaThread "Cache worker for Java compile cache (D:\monginisssss\.gradle\6.5\javaCompile)" [_thread_blocked, id=19964, stack(0x000000a8ebf00000,0x000000a8ec000000)]
  0x000001b3b003b000 JavaThread "C2 CompilerThread1" daemon [_thread_blocked, id=21672, stack(0x000000a8e5700000,0x000000a8e5800000)]

Other Threads:
=>0x000001b3aa9b8800 VMThread "VM Thread" [stack: 0x000000a8e3a00000,0x000000a8e3b00000] [id=9936]
  0x000001b3ab4b9000 WatcherThread [stack: 0x000000a8e4400000,0x000000a8e4500000] [id=7188]
  0x000001b390831000 GCTaskThread "GC Thread#0" [stack: 0x000000a8e3500000,0x000000a8e3600000] [id=17888]
  0x000001b3abbf8800 GCTaskThread "GC Thread#1" [stack: 0x000000a8e4600000,0x000000a8e4700000] [id=23856]
  0x000001b3ac126000 GCTaskThread "GC Thread#2" [stack: 0x000000a8e4700000,0x000000a8e4800000] [id=11048]
  0x000001b3abe47800 GCTaskThread "GC Thread#3" [stack: 0x000000a8e5300000,0x000000a8e5400000] [id=24512]
  0x000001b390863000 ConcurrentGCThread "G1 Main Marker" [stack: 0x000000a8e3600000,0x000000a8e3700000] [id=25012]
  0x000001b390864800 ConcurrentGCThread "G1 Conc#0" [stack: 0x000000a8e3700000,0x000000a8e3800000] [id=18824]
  0x000001b3908f9800 ConcurrentGCThread "G1 Refine#0" [stack: 0x000000a8e3800000,0x000000a8e3900000] [id=15736]
  0x000001b3b2942800 ConcurrentGCThread "G1 Refine#1" [stack: 0x000000a8ec000000,0x000000a8ec100000] [id=18680]
  0x000001b3b6677800 ConcurrentGCThread "G1 Refine#2" [stack: 0x000000a8ec100000,0x000000a8ec200000] [id=18504]
  0x000001b3908fa800 ConcurrentGCThread "G1 Young RemSet Sampling" [stack: 0x000000a8e3900000,0x000000a8e3a00000] [id=18668]

Threads with active compile tasks:
C2 CompilerThread0  29452 12715       4       com.sun.tools.javac.code.Scope$ScopeImpl::findFirst (10 bytes)
C2 CompilerThread1  29452 12710       4       com.sun.tools.javac.comp.Check::checkUnique (288 bytes)

VM state:at safepoint (normal execution)

VM Mutex/Monitor currently owned by a thread:  ([mutex/lock_event])
[0x000001b3908097b0] Threads_lock - owner thread: 0x000001b3aa9b8800
[0x000001b390817900] Heap_lock - owner thread: 0x000001b3b003c000

Heap address: 0x0000000080000000, size: 2048 MB, Compressed Oops mode: 32-bit
Narrow klass base: 0x0000000000000000, Narrow klass shift: 3
Compressed class space size: 1073741824 Address: 0x0000000100000000

Heap:
 garbage-first heap   total 477184K, used 211333K [0x0000000080000000, 0x0000000100000000)
  region size 1024K, 3 young (3072K), 3 survivors (3072K)
 Metaspace       used 91699K, capacity 93993K, committed 94124K, reserved 1130496K
  class space    used 11469K, capacity 12281K, committed 12288K, reserved 1048576K
Heap Regions: E=young(eden), S=young(survivor), O=old, HS=humongous(starts), HC=humongous(continues), CS=collection set, F=free, A=archive, TAMS=top-at-mark-start (previous, next)
|   0|0x0000000080000000, 0x0000000080100000, 0x0000000080100000|100%| O|  |TAMS 0x0000000080100000, 0x0000000080000000| Untracked 
|   1|0x0000000080100000, 0x0000000080200000, 0x0000000080200000|100%| O|  |TAMS 0x0000000080200000, 0x0000000080100000| Untracked 
|   2|0x0000000080200000, 0x0000000080300000, 0x0000000080300000|100%| O|  |TAMS 0x0000000080300000, 0x0000000080200000| Untracked 
|   3|0x0000000080300000, 0x0000000080400000, 0x0000000080400000|100%|HS|  |TAMS 0x0000000080400000, 0x0000000080300000| Complete 
|   4|0x0000000080400000, 0x0000000080500000, 0x0000000080500000|100%|HC|  |TAMS 0x0000000080500000, 0x0000000080400000| Complete 
|   5|0x0000000080500000, 0x0000000080600000, 0x0000000080600000|100%|HC|  |TAMS 0x0000000080600000, 0x0000000080500000| Complete 
|   6|0x0000000080600000, 0x0000000080700000, 0x0000000080700000|100%| O|  |TAMS 0x0000000080700000, 0x0000000080600000| Untracked 
|   7|0x0000000080700000, 0x0000000080800000, 0x0000000080800000|100%| O|  |TAMS 0x0000000080800000, 0x0000000080700000| Untracked 
|   8|0x0000000080800000, 0x0000000080900000, 0x0000000080900000|100%| O|  |TAMS 0x0000000080900000, 0x0000000080800000| Complete 
|   9|0x0000000080900000, 0x0000000080a00000, 0x0000000080a00000|100%| O|  |TAMS 0x0000000080a00000, 0x0000000080900000| Untracked 
|  10|0x0000000080a00000, 0x0000000080b00000, 0x0000000080b00000|100%| O|  |TAMS 0x0000000080b00000, 0x0000000080a00000| Untracked 
|  11|0x0000000080b00000, 0x0000000080c00000, 0x0000000080c00000|100%| O|  |TAMS 0x0000000080c00000, 0x0000000080b00000| Complete 
|  12|0x0000000080c00000, 0x0000000080d00000, 0x0000000080d00000|100%| O|  |TAMS 0x0000000080d00000, 0x0000000080c00000| Untracked 
|  13|0x0000000080d00000, 0x0000000080e00000, 0x0000000080e00000|100%|HS|  |TAMS 0x0000000080e00000, 0x0000000080d00000| Complete 
|  14|0x0000000080e00000, 0x0000000080f00000, 0x0000000080f00000|100%|HC|  |TAMS 0x0000000080f00000, 0x0000000080e00000| Complete 
|  15|0x0000000080f00000, 0x0000000081000000, 0x0000000081000000|100%|HS|  |TAMS 0x0000000081000000, 0x0000000080f00000| Complete 
|  16|0x0000000081000000, 0x0000000081100000, 0x0000000081100000|100%|HC|  |TAMS 0x0000000081100000, 0x0000000081000000| Complete 
|  17|0x0000000081100000, 0x0000000081200000, 0x0000000081200000|100%|HC|  |TAMS 0x0000000081200000, 0x0000000081100000| Complete 
|  18|0x0000000081200000, 0x0000000081300000, 0x0000000081300000|100%|HS|  |TAMS 0x0000000081300000, 0x0000000081200000| Complete 
|  19|0x0000000081300000, 0x0000000081400000, 0x0000000081400000|100%|HC|  |TAMS 0x0000000081400000, 0x0000000081300000| Complete 
|  20|0x0000000081400000, 0x0000000081500000, 0x0000000081500000|100%|HC|  |TAMS 0x0000000081500000, 0x0000000081400000| Complete 
|  21|0x0000000081500000, 0x0000000081600000, 0x0000000081600000|100%|HC|  |TAMS 0x0000000081600000, 0x0000000081500000| Complete 
|  22|0x0000000081600000, 0x0000000081700000, 0x0000000081700000|100%| O|  |TAMS 0x0000000081700000, 0x0000000081600000| Untracked 
|  23|0x0000000081700000, 0x0000000081800000, 0x0000000081800000|100%| O|  |TAMS 0x0000000081800000, 0x0000000081700000| Untracked 
|  24|0x0000000081800000, 0x0000000081900000, 0x0000000081900000|100%| O|  |TAMS 0x0000000081900000, 0x0000000081800000| Untracked 
|  25|0x0000000081900000, 0x0000000081a00000, 0x0000000081a00000|100%|HS|  |TAMS 0x0000000081a00000, 0x0000000081900000| Complete 
|  26|0x0000000081a00000, 0x0000000081b00000, 0x0000000081b00000|100%|HC|  |TAMS 0x0000000081b00000, 0x0000000081a00000| Complete 
|  27|0x0000000081b00000, 0x0000000081c00000, 0x0000000081c00000|100%| O|  |TAMS 0x0000000081c00000, 0x0000000081b00000| Untracked 
|  28|0x0000000081c00000, 0x0000000081d00000, 0x0000000081d00000|100%| O|  |TAMS 0x0000000081d00000, 0x0000000081c00000| Untracked 
|  29|0x0000000081d00000, 0x0000000081e00000, 0x0000000081e00000|100%| O|  |TAMS 0x0000000081e00000, 0x0000000081d00000| Untracked 
|  30|0x0000000081e00000, 0x0000000081f00000, 0x0000000081f00000|100%| O|  |TAMS 0x0000000081f00000, 0x0000000081e00000| Complete 
|  31|0x0000000081f00000, 0x0000000082000000, 0x0000000082000000|100%| O|  |TAMS 0x0000000082000000, 0x0000000081f00000| Untracked 
|  32|0x0000000082000000, 0x0000000082100000, 0x0000000082100000|100%| O|  |TAMS 0x0000000082100000, 0x0000000082000000| Untracked 
|  33|0x0000000082100000, 0x0000000082200000, 0x0000000082200000|100%| O|  |TAMS 0x0000000082200000, 0x0000000082100000| Untracked 
|  34|0x0000000082200000, 0x0000000082300000, 0x0000000082300000|100%| O|  |TAMS 0x0000000082300000, 0x0000000082200000| Complete 
|  35|0x0000000082300000, 0x0000000082400000, 0x0000000082400000|100%| O|  |TAMS 0x0000000082400000, 0x0000000082300000| Untracked 
|  36|0x0000000082400000, 0x0000000082500000, 0x0000000082500000|100%| O|  |TAMS 0x0000000082500000, 0x0000000082400000| Untracked 
|  37|0x0000000082500000, 0x0000000082600000, 0x0000000082600000|100%| O|  |TAMS 0x0000000082600000, 0x0000000082500000| Untracked 
|  38|0x0000000082600000, 0x0000000082700000, 0x0000000082700000|100%| O|  |TAMS 0x0000000082700000, 0x0000000082600000| Untracked 
|  39|0x0000000082700000, 0x0000000082800000, 0x0000000082800000|100%| O|  |TAMS 0x0000000082800000, 0x0000000082700000| Untracked 
|  40|0x0000000082800000, 0x0000000082900000, 0x0000000082900000|100%| O|  |TAMS 0x0000000082900000, 0x0000000082800000| Untracked 
|  41|0x0000000082900000, 0x0000000082a00000, 0x0000000082a00000|100%| O|  |TAMS 0x0000000082a00000, 0x0000000082900000| Untracked 
|  42|0x0000000082a00000, 0x0000000082b00000, 0x0000000082b00000|100%| O|  |TAMS 0x0000000082b00000, 0x0000000082a00000| Untracked 
|  43|0x0000000082b00000, 0x0000000082c00000, 0x0000000082c00000|100%| O|  |TAMS 0x0000000082c00000, 0x0000000082b00000| Untracked 
|  44|0x0000000082c00000, 0x0000000082d00000, 0x0000000082d00000|100%| O|  |TAMS 0x0000000082d00000, 0x0000000082c00000| Untracked 
|  45|0x0000000082d00000, 0x0000000082e00000, 0x0000000082e00000|100%| O|  |TAMS 0x0000000082e00000, 0x0000000082d00000| Complete 
|  46|0x0000000082e00000, 0x0000000082f00000, 0x0000000082f00000|100%| O|  |TAMS 0x0000000082f00000, 0x0000000082e00000| Untracked 
|  47|0x0000000082f00000, 0x0000000083000000, 0x0000000083000000|100%| O|  |TAMS 0x0000000083000000, 0x0000000082f00000| Untracked 
|  48|0x0000000083000000, 0x0000000083100000, 0x0000000083100000|100%| O|  |TAMS 0x0000000083100000, 0x0000000083000000| Untracked 
|  49|0x0000000083100000, 0x0000000083200000, 0x0000000083200000|100%| O|  |TAMS 0x0000000083200000, 0x0000000083100000| Untracked 
|  50|0x0000000083200000, 0x0000000083300000, 0x0000000083300000|100%| O|  |TAMS 0x0000000083300000, 0x0000000083200000| Complete 
|  51|0x0000000083300000, 0x0000000083400000, 0x0000000083400000|100%| O|  |TAMS 0x0000000083400000, 0x0000000083300000| Untracked 
|  52|0x0000000083400000, 0x0000000083500000, 0x0000000083500000|100%| O|  |TAMS 0x0000000083500000, 0x0000000083400000| Untracked 
|  53|0x0000000083500000, 0x0000000083600000, 0x0000000083600000|100%| O|  |TAMS 0x0000000083600000, 0x0000000083500000| Untracked 
|  54|0x0000000083600000, 0x0000000083700000, 0x0000000083700000|100%| O|  |TAMS 0x0000000083700000, 0x0000000083600000| Untracked 
|  55|0x0000000083700000, 0x0000000083800000, 0x0000000083800000|100%| O|  |TAMS 0x0000000083800000, 0x0000000083700000| Untracked 
|  56|0x0000000083800000, 0x0000000083900000, 0x0000000083900000|100%| O|  |TAMS 0x0000000083900000, 0x0000000083800000| Untracked 
|  57|0x0000000083900000, 0x0000000083a00000, 0x0000000083a00000|100%| O|  |TAMS 0x0000000083a00000, 0x0000000083900000| Untracked 
|  58|0x0000000083a00000, 0x0000000083b00000, 0x0000000083b00000|100%| O|  |TAMS 0x0000000083b00000, 0x0000000083a00000| Untracked 
|  59|0x0000000083b00000, 0x0000000083c00000, 0x0000000083c00000|100%| O|  |TAMS 0x0000000083c00000, 0x0000000083b00000| Complete 
|  60|0x0000000083c00000, 0x0000000083d00000, 0x0000000083d00000|100%| O|  |TAMS 0x0000000083d00000, 0x0000000083c00000| Complete 
|  61|0x0000000083d00000, 0x0000000083e00000, 0x0000000083e00000|100%| O|  |TAMS 0x0000000083e00000, 0x0000000083d00000| Untracked 
|  62|0x0000000083e00000, 0x0000000083f00000, 0x0000000083f00000|100%| O|  |TAMS 0x0000000083f00000, 0x0000000083e00000| Untracked 
|  63|0x0000000083f00000, 0x0000000084000000, 0x0000000084000000|100%| O|  |TAMS 0x0000000084000000, 0x0000000083f00000| Untracked 
|  64|0x0000000084000000, 0x0000000084100000, 0x0000000084100000|100%| O|  |TAMS 0x0000000084100000, 0x0000000084000000| Untracked 
|  65|0x0000000084100000, 0x0000000084200000, 0x0000000084200000|100%| O|  |TAMS 0x0000000084200000, 0x0000000084100000| Complete 
|  66|0x0000000084200000, 0x0000000084300000, 0x0000000084300000|100%| O|  |TAMS 0x0000000084300000, 0x0000000084200000| Untracked 
|  67|0x0000000084300000, 0x0000000084400000, 0x0000000084400000|100%| O|  |TAMS 0x0000000084400000, 0x0000000084300000| Complete 
|  68|0x0000000084400000, 0x0000000084500000, 0x0000000084500000|100%| O|  |TAMS 0x0000000084500000, 0x0000000084400000| Complete 
|  69|0x0000000084500000, 0x0000000084600000, 0x0000000084600000|100%| O|  |TAMS 0x0000000084600000, 0x0000000084500000| Complete 
|  70|0x0000000084600000, 0x0000000084700000, 0x0000000084700000|100%| O|  |TAMS 0x0000000084700000, 0x0000000084600000| Complete 
|  71|0x0000000084700000, 0x0000000084800000, 0x0000000084800000|100%|HS|  |TAMS 0x0000000084800000, 0x0000000084700000| Complete 
|  72|0x0000000084800000, 0x0000000084900000, 0x0000000084900000|100%|HC|  |TAMS 0x0000000084900000, 0x0000000084800000| Complete 
|  73|0x0000000084900000, 0x0000000084a00000, 0x0000000084a00000|100%| O|  |TAMS 0x0000000084a00000, 0x0000000084900000| Untracked 
|  74|0x0000000084a00000, 0x0000000084b00000, 0x0000000084b00000|100%| O|  |TAMS 0x0000000084b00000, 0x0000000084a00000| Untracked 
|  75|0x0000000084b00000, 0x0000000084c00000, 0x0000000084c00000|100%| O|  |TAMS 0x0000000084c00000, 0x0000000084b00000| Untracked 
|  76|0x0000000084c00000, 0x0000000084d00000, 0x0000000084d00000|100%| O|  |TAMS 0x0000000084d00000, 0x0000000084c00000| Untracked 
|  77|0x0000000084d00000, 0x0000000084e00000, 0x0000000084e00000|100%| O|  |TAMS 0x0000000084e00000, 0x0000000084d00000| Complete 
|  78|0x0000000084e00000, 0x0000000084f00000, 0x0000000084f00000|100%| O|  |TAMS 0x0000000084f00000, 0x0000000084e00000| Complete 
|  79|0x0000000084f00000, 0x0000000085000000, 0x0000000085000000|100%|HS|  |TAMS 0x0000000085000000, 0x0000000084f00000| Complete 
|  80|0x0000000085000000, 0x0000000085100000, 0x0000000085100000|100%| O|  |TAMS 0x0000000085100000, 0x0000000085000000| Untracked 
|  81|0x0000000085100000, 0x0000000085200000, 0x0000000085200000|100%| O|  |TAMS 0x0000000085200000, 0x0000000085100000| Untracked 
|  82|0x0000000085200000, 0x0000000085300000, 0x0000000085300000|100%| O|  |TAMS 0x0000000085300000, 0x0000000085200000| Untracked 
|  83|0x0000000085300000, 0x0000000085400000, 0x0000000085400000|100%| O|  |TAMS 0x0000000085400000, 0x0000000085300000| Untracked 
|  84|0x0000000085400000, 0x0000000085500000, 0x0000000085500000|100%| O|  |TAMS 0x0000000085500000, 0x0000000085400000| Untracked 
|  85|0x0000000085500000, 0x0000000085600000, 0x0000000085600000|100%| O|  |TAMS 0x0000000085600000, 0x0000000085500000| Untracked 
|  86|0x0000000085600000, 0x0000000085700000, 0x0000000085700000|100%| O|  |TAMS 0x0000000085700000, 0x0000000085600000| Untracked 
|  87|0x0000000085700000, 0x0000000085800000, 0x0000000085800000|100%| O|  |TAMS 0x0000000085800000, 0x0000000085700000| Untracked 
|  88|0x0000000085800000, 0x0000000085900000, 0x0000000085900000|100%| O|  |TAMS 0x0000000085900000, 0x0000000085800000| Untracked 
|  89|0x0000000085900000, 0x0000000085a00000, 0x0000000085a00000|100%| O|  |TAMS 0x0000000085a00000, 0x0000000085900000| Untracked 
|  90|0x0000000085a00000, 0x0000000085b00000, 0x0000000085b00000|100%| O|  |TAMS 0x0000000085b00000, 0x0000000085a00000| Untracked 
|  91|0x0000000085b00000, 0x0000000085c00000, 0x0000000085c00000|100%| O|  |TAMS 0x0000000085c00000, 0x0000000085b00000| Untracked 
|  92|0x0000000085c00000, 0x0000000085d00000, 0x0000000085d00000|100%| O|  |TAMS 0x0000000085d00000, 0x0000000085c00000| Complete 
|  93|0x0000000085d00000, 0x0000000085e00000, 0x0000000085e00000|100%| O|  |TAMS 0x0000000085e00000, 0x0000000085d00000| Untracked 
|  94|0x0000000085e00000, 0x0000000085f00000, 0x0000000085f00000|100%| O|  |TAMS 0x0000000085f00000, 0x0000000085e00000| Untracked 
|  95|0x0000000085f00000, 0x0000000086000000, 0x0000000086000000|100%| O|  |TAMS 0x0000000086000000, 0x0000000085f00000| Untracked 
|  96|0x0000000086000000, 0x0000000086100000, 0x0000000086100000|100%| O|  |TAMS 0x0000000086100000, 0x0000000086000000| Complete 
|  97|0x0000000086100000, 0x0000000086200000, 0x0000000086200000|100%| O|  |TAMS 0x0000000086200000, 0x0000000086100000| Untracked 
|  98|0x0000000086200000, 0x0000000086300000, 0x0000000086300000|100%|HS|  |TAMS 0x0000000086300000, 0x0000000086200000| Complete 
|  99|0x0000000086300000, 0x0000000086400000, 0x0000000086400000|100%|HC|  |TAMS 0x0000000086400000, 0x0000000086300000| Complete 
| 100|0x0000000086400000, 0x0000000086500000, 0x0000000086500000|100%|HC|  |TAMS 0x0000000086500000, 0x0000000086400000| Complete 
| 101|0x0000000086500000, 0x0000000086600000, 0x0000000086600000|100%|HC|  |TAMS 0x0000000086600000, 0x0000000086500000| Complete 
| 102|0x0000000086600000, 0x0000000086700000, 0x0000000086700000|100%| O|  |TAMS 0x0000000086700000, 0x0000000086600000| Untracked 
| 103|0x0000000086700000, 0x0000000086800000, 0x0000000086800000|100%| O|  |TAMS 0x0000000086800000, 0x0000000086700000| Untracked 
| 104|0x0000000086800000, 0x0000000086900000, 0x0000000086900000|100%| O|  |TAMS 0x0000000086900000, 0x0000000086800000| Untracked 
| 105|0x0000000086900000, 0x0000000086a00000, 0x0000000086a00000|100%| O|  |TAMS 0x0000000086a00000, 0x0000000086900000| Untracked 
| 106|0x0000000086a00000, 0x0000000086b00000, 0x0000000086b00000|100%| O|  |TAMS 0x0000000086b00000, 0x0000000086a00000| Complete 
| 107|0x0000000086b00000, 0x0000000086c00000, 0x0000000086c00000|100%| O|  |TAMS 0x0000000086c00000, 0x0000000086b00000| Complete 
| 108|0x0000000086c00000, 0x0000000086d00000, 0x0000000086d00000|100%|HS|  |TAMS 0x0000000086d00000, 0x0000000086c00000| Complete 
| 109|0x0000000086d00000, 0x0000000086e00000, 0x0000000086e00000|100%|HC|  |TAMS 0x0000000086e00000, 0x0000000086d00000| Complete 
| 110|0x0000000086e00000, 0x0000000086f00000, 0x0000000086f00000|100%| O|  |TAMS 0x0000000086f00000, 0x0000000086e00000| Complete 
| 111|0x0000000086f00000, 0x0000000087000000, 0x0000000087000000|100%| O|  |TAMS 0x0000000087000000, 0x0000000086f00000| Untracked 
| 112|0x0000000087000000, 0x0000000087100000, 0x0000000087100000|100%| O|  |TAMS 0x0000000087100000, 0x0000000087000000| Untracked 
| 113|0x0000000087100000, 0x0000000087200000, 0x0000000087200000|100%| O|  |TAMS 0x0000000087200000, 0x0000000087100000| Untracked 
| 114|0x0000000087200000, 0x0000000087300000, 0x0000000087300000|100%| O|  |TAMS 0x0000000087300000, 0x0000000087200000| Untracked 
| 115|0x0000000087300000, 0x0000000087400000, 0x0000000087400000|100%| O|  |TAMS 0x0000000087400000, 0x0000000087300000| Untracked 
| 116|0x0000000087400000, 0x0000000087500000, 0x0000000087500000|100%| O|  |TAMS 0x0000000087500000, 0x0000000087400000| Complete 
| 117|0x0000000087500000, 0x0000000087600000, 0x0000000087600000|100%| O|  |TAMS 0x0000000087600000, 0x0000000087500000| Complete 
| 118|0x0000000087600000, 0x0000000087700000, 0x0000000087700000|100%| O|  |TAMS 0x0000000087700000, 0x0000000087600000| Untracked 
| 119|0x0000000087700000, 0x0000000087800000, 0x0000000087800000|100%| O|  |TAMS 0x0000000087800000, 0x0000000087700000| Complete 
| 120|0x0000000087800000, 0x0000000087900000, 0x0000000087900000|100%|HS|  |TAMS 0x0000000087900000, 0x0000000087800000| Complete 
| 121|0x0000000087900000, 0x0000000087a00000, 0x0000000087a00000|100%| O|  |TAMS 0x0000000087a00000, 0x0000000087900000| Untracked 
| 122|0x0000000087a00000, 0x0000000087b00000, 0x0000000087b00000|100%| O|  |TAMS 0x0000000087b00000, 0x0000000087a00000| Untracked 
| 123|0x0000000087b00000, 0x0000000087c00000, 0x0000000087c00000|100%| O|  |TAMS 0x0000000087c00000, 0x0000000087b00000| Untracked 
| 124|0x0000000087c00000, 0x0000000087d00000, 0x0000000087d00000|100%| O|  |TAMS 0x0000000087d00000, 0x0000000087c00000| Complete 
| 125|0x0000000087d00000, 0x0000000087e00000, 0x0000000087e00000|100%| O|  |TAMS 0x0000000087e00000, 0x0000000087d00000| Complete 
| 126|0x0000000087e00000, 0x0000000087f00000, 0x0000000087f00000|100%| O|  |TAMS 0x0000000087f00000, 0x0000000087e00000| Complete 
| 127|0x0000000087f00000, 0x0000000088000000, 0x0000000088000000|100%| O|  |TAMS 0x0000000088000000, 0x0000000087f00000| Complete 
| 128|0x0000000088000000, 0x0000000088100000, 0x0000000088100000|100%| O|  |TAMS 0x0000000088100000, 0x0000000088000000| Untracked 
| 129|0x0000000088100000, 0x0000000088200000, 0x0000000088200000|100%| O|  |TAMS 0x0000000088200000, 0x0000000088100000| Untracked 
| 130|0x0000000088200000, 0x0000000088300000, 0x0000000088300000|100%| O|  |TAMS 0x0000000088300000, 0x0000000088200000| Untracked 
| 131|0x0000000088300000, 0x0000000088400000, 0x0000000088400000|100%| O|  |TAMS 0x0000000088400000, 0x0000000088300000| Complete 
| 132|0x0000000088400000, 0x0000000088500000, 0x0000000088500000|100%| O|  |TAMS 0x0000000088500000, 0x0000000088400000| Complete 
| 133|0x0000000088500000, 0x0000000088600000, 0x0000000088600000|100%| O|  |TAMS 0x0000000088600000, 0x0000000088500000| Complete 
| 134|0x0000000088600000, 0x0000000088700000, 0x0000000088700000|100%| O|  |TAMS 0x0000000088700000, 0x0000000088600000| Complete 
| 135|0x0000000088700000, 0x0000000088800000, 0x0000000088800000|100%| O|  |TAMS 0x0000000088800000, 0x0000000088700000| Complete 
| 136|0x0000000088800000, 0x0000000088900000, 0x0000000088900000|100%| O|  |TAMS 0x0000000088800000, 0x0000000088800000| Untracked 
| 137|0x0000000088900000, 0x0000000088a00000, 0x0000000088a00000|100%| O|  |TAMS 0x0000000088900000, 0x0000000088900000| Untracked 
| 138|0x0000000088a00000, 0x0000000088b00000, 0x0000000088b00000|100%| O|  |TAMS 0x0000000088b00000, 0x0000000088a00000| Complete 
| 139|0x0000000088b00000, 0x0000000088c00000, 0x0000000088c00000|100%| O|  |TAMS 0x0000000088c00000, 0x0000000088b00000| Complete 
| 140|0x0000000088c00000, 0x0000000088d00000, 0x0000000088d00000|100%| O|  |TAMS 0x0000000088d00000, 0x0000000088c00000| Complete 
| 141|0x0000000088d00000, 0x0000000088e00000, 0x0000000088e00000|100%| O|  |TAMS 0x0000000088e00000, 0x0000000088d00000| Complete 
| 142|0x0000000088e00000, 0x0000000088f00000, 0x0000000088f00000|100%| O|  |TAMS 0x0000000088f00000, 0x0000000088e00000| Complete 
| 143|0x0000000088f00000, 0x0000000089000000, 0x0000000089000000|100%| O|  |TAMS 0x0000000089000000, 0x0000000088f00000| Complete 
| 144|0x0000000089000000, 0x0000000089100000, 0x0000000089100000|100%| O|  |TAMS 0x0000000089100000, 0x0000000089000000| Complete 
| 145|0x0000000089100000, 0x0000000089200000, 0x0000000089200000|100%| O|  |TAMS 0x0000000089200000, 0x0000000089100000| Untracked 
| 146|0x0000000089200000, 0x0000000089300000, 0x0000000089300000|100%| O|  |TAMS 0x0000000089300000, 0x0000000089200000| Complete 
| 147|0x0000000089300000, 0x0000000089400000, 0x0000000089400000|100%| O|  |TAMS 0x0000000089400000, 0x0000000089300000| Complete 
| 148|0x0000000089400000, 0x0000000089500000, 0x0000000089500000|100%| O|  |TAMS 0x0000000089500000, 0x0000000089400000| Complete 
| 149|0x0000000089500000, 0x0000000089600000, 0x0000000089600000|100%| O|  |TAMS 0x0000000089600000, 0x0000000089500000| Complete 
| 150|0x0000000089600000, 0x0000000089700000, 0x0000000089700000|100%| O|  |TAMS 0x0000000089700000, 0x0000000089600000| Complete 
| 151|0x0000000089700000, 0x0000000089800000, 0x0000000089800000|100%| O|  |TAMS 0x0000000089700000, 0x0000000089700000| Untracked 
| 152|0x0000000089800000, 0x0000000089900000, 0x0000000089900000|100%| O|  |TAMS 0x0000000089900000, 0x0000000089800000| Complete 
| 153|0x0000000089900000, 0x0000000089a00000, 0x0000000089a00000|100%| O|  |TAMS 0x0000000089a00000, 0x0000000089900000| Complete 
| 154|0x0000000089a00000, 0x0000000089b00000, 0x0000000089b00000|100%| O|  |TAMS 0x0000000089b00000, 0x0000000089a00000| Complete 
| 155|0x0000000089b00000, 0x0000000089c00000, 0x0000000089c00000|100%| O|  |TAMS 0x0000000089c00000, 0x0000000089b00000| Complete 
| 156|0x0000000089c00000, 0x0000000089d00000, 0x0000000089d00000|100%| O|  |TAMS 0x0000000089d00000, 0x0000000089c00000| Complete 
| 157|0x0000000089d00000, 0x0000000089e00000, 0x0000000089e00000|100%| O|  |TAMS 0x0000000089e00000, 0x0000000089d00000| Complete 
| 158|0x0000000089e00000, 0x0000000089f00000, 0x0000000089f00000|100%| O|  |TAMS 0x0000000089f00000, 0x0000000089e00000| Complete 
| 159|0x0000000089f00000, 0x000000008a000000, 0x000000008a000000|100%| O|  |TAMS 0x000000008a000000, 0x0000000089f00000| Complete 
| 160|0x000000008a000000, 0x000000008a100000, 0x000000008a100000|100%| O|  |TAMS 0x000000008a000000, 0x000000008a000000| Untracked 
| 161|0x000000008a100000, 0x000000008a200000, 0x000000008a200000|100%| O|  |TAMS 0x000000008a200000, 0x000000008a100000| Complete 
| 162|0x000000008a200000, 0x000000008a300000, 0x000000008a300000|100%| O|  |TAMS 0x000000008a300000, 0x000000008a200000| Complete 
| 163|0x000000008a300000, 0x000000008a400000, 0x000000008a400000|100%| O|  |TAMS 0x000000008a400000, 0x000000008a300000| Complete 
| 164|0x000000008a400000, 0x000000008a500000, 0x000000008a500000|100%| O|  |TAMS 0x000000008a500000, 0x000000008a400000| Untracked 
| 165|0x000000008a500000, 0x000000008a600000, 0x000000008a600000|100%| O|  |TAMS 0x000000008a600000, 0x000000008a500000| Untracked 
| 166|0x000000008a600000, 0x000000008a700000, 0x000000008a700000|100%| O|  |TAMS 0x000000008a700000, 0x000000008a600000| Complete 
| 167|0x000000008a700000, 0x000000008a800000, 0x000000008a800000|100%| O|  |TAMS 0x000000008a800000, 0x000000008a700000| Complete 
| 168|0x000000008a800000, 0x000000008a900000, 0x000000008a900000|100%| O|  |TAMS 0x000000008a900000, 0x000000008a800000| Complete 
| 169|0x000000008a900000, 0x000000008aa00000, 0x000000008aa00000|100%| O|  |TAMS 0x000000008aa00000, 0x000000008a900000| Untracked 
| 170|0x000000008aa00000, 0x000000008ab00000, 0x000000008ab00000|100%| O|  |TAMS 0x000000008ab00000, 0x000000008aa00000| Untracked 
| 171|0x000000008ab00000, 0x000000008ac00000, 0x000000008ac00000|100%| O|  |TAMS 0x000000008ac00000, 0x000000008ab00000| Untracked 
| 172|0x000000008ac00000, 0x000000008ad00000, 0x000000008ad00000|100%| O|  |TAMS 0x000000008ad00000, 0x000000008ac00000| Untracked 
| 173|0x000000008ad00000, 0x000000008ae00000, 0x000000008ae00000|100%| O|  |TAMS 0x000000008ae00000, 0x000000008ad00000| Untracked 
| 174|0x000000008ae00000, 0x000000008af00000, 0x000000008af00000|100%| O|  |TAMS 0x000000008af00000, 0x000000008ae00000| Untracked 
| 175|0x000000008af00000, 0x000000008b000000, 0x000000008b000000|100%| O|  |TAMS 0x000000008b000000, 0x000000008af00000| Untracked 
| 176|0x000000008b000000, 0x000000008b100000, 0x000000008b100000|100%| O|  |TAMS 0x000000008b09d200, 0x000000008b000000| Complete 
| 177|0x000000008b100000, 0x000000008b200000, 0x000000008b200000|100%| O|  |TAMS 0x000000008b100000, 0x000000008b100000| Untracked 
| 178|0x000000008b200000, 0x000000008b300000, 0x000000008b300000|100%| O|  |TAMS 0x000000008b200000, 0x000000008b200000| Untracked 
| 179|0x000000008b300000, 0x000000008b400000, 0x000000008b400000|100%| O|  |TAMS 0x000000008b300000, 0x000000008b300000| Untracked 
| 180|0x000000008b400000, 0x000000008b500000, 0x000000008b500000|100%| O|  |TAMS 0x000000008b400000, 0x000000008b400000| Untracked 
| 181|0x000000008b500000, 0x000000008b600000, 0x000000008b600000|100%| O|  |TAMS 0x000000008b500000, 0x000000008b500000| Untracked 
| 182|0x000000008b600000, 0x000000008b700000, 0x000000008b700000|100%| O|  |TAMS 0x000000008b600000, 0x000000008b600000| Untracked 
| 183|0x000000008b700000, 0x000000008b800000, 0x000000008b800000|100%| O|  |TAMS 0x000000008b700000, 0x000000008b700000| Untracked 
| 184|0x000000008b800000, 0x000000008b900000, 0x000000008b900000|100%| O|  |TAMS 0x000000008b800000, 0x000000008b800000| Untracked 
| 185|0x000000008b900000, 0x000000008ba00000, 0x000000008ba00000|100%| O|  |TAMS 0x000000008b900000, 0x000000008b900000| Untracked 
| 186|0x000000008ba00000, 0x000000008bb00000, 0x000000008bb00000|100%| O|  |TAMS 0x000000008ba00000, 0x000000008ba00000| Untracked 
| 187|0x000000008bb00000, 0x000000008bc00000, 0x000000008bc00000|100%| O|  |TAMS 0x000000008bb00000, 0x000000008bb00000| Untracked 
| 188|0x000000008bc00000, 0x000000008bd00000, 0x000000008bd00000|100%| O|  |TAMS 0x000000008bc00000, 0x000000008bc00000| Untracked 
| 189|0x000000008bd00000, 0x000000008be00000, 0x000000008be00000|100%| O|  |TAMS 0x000000008bd00000, 0x000000008bd00000| Untracked 
| 190|0x000000008be00000, 0x000000008bf00000, 0x000000008bf00000|100%| O|  |TAMS 0x000000008be00000, 0x000000008be00000| Untracked 
| 191|0x000000008bf00000, 0x000000008c000000, 0x000000008c000000|100%| O|  |TAMS 0x000000008bf00000, 0x000000008bf00000| Untracked 
| 192|0x000000008c000000, 0x000000008c100000, 0x000000008c100000|100%| O|  |TAMS 0x000000008c000000, 0x000000008c000000| Untracked 
| 193|0x000000008c100000, 0x000000008c200000, 0x000000008c200000|100%| O|  |TAMS 0x000000008c100000, 0x000000008c100000| Untracked 
| 194|0x000000008c200000, 0x000000008c300000, 0x000000008c300000|100%| O|  |TAMS 0x000000008c200000, 0x000000008c200000| Untracked 
| 195|0x000000008c300000, 0x000000008c400000, 0x000000008c400000|100%| O|  |TAMS 0x000000008c300000, 0x000000008c300000| Untracked 
| 196|0x000000008c400000, 0x000000008c500000, 0x000000008c500000|100%| O|  |TAMS 0x000000008c400000, 0x000000008c400000| Untracked 
| 197|0x000000008c500000, 0x000000008c600000, 0x000000008c600000|100%| O|  |TAMS 0x000000008c500000, 0x000000008c500000| Untracked 
| 198|0x000000008c600000, 0x000000008c700000, 0x000000008c700000|100%| O|  |TAMS 0x000000008c600000, 0x000000008c600000| Untracked 
| 199|0x000000008c700000, 0x000000008c800000, 0x000000008c800000|100%| O|  |TAMS 0x000000008c700000, 0x000000008c700000| Untracked 
| 200|0x000000008c800000, 0x000000008c900000, 0x000000008c900000|100%| O|  |TAMS 0x000000008c800000, 0x000000008c800000| Untracked 
| 201|0x000000008c900000, 0x000000008ca00000, 0x000000008ca00000|100%| O|  |TAMS 0x000000008c900000, 0x000000008c900000| Untracked 
| 202|0x000000008ca00000, 0x000000008cb00000, 0x000000008cb00000|100%| O|  |TAMS 0x000000008ca00000, 0x000000008ca00000| Untracked 
| 203|0x000000008cb00000, 0x000000008cb61600, 0x000000008cc00000| 38%| O|  |TAMS 0x000000008cb00000, 0x000000008cb00000| Untracked 
| 204|0x000000008cc00000, 0x000000008cc00000, 0x000000008cd00000|  0%| F|  |TAMS 0x000000008cc00000, 0x000000008cc00000| Untracked 
| 205|0x000000008cd00000, 0x000000008cd00000, 0x000000008ce00000|  0%| F|  |TAMS 0x000000008cd00000, 0x000000008cd00000| Untracked 
| 206|0x000000008ce00000, 0x000000008ce00000, 0x000000008cf00000|  0%| F|  |TAMS 0x000000008ce00000, 0x000000008ce00000| Untracked 
| 207|0x000000008cf00000, 0x000000008cf00000, 0x000000008d000000|  0%| F|  |TAMS 0x000000008cf00000, 0x000000008cf00000| Untracked 
| 208|0x000000008d000000, 0x000000008d000000, 0x000000008d100000|  0%| F|  |TAMS 0x000000008d000000, 0x000000008d000000| Untracked 
| 209|0x000000008d100000, 0x000000008d100000, 0x000000008d200000|  0%| F|  |TAMS 0x000000008d100000, 0x000000008d100000| Untracked 
| 210|0x000000008d200000, 0x000000008d200000, 0x000000008d300000|  0%| F|  |TAMS 0x000000008d200000, 0x000000008d200000| Untracked 
| 211|0x000000008d300000, 0x000000008d300000, 0x000000008d400000|  0%| F|  |TAMS 0x000000008d300000, 0x000000008d300000| Untracked 
| 212|0x000000008d400000, 0x000000008d400000, 0x000000008d500000|  0%| F|  |TAMS 0x000000008d400000, 0x000000008d400000| Untracked 
| 213|0x000000008d500000, 0x000000008d500000, 0x000000008d600000|  0%| F|  |TAMS 0x000000008d500000, 0x000000008d500000| Untracked 
| 214|0x000000008d600000, 0x000000008d600000, 0x000000008d700000|  0%| F|  |TAMS 0x000000008d600000, 0x000000008d600000| Untracked 
| 215|0x000000008d700000, 0x000000008d700000, 0x000000008d800000|  0%| F|  |TAMS 0x000000008d700000, 0x000000008d700000| Untracked 
| 216|0x000000008d800000, 0x000000008d800000, 0x000000008d900000|  0%| F|  |TAMS 0x000000008d800000, 0x000000008d800000| Untracked 
| 217|0x000000008d900000, 0x000000008d900000, 0x000000008da00000|  0%| F|  |TAMS 0x000000008d900000, 0x000000008d900000| Untracked 
| 218|0x000000008da00000, 0x000000008da00000, 0x000000008db00000|  0%| F|  |TAMS 0x000000008da00000, 0x000000008da00000| Untracked 
| 219|0x000000008db00000, 0x000000008db00000, 0x000000008dc00000|  0%| F|  |TAMS 0x000000008db00000, 0x000000008db00000| Untracked 
| 220|0x000000008dc00000, 0x000000008dc00000, 0x000000008dd00000|  0%| F|  |TAMS 0x000000008dc00000, 0x000000008dc00000| Untracked 
| 221|0x000000008dd00000, 0x000000008dd00000, 0x000000008de00000|  0%| F|  |TAMS 0x000000008dd00000, 0x000000008dd00000| Untracked 
| 222|0x000000008de00000, 0x000000008de00000, 0x000000008df00000|  0%| F|  |TAMS 0x000000008de00000, 0x000000008de00000| Untracked 
| 223|0x000000008df00000, 0x000000008df00000, 0x000000008e000000|  0%| F|  |TAMS 0x000000008df00000, 0x000000008df00000| Untracked 
| 224|0x000000008e000000, 0x000000008e000000, 0x000000008e100000|  0%| F|  |TAMS 0x000000008e000000, 0x000000008e000000| Untracked 
| 225|0x000000008e100000, 0x000000008e100000, 0x000000008e200000|  0%| F|  |TAMS 0x000000008e100000, 0x000000008e100000| Untracked 
| 226|0x000000008e200000, 0x000000008e200000, 0x000000008e300000|  0%| F|  |TAMS 0x000000008e200000, 0x000000008e200000| Untracked 
| 227|0x000000008e300000, 0x000000008e300000, 0x000000008e400000|  0%| F|  |TAMS 0x000000008e300000, 0x000000008e300000| Untracked 
| 228|0x000000008e400000, 0x000000008e400000, 0x000000008e500000|  0%| F|  |TAMS 0x000000008e400000, 0x000000008e400000| Untracked 
| 229|0x000000008e500000, 0x000000008e500000, 0x000000008e600000|  0%| F|  |TAMS 0x000000008e500000, 0x000000008e500000| Untracked 
| 230|0x000000008e600000, 0x000000008e600000, 0x000000008e700000|  0%| F|  |TAMS 0x000000008e600000, 0x000000008e600000| Untracked 
| 231|0x000000008e700000, 0x000000008e700000, 0x000000008e800000|  0%| F|  |TAMS 0x000000008e700000, 0x000000008e700000| Untracked 
| 232|0x000000008e800000, 0x000000008e800000, 0x000000008e900000|  0%| F|  |TAMS 0x000000008e800000, 0x000000008e800000| Untracked 
| 233|0x000000008e900000, 0x000000008e900000, 0x000000008ea00000|  0%| F|  |TAMS 0x000000008e900000, 0x000000008e900000| Untracked 
| 234|0x000000008ea00000, 0x000000008ea00000, 0x000000008eb00000|  0%| F|  |TAMS 0x000000008ea00000, 0x000000008ea00000| Untracked 
| 235|0x000000008eb00000, 0x000000008eb00000, 0x000000008ec00000|  0%| F|  |TAMS 0x000000008eb00000, 0x000000008eb00000| Untracked 
| 236|0x000000008ec00000, 0x000000008ec00000, 0x000000008ed00000|  0%| F|  |TAMS 0x000000008ec00000, 0x000000008ec00000| Untracked 
| 237|0x000000008ed00000, 0x000000008ed00000, 0x000000008ee00000|  0%| F|  |TAMS 0x000000008ed00000, 0x000000008ed00000| Untracked 
| 238|0x000000008ee00000, 0x000000008ee00000, 0x000000008ef00000|  0%| F|  |TAMS 0x000000008ee00000, 0x000000008ee00000| Untracked 
| 239|0x000000008ef00000, 0x000000008ef00000, 0x000000008f000000|  0%| F|  |TAMS 0x000000008ef00000, 0x000000008ef00000| Untracked 
| 240|0x000000008f000000, 0x000000008f000000, 0x000000008f100000|  0%| F|  |TAMS 0x000000008f000000, 0x000000008f000000| Untracked 
| 241|0x000000008f100000, 0x000000008f100000, 0x000000008f200000|  0%| F|  |TAMS 0x000000008f100000, 0x000000008f100000| Untracked 
| 242|0x000000008f200000, 0x000000008f200000, 0x000000008f300000|  0%| F|  |TAMS 0x000000008f200000, 0x000000008f200000| Untracked 
| 243|0x000000008f300000, 0x000000008f300000, 0x000000008f400000|  0%| F|  |TAMS 0x000000008f300000, 0x000000008f300000| Untracked 
| 244|0x000000008f400000, 0x000000008f500000, 0x000000008f500000|100%| S|CS|TAMS 0x000000008f400000, 0x000000008f400000| Complete 
| 245|0x000000008f500000, 0x000000008f600000, 0x000000008f600000|100%| S|CS|TAMS 0x000000008f500000, 0x000000008f500000| Complete 
| 246|0x000000008f600000, 0x000000008f700000, 0x000000008f700000|100%| S|CS|TAMS 0x000000008f600000, 0x000000008f600000| Complete 
| 247|0x000000008f700000, 0x000000008f700000, 0x000000008f800000|  0%| F|  |TAMS 0x000000008f700000, 0x000000008f700000| Untracked 
| 248|0x000000008f800000, 0x000000008f800000, 0x000000008f900000|  0%| F|  |TAMS 0x000000008f800000, 0x000000008f800000| Untracked 
| 249|0x000000008f900000, 0x000000008f900000, 0x000000008fa00000|  0%| F|  |TAMS 0x000000008f900000, 0x000000008f900000| Untracked 
| 250|0x000000008fa00000, 0x000000008fa00000, 0x000000008fb00000|  0%| F|  |TAMS 0x000000008fa00000, 0x000000008fa00000| Untracked 
| 251|0x000000008fb00000, 0x000000008fb00000, 0x000000008fc00000|  0%| F|  |TAMS 0x000000008fb00000, 0x000000008fb00000| Untracked 
| 252|0x000000008fc00000, 0x000000008fc00000, 0x000000008fd00000|  0%| F|  |TAMS 0x000000008fc00000, 0x000000008fc00000| Untracked 
| 253|0x000000008fd00000, 0x000000008fd00000, 0x000000008fe00000|  0%| F|  |TAMS 0x000000008fd00000, 0x000000008fd00000| Untracked 
| 254|0x000000008fe00000, 0x000000008fe00000, 0x000000008ff00000|  0%| F|  |TAMS 0x000000008fe00000, 0x000000008fe00000| Untracked 
| 255|0x000000008ff00000, 0x000000008ff00000, 0x0000000090000000|  0%| F|  |TAMS 0x000000008ff00000, 0x000000008ff00000| Untracked 
| 256|0x0000000090000000, 0x0000000090000000, 0x0000000090100000|  0%| F|  |TAMS 0x0000000090000000, 0x0000000090000000| Untracked 
| 257|0x0000000090100000, 0x0000000090100000, 0x0000000090200000|  0%| F|  |TAMS 0x0000000090100000, 0x0000000090100000| Untracked 
| 258|0x0000000090200000, 0x0000000090200000, 0x0000000090300000|  0%| F|  |TAMS 0x0000000090200000, 0x0000000090200000| Untracked 
| 259|0x0000000090300000, 0x0000000090300000, 0x0000000090400000|  0%| F|  |TAMS 0x0000000090300000, 0x0000000090300000| Untracked 
| 260|0x0000000090400000, 0x0000000090400000, 0x0000000090500000|  0%| F|  |TAMS 0x0000000090400000, 0x0000000090400000| Untracked 
| 261|0x0000000090500000, 0x0000000090500000, 0x0000000090600000|  0%| F|  |TAMS 0x0000000090500000, 0x0000000090500000| Untracked 
| 262|0x0000000090600000, 0x0000000090600000, 0x0000000090700000|  0%| F|  |TAMS 0x0000000090600000, 0x0000000090600000| Untracked 
| 263|0x0000000090700000, 0x0000000090700000, 0x0000000090800000|  0%| F|  |TAMS 0x0000000090700000, 0x0000000090700000| Untracked 
| 264|0x0000000090800000, 0x0000000090800000, 0x0000000090900000|  0%| F|  |TAMS 0x0000000090800000, 0x0000000090800000| Untracked 
| 265|0x0000000090900000, 0x0000000090900000, 0x0000000090a00000|  0%| F|  |TAMS 0x0000000090900000, 0x0000000090900000| Untracked 
| 266|0x0000000090a00000, 0x0000000090a00000, 0x0000000090b00000|  0%| F|  |TAMS 0x0000000090a00000, 0x0000000090a00000| Untracked 

Card table byte_map: [0x000001b3a3bc0000,0x000001b3a3fc0000] _byte_map_base: 0x000001b3a37c0000

Marking Bits (Prev, Next): (CMBitMap*) 0x000001b39085a178, (CMBitMap*) 0x000001b39085a1b0
 Prev Bits: [0x000001b3a43c0000, 0x000001b3a63c0000)
 Next Bits: [0x000001b3a63c0000, 0x000001b3a83c0000)

Polling page: 0x000001b38efb0000

Metaspace:

Usage:
  Non-class:     79.80 MB capacity,    78.35 MB ( 98%) used,     1.21 MB (  2%) free+waste,   237.63 KB ( <1%) overhead. 
      Class:     11.99 MB capacity,    11.20 MB ( 93%) used,   706.45 KB (  6%) free+waste,   105.50 KB ( <1%) overhead. 
       Both:     91.79 MB capacity,    89.55 MB ( 98%) used,     1.90 MB (  2%) free+waste,   343.13 KB ( <1%) overhead. 

Virtual space:
  Non-class space:       80.00 MB reserved,      79.92 MB (>99%) committed 
      Class space:        1.00 GB reserved,      12.00 MB (  1%) committed 
             Both:        1.08 GB reserved,      91.92 MB (  8%) committed 

Chunk freelists:
   Non-Class:  0 bytes
       Class:  7.00 KB
        Both:  7.00 KB

MaxMetaspaceSize: 17179869184.00 GB
CompressedClassSpaceSize: 1.00 GB

CodeHeap 'non-profiled nmethods': size=120064Kb used=8074Kb max_used=8074Kb free=111989Kb
 bounds [0x000001b39bc60000, 0x000001b39c450000, 0x000001b3a31a0000]
CodeHeap 'profiled nmethods': size=120000Kb used=28056Kb max_used=28056Kb free=91943Kb
 bounds [0x000001b394730000, 0x000001b3962a0000, 0x000001b39bc60000]
CodeHeap 'non-nmethods': size=5696Kb used=2269Kb max_used=2330Kb free=3426Kb
 bounds [0x000001b3941a0000, 0x000001b394410000, 0x000001b394730000]
 total_blobs=13197 nmethods=12326 adapters=782
 compilation: enabled
              stopped_count=0, restarted_count=0
 full_count=0

Compilation events (20 events):
Event: 29.347 Thread 0x000001b3aa9e1800 12703       3       com.sun.tools.javac.comp.Check::checkDeprecated (55 bytes)
Event: 29.348 Thread 0x000001b3aa9e1800 nmethod 12703 0x000001b396295e10 code [0x000001b396296080, 0x000001b396296d58]
Event: 29.348 Thread 0x000001b3aa9e1800 12704       3       com.sun.tools.javac.comp.Check::checkProfile (40 bytes)
Event: 29.349 Thread 0x000001b3aa9e1800 nmethod 12704 0x000001b396297090 code [0x000001b3962972c0, 0x000001b396297a18]
Event: 29.352 Thread 0x000001b3aa9e1800 12707       2       com.sun.tools.javac.code.Type$ClassType::isErroneous (50 bytes)
Event: 29.353 Thread 0x000001b3aa9e1800 nmethod 12707 0x000001b396297d10 code [0x000001b396297f00, 0x000001b3962981e8]
Event: 29.358 Thread 0x000001b3aa9e1800 12709 %     3       com.sun.tools.javac.tree.TreeInfo::hasConstructors @ 2 (34 bytes)
Event: 29.359 Thread 0x000001b3aa9e1800 nmethod 12709% 0x000001b396298390 code [0x000001b396298580, 0x000001b3962989e8]
Event: 29.374 Thread 0x000001b3b003b000 nmethod 12701 0x000001b39c43b010 code [0x000001b39c43b2e0, 0x000001b39c43c930]
Event: 29.374 Thread 0x000001b3b003b000 12712       4       com.sun.tools.javac.code.Type$ClassType::isErroneous (50 bytes)
Event: 29.375 Thread 0x000001b3aa9e1800 12713       3       java.io.ByteArrayInputStream::<init> (37 bytes)
Event: 29.375 Thread 0x000001b3aa9e1800 nmethod 12713 0x000001b396298b10 code [0x000001b396298ce0, 0x000001b396298fb8]
Event: 29.379 Thread 0x000001b3aa9e1800 12714       3       com.sun.tools.javac.code.Type$StructuralTypeMapping::visitMethodType (7 bytes)
Event: 29.379 Thread 0x000001b3aa9e1800 nmethod 12714 0x000001b396299110 code [0x000001b3962992c0, 0x000001b396299468]
Event: 29.384 Thread 0x000001b3aa9e1800 12716       3       com.sun.tools.javac.code.Type$StructuralTypeMapping$4::<init> (16 bytes)
Event: 29.385 Thread 0x000001b3aa9e1800 nmethod 12716 0x000001b396299510 code [0x000001b396299700, 0x000001b396299c38]
Event: 29.388 Thread 0x000001b3b003b000 nmethod 12712 0x000001b39c43d990 code [0x000001b39c43dbe0, 0x000001b39c43e5f8]
Event: 29.388 Thread 0x000001b3b003b000 12710       4       com.sun.tools.javac.comp.Check::checkUnique (288 bytes)
Event: 29.410 Thread 0x000001b3aa9d8800 nmethod 12690 0x000001b39c43ed10 code [0x000001b39c43f000, 0x000001b39c4415a8]
Event: 29.410 Thread 0x000001b3aa9d8800 12715       4       com.sun.tools.javac.code.Scope$ScopeImpl::findFirst (10 bytes)

GC Heap History (20 events):
Event: 26.733 GC heap after
{Heap after GC invocations=38 (full 0):
 garbage-first heap   total 227328K, used 154519K [0x0000000080000000, 0x0000000100000000)
  region size 1024K, 3 young (3072K), 3 survivors (3072K)
 Metaspace       used 83924K, capacity 86179K, committed 86444K, reserved 1124352K
  class space    used 10628K, capacity 11435K, committed 11520K, reserved 1048576K
}
Event: 27.048 GC heap before
{Heap before GC invocations=38 (full 0):
 garbage-first heap   total 227328K, used 177047K [0x0000000080000000, 0x0000000100000000)
  region size 1024K, 25 young (25600K), 3 survivors (3072K)
 Metaspace       used 84053K, capacity 86319K, committed 86444K, reserved 1124352K
  class space    used 10638K, capacity 11438K, committed 11520K, reserved 1048576K
}
Event: 27.079 GC heap after
{Heap after GC invocations=39 (full 0):
 garbage-first heap   total 227328K, used 172032K [0x0000000080000000, 0x0000000100000000)
  region size 1024K, 4 young (4096K), 4 survivors (4096K)
 Metaspace       used 84053K, capacity 86319K, committed 86444K, reserved 1124352K
  class space    used 10638K, capacity 11438K, committed 11520K, reserved 1048576K
}
Event: 27.393 GC heap before
{Heap before GC invocations=40 (full 0):
 garbage-first heap   total 227328K, used 185344K [0x0000000080000000, 0x0000000100000000)
  region size 1024K, 17 young (17408K), 4 survivors (4096K)
 Metaspace       used 84483K, capacity 86761K, committed 86956K, reserved 1124352K
  class space    used 10660K, capacity 11474K, committed 11520K, reserved 1048576K
}
Event: 27.403 GC heap after
{Heap after GC invocations=41 (full 0):
 garbage-first heap   total 227328K, used 174080K [0x0000000080000000, 0x0000000100000000)
  region size 1024K, 1 young (1024K), 1 survivors (1024K)
 Metaspace       used 84483K, capacity 86761K, committed 86956K, reserved 1124352K
  class space    used 10660K, capacity 11474K, committed 11520K, reserved 1048576K
}
Event: 27.643 GC heap before
{Heap before GC invocations=41 (full 0):
 garbage-first heap   total 227328K, used 186368K [0x0000000080000000, 0x0000000100000000)
  region size 1024K, 14 young (14336K), 1 survivors (1024K)
 Metaspace       used 87068K, capacity 89321K, committed 89516K, reserved 1126400K
  class space    used 10920K, capacity 11730K, committed 11776K, reserved 1048576K
}
Event: 27.647 GC heap after
{Heap after GC invocations=42 (full 0):
 garbage-first heap   total 227328K, used 174746K [0x0000000080000000, 0x0000000100000000)
  region size 1024K, 2 young (2048K), 2 survivors (2048K)
 Metaspace       used 87068K, capacity 89321K, committed 89516K, reserved 1126400K
  class space    used 10920K, capacity 11730K, committed 11776K, reserved 1048576K
}
Event: 28.074 GC heap before
{Heap before GC invocations=42 (full 0):
 garbage-first heap   total 227328K, used 186010K [0x0000000080000000, 0x0000000100000000)
  region size 1024K, 16 young (16384K), 2 survivors (2048K)
 Metaspace       used 89979K, capacity 92243K, committed 92460K, reserved 1130496K
  class space    used 11307K, capacity 12149K, committed 12160K, reserved 1048576K
}
Event: 28.082 GC heap after
{Heap after GC invocations=43 (full 0):
 garbage-first heap   total 227328K, used 172872K [0x0000000080000000, 0x0000000100000000)
  region size 1024K, 2 young (2048K), 2 survivors (2048K)
 Metaspace       used 89979K, capacity 92243K, committed 92460K, reserved 1130496K
  class space    used 11307K, capacity 12149K, committed 12160K, reserved 1048576K
}
Event: 28.352 GC heap before
{Heap before GC invocations=44 (full 0):
 garbage-first heap   total 227328K, used 187208K [0x0000000080000000, 0x0000000100000000)
  region size 1024K, 17 young (17408K), 2 survivors (2048K)
 Metaspace       used 91639K, capacity 93924K, committed 94124K, reserved 1130496K
  class space    used 11469K, capacity 12281K, committed 12288K, reserved 1048576K
}
Event: 28.360 GC heap after
{Heap after GC invocations=45 (full 0):
 garbage-first heap   total 273408K, used 174220K [0x0000000080000000, 0x0000000100000000)
  region size 1024K, 3 young (3072K), 3 survivors (3072K)
 Metaspace       used 91639K, capacity 93924K, committed 94124K, reserved 1130496K
  class space    used 11469K, capacity 12281K, committed 12288K, reserved 1048576K
}
Event: 28.503 GC heap before
{Heap before GC invocations=45 (full 0):
 garbage-first heap   total 273408K, used 184460K [0x0000000080000000, 0x0000000100000000)
  region size 1024K, 13 young (13312K), 3 survivors (3072K)
 Metaspace       used 91657K, capacity 93991K, committed 94124K, reserved 1130496K
  class space    used 11469K, capacity 12281K, committed 12288K, reserved 1048576K
}
Event: 28.513 GC heap after
{Heap after GC invocations=46 (full 0):
 garbage-first heap   total 273408K, used 175604K [0x0000000080000000, 0x0000000100000000)
  region size 1024K, 2 young (2048K), 2 survivors (2048K)
 Metaspace       used 91657K, capacity 93991K, committed 94124K, reserved 1130496K
  class space    used 11469K, capacity 12281K, committed 12288K, reserved 1048576K
}
Event: 28.737 GC heap before
{Heap before GC invocations=46 (full 0):
 garbage-first heap   total 273408K, used 205300K [0x0000000080000000, 0x0000000100000000)
  region size 1024K, 31 young (31744K), 2 survivors (2048K)
 Metaspace       used 91666K, capacity 93991K, committed 94124K, reserved 1130496K
  class space    used 11469K, capacity 12281K, committed 12288K, reserved 1048576K
}
Event: 28.757 GC heap after
{Heap after GC invocations=47 (full 0):
 garbage-first heap   total 273408K, used 184948K [0x0000000080000000, 0x0000000100000000)
  region size 1024K, 4 young (4096K), 4 survivors (4096K)
 Metaspace       used 91666K, capacity 93991K, committed 94124K, reserved 1130496K
  class space    used 11469K, capacity 12281K, committed 12288K, reserved 1048576K
}
Event: 28.954 GC heap before
{Heap before GC invocations=47 (full 0):
 garbage-first heap   total 273408K, used 211572K [0x0000000080000000, 0x0000000100000000)
  region size 1024K, 30 young (30720K), 4 survivors (4096K)
 Metaspace       used 91678K, capacity 93991K, committed 94124K, reserved 1130496K
  class space    used 11469K, capacity 12281K, committed 12288K, reserved 1048576K
}
Event: 28.989 GC heap after
{Heap after GC invocations=48 (full 0):
 garbage-first heap   total 273408K, used 206406K [0x0000000080000000, 0x0000000100000000)
  region size 1024K, 4 young (4096K), 4 survivors (4096K)
 Metaspace       used 91678K, capacity 93991K, committed 94124K, reserved 1130496K
  class space    used 11469K, capacity 12281K, committed 12288K, reserved 1048576K
}
Event: 29.236 GC heap before
{Heap before GC invocations=48 (full 0):
 garbage-first heap   total 273408K, used 218694K [0x0000000080000000, 0x0000000100000000)
  region size 1024K, 20 young (20480K), 4 survivors (4096K)
 Metaspace       used 91694K, capacity 93992K, committed 94124K, reserved 1130496K
  class space    used 11469K, capacity 12281K, committed 12288K, reserved 1048576K
}
Event: 29.260 GC heap after
{Heap after GC invocations=49 (full 0):
 garbage-first heap   total 273408K, used 206848K [0x0000000080000000, 0x0000000100000000)
  region size 1024K, 3 young (3072K), 3 survivors (3072K)
 Metaspace       used 91694K, capacity 93992K, committed 94124K, reserved 1130496K
  class space    used 11469K, capacity 12281K, committed 12288K, reserved 1048576K
}
Event: 29.414 GC heap before
{Heap before GC invocations=50 (full 0):
 garbage-first heap   total 273408K, used 224256K [0x0000000080000000, 0x0000000100000000)
  region size 1024K, 20 young (20480K), 3 survivors (3072K)
 Metaspace       used 91699K, capacity 93993K, committed 94124K, reserved 1130496K
  class space    used 11469K, capacity 12281K, committed 12288K, reserved 1048576K
}

Deoptimization events (20 events):
Event: 29.294 Thread 0x000001b3b003c000 DEOPT PACKING pc=0x000001b395fd54ef sp=0x000000a8ebcf8170
Event: 29.294 Thread 0x000001b3b003c000 DEOPT UNPACKING pc=0x000001b3941c724e sp=0x000000a8ebcf7628 mode 0
Event: 29.306 Thread 0x000001b3b003c000 DEOPT PACKING pc=0x000001b395fd54ef sp=0x000000a8ebcf8050
Event: 29.306 Thread 0x000001b3b003c000 DEOPT UNPACKING pc=0x000001b3941c724e sp=0x000000a8ebcf7508 mode 0
Event: 29.338 Thread 0x000001b3b003c000 Uncommon trap: trap_request=0xffffffde fr.pc=0x000001b39c427de8 relative=0x00000000000004c8
Event: 29.338 Thread 0x000001b3b003c000 Uncommon trap: reason=class_check action=maybe_recompile pc=0x000001b39c427de8 method=com.sun.tools.javac.code.Type$ClassType.isErroneous()Z @ 4 c2
Event: 29.338 Thread 0x000001b3b003c000 DEOPT PACKING pc=0x000001b39c427de8 sp=0x000000a8ebcf73b0
Event: 29.338 Thread 0x000001b3b003c000 DEOPT UNPACKING pc=0x000001b3941c742f sp=0x000000a8ebcf7378 mode 2
Event: 29.338 Thread 0x000001b3b003c000 Uncommon trap: trap_request=0xffffffde fr.pc=0x000001b39c427de8 relative=0x00000000000004c8
Event: 29.338 Thread 0x000001b3b003c000 Uncommon trap: reason=class_check action=maybe_recompile pc=0x000001b39c427de8 method=com.sun.tools.javac.code.Type$ClassType.isErroneous()Z @ 4 c2
Event: 29.338 Thread 0x000001b3b003c000 DEOPT PACKING pc=0x000001b39c427de8 sp=0x000000a8ebcf8be0
Event: 29.338 Thread 0x000001b3b003c000 DEOPT UNPACKING pc=0x000001b3941c742f sp=0x000000a8ebcf8ba8 mode 2
Event: 29.344 Thread 0x000001b3b003c000 Uncommon trap: trap_request=0xffffffde fr.pc=0x000001b39c427de8 relative=0x00000000000004c8
Event: 29.344 Thread 0x000001b3b003c000 Uncommon trap: reason=class_check action=maybe_recompile pc=0x000001b39c427de8 method=com.sun.tools.javac.code.Type$ClassType.isErroneous()Z @ 4 c2
Event: 29.344 Thread 0x000001b3b003c000 DEOPT PACKING pc=0x000001b39c427de8 sp=0x000000a8ebcf8c40
Event: 29.344 Thread 0x000001b3b003c000 DEOPT UNPACKING pc=0x000001b3941c742f sp=0x000000a8ebcf8c08 mode 2
Event: 29.352 Thread 0x000001b3b003c000 Uncommon trap: trap_request=0xffffffde fr.pc=0x000001b39c427de8 relative=0x00000000000004c8
Event: 29.352 Thread 0x000001b3b003c000 Uncommon trap: reason=class_check action=maybe_recompile pc=0x000001b39c427de8 method=com.sun.tools.javac.code.Type$ClassType.isErroneous()Z @ 4 c2
Event: 29.352 Thread 0x000001b3b003c000 DEOPT PACKING pc=0x000001b39c427de8 sp=0x000000a8ebcf7a90
Event: 29.352 Thread 0x000001b3b003c000 DEOPT UNPACKING pc=0x000001b3941c742f sp=0x000000a8ebcf7a58 mode 2

Classes redefined (0 events):
No events

Internal exceptions (20 events):
Event: 22.851 Thread 0x000001b3b003c000 Exception <a 'java/lang/NoSuchMethodError'{0x000000008781f3b8}: 'java.lang.Object java.lang.invoke.Invokers$Holder.linkToTargetMethod(java.lang.Object, java.lang.Object, java.lang.Object, int, int, java.lang.Object)'> (0x000000008781f3b8) thrown at [./src/hotspot/share/interpreter/linkResolver.cpp, line 773]
Event: 22.888 Thread 0x000001b3b003c000 Exception <a 'java/lang/NoSuchMethodError'{0x00000000876e2638}: 'int java.lang.invoke.DirectMethodHandle$Holder.invokeVirtual(java.lang.Object, java.lang.Object, java.lang.Object)'> (0x00000000876e2638) thrown at [./src/hotspot/share/interpreter/linkResolver.cpp, line 773]
Event: 24.695 Thread 0x000001b3b003c000 Exception <a 'sun/nio/fs/WindowsException'{0x000000008a7a27c0}> (0x000000008a7a27c0) thrown at [./src/hotspot/share/prims/jni.cpp, line 615]
Event: 24.695 Thread 0x000001b3b003c000 Exception <a 'sun/nio/fs/WindowsException'{0x000000008a7a28c8}> (0x000000008a7a28c8) thrown at [./src/hotspot/share/prims/jni.cpp, line 615]
Event: 25.832 Thread 0x000001b3b003c000 Implicit null exception at 0x000001b39c26ae1c to 0x000001b39c26b9c4
Event: 28.230 Thread 0x000001b3b003c000 Exception <a 'sun/nio/fs/WindowsException'{0x000000008d61cb20}> (0x000000008d61cb20) thrown at [./src/hotspot/share/prims/jni.cpp, line 615]
Event: 28.231 Thread 0x000001b3b003c000 Exception <a 'sun/nio/fs/WindowsException'{0x000000008d61d370}> (0x000000008d61d370) thrown at [./src/hotspot/share/prims/jni.cpp, line 615]
Event: 28.233 Thread 0x000001b3b003c000 Exception <a 'sun/nio/fs/WindowsException'{0x000000008d62db60}> (0x000000008d62db60) thrown at [./src/hotspot/share/prims/jni.cpp, line 615]
Event: 28.233 Thread 0x000001b3b003c000 Exception <a 'sun/nio/fs/WindowsException'{0x000000008d62edb8}> (0x000000008d62edb8) thrown at [./src/hotspot/share/prims/jni.cpp, line 615]
Event: 28.233 Thread 0x000001b3b003c000 Exception <a 'sun/nio/fs/WindowsException'{0x000000008d62ffc8}> (0x000000008d62ffc8) thrown at [./src/hotspot/share/prims/jni.cpp, line 615]
Event: 28.233 Thread 0x000001b3b003c000 Exception <a 'sun/nio/fs/WindowsException'{0x000000008d630120}> (0x000000008d630120) thrown at [./src/hotspot/share/prims/jni.cpp, line 615]
Event: 28.233 Thread 0x000001b3b003c000 Exception <a 'sun/nio/fs/WindowsException'{0x000000008d632328}> (0x000000008d632328) thrown at [./src/hotspot/share/prims/jni.cpp, line 615]
Event: 28.233 Thread 0x000001b3b003c000 Exception <a 'sun/nio/fs/WindowsException'{0x000000008d632468}> (0x000000008d632468) thrown at [./src/hotspot/share/prims/jni.cpp, line 615]
Event: 28.234 Thread 0x000001b3b003c000 Exception <a 'sun/nio/fs/WindowsException'{0x000000008d634658}> (0x000000008d634658) thrown at [./src/hotspot/share/prims/jni.cpp, line 615]
Event: 28.234 Thread 0x000001b3b003c000 Exception <a 'sun/nio/fs/WindowsException'{0x000000008d634788}> (0x000000008d634788) thrown at [./src/hotspot/share/prims/jni.cpp, line 615]
Event: 28.234 Thread 0x000001b3b003c000 Exception <a 'sun/nio/fs/WindowsException'{0x000000008d636960}> (0x000000008d636960) thrown at [./src/hotspot/share/prims/jni.cpp, line 615]
Event: 28.234 Thread 0x000001b3b003c000 Exception <a 'sun/nio/fs/WindowsException'{0x000000008d636a80}> (0x000000008d636a80) thrown at [./src/hotspot/share/prims/jni.cpp, line 615]
Event: 28.234 Thread 0x000001b3b003c000 Exception <a 'sun/nio/fs/WindowsException'{0x000000008d638c50}> (0x000000008d638c50) thrown at [./src/hotspot/share/prims/jni.cpp, line 615]
Event: 28.269 Thread 0x000001b3b003c000 Exception <a 'sun/nio/fs/WindowsException'{0x000000008d239108}> (0x000000008d239108) thrown at [./src/hotspot/share/prims/jni.cpp, line 615]
Event: 28.281 Thread 0x000001b3b003c000 Exception <a 'java/lang/NullPointerException'{0x000000008d2f9128}> (0x000000008d2f9128) thrown at [./src/hotspot/share/interpreter/linkResolver.cpp, line 1358]

Events (20 events):
Event: 28.286 loading class com/google/common/collect/FluentIterable$2 done
Event: 28.321 loading class com/sun/tools/javac/code/Symtab
Event: 28.321 loading class com/sun/tools/javac/code/Symtab done
Event: 28.329 Executing VM operation: ICBufferFull
Event: 28.329 Executing VM operation: ICBufferFull done
Event: 28.352 Executing VM operation: G1CollectForAllocation
Event: 28.360 Executing VM operation: G1CollectForAllocation done
Event: 28.503 Executing VM operation: G1CollectForAllocation
Event: 28.513 Executing VM operation: G1CollectForAllocation done
Event: 28.737 Executing VM operation: G1CollectForAllocation
Event: 28.757 Executing VM operation: G1CollectForAllocation done
Event: 28.953 Executing VM operation: G1CollectForAllocation
Event: 28.989 Executing VM operation: G1CollectForAllocation done
Event: 29.075 Executing VM operation: CGC_Operation
Event: 29.089 Executing VM operation: CGC_Operation done
Event: 29.234 Executing VM operation: G1CollectForAllocation
Event: 29.260 Executing VM operation: G1CollectForAllocation done
Event: 29.290 Executing VM operation: CGC_Operation
Event: 29.291 Executing VM operation: CGC_Operation done
Event: 29.413 Executing VM operation: G1CollectForAllocation


Dynamic libraries:
0x00007ff6c17f0000 - 0x00007ff6c17fa000 	C:\Program Files\Android\Android Studio\jre\bin\java.exe
0x00007ffdbfbb0000 - 0x00007ffdbfda5000 	C:\WINDOWS\SYSTEM32\ntdll.dll
0x00007ffdbf740000 - 0x00007ffdbf7fd000 	C:\WINDOWS\System32\KERNEL32.DLL
0x00007ffdbd920000 - 0x00007ffdbdbe8000 	C:\WINDOWS\System32\KERNELBASE.dll
0x00007ffdbd500000 - 0x00007ffdbd600000 	C:\WINDOWS\System32\ucrtbase.dll
0x00007ffd8b630000 - 0x00007ffd8b649000 	C:\Program Files\Android\Android Studio\jre\bin\jli.dll
0x00007ffdbe410000 - 0x00007ffdbe5b0000 	C:\WINDOWS\System32\USER32.dll
0x00007ffdbdbf0000 - 0x00007ffdbdc12000 	C:\WINDOWS\System32\win32u.dll
0x00007ffdbfa90000 - 0x00007ffdbfaba000 	C:\WINDOWS\System32\GDI32.dll
0x00007ffdbd810000 - 0x00007ffdbd91b000 	C:\WINDOWS\System32\gdi32full.dll
0x00007ffd998c0000 - 0x00007ffd998d7000 	C:\Program Files\Android\Android Studio\jre\bin\VCRUNTIME140.dll
0x00007ffdbd410000 - 0x00007ffdbd4ad000 	C:\WINDOWS\System32\msvcp_win.dll
0x00007ffdaee00000 - 0x00007ffdaf09a000 	C:\WINDOWS\WinSxS\amd64_microsoft.windows.common-controls_6595b64144ccf1df_6.0.19041.1052_none_60b8f8fd71f5e8cb\COMCTL32.dll
0x00007ffdbf870000 - 0x00007ffdbf90e000 	C:\WINDOWS\System32\msvcrt.dll
0x00007ffdbe060000 - 0x00007ffdbe090000 	C:\WINDOWS\System32\IMM32.DLL
0x00007ffd7d510000 - 0x00007ffd7d5ad000 	C:\Program Files\Android\Android Studio\jre\bin\msvcp140.dll
0x00007ffd87e70000 - 0x00007ffd8892c000 	C:\Program Files\Android\Android Studio\jre\bin\server\jvm.dll
0x00007ffdbfac0000 - 0x00007ffdbfb6c000 	C:\WINDOWS\System32\ADVAPI32.dll
0x00007ffdbe6e0000 - 0x00007ffdbe77b000 	C:\WINDOWS\System32\sechost.dll
0x00007ffdbe2e0000 - 0x00007ffdbe40b000 	C:\WINDOWS\System32\RPCRT4.dll
0x00007ffdbf910000 - 0x00007ffdbf918000 	C:\WINDOWS\System32\PSAPI.DLL
0x00007ffdac460000 - 0x00007ffdac469000 	C:\WINDOWS\SYSTEM32\WSOCK32.dll
0x00007ffdb1eb0000 - 0x00007ffdb1ed7000 	C:\WINDOWS\SYSTEM32\WINMM.dll
0x00007ffdbf800000 - 0x00007ffdbf86b000 	C:\WINDOWS\System32\WS2_32.dll
0x00007ffdb3de0000 - 0x00007ffdb3dea000 	C:\WINDOWS\SYSTEM32\VERSION.dll
0x00007ffdbb260000 - 0x00007ffdbb272000 	C:\WINDOWS\SYSTEM32\kernel.appcore.dll
0x00007ffd968f0000 - 0x00007ffd96901000 	C:\Program Files\Android\Android Studio\jre\bin\verify.dll
0x00007ffdaba90000 - 0x00007ffdabc74000 	C:\WINDOWS\SYSTEM32\DBGHELP.DLL
0x00007ffdabd80000 - 0x00007ffdabdac000 	C:\WINDOWS\SYSTEM32\dbgcore.DLL
0x00007ffdbd350000 - 0x00007ffdbd3d3000 	C:\WINDOWS\System32\bcryptPrimitives.dll
0x00007ffd93ff0000 - 0x00007ffd94019000 	C:\Program Files\Android\Android Studio\jre\bin\java.dll
0x00007ffdab9c0000 - 0x00007ffdab9cb000 	C:\Program Files\Android\Android Studio\jre\bin\jimage.dll
0x00007ffd93da0000 - 0x00007ffd93db8000 	C:\Program Files\Android\Android Studio\jre\bin\zip.dll
0x00007ffdbe7a0000 - 0x00007ffdbeedf000 	C:\WINDOWS\System32\SHELL32.dll
0x00007ffdbb460000 - 0x00007ffdbbbf0000 	C:\WINDOWS\SYSTEM32\windows.storage.dll
0x00007ffdbdd00000 - 0x00007ffdbe055000 	C:\WINDOWS\System32\combase.dll
0x00007ffdbcc90000 - 0x00007ffdbccbc000 	C:\WINDOWS\SYSTEM32\Wldp.dll
0x00007ffdbf690000 - 0x00007ffdbf73e000 	C:\WINDOWS\System32\SHCORE.dll
0x00007ffdbf090000 - 0x00007ffdbf0e5000 	C:\WINDOWS\System32\shlwapi.dll
0x00007ffdbd230000 - 0x00007ffdbd24f000 	C:\WINDOWS\SYSTEM32\profapi.dll
0x00007ffd92e70000 - 0x00007ffd92e8a000 	C:\Program Files\Android\Android Studio\jre\bin\net.dll
0x00007ffdb7d10000 - 0x00007ffdb7e1b000 	C:\WINDOWS\SYSTEM32\WINHTTP.dll
0x00007ffdbca00000 - 0x00007ffdbca6a000 	C:\WINDOWS\system32\mswsock.dll
0x00007ffd92330000 - 0x00007ffd92344000 	C:\Program Files\Android\Android Studio\jre\bin\nio.dll
0x00007ffda5f10000 - 0x00007ffda5f37000 	C:\Users\infinity\.gradle\native\f6784746aeab05261644944871eae4fe03e0ef1612fff0a4a95f87b438bc6780\windows-amd64\native-platform.dll
0x00007ffda7880000 - 0x00007ffda788a000 	C:\Program Files\Android\Android Studio\jre\bin\management.dll
0x00007ffda7320000 - 0x00007ffda732c000 	C:\Program Files\Android\Android Studio\jre\bin\management_ext.dll
0x00007ffdbcbe0000 - 0x00007ffdbcbf8000 	C:\WINDOWS\SYSTEM32\CRYPTSP.dll
0x00007ffdbc3a0000 - 0x00007ffdbc3d4000 	C:\WINDOWS\system32\rsaenh.dll
0x00007ffdbd3e0000 - 0x00007ffdbd407000 	C:\WINDOWS\System32\bcrypt.dll
0x00007ffdbd1b0000 - 0x00007ffdbd1de000 	C:\WINDOWS\SYSTEM32\USERENV.dll
0x00007ffdbcbd0000 - 0x00007ffdbcbdc000 	C:\WINDOWS\SYSTEM32\CRYPTBASE.dll
0x00007ffdbc6f0000 - 0x00007ffdbc72b000 	C:\WINDOWS\SYSTEM32\IPHLPAPI.DLL
0x00007ffdbe6d0000 - 0x00007ffdbe6d8000 	C:\WINDOWS\System32\NSI.dll
0x00007ffdb6e80000 - 0x00007ffdb6e97000 	C:\WINDOWS\SYSTEM32\dhcpcsvc6.DLL
0x00007ffdb6e40000 - 0x00007ffdb6e5d000 	C:\WINDOWS\SYSTEM32\dhcpcsvc.DLL
0x00007ffdbc730000 - 0x00007ffdbc7fc000 	C:\WINDOWS\SYSTEM32\DNSAPI.dll
0x00007ffdb72a0000 - 0x00007ffdb72ab000 	C:\WINDOWS\SYSTEM32\WINNSI.DLL
0x0000000066e00000 - 0x0000000066f03000 	C:\Users\infinity\AppData\Local\Temp\sqlite-3.25.2-c46a1da3-2227-4050-a6b6-3232c54bd9ee-sqlitejdbc.dll

dbghelp: loaded successfully - version: 4.0.5 - missing functions: none
symbol engine: initialized successfully - sym options: 0x614 - pdb path: .;C:\Program Files\Android\Android Studio\jre\bin;C:\WINDOWS\SYSTEM32;C:\WINDOWS\WinSxS\amd64_microsoft.windows.common-controls_6595b64144ccf1df_6.0.19041.1052_none_60b8f8fd71f5e8cb;C:\Program Files\Android\Android Studio\jre\bin\server;C:\Users\infinity\.gradle\native\f6784746aeab05261644944871eae4fe03e0ef1612fff0a4a95f87b438bc6780\windows-amd64;C:\Users\infinity\AppData\Local\Temp

VM Arguments:
jvm_args: --add-opens=java.base/java.util=ALL-UNNAMED --add-opens=java.base/java.lang=ALL-UNNAMED --add-opens=java.base/java.lang.invoke=ALL-UNNAMED --add-opens=java.prefs/java.util.prefs=ALL-UNNAMED -Xmx2048m -Dfile.encoding=UTF-8 -Duser.country=IN -Duser.language=en -Duser.variant 
java_command: org.gradle.launcher.daemon.bootstrap.GradleDaemon 6.5
java_class_path (initial): C:\Users\infinity\.gradle\wrapper\dists\gradle-6.5-bin\6nifqtx7604sqp1q6g8wikw7p\gradle-6.5\lib\gradle-launcher-6.5.jar
Launcher Type: SUN_STANDARD

[Global flags]
     intx CICompilerCount                          = 3                                         {product} {ergonomic}
     uint ConcGCThreads                            = 1                                         {product} {ergonomic}
     uint G1ConcRefinementThreads                  = 4                                         {product} {ergonomic}
   size_t G1HeapRegionSize                         = 1048576                                   {product} {ergonomic}
    uintx GCDrainStackTargetSize                   = 64                                        {product} {ergonomic}
   size_t InitialHeapSize                          = 134217728                                 {product} {ergonomic}
   size_t MarkStackSize                            = 4194304                                   {product} {ergonomic}
   size_t MaxHeapSize                              = 2147483648                                {product} {command line}
   size_t MaxNewSize                               = 1287651328                                {product} {ergonomic}
   size_t MinHeapDeltaBytes                        = 1048576                                   {product} {ergonomic}
    uintx NonNMethodCodeHeapSize                   = 5830732                                {pd product} {ergonomic}
    uintx NonProfiledCodeHeapSize                  = 122913754                              {pd product} {ergonomic}
    uintx ProfiledCodeHeapSize                     = 122913754                              {pd product} {ergonomic}
    uintx ReservedCodeCacheSize                    = 251658240                              {pd product} {ergonomic}
     bool SegmentedCodeCache                       = true                                      {product} {ergonomic}
     bool UseCompressedClassPointers               = true                                 {lp64_product} {ergonomic}
     bool UseCompressedOops                        = true                                 {lp64_product} {ergonomic}
     bool UseG1GC                                  = true                                      {product} {ergonomic}
     bool UseLargePagesIndividualAllocation        = false                                  {pd product} {ergonomic}

Logging:
Log output configuration:
 #0: stdout all=warning uptime,level,tags
 #1: stderr all=off uptime,level,tags

Environment Variables:
JAVA_HOME=C:\Program Files\Java\jdk1.8.0_211
CLASSPATH=.;
PATH=C:\Windows\system32;C:\Windows;C:\Windows\System32\Wbem;C:\Windows\System32\WindowsPowerShell\v1.0\;C:\Windows\System32\OpenSSH\;C:\Program Files\Git\cmd;C:\Users\infinity\AppData\Local\Microsoft\WindowsApps;C:\adb;C:\ProgramData\chocolatey\bin;C:\Program Files\nodejs\;C:\Program Files\Java\jdk1.8.0_211\bin;C:\Program Files\Microsoft SQL Server\Client SDK\ODBC\170\Tools\Binn\;C:\Program Files\Azure Data Studio\bin;C:\Program Files (x86)\Microsoft SQL Server\150\Tools\Binn\;C:\Program Files\Microsoft SQL Server\150\Tools\Binn\;C:\Program Files\Microsoft SQL Server\150\DTS\Binn\;%SystemRoot%\system32;%SystemRoot%;%SystemRoot%\System32\Wbem;%SYSTEMROOT%\System32\WindowsPowerShell\v1.0\;%SYSTEMROOT%\System32\OpenSSH\;C:\Users\infinity\AppData\Local\Microsoft\WindowsApps;C:\Users\infinity\AppData\Roaming\npm;C:\Users\infinity\Downloads\flutter_windows_1.22.6-stable\flutter\bin;C:\Program Files\Azure Data Studio\bin;;C:\Users\infinity\AppData\Local\Programs\Microsoft VS Code\bin
USERNAME=infinity
OS=Windows_NT
PROCESSOR_IDENTIFIER=Intel64 Family 6 Model 42 Stepping 7, GenuineIntel



---------------  S Y S T E M  ---------------

OS: Windows 10 , 64 bit Build 19041 (10.0.19041.1023)
OS uptime: 5 days 3:06 hours

CPU:total 4 (initial active 4) (4 cores per cpu, 1 threads per core) family 6 model 42 stepping 7, cmov, cx8, fxsr, mmx, sse, sse2, sse3, ssse3, sse4.1, sse4.2, popcnt, avx, aes, clmul, tsc, tscinvbit

Memory: 4k page, system-wide physical 8064M (889M free)
TotalPageFile size 14765M (AvailPageFile size 35M)
current process WorkingSet (physical memory assigned to process): 542M, peak: 559M
current process commit charge ("private bytes"): 582M, peak: 781M

vm_info: OpenJDK 64-Bit Server VM (11.0.8+10-b944.6842174) for windows-amd64 JRE (11.0.8+10-b944.6842174), built on Sep 19 2020 01:11:42 by "builder" with MS VC++ 14.0 (VS2015)

END.
