#
# There is insufficient memory for the Java Runtime Environment to continue.
# Native memory allocation (mmap) failed to map 67108864 bytes for Failed to commit area from 0x000000008de00000 to 0x0000000091e00000 of length 67108864.
# Possible reasons:
#   The system is out of physical RAM or swap space
#   The process is running with CompressedOops enabled, and the Java Heap may be blocking the growth of the native heap
# Possible solutions:
#   Reduce memory load on the system
#   Increase physical memory or swap space
#   Check if swap backing store is full
#   Decrease Java heap size (-Xmx/-Xms)
#   Decrease number of Java threads
#   Decrease Java thread stack sizes (-Xss)
#   Set larger code cache with -XX:ReservedCodeCacheSize=
#   JVM is running with Unscaled Compressed Oops mode in which the Java heap is
#     placed in the first 4GB address space. The Java Heap base address is the
#     maximum limit for the native heap growth. Please use -XX:HeapBaseMinAddress
#     to set the Java Heap base and to place the Java Heap above 4GB virtual address.
# This output file may be truncated or incomplete.
#
#  Out of Memory Error (./src/hotspot/os/windows/os_windows.cpp:3303), pid=18148, tid=10884
#
# JRE version: OpenJDK Runtime Environment (11.0.8+10) (build 11.0.8+10-b944.6842174)
# Java VM: OpenJDK 64-Bit Server VM (11.0.8+10-b944.6842174, mixed mode, tiered, compressed oops, g1 gc, windows-amd64)
# No core dump will be written. Minidumps are not enabled by default on client versions of Windows
#

---------------  S U M M A R Y ------------

Command Line: --add-opens=java.base/java.util=ALL-UNNAMED --add-opens=java.base/java.lang=ALL-UNNAMED --add-opens=java.base/java.lang.invoke=ALL-UNNAMED --add-opens=java.prefs/java.util.prefs=ALL-UNNAMED -Xmx2048m -Dfile.encoding=UTF-8 -Duser.country=IN -Duser.language=en -Duser.variant org.gradle.launcher.daemon.bootstrap.GradleDaemon 6.5

Host: Intel(R) Core(TM) i5-2400 CPU @ 3.10GHz, 4 cores, 7G,  Windows 10 , 64 bit Build 19041 (10.0.19041.1023)
Time: Mon Jun 28 17:36:00 2021 India Standard Time elapsed time: 28 seconds (0d 0h 0m 28s)

---------------  T H R E A D  ---------------

Current thread (0x00000188d68b5000):  VMThread "VM Thread" [stack: 0x000000401f900000,0x000000401fa00000] [id=10884]

Stack: [0x000000401f900000,0x000000401fa00000]
[error occurred during error reporting (printing stack bounds), id 0xc0000005, EXCEPTION_ACCESS_VIOLATION (0xc0000005) at pc=0x00000188c0050dad]

Native frames: (J=compiled Java code, j=interpreted, Vv=VM code, C=native code)
V  [jvm.dll+0x5de50a]
V  [jvm.dll+0x7122f5]
V  [jvm.dll+0x71384d]
V  [jvm.dll+0x713e65]
V  [jvm.dll+0x713e1b]
V  [jvm.dll+0x5dd958]
V  [jvm.dll+0x5de0f8]
C  [ntdll.dll+0xa217f]
C  [ntdll.dll+0x51454]
C  [ntdll.dll+0xa0cae]
C  0x00000188c0050dad

VM_Operation (0x0000004027af68b0): G1CollectForAllocation, mode: safepoint, requested by thread 0x00000188dcdef800


---------------  P R O C E S S  ---------------

Threads class SMR info:
_java_thread_list=0x00000188d9ef2060, length=128, elements={
0x00000188bc6aa800, 0x00000188d68bd000, 0x00000188d68c0000, 0x00000188d7263000,
0x00000188d68d5000, 0x00000188d68d8000, 0x00000188d68dc000, 0x00000188d68df000,
0x00000188d738f800, 0x00000188d73a6000, 0x00000188d8b04000, 0x00000188d80f3800,
0x00000188d824c000, 0x00000188d8426800, 0x00000188d84cd800, 0x00000188d84bf000,
0x00000188d8293800, 0x00000188d8c15800, 0x00000188d8c16000, 0x00000188d8de7000,
0x00000188d930d000, 0x00000188d9310800, 0x00000188d9312000, 0x00000188d9313800,
0x00000188d930e000, 0x00000188d9313000, 0x00000188d9311000, 0x00000188d930f000,
0x00000188d930f800, 0x00000188dc13e000, 0x00000188dc13a800, 0x00000188dc13f800,
0x00000188dc13a000, 0x00000188dc13b800, 0x00000188dc142000, 0x00000188dc141000,
0x00000188dc140800, 0x00000188dc13d000, 0x00000188dc143800, 0x00000188dc144800,
0x00000188dc13e800, 0x00000188dc145000, 0x00000188dc146000, 0x00000188dc147800,
0x00000188dc147000, 0x00000188dc148800, 0x00000188d9b08800, 0x00000188d9b09000,
0x00000188d9b05000, 0x00000188d9b06000, 0x00000188d9b06800, 0x00000188d9b0c800,
0x00000188d9b0a000, 0x00000188d9b0a800, 0x00000188d9b0b800, 0x00000188d9b0d000,
0x00000188d9b07800, 0x00000188d9b13800, 0x00000188d9b0f000, 0x00000188d9b12000,
0x00000188d9b0f800, 0x00000188d9b10800, 0x00000188d9b0e000, 0x00000188d9b11000,
0x00000188d9b13000, 0x00000188d7caa800, 0x00000188d7cad000, 0x00000188d7cb1000,
0x00000188d7cb0000, 0x00000188d7cad800, 0x00000188d7cae800, 0x00000188d7caf800,
0x00000188d7cab000, 0x00000188d7cac000, 0x00000188d7cb2800, 0x00000188d7cb6000,
0x00000188d7cb6800, 0x00000188d7cb7800, 0x00000188d7cb4000, 0x00000188d7cb5000,
0x00000188d7cb1800, 0x00000188d7cb8000, 0x00000188d7cb3800, 0x00000188d7cb9000,
0x00000188d9f01000, 0x00000188d9f02000, 0x00000188d9efe800, 0x00000188d9f02800,
0x00000188d9f00800, 0x00000188d9efd000, 0x00000188d9eff800, 0x00000188d9efe000,
0x00000188d9f06000, 0x00000188d9f07000, 0x00000188d9f08800, 0x00000188d9f07800,
0x00000188d9f09800, 0x00000188d9f03800, 0x00000188d9f0a000, 0x00000188d9f04800,
0x00000188d9f0b000, 0x00000188d9f05000, 0x00000188d9f0b800, 0x00000188dcde1800,
0x00000188dcde5800, 0x00000188dcde8000, 0x00000188dcde2800, 0x00000188dcde4000,
0x00000188dcde9000, 0x00000188dcde4800, 0x00000188dcde3000, 0x00000188dcde7000,
0x00000188dcde9800, 0x00000188dcdea800, 0x00000188dcdeb000, 0x00000188dcdec000,
0x00000188dcde6800, 0x00000188dcded000, 0x00000188dcdf0000, 0x00000188dcded800,
0x00000188dcdee800, 0x00000188dcdef800, 0x00000188d7f86000, 0x00000188d7f82000,
0x00000188d7f83800, 0x00000188d7f85000, 0x00000188d7f80800, 0x00000188d8655800
}

Java Threads: ( => current thread )
  0x00000188bc6aa800 JavaThread "main" [_thread_blocked, id=21848, stack(0x000000401f200000,0x000000401f300000)]
  0x00000188d68bd000 JavaThread "Reference Handler" daemon [_thread_blocked, id=22448, stack(0x000000401fa00000,0x000000401fb00000)]
  0x00000188d68c0000 JavaThread "Finalizer" daemon [_thread_blocked, id=20048, stack(0x000000401fb00000,0x000000401fc00000)]
  0x00000188d7263000 JavaThread "Signal Dispatcher" daemon [_thread_blocked, id=11792, stack(0x000000401fc00000,0x000000401fd00000)]
  0x00000188d68d5000 JavaThread "Attach Listener" daemon [_thread_blocked, id=2584, stack(0x000000401fd00000,0x000000401fe00000)]
  0x00000188d68d8000 JavaThread "C2 CompilerThread0" daemon [_thread_in_native, id=23376, stack(0x000000401fe00000,0x000000401ff00000)]
  0x00000188d68dc000 JavaThread "C1 CompilerThread0" daemon [_thread_blocked, id=13504, stack(0x000000401ff00000,0x0000004020000000)]
  0x00000188d68df000 JavaThread "Sweeper thread" daemon [_thread_blocked, id=2336, stack(0x0000004020000000,0x0000004020100000)]
  0x00000188d738f800 JavaThread "Common-Cleaner" daemon [_thread_blocked, id=15712, stack(0x0000004020100000,0x0000004020200000)]
  0x00000188d73a6000 JavaThread "Service Thread" daemon [_thread_blocked, id=1248, stack(0x0000004020200000,0x0000004020300000)]
  0x00000188d8b04000 JavaThread "Daemon health stats" [_thread_blocked, id=2676, stack(0x0000004020800000,0x0000004020900000)]
  0x00000188d80f3800 JavaThread "Incoming local TCP Connector on port 53652" [_thread_in_native, id=20440, stack(0x0000004020b00000,0x0000004020c00000)]
  0x00000188d824c000 JavaThread "Daemon periodic checks" [_thread_blocked, id=644, stack(0x0000004020c00000,0x0000004020d00000)]
  0x00000188d8426800 JavaThread "Daemon" [_thread_blocked, id=21460, stack(0x0000004020d00000,0x0000004020e00000)]
  0x00000188d84cd800 JavaThread "Handler for socket connection from /127.0.0.1:53652 to /127.0.0.1:53653" [_thread_in_native, id=4124, stack(0x0000004020e00000,0x0000004020f00000)]
  0x00000188d84bf000 JavaThread "Cancel handler" [_thread_blocked, id=5132, stack(0x0000004020f00000,0x0000004021000000)]
  0x00000188d8293800 JavaThread "Daemon worker" [_thread_blocked, id=11116, stack(0x0000004021000000,0x0000004021100000)]
  0x00000188d8c15800 JavaThread "Asynchronous log dispatcher for DefaultDaemonConnection: socket connection from /127.0.0.1:53652 to /127.0.0.1:53653" [_thread_blocked, id=10988, stack(0x0000004021100000,0x0000004021200000)]
  0x00000188d8c16000 JavaThread "Stdin handler" [_thread_blocked, id=21584, stack(0x0000004021200000,0x0000004021300000)]
  0x00000188d8de7000 JavaThread "Thread-8" [_thread_blocked, id=7816, stack(0x0000004021300000,0x0000004021400000)]
  0x00000188d930d000 JavaThread "Cache worker for journal cache (C:\Users\infinity\.gradle\caches\journal-1)" [_thread_blocked, id=21412, stack(0x0000004021500000,0x0000004021600000)]
  0x00000188d9310800 JavaThread "File lock request listener" [_thread_in_native, id=9160, stack(0x0000004021600000,0x0000004021700000)]
  0x00000188d9312000 JavaThread "Cache worker for file hash cache (C:\Users\infinity\.gradle\caches\6.5\fileHashes)" [_thread_blocked, id=19200, stack(0x0000004021700000,0x0000004021800000)]
  0x00000188d9313800 JavaThread "Cache worker for file hash cache (D:\monginisssss\.gradle\6.5\fileHashes)" [_thread_blocked, id=16492, stack(0x0000004021800000,0x0000004021900000)]
  0x00000188d930e000 JavaThread "jar transforms" [_thread_blocked, id=8072, stack(0x0000004021900000,0x0000004021a00000)]
  0x00000188d9313000 JavaThread "jar transforms Thread 2" [_thread_blocked, id=18468, stack(0x0000004021a00000,0x0000004021b00000)]
  0x00000188d9311000 JavaThread "jar transforms Thread 3" [_thread_blocked, id=3948, stack(0x0000004021b00000,0x0000004021c00000)]
  0x00000188d930f000 JavaThread "jar transforms Thread 4" [_thread_blocked, id=20936, stack(0x0000004021c00000,0x0000004021d00000)]
  0x00000188d930f800 JavaThread "jar transforms Thread 5" [_thread_blocked, id=25236, stack(0x0000004021d00000,0x0000004021e00000)]
  0x00000188dc13e000 JavaThread "jar transforms Thread 6" [_thread_blocked, id=14612, stack(0x0000004021e00000,0x0000004021f00000)]
  0x00000188dc13a800 JavaThread "Cache worker for checksums cache (D:\monginisssss\.gradle\checksums)" [_thread_blocked, id=20492, stack(0x0000004021f00000,0x0000004022000000)]
  0x00000188dc13f800 JavaThread "Cache worker for cache directory md-supplier (C:\Users\infinity\.gradle\caches\6.5\md-supplier)" [_thread_blocked, id=9232, stack(0x0000004022000000,0x0000004022100000)]
  0x00000188dc13a000 JavaThread "Cache worker for cache directory md-rule (C:\Users\infinity\.gradle\caches\6.5\md-rule)" [_thread_blocked, id=18220, stack(0x0000004022100000,0x0000004022200000)]
  0x00000188dc13b800 JavaThread "Cache worker for execution history cache (C:\Users\infinity\.gradle\caches\6.5\executionHistory)" [_thread_blocked, id=19860, stack(0x0000004022200000,0x0000004022300000)]
  0x00000188dc142000 JavaThread "Cache worker for file content cache (C:\Users\infinity\.gradle\caches\6.5\fileContent)" [_thread_blocked, id=24008, stack(0x0000004022300000,0x0000004022400000)]
  0x00000188dc141000 JavaThread "Build operations" [_thread_blocked, id=6316, stack(0x0000004022400000,0x0000004022500000)]
  0x00000188dc140800 JavaThread "Build operations Thread 2" [_thread_blocked, id=23636, stack(0x0000004022500000,0x0000004022600000)]
  0x00000188dc13d000 JavaThread "Build operations Thread 3" [_thread_blocked, id=18460, stack(0x0000004022600000,0x0000004022700000)]
  0x00000188dc143800 JavaThread "Build operations Thread 4" [_thread_blocked, id=24696, stack(0x0000004022700000,0x0000004022800000)]
  0x00000188dc144800 JavaThread "jar transforms Thread 7" [_thread_blocked, id=21168, stack(0x0000004022800000,0x0000004022900000)]
  0x00000188dc13e800 JavaThread "jar transforms Thread 8" [_thread_blocked, id=19292, stack(0x0000004022900000,0x0000004022a00000)]
  0x00000188dc145000 JavaThread "jar transforms Thread 9" [_thread_blocked, id=24860, stack(0x0000004022a00000,0x0000004022b00000)]
  0x00000188dc146000 JavaThread "jar transforms Thread 10" [_thread_blocked, id=3744, stack(0x0000004022b00000,0x0000004022c00000)]
  0x00000188dc147800 JavaThread "jar transforms Thread 11" [_thread_blocked, id=19872, stack(0x0000004022c00000,0x0000004022d00000)]
  0x00000188dc147000 JavaThread "jar transforms Thread 12" [_thread_blocked, id=14688, stack(0x0000004022d00000,0x0000004022e00000)]
  0x00000188dc148800 JavaThread "jar transforms Thread 13" [_thread_blocked, id=24608, stack(0x0000004022e00000,0x0000004022f00000)]
  0x00000188d9b08800 JavaThread "jar transforms Thread 14" [_thread_blocked, id=6944, stack(0x0000004022f00000,0x0000004023000000)]
  0x00000188d9b09000 JavaThread "jar transforms Thread 15" [_thread_blocked, id=10556, stack(0x0000004023000000,0x0000004023100000)]
  0x00000188d9b05000 JavaThread "jar transforms Thread 16" [_thread_blocked, id=20956, stack(0x0000004023100000,0x0000004023200000)]
  0x00000188d9b06000 JavaThread "jar transforms Thread 17" [_thread_blocked, id=19952, stack(0x0000004023200000,0x0000004023300000)]
  0x00000188d9b06800 JavaThread "jar transforms Thread 18" [_thread_blocked, id=16956, stack(0x0000004023300000,0x0000004023400000)]
  0x00000188d9b0c800 JavaThread "jar transforms Thread 19" [_thread_blocked, id=24872, stack(0x0000004023400000,0x0000004023500000)]
  0x00000188d9b0a000 JavaThread "jar transforms Thread 20" [_thread_blocked, id=18280, stack(0x0000004023500000,0x0000004023600000)]
  0x00000188d9b0a800 JavaThread "jar transforms Thread 21" [_thread_blocked, id=10168, stack(0x0000004023600000,0x0000004023700000)]
  0x00000188d9b0b800 JavaThread "jar transforms Thread 22" [_thread_blocked, id=20888, stack(0x0000004023700000,0x0000004023800000)]
  0x00000188d9b0d000 JavaThread "jar transforms Thread 23" [_thread_blocked, id=19108, stack(0x0000004023800000,0x0000004023900000)]
  0x00000188d9b07800 JavaThread "jar transforms Thread 24" [_thread_blocked, id=22176, stack(0x0000004023900000,0x0000004023a00000)]
  0x00000188d9b13800 JavaThread "jar transforms Thread 25" [_thread_blocked, id=22080, stack(0x0000004023a00000,0x0000004023b00000)]
  0x00000188d9b0f000 JavaThread "jar transforms Thread 26" [_thread_blocked, id=25184, stack(0x0000004023b00000,0x0000004023c00000)]
  0x00000188d9b12000 JavaThread "jar transforms Thread 27" [_thread_blocked, id=7112, stack(0x0000004023c00000,0x0000004023d00000)]
  0x00000188d9b0f800 JavaThread "jar transforms Thread 28" [_thread_blocked, id=4852, stack(0x0000004023d00000,0x0000004023e00000)]
  0x00000188d9b10800 JavaThread "jar transforms Thread 29" [_thread_blocked, id=9176, stack(0x0000004023e00000,0x0000004023f00000)]
  0x00000188d9b0e000 JavaThread "jar transforms Thread 30" [_thread_blocked, id=18068, stack(0x0000004023f00000,0x0000004024000000)]
  0x00000188d9b11000 JavaThread "jar transforms Thread 31" [_thread_blocked, id=20204, stack(0x0000004024000000,0x0000004024100000)]
  0x00000188d9b13000 JavaThread "jar transforms Thread 32" [_thread_blocked, id=23968, stack(0x0000004024100000,0x0000004024200000)]
  0x00000188d7caa800 JavaThread "jar transforms Thread 33" [_thread_blocked, id=16140, stack(0x0000004024200000,0x0000004024300000)]
  0x00000188d7cad000 JavaThread "jar transforms Thread 34" [_thread_blocked, id=5864, stack(0x0000004024300000,0x0000004024400000)]
  0x00000188d7cb1000 JavaThread "jar transforms Thread 35" [_thread_blocked, id=23676, stack(0x0000004024400000,0x0000004024500000)]
  0x00000188d7cb0000 JavaThread "jar transforms Thread 36" [_thread_blocked, id=10484, stack(0x0000004024500000,0x0000004024600000)]
  0x00000188d7cad800 JavaThread "jar transforms Thread 37" [_thread_blocked, id=8448, stack(0x0000004024600000,0x0000004024700000)]
  0x00000188d7cae800 JavaThread "jar transforms Thread 38" [_thread_blocked, id=22192, stack(0x0000004024700000,0x0000004024800000)]
  0x00000188d7caf800 JavaThread "jar transforms Thread 39" [_thread_blocked, id=24520, stack(0x0000004024800000,0x0000004024900000)]
  0x00000188d7cab000 JavaThread "jar transforms Thread 40" [_thread_blocked, id=18904, stack(0x0000004024900000,0x0000004024a00000)]
  0x00000188d7cac000 JavaThread "jar transforms Thread 41" [_thread_blocked, id=22512, stack(0x0000004024a00000,0x0000004024b00000)]
  0x00000188d7cb2800 JavaThread "jar transforms Thread 42" [_thread_blocked, id=20688, stack(0x0000004024b00000,0x0000004024c00000)]
  0x00000188d7cb6000 JavaThread "jar transforms Thread 43" [_thread_blocked, id=19516, stack(0x0000004024c00000,0x0000004024d00000)]
  0x00000188d7cb6800 JavaThread "jar transforms Thread 44" [_thread_blocked, id=20796, stack(0x0000004024d00000,0x0000004024e00000)]
  0x00000188d7cb7800 JavaThread "jar transforms Thread 45" [_thread_blocked, id=25252, stack(0x0000004024e00000,0x0000004024f00000)]
  0x00000188d7cb4000 JavaThread "jar transforms Thread 46" [_thread_blocked, id=8484, stack(0x0000004024f00000,0x0000004025000000)]
  0x00000188d7cb5000 JavaThread "jar transforms Thread 47" [_thread_blocked, id=20004, stack(0x0000004025000000,0x0000004025100000)]
  0x00000188d7cb1800 JavaThread "jar transforms Thread 48" [_thread_blocked, id=23844, stack(0x0000004025100000,0x0000004025200000)]
  0x00000188d7cb8000 JavaThread "jar transforms Thread 49" [_thread_blocked, id=23288, stack(0x0000004025200000,0x0000004025300000)]
  0x00000188d7cb3800 JavaThread "jar transforms Thread 50" [_thread_blocked, id=23380, stack(0x0000004025300000,0x0000004025400000)]
  0x00000188d7cb9000 JavaThread "jar transforms Thread 51" [_thread_blocked, id=9496, stack(0x0000004025400000,0x0000004025500000)]
  0x00000188d9f01000 JavaThread "jar transforms Thread 52" [_thread_blocked, id=22060, stack(0x0000004025500000,0x0000004025600000)]
  0x00000188d9f02000 JavaThread "jar transforms Thread 53" [_thread_blocked, id=20844, stack(0x0000004025600000,0x0000004025700000)]
  0x00000188d9efe800 JavaThread "jar transforms Thread 54" [_thread_blocked, id=8260, stack(0x0000004025700000,0x0000004025800000)]
  0x00000188d9f02800 JavaThread "jar transforms Thread 55" [_thread_blocked, id=24808, stack(0x0000004025800000,0x0000004025900000)]
  0x00000188d9f00800 JavaThread "jar transforms Thread 56" [_thread_blocked, id=22620, stack(0x0000004025900000,0x0000004025a00000)]
  0x00000188d9efd000 JavaThread "jar transforms Thread 57" [_thread_blocked, id=10944, stack(0x0000004025a00000,0x0000004025b00000)]
  0x00000188d9eff800 JavaThread "jar transforms Thread 58" [_thread_blocked, id=24092, stack(0x0000004025b00000,0x0000004025c00000)]
  0x00000188d9efe000 JavaThread "jar transforms Thread 59" [_thread_blocked, id=17112, stack(0x0000004025c00000,0x0000004025d00000)]
  0x00000188d9f06000 JavaThread "jar transforms Thread 60" [_thread_blocked, id=7788, stack(0x0000004025d00000,0x0000004025e00000)]
  0x00000188d9f07000 JavaThread "jar transforms Thread 61" [_thread_blocked, id=15084, stack(0x0000004025e00000,0x0000004025f00000)]
  0x00000188d9f08800 JavaThread "jar transforms Thread 62" [_thread_blocked, id=25528, stack(0x0000004025f00000,0x0000004026000000)]
  0x00000188d9f07800 JavaThread "jar transforms Thread 63" [_thread_blocked, id=19064, stack(0x0000004026000000,0x0000004026100000)]
  0x00000188d9f09800 JavaThread "jar transforms Thread 64" [_thread_blocked, id=15004, stack(0x0000004026100000,0x0000004026200000)]
  0x00000188d9f03800 JavaThread "jar transforms Thread 65" [_thread_blocked, id=13300, stack(0x0000004026200000,0x0000004026300000)]
  0x00000188d9f0a000 JavaThread "jar transforms Thread 66" [_thread_blocked, id=4364, stack(0x0000004026300000,0x0000004026400000)]
  0x00000188d9f04800 JavaThread "jar transforms Thread 67" [_thread_blocked, id=18292, stack(0x0000004026400000,0x0000004026500000)]
  0x00000188d9f0b000 JavaThread "jar transforms Thread 68" [_thread_blocked, id=18076, stack(0x0000004026500000,0x0000004026600000)]
  0x00000188d9f05000 JavaThread "jar transforms Thread 69" [_thread_blocked, id=24124, stack(0x0000004026600000,0x0000004026700000)]
  0x00000188d9f0b800 JavaThread "jar transforms Thread 70" [_thread_blocked, id=22624, stack(0x0000004026700000,0x0000004026800000)]
  0x00000188dcde1800 JavaThread "jar transforms Thread 71" [_thread_blocked, id=18352, stack(0x0000004026800000,0x0000004026900000)]
  0x00000188dcde5800 JavaThread "jar transforms Thread 72" [_thread_blocked, id=17044, stack(0x0000004026900000,0x0000004026a00000)]
  0x00000188dcde8000 JavaThread "jar transforms Thread 73" [_thread_blocked, id=6096, stack(0x0000004026a00000,0x0000004026b00000)]
  0x00000188dcde2800 JavaThread "jar transforms Thread 74" [_thread_blocked, id=23172, stack(0x0000004026b00000,0x0000004026c00000)]
  0x00000188dcde4000 JavaThread "jar transforms Thread 75" [_thread_blocked, id=24016, stack(0x0000004026c00000,0x0000004026d00000)]
  0x00000188dcde9000 JavaThread "jar transforms Thread 76" [_thread_blocked, id=15992, stack(0x0000004026d00000,0x0000004026e00000)]
  0x00000188dcde4800 JavaThread "jar transforms Thread 77" [_thread_blocked, id=7956, stack(0x0000004026e00000,0x0000004026f00000)]
  0x00000188dcde3000 JavaThread "jar transforms Thread 78" [_thread_blocked, id=22992, stack(0x0000004026f00000,0x0000004027000000)]
  0x00000188dcde7000 JavaThread "jar transforms Thread 79" [_thread_blocked, id=25540, stack(0x0000004027000000,0x0000004027100000)]
  0x00000188dcde9800 JavaThread "jar transforms Thread 80" [_thread_blocked, id=7780, stack(0x0000004027100000,0x0000004027200000)]
  0x00000188dcdea800 JavaThread "jar transforms Thread 81" [_thread_blocked, id=23588, stack(0x0000004027200000,0x0000004027300000)]
  0x00000188dcdeb000 JavaThread "jar transforms Thread 82" [_thread_blocked, id=23180, stack(0x0000004027300000,0x0000004027400000)]
  0x00000188dcdec000 JavaThread "jar transforms Thread 83" [_thread_blocked, id=25280, stack(0x0000004027400000,0x0000004027500000)]
  0x00000188dcde6800 JavaThread "jar transforms Thread 84" [_thread_blocked, id=10568, stack(0x0000004027500000,0x0000004027600000)]
  0x00000188dcded000 JavaThread "jar transforms Thread 85" [_thread_blocked, id=17520, stack(0x0000004027600000,0x0000004027700000)]
  0x00000188dcdf0000 JavaThread "Cache worker for Build Output Cleanup Cache (D:\monginisssss\.gradle\buildOutputCleanup)" [_thread_blocked, id=5388, stack(0x0000004027700000,0x0000004027800000)]
  0x00000188dcded800 JavaThread "Memory manager" [_thread_blocked, id=2928, stack(0x0000004027800000,0x0000004027900000)]
  0x00000188dcdee800 JavaThread "Cache worker for file content cache (D:\monginisssss\.gradle\6.5\fileContent)" [_thread_blocked, id=25316, stack(0x0000004027900000,0x0000004027a00000)]
  0x00000188dcdef800 JavaThread "Execution worker for ':'" [_thread_blocked, id=6848, stack(0x0000004027a00000,0x0000004027b00000)]
  0x00000188d7f86000 JavaThread "Execution worker for ':' Thread 2" [_thread_blocked, id=7076, stack(0x0000004027b00000,0x0000004027c00000)]
  0x00000188d7f82000 JavaThread "Execution worker for ':' Thread 3" [_thread_blocked, id=24268, stack(0x0000004027c00000,0x0000004027d00000)]
  0x00000188d7f83800 JavaThread "Cache worker for execution history cache (D:\monginisssss\.gradle\6.5\executionHistory)" [_thread_blocked, id=3292, stack(0x0000004027d00000,0x0000004027e00000)]
  0x00000188d7f85000 JavaThread "Cache worker for Java compile cache (C:\Users\infinity\.gradle\caches\6.5\javaCompile)" [_thread_blocked, id=24320, stack(0x0000004027e00000,0x0000004027f00000)]
  0x00000188d7f80800 JavaThread "Cache worker for Java compile cache (D:\monginisssss\.gradle\6.5\javaCompile)" [_thread_blocked, id=21976, stack(0x0000004027f00000,0x0000004028000000)]
  0x00000188d8655800 JavaThread "C2 CompilerThread1" daemon [_thread_in_native, id=17020, stack(0x0000004020500000,0x0000004020600000)]

Other Threads:
=>0x00000188d68b5000 VMThread "VM Thread" [stack: 0x000000401f900000,0x000000401fa00000] [id=10884]
  0x00000188d7393000 WatcherThread [stack: 0x0000004020300000,0x0000004020400000] [id=9700]
  0x00000188bc6c4000 GCTaskThread "GC Thread#0" [stack: 0x000000401f400000,0x000000401f500000] [id=19664]
  0x00000188d7681000 GCTaskThread "GC Thread#1" [stack: 0x0000004020600000,0x0000004020700000] [id=24332]
  0x00000188d7b75000 GCTaskThread "GC Thread#2" [stack: 0x0000004020700000,0x0000004020800000] [id=17228]
  0x00000188d9308800 GCTaskThread "GC Thread#3" [stack: 0x0000004021400000,0x0000004021500000] [id=12848]
  0x00000188bc6f4800 ConcurrentGCThread "G1 Main Marker" [stack: 0x000000401f500000,0x000000401f600000] [id=9972]
  0x00000188bc6f5800 ConcurrentGCThread "G1 Conc#0" [stack: 0x000000401f600000,0x000000401f700000] [id=25268]
  0x00000188bc785800 ConcurrentGCThread "G1 Refine#0" [stack: 0x000000401f700000,0x000000401f800000] [id=22668]
  0x00000188d9bee000 ConcurrentGCThread "G1 Refine#1" [stack: 0x0000004028000000,0x0000004028100000] [id=6796]
  0x00000188bc786800 ConcurrentGCThread "G1 Young RemSet Sampling" [stack: 0x000000401f800000,0x000000401f900000] [id=12280]

Threads with active compile tasks:
C2 CompilerThread0  28668 12021       4       java.lang.ClassLoader::defineClass (43 bytes)
C2 CompilerThread1  28668 12019       4       java.net.URLClassLoader$1::run (5 bytes)

VM state:at safepoint (normal execution)

VM Mutex/Monitor currently owned by a thread:  ([mutex/lock_event])
[0x00000188bc6a6700] Threads_lock - owner thread: 0x00000188d68b5000
[0x00000188bc6a6e50] Heap_lock - owner thread: 0x00000188dcdef800

Heap address: 0x0000000080000000, size: 2048 MB, Compressed Oops mode: 32-bit
Narrow klass base: 0x0000000000000000, Narrow klass shift: 3
Compressed class space size: 1073741824 Address: 0x0000000100000000

Heap:
 garbage-first heap   total 292864K, used 173309K [0x0000000080000000, 0x0000000100000000)
  region size 1024K, 2 young (2048K), 2 survivors (2048K)
 Metaspace       used 85614K, capacity 87910K, committed 88200K, reserved 1126400K
  class space    used 10738K, capacity 11571K, committed 11648K, reserved 1048576K
Heap Regions: E=young(eden), S=young(survivor), O=old, HS=humongous(starts), HC=humongous(continues), CS=collection set, F=free, A=archive, TAMS=top-at-mark-start (previous, next)
|   0|0x0000000080000000, 0x0000000080100000, 0x0000000080100000|100%| O|  |TAMS 0x0000000080100000, 0x0000000080000000| Updating 
|   1|0x0000000080100000, 0x0000000080200000, 0x0000000080200000|100%| O|  |TAMS 0x0000000080200000, 0x0000000080100000| Updating 
|   2|0x0000000080200000, 0x0000000080300000, 0x0000000080300000|100%| O|  |TAMS 0x0000000080300000, 0x0000000080200000| Updating 
|   3|0x0000000080300000, 0x0000000080400000, 0x0000000080400000|100%|HS|  |TAMS 0x0000000080400000, 0x0000000080300000| Complete 
|   4|0x0000000080400000, 0x0000000080500000, 0x0000000080500000|100%|HC|  |TAMS 0x0000000080500000, 0x0000000080400000| Complete 
|   5|0x0000000080500000, 0x0000000080600000, 0x0000000080600000|100%|HC|  |TAMS 0x0000000080600000, 0x0000000080500000| Complete 
|   6|0x0000000080600000, 0x0000000080700000, 0x0000000080700000|100%| O|  |TAMS 0x0000000080700000, 0x0000000080600000| Updating 
|   7|0x0000000080700000, 0x0000000080800000, 0x0000000080800000|100%| O|  |TAMS 0x0000000080800000, 0x0000000080700000| Updating 
|   8|0x0000000080800000, 0x0000000080900000, 0x0000000080900000|100%| O|  |TAMS 0x0000000080900000, 0x0000000080800000| Updating 
|   9|0x0000000080900000, 0x0000000080a00000, 0x0000000080a00000|100%| O|  |TAMS 0x0000000080a00000, 0x0000000080900000| Updating 
|  10|0x0000000080a00000, 0x0000000080b00000, 0x0000000080b00000|100%| O|  |TAMS 0x0000000080b00000, 0x0000000080a00000| Updating 
|  11|0x0000000080b00000, 0x0000000080c00000, 0x0000000080c00000|100%| O|  |TAMS 0x0000000080c00000, 0x0000000080b00000| Updating 
|  12|0x0000000080c00000, 0x0000000080d00000, 0x0000000080d00000|100%| O|  |TAMS 0x0000000080d00000, 0x0000000080c00000| Updating 
|  13|0x0000000080d00000, 0x0000000080e00000, 0x0000000080e00000|100%|HS|  |TAMS 0x0000000080e00000, 0x0000000080d00000| Complete 
|  14|0x0000000080e00000, 0x0000000080f00000, 0x0000000080f00000|100%|HC|  |TAMS 0x0000000080f00000, 0x0000000080e00000| Complete 
|  15|0x0000000080f00000, 0x0000000081000000, 0x0000000081000000|100%|HS|  |TAMS 0x0000000081000000, 0x0000000080f00000| Complete 
|  16|0x0000000081000000, 0x0000000081100000, 0x0000000081100000|100%|HC|  |TAMS 0x0000000081100000, 0x0000000081000000| Complete 
|  17|0x0000000081100000, 0x0000000081200000, 0x0000000081200000|100%|HC|  |TAMS 0x0000000081200000, 0x0000000081100000| Complete 
|  18|0x0000000081200000, 0x0000000081300000, 0x0000000081300000|100%|HS|  |TAMS 0x0000000081300000, 0x0000000081200000| Complete 
|  19|0x0000000081300000, 0x0000000081400000, 0x0000000081400000|100%|HC|  |TAMS 0x0000000081400000, 0x0000000081300000| Complete 
|  20|0x0000000081400000, 0x0000000081500000, 0x0000000081500000|100%|HC|  |TAMS 0x0000000081500000, 0x0000000081400000| Complete 
|  21|0x0000000081500000, 0x0000000081600000, 0x0000000081600000|100%|HC|  |TAMS 0x0000000081600000, 0x0000000081500000| Complete 
|  22|0x0000000081600000, 0x0000000081700000, 0x0000000081700000|100%| O|  |TAMS 0x0000000081700000, 0x0000000081600000| Updating 
|  23|0x0000000081700000, 0x0000000081800000, 0x0000000081800000|100%| O|  |TAMS 0x0000000081800000, 0x0000000081700000| Updating 
|  24|0x0000000081800000, 0x0000000081900000, 0x0000000081900000|100%| O|  |TAMS 0x0000000081900000, 0x0000000081800000| Updating 
|  25|0x0000000081900000, 0x0000000081a00000, 0x0000000081a00000|100%| O|  |TAMS 0x0000000081a00000, 0x0000000081900000| Updating 
|  26|0x0000000081a00000, 0x0000000081b00000, 0x0000000081b00000|100%| O|  |TAMS 0x0000000081b00000, 0x0000000081a00000| Updating 
|  27|0x0000000081b00000, 0x0000000081c00000, 0x0000000081c00000|100%| O|  |TAMS 0x0000000081c00000, 0x0000000081b00000| Updating 
|  28|0x0000000081c00000, 0x0000000081d00000, 0x0000000081d00000|100%| O|  |TAMS 0x0000000081d00000, 0x0000000081c00000| Updating 
|  29|0x0000000081d00000, 0x0000000081e00000, 0x0000000081e00000|100%|HS|  |TAMS 0x0000000081e00000, 0x0000000081d00000| Complete 
|  30|0x0000000081e00000, 0x0000000081f00000, 0x0000000081f00000|100%|HC|  |TAMS 0x0000000081f00000, 0x0000000081e00000| Complete 
|  31|0x0000000081f00000, 0x0000000082000000, 0x0000000082000000|100%| O|  |TAMS 0x0000000082000000, 0x0000000081f00000| Updating 
|  32|0x0000000082000000, 0x0000000082100000, 0x0000000082100000|100%| O|  |TAMS 0x0000000082100000, 0x0000000082000000| Updating 
|  33|0x0000000082100000, 0x0000000082200000, 0x0000000082200000|100%| O|  |TAMS 0x0000000082200000, 0x0000000082100000| Updating 
|  34|0x0000000082200000, 0x0000000082300000, 0x0000000082300000|100%| O|  |TAMS 0x0000000082300000, 0x0000000082200000| Updating 
|  35|0x0000000082300000, 0x0000000082400000, 0x0000000082400000|100%| O|  |TAMS 0x0000000082400000, 0x0000000082300000| Updating 
|  36|0x0000000082400000, 0x0000000082500000, 0x0000000082500000|100%| O|  |TAMS 0x0000000082500000, 0x0000000082400000| Updating 
|  37|0x0000000082500000, 0x0000000082600000, 0x0000000082600000|100%| O|  |TAMS 0x0000000082600000, 0x0000000082500000| Updating 
|  38|0x0000000082600000, 0x0000000082700000, 0x0000000082700000|100%| O|  |TAMS 0x0000000082700000, 0x0000000082600000| Updating 
|  39|0x0000000082700000, 0x0000000082800000, 0x0000000082800000|100%| O|  |TAMS 0x0000000082800000, 0x0000000082700000| Updating 
|  40|0x0000000082800000, 0x0000000082900000, 0x0000000082900000|100%| O|  |TAMS 0x0000000082900000, 0x0000000082800000| Updating 
|  41|0x0000000082900000, 0x0000000082a00000, 0x0000000082a00000|100%| O|  |TAMS 0x0000000082a00000, 0x0000000082900000| Updating 
|  42|0x0000000082a00000, 0x0000000082b00000, 0x0000000082b00000|100%| O|  |TAMS 0x0000000082b00000, 0x0000000082a00000| Updating 
|  43|0x0000000082b00000, 0x0000000082c00000, 0x0000000082c00000|100%| O|  |TAMS 0x0000000082c00000, 0x0000000082b00000| Updating 
|  44|0x0000000082c00000, 0x0000000082d00000, 0x0000000082d00000|100%| O|  |TAMS 0x0000000082d00000, 0x0000000082c00000| Updating 
|  45|0x0000000082d00000, 0x0000000082e00000, 0x0000000082e00000|100%| O|  |TAMS 0x0000000082e00000, 0x0000000082d00000| Updating 
|  46|0x0000000082e00000, 0x0000000082f00000, 0x0000000082f00000|100%| O|  |TAMS 0x0000000082f00000, 0x0000000082e00000| Updating 
|  47|0x0000000082f00000, 0x0000000083000000, 0x0000000083000000|100%| O|  |TAMS 0x0000000083000000, 0x0000000082f00000| Updating 
|  48|0x0000000083000000, 0x0000000083100000, 0x0000000083100000|100%| O|  |TAMS 0x0000000083100000, 0x0000000083000000| Updating 
|  49|0x0000000083100000, 0x0000000083200000, 0x0000000083200000|100%| O|  |TAMS 0x0000000083200000, 0x0000000083100000| Updating 
|  50|0x0000000083200000, 0x0000000083300000, 0x0000000083300000|100%| O|  |TAMS 0x0000000083300000, 0x0000000083200000| Updating 
|  51|0x0000000083300000, 0x0000000083400000, 0x0000000083400000|100%| O|  |TAMS 0x0000000083400000, 0x0000000083300000| Updating 
|  52|0x0000000083400000, 0x0000000083500000, 0x0000000083500000|100%| O|  |TAMS 0x0000000083500000, 0x0000000083400000| Updating 
|  53|0x0000000083500000, 0x0000000083600000, 0x0000000083600000|100%| O|  |TAMS 0x0000000083600000, 0x0000000083500000| Updating 
|  54|0x0000000083600000, 0x0000000083700000, 0x0000000083700000|100%| O|  |TAMS 0x0000000083700000, 0x0000000083600000| Updating 
|  55|0x0000000083700000, 0x0000000083800000, 0x0000000083800000|100%| O|  |TAMS 0x0000000083800000, 0x0000000083700000| Updating 
|  56|0x0000000083800000, 0x0000000083900000, 0x0000000083900000|100%| O|  |TAMS 0x0000000083900000, 0x0000000083800000| Updating 
|  57|0x0000000083900000, 0x0000000083a00000, 0x0000000083a00000|100%| O|  |TAMS 0x0000000083a00000, 0x0000000083900000| Updating 
|  58|0x0000000083a00000, 0x0000000083b00000, 0x0000000083b00000|100%| O|  |TAMS 0x0000000083b00000, 0x0000000083a00000| Updating 
|  59|0x0000000083b00000, 0x0000000083c00000, 0x0000000083c00000|100%| O|  |TAMS 0x0000000083c00000, 0x0000000083b00000| Updating 
|  60|0x0000000083c00000, 0x0000000083d00000, 0x0000000083d00000|100%| O|  |TAMS 0x0000000083d00000, 0x0000000083c00000| Updating 
|  61|0x0000000083d00000, 0x0000000083e00000, 0x0000000083e00000|100%| O|  |TAMS 0x0000000083e00000, 0x0000000083d00000| Updating 
|  62|0x0000000083e00000, 0x0000000083f00000, 0x0000000083f00000|100%| O|  |TAMS 0x0000000083f00000, 0x0000000083e00000| Updating 
|  63|0x0000000083f00000, 0x0000000084000000, 0x0000000084000000|100%| O|  |TAMS 0x0000000084000000, 0x0000000083f00000| Updating 
|  64|0x0000000084000000, 0x0000000084100000, 0x0000000084100000|100%| O|  |TAMS 0x0000000084100000, 0x0000000084000000| Updating 
|  65|0x0000000084100000, 0x0000000084200000, 0x0000000084200000|100%| O|  |TAMS 0x0000000084200000, 0x0000000084100000| Updating 
|  66|0x0000000084200000, 0x0000000084300000, 0x0000000084300000|100%| O|  |TAMS 0x0000000084300000, 0x0000000084200000| Updating 
|  67|0x0000000084300000, 0x0000000084400000, 0x0000000084400000|100%| O|  |TAMS 0x0000000084400000, 0x0000000084300000| Updating 
|  68|0x0000000084400000, 0x0000000084500000, 0x0000000084500000|100%| O|  |TAMS 0x0000000084500000, 0x0000000084400000| Updating 
|  69|0x0000000084500000, 0x0000000084600000, 0x0000000084600000|100%| O|  |TAMS 0x0000000084600000, 0x0000000084500000| Updating 
|  70|0x0000000084600000, 0x0000000084700000, 0x0000000084700000|100%| O|  |TAMS 0x0000000084700000, 0x0000000084600000| Updating 
|  71|0x0000000084700000, 0x0000000084800000, 0x0000000084800000|100%| O|  |TAMS 0x0000000084800000, 0x0000000084700000| Updating 
|  72|0x0000000084800000, 0x0000000084900000, 0x0000000084900000|100%| O|  |TAMS 0x0000000084900000, 0x0000000084800000| Updating 
|  73|0x0000000084900000, 0x0000000084a00000, 0x0000000084a00000|100%| O|  |TAMS 0x0000000084a00000, 0x0000000084900000| Updating 
|  74|0x0000000084a00000, 0x0000000084b00000, 0x0000000084b00000|100%| O|  |TAMS 0x0000000084b00000, 0x0000000084a00000| Updating 
|  75|0x0000000084b00000, 0x0000000084c00000, 0x0000000084c00000|100%| O|  |TAMS 0x0000000084c00000, 0x0000000084b00000| Updating 
|  76|0x0000000084c00000, 0x0000000084d00000, 0x0000000084d00000|100%| O|  |TAMS 0x0000000084d00000, 0x0000000084c00000| Updating 
|  77|0x0000000084d00000, 0x0000000084e00000, 0x0000000084e00000|100%| O|  |TAMS 0x0000000084e00000, 0x0000000084d00000| Updating 
|  78|0x0000000084e00000, 0x0000000084f00000, 0x0000000084f00000|100%| O|  |TAMS 0x0000000084f00000, 0x0000000084e00000| Updating 
|  79|0x0000000084f00000, 0x0000000085000000, 0x0000000085000000|100%| O|  |TAMS 0x0000000085000000, 0x0000000084f00000| Updating 
|  80|0x0000000085000000, 0x0000000085100000, 0x0000000085100000|100%| O|  |TAMS 0x0000000085100000, 0x0000000085000000| Updating 
|  81|0x0000000085100000, 0x0000000085200000, 0x0000000085200000|100%| O|  |TAMS 0x0000000085200000, 0x0000000085100000| Updating 
|  82|0x0000000085200000, 0x0000000085300000, 0x0000000085300000|100%| O|  |TAMS 0x0000000085300000, 0x0000000085200000| Updating 
|  83|0x0000000085300000, 0x0000000085400000, 0x0000000085400000|100%| O|  |TAMS 0x0000000085400000, 0x0000000085300000| Updating 
|  84|0x0000000085400000, 0x0000000085500000, 0x0000000085500000|100%| O|  |TAMS 0x0000000085500000, 0x0000000085400000| Updating 
|  85|0x0000000085500000, 0x0000000085600000, 0x0000000085600000|100%| O|  |TAMS 0x0000000085600000, 0x0000000085500000| Updating 
|  86|0x0000000085600000, 0x0000000085700000, 0x0000000085700000|100%| O|  |TAMS 0x0000000085700000, 0x0000000085600000| Updating 
|  87|0x0000000085700000, 0x0000000085800000, 0x0000000085800000|100%| O|  |TAMS 0x0000000085800000, 0x0000000085700000| Updating 
|  88|0x0000000085800000, 0x0000000085900000, 0x0000000085900000|100%| O|  |TAMS 0x0000000085900000, 0x0000000085800000| Updating 
|  89|0x0000000085900000, 0x0000000085a00000, 0x0000000085a00000|100%| O|  |TAMS 0x0000000085a00000, 0x0000000085900000| Updating 
|  90|0x0000000085a00000, 0x0000000085b00000, 0x0000000085b00000|100%| O|  |TAMS 0x0000000085b00000, 0x0000000085a00000| Updating 
|  91|0x0000000085b00000, 0x0000000085c00000, 0x0000000085c00000|100%| O|  |TAMS 0x0000000085c00000, 0x0000000085b00000| Updating 
|  92|0x0000000085c00000, 0x0000000085d00000, 0x0000000085d00000|100%| O|  |TAMS 0x0000000085d00000, 0x0000000085c00000| Updating 
|  93|0x0000000085d00000, 0x0000000085e00000, 0x0000000085e00000|100%| O|  |TAMS 0x0000000085e00000, 0x0000000085d00000| Updating 
|  94|0x0000000085e00000, 0x0000000085f00000, 0x0000000085f00000|100%| O|  |TAMS 0x0000000085f00000, 0x0000000085e00000| Updating 
|  95|0x0000000085f00000, 0x0000000086000000, 0x0000000086000000|100%|HS|  |TAMS 0x0000000086000000, 0x0000000085f00000| Complete 
|  96|0x0000000086000000, 0x0000000086100000, 0x0000000086100000|100%|HS|  |TAMS 0x0000000086100000, 0x0000000086000000| Complete 
|  97|0x0000000086100000, 0x0000000086200000, 0x0000000086200000|100%| O|  |TAMS 0x0000000086200000, 0x0000000086100000| Updating 
|  98|0x0000000086200000, 0x0000000086300000, 0x0000000086300000|100%| O|  |TAMS 0x0000000086300000, 0x0000000086200000| Updating 
|  99|0x0000000086300000, 0x0000000086400000, 0x0000000086400000|100%| O|  |TAMS 0x0000000086400000, 0x0000000086300000| Updating 
| 100|0x0000000086400000, 0x0000000086500000, 0x0000000086500000|100%| O|  |TAMS 0x0000000086500000, 0x0000000086400000| Updating 
| 101|0x0000000086500000, 0x0000000086600000, 0x0000000086600000|100%| O|  |TAMS 0x0000000086600000, 0x0000000086500000| Updating 
| 102|0x0000000086600000, 0x0000000086700000, 0x0000000086700000|100%|HS|  |TAMS 0x0000000086700000, 0x0000000086600000| Complete 
| 103|0x0000000086700000, 0x0000000086800000, 0x0000000086800000|100%|HC|  |TAMS 0x0000000086800000, 0x0000000086700000| Complete 
| 104|0x0000000086800000, 0x0000000086900000, 0x0000000086900000|100%|HS|  |TAMS 0x0000000086900000, 0x0000000086800000| Complete 
| 105|0x0000000086900000, 0x0000000086a00000, 0x0000000086a00000|100%|HC|  |TAMS 0x0000000086a00000, 0x0000000086900000| Complete 
| 106|0x0000000086a00000, 0x0000000086b00000, 0x0000000086b00000|100%|HC|  |TAMS 0x0000000086b00000, 0x0000000086a00000| Complete 
| 107|0x0000000086b00000, 0x0000000086c00000, 0x0000000086c00000|100%|HC|  |TAMS 0x0000000086c00000, 0x0000000086b00000| Complete 
| 108|0x0000000086c00000, 0x0000000086d00000, 0x0000000086d00000|100%| O|  |TAMS 0x0000000086d00000, 0x0000000086c00000| Updating 
| 109|0x0000000086d00000, 0x0000000086e00000, 0x0000000086e00000|100%| O|  |TAMS 0x0000000086e00000, 0x0000000086d00000| Updating 
| 110|0x0000000086e00000, 0x0000000086f00000, 0x0000000086f00000|100%|HS|  |TAMS 0x0000000086f00000, 0x0000000086e00000| Complete 
| 111|0x0000000086f00000, 0x0000000087000000, 0x0000000087000000|100%|HC|  |TAMS 0x0000000087000000, 0x0000000086f00000| Complete 
| 112|0x0000000087000000, 0x0000000087100000, 0x0000000087100000|100%| O|  |TAMS 0x0000000087100000, 0x0000000087000000| Updating 
| 113|0x0000000087100000, 0x0000000087200000, 0x0000000087200000|100%| O|  |TAMS 0x0000000087200000, 0x0000000087100000| Updating 
| 114|0x0000000087200000, 0x0000000087300000, 0x0000000087300000|100%| O|  |TAMS 0x0000000087300000, 0x0000000087200000| Updating 
| 115|0x0000000087300000, 0x0000000087400000, 0x0000000087400000|100%| O|  |TAMS 0x0000000087400000, 0x0000000087300000| Updating 
| 116|0x0000000087400000, 0x0000000087500000, 0x0000000087500000|100%| O|  |TAMS 0x0000000087500000, 0x0000000087400000| Updating 
| 117|0x0000000087500000, 0x0000000087600000, 0x0000000087600000|100%| O|  |TAMS 0x0000000087600000, 0x0000000087500000| Updating 
| 118|0x0000000087600000, 0x0000000087700000, 0x0000000087700000|100%| O|  |TAMS 0x0000000087700000, 0x0000000087600000| Updating 
| 119|0x0000000087700000, 0x0000000087800000, 0x0000000087800000|100%| O|  |TAMS 0x0000000087800000, 0x0000000087700000| Updating 
| 120|0x0000000087800000, 0x0000000087900000, 0x0000000087900000|100%| O|  |TAMS 0x0000000087900000, 0x0000000087800000| Updating 
| 121|0x0000000087900000, 0x0000000087a00000, 0x0000000087a00000|100%| O|  |TAMS 0x0000000087a00000, 0x0000000087900000| Updating 
| 122|0x0000000087a00000, 0x0000000087b00000, 0x0000000087b00000|100%| O|  |TAMS 0x0000000087b00000, 0x0000000087a00000| Updating 
| 123|0x0000000087b00000, 0x0000000087c00000, 0x0000000087c00000|100%| O|  |TAMS 0x0000000087c00000, 0x0000000087b00000| Updating 
| 124|0x0000000087c00000, 0x0000000087d00000, 0x0000000087d00000|100%| O|  |TAMS 0x0000000087d00000, 0x0000000087c00000| Updating 
| 125|0x0000000087d00000, 0x0000000087e00000, 0x0000000087e00000|100%| O|  |TAMS 0x0000000087e00000, 0x0000000087d00000| Updating 
| 126|0x0000000087e00000, 0x0000000087f00000, 0x0000000087f00000|100%| O|  |TAMS 0x0000000087f00000, 0x0000000087e00000| Updating 
| 127|0x0000000087f00000, 0x0000000088000000, 0x0000000088000000|100%| O|  |TAMS 0x0000000088000000, 0x0000000087f00000| Updating 
| 128|0x0000000088000000, 0x0000000088100000, 0x0000000088100000|100%| O|  |TAMS 0x0000000088100000, 0x0000000088000000| Updating 
| 129|0x0000000088100000, 0x0000000088200000, 0x0000000088200000|100%| O|  |TAMS 0x0000000088200000, 0x0000000088100000| Updating 
| 130|0x0000000088200000, 0x0000000088300000, 0x0000000088300000|100%| O|  |TAMS 0x0000000088300000, 0x0000000088200000| Updating 
| 131|0x0000000088300000, 0x0000000088400000, 0x0000000088400000|100%| O|  |TAMS 0x0000000088400000, 0x0000000088300000| Updating 
| 132|0x0000000088400000, 0x0000000088500000, 0x0000000088500000|100%| O|  |TAMS 0x0000000088500000, 0x0000000088400000| Updating 
| 133|0x0000000088500000, 0x0000000088600000, 0x0000000088600000|100%| O|  |TAMS 0x0000000088600000, 0x0000000088500000| Updating 
| 134|0x0000000088600000, 0x0000000088700000, 0x0000000088700000|100%| O|  |TAMS 0x0000000088700000, 0x0000000088600000| Updating 
| 135|0x0000000088700000, 0x0000000088800000, 0x0000000088800000|100%| O|  |TAMS 0x0000000088800000, 0x0000000088700000| Updating 
| 136|0x0000000088800000, 0x0000000088900000, 0x0000000088900000|100%| O|  |TAMS 0x0000000088900000, 0x0000000088800000| Updating 
| 137|0x0000000088900000, 0x0000000088a00000, 0x0000000088a00000|100%| O|  |TAMS 0x0000000088a00000, 0x0000000088900000| Updating 
| 138|0x0000000088a00000, 0x0000000088b00000, 0x0000000088b00000|100%| O|  |TAMS 0x0000000088b00000, 0x0000000088a00000| Updating 
| 139|0x0000000088b00000, 0x0000000088c00000, 0x0000000088c00000|100%| O|  |TAMS 0x0000000088c00000, 0x0000000088b00000| Updating 
| 140|0x0000000088c00000, 0x0000000088d00000, 0x0000000088d00000|100%| O|  |TAMS 0x0000000088d00000, 0x0000000088c00000| Updating 
| 141|0x0000000088d00000, 0x0000000088e00000, 0x0000000088e00000|100%| O|  |TAMS 0x0000000088e00000, 0x0000000088d00000| Updating 
| 142|0x0000000088e00000, 0x0000000088f00000, 0x0000000088f00000|100%| O|  |TAMS 0x0000000088f00000, 0x0000000088e00000| Updating 
| 143|0x0000000088f00000, 0x0000000089000000, 0x0000000089000000|100%| O|  |TAMS 0x0000000089000000, 0x0000000088f00000| Updating 
| 144|0x0000000089000000, 0x0000000089100000, 0x0000000089100000|100%| O|  |TAMS 0x0000000089100000, 0x0000000089000000| Updating 
| 145|0x0000000089100000, 0x0000000089200000, 0x0000000089200000|100%| O|  |TAMS 0x0000000089200000, 0x0000000089100000| Updating 
| 146|0x0000000089200000, 0x0000000089300000, 0x0000000089300000|100%| O|  |TAMS 0x0000000089300000, 0x0000000089200000| Updating 
| 147|0x0000000089300000, 0x0000000089400000, 0x0000000089400000|100%| O|  |TAMS 0x0000000089300000, 0x0000000089300000| Untracked 
| 148|0x0000000089400000, 0x0000000089500000, 0x0000000089500000|100%| O|  |TAMS 0x0000000089500000, 0x0000000089400000| Updating 
| 149|0x0000000089500000, 0x0000000089600000, 0x0000000089600000|100%| O|  |TAMS 0x0000000089600000, 0x0000000089500000| Updating 
| 150|0x0000000089600000, 0x0000000089700000, 0x0000000089700000|100%| O|  |TAMS 0x0000000089700000, 0x0000000089600000| Updating 
| 151|0x0000000089700000, 0x0000000089800000, 0x0000000089800000|100%| O|  |TAMS 0x0000000089800000, 0x0000000089700000| Updating 
| 152|0x0000000089800000, 0x0000000089900000, 0x0000000089900000|100%| O|  |TAMS 0x0000000089800000, 0x0000000089800000| Untracked 
| 153|0x0000000089900000, 0x0000000089a00000, 0x0000000089a00000|100%| O|  |TAMS 0x0000000089900000, 0x0000000089900000| Untracked 
| 154|0x0000000089a00000, 0x0000000089b00000, 0x0000000089b00000|100%| O|  |TAMS 0x0000000089b00000, 0x0000000089a00000| Updating 
| 155|0x0000000089b00000, 0x0000000089c00000, 0x0000000089c00000|100%| O|  |TAMS 0x0000000089c00000, 0x0000000089b00000| Updating 
| 156|0x0000000089c00000, 0x0000000089d00000, 0x0000000089d00000|100%| O|  |TAMS 0x0000000089d00000, 0x0000000089c00000| Updating 
| 157|0x0000000089d00000, 0x0000000089e00000, 0x0000000089e00000|100%| O|  |TAMS 0x0000000089e00000, 0x0000000089d00000| Updating 
| 158|0x0000000089e00000, 0x0000000089f00000, 0x0000000089f00000|100%| O|  |TAMS 0x0000000089f00000, 0x0000000089e00000| Updating 
| 159|0x0000000089f00000, 0x000000008a000000, 0x000000008a000000|100%| O|  |TAMS 0x000000008a000000, 0x0000000089f00000| Updating 
| 160|0x000000008a000000, 0x000000008a100000, 0x000000008a100000|100%| O|  |TAMS 0x000000008a100000, 0x000000008a000000| Updating 
| 161|0x000000008a100000, 0x000000008a13f600, 0x000000008a200000| 24%| O|  |TAMS 0x000000008a100000, 0x000000008a100000| Untracked 
| 162|0x000000008a200000, 0x000000008a300000, 0x000000008a300000|100%| O|  |TAMS 0x000000008a300000, 0x000000008a200000| Updating 
| 163|0x000000008a300000, 0x000000008a400000, 0x000000008a400000|100%| O|  |TAMS 0x000000008a400000, 0x000000008a300000| Updating 
| 164|0x000000008a400000, 0x000000008a500000, 0x000000008a500000|100%| O|  |TAMS 0x000000008a500000, 0x000000008a400000| Updating 
| 165|0x000000008a500000, 0x000000008a600000, 0x000000008a600000|100%| O|  |TAMS 0x000000008a600000, 0x000000008a500000| Updating 
| 166|0x000000008a600000, 0x000000008a700000, 0x000000008a700000|100%| O|  |TAMS 0x000000008a700000, 0x000000008a600000| Updating 
| 167|0x000000008a700000, 0x000000008a700000, 0x000000008a800000|  0%| F|  |TAMS 0x000000008a700000, 0x000000008a700000| Untracked 
| 168|0x000000008a800000, 0x000000008a900000, 0x000000008a900000|100%| O|  |TAMS 0x000000008a900000, 0x000000008a800000| Updating 
| 169|0x000000008a900000, 0x000000008a900000, 0x000000008aa00000|  0%| F|  |TAMS 0x000000008a900000, 0x000000008a900000| Untracked 
| 170|0x000000008aa00000, 0x000000008aa00000, 0x000000008ab00000|  0%| F|  |TAMS 0x000000008aa00000, 0x000000008aa00000| Untracked 
| 171|0x000000008ab00000, 0x000000008ab00000, 0x000000008ac00000|  0%| F|  |TAMS 0x000000008ab00000, 0x000000008ab00000| Untracked 
| 172|0x000000008ac00000, 0x000000008ac00000, 0x000000008ad00000|  0%| F|  |TAMS 0x000000008ac00000, 0x000000008ac00000| Untracked 
| 173|0x000000008ad00000, 0x000000008ad00000, 0x000000008ae00000|  0%| F|  |TAMS 0x000000008ad00000, 0x000000008ad00000| Untracked 
| 174|0x000000008ae00000, 0x000000008ae00000, 0x000000008af00000|  0%| F|  |TAMS 0x000000008ae00000, 0x000000008ae00000| Untracked 
| 175|0x000000008af00000, 0x000000008af00000, 0x000000008b000000|  0%| F|  |TAMS 0x000000008af00000, 0x000000008af00000| Untracked 
| 176|0x000000008b000000, 0x000000008b000000, 0x000000008b100000|  0%| F|  |TAMS 0x000000008b000000, 0x000000008b000000| Untracked 
| 177|0x000000008b100000, 0x000000008b100000, 0x000000008b200000|  0%| F|  |TAMS 0x000000008b100000, 0x000000008b100000| Untracked 
| 178|0x000000008b200000, 0x000000008b200000, 0x000000008b300000|  0%| F|  |TAMS 0x000000008b200000, 0x000000008b200000| Untracked 
| 179|0x000000008b300000, 0x000000008b300000, 0x000000008b400000|  0%| F|  |TAMS 0x000000008b300000, 0x000000008b300000| Untracked 
| 180|0x000000008b400000, 0x000000008b400000, 0x000000008b500000|  0%| F|  |TAMS 0x000000008b400000, 0x000000008b400000| Untracked 
| 181|0x000000008b500000, 0x000000008b500000, 0x000000008b600000|  0%| F|  |TAMS 0x000000008b500000, 0x000000008b500000| Untracked 
| 182|0x000000008b600000, 0x000000008b600000, 0x000000008b700000|  0%| F|  |TAMS 0x000000008b600000, 0x000000008b600000| Untracked 
| 183|0x000000008b700000, 0x000000008b700000, 0x000000008b800000|  0%| F|  |TAMS 0x000000008b700000, 0x000000008b700000| Untracked 
| 184|0x000000008b800000, 0x000000008b800000, 0x000000008b900000|  0%| F|  |TAMS 0x000000008b800000, 0x000000008b800000| Untracked 
| 185|0x000000008b900000, 0x000000008b900000, 0x000000008ba00000|  0%| F|  |TAMS 0x000000008b900000, 0x000000008b900000| Untracked 
| 186|0x000000008ba00000, 0x000000008ba00000, 0x000000008bb00000|  0%| F|  |TAMS 0x000000008ba00000, 0x000000008ba00000| Untracked 
| 187|0x000000008bb00000, 0x000000008bb00000, 0x000000008bc00000|  0%| F|  |TAMS 0x000000008bb00000, 0x000000008bb00000| Untracked 
| 188|0x000000008bc00000, 0x000000008bc00000, 0x000000008bd00000|  0%| F|  |TAMS 0x000000008bc00000, 0x000000008bc00000| Untracked 
| 189|0x000000008bd00000, 0x000000008bd00000, 0x000000008be00000|  0%| F|  |TAMS 0x000000008bd00000, 0x000000008bd00000| Untracked 
| 190|0x000000008be00000, 0x000000008be00000, 0x000000008bf00000|  0%| F|  |TAMS 0x000000008be00000, 0x000000008be00000| Untracked 
| 191|0x000000008bf00000, 0x000000008bf00000, 0x000000008c000000|  0%| F|  |TAMS 0x000000008bf00000, 0x000000008bf00000| Untracked 
| 192|0x000000008c000000, 0x000000008c000000, 0x000000008c100000|  0%| F|  |TAMS 0x000000008c000000, 0x000000008c000000| Untracked 
| 193|0x000000008c100000, 0x000000008c100000, 0x000000008c200000|  0%| F|  |TAMS 0x000000008c100000, 0x000000008c100000| Untracked 
| 194|0x000000008c200000, 0x000000008c200000, 0x000000008c300000|  0%| F|  |TAMS 0x000000008c200000, 0x000000008c200000| Untracked 
| 195|0x000000008c300000, 0x000000008c300000, 0x000000008c400000|  0%| F|  |TAMS 0x000000008c300000, 0x000000008c300000| Untracked 
| 196|0x000000008c400000, 0x000000008c400000, 0x000000008c500000|  0%| F|  |TAMS 0x000000008c400000, 0x000000008c400000| Untracked 
| 197|0x000000008c500000, 0x000000008c500000, 0x000000008c600000|  0%| F|  |TAMS 0x000000008c500000, 0x000000008c500000| Untracked 
| 198|0x000000008c600000, 0x000000008c600000, 0x000000008c700000|  0%| F|  |TAMS 0x000000008c600000, 0x000000008c600000| Untracked 
| 199|0x000000008c700000, 0x000000008c700000, 0x000000008c800000|  0%| F|  |TAMS 0x000000008c700000, 0x000000008c700000| Untracked 
| 200|0x000000008c800000, 0x000000008c800000, 0x000000008c900000|  0%| F|  |TAMS 0x000000008c800000, 0x000000008c800000| Untracked 
| 201|0x000000008c900000, 0x000000008c900000, 0x000000008ca00000|  0%| F|  |TAMS 0x000000008c900000, 0x000000008c900000| Untracked 
| 202|0x000000008ca00000, 0x000000008ca00000, 0x000000008cb00000|  0%| F|  |TAMS 0x000000008ca00000, 0x000000008ca00000| Untracked 
| 203|0x000000008cb00000, 0x000000008cb00000, 0x000000008cc00000|  0%| F|  |TAMS 0x000000008cb00000, 0x000000008cb00000| Untracked 
| 204|0x000000008cc00000, 0x000000008cd00000, 0x000000008cd00000|100%| S|CS|TAMS 0x000000008cc00000, 0x000000008cc00000| Complete 
| 205|0x000000008cd00000, 0x000000008cd00000, 0x000000008ce00000|  0%| F|  |TAMS 0x000000008cd00000, 0x000000008cd00000| Untracked 
| 206|0x000000008ce00000, 0x000000008ce00000, 0x000000008cf00000|  0%| F|  |TAMS 0x000000008ce00000, 0x000000008ce00000| Untracked 
| 207|0x000000008cf00000, 0x000000008cf00000, 0x000000008d000000|  0%| F|  |TAMS 0x000000008cf00000, 0x000000008cf00000| Untracked 
| 208|0x000000008d000000, 0x000000008d100000, 0x000000008d100000|100%| S|CS|TAMS 0x000000008d000000, 0x000000008d000000| Complete 
| 209|0x000000008d100000, 0x000000008d100000, 0x000000008d200000|  0%| F|  |TAMS 0x000000008d100000, 0x000000008d100000| Untracked 
| 210|0x000000008d200000, 0x000000008d200000, 0x000000008d300000|  0%| F|  |TAMS 0x000000008d200000, 0x000000008d200000| Untracked 
| 211|0x000000008d300000, 0x000000008d300000, 0x000000008d400000|  0%| F|  |TAMS 0x000000008d300000, 0x000000008d300000| Untracked 
| 212|0x000000008d400000, 0x000000008d400000, 0x000000008d500000|  0%| F|  |TAMS 0x000000008d400000, 0x000000008d400000| Untracked 
| 213|0x000000008d500000, 0x000000008d500000, 0x000000008d600000|  0%| F|  |TAMS 0x000000008d500000, 0x000000008d500000| Untracked 
| 214|0x000000008d600000, 0x000000008d600000, 0x000000008d700000|  0%| F|  |TAMS 0x000000008d600000, 0x000000008d600000| Untracked 
| 215|0x000000008d700000, 0x000000008d700000, 0x000000008d800000|  0%| F|  |TAMS 0x000000008d700000, 0x000000008d700000| Untracked 
| 216|0x000000008d800000, 0x000000008d800000, 0x000000008d900000|  0%| F|  |TAMS 0x000000008d800000, 0x000000008d800000| Untracked 
| 217|0x000000008d900000, 0x000000008d900000, 0x000000008da00000|  0%| F|  |TAMS 0x000000008d900000, 0x000000008d900000| Untracked 
| 218|0x000000008da00000, 0x000000008da00000, 0x000000008db00000|  0%| F|  |TAMS 0x000000008da00000, 0x000000008da00000| Untracked 
| 219|0x000000008db00000, 0x000000008db00000, 0x000000008dc00000|  0%| F|  |TAMS 0x000000008db00000, 0x000000008db00000| Untracked 
| 220|0x000000008dc00000, 0x000000008dc00000, 0x000000008dd00000|  0%| F|  |TAMS 0x000000008dc00000, 0x000000008dc00000| Untracked 
| 221|0x000000008dd00000, 0x000000008dd00000, 0x000000008de00000|  0%| F|  |TAMS 0x000000008dd00000, 0x000000008dd00000| Untracked 

Card table byte_map: [0x00000188cfa80000,0x00000188cfe80000] _byte_map_base: 0x00000188cf680000

Marking Bits (Prev, Next): (CMBitMap*) 0x00000188bc6eb888, (CMBitMap*) 0x00000188bc6eb8c0
 Prev Bits: [0x00000188d0280000, 0x00000188d2280000)
 Next Bits: [0x00000188d2280000, 0x00000188d4280000)

Polling page: 0x00000188bc790000

Metaspace:

Usage:
  Non-class:     74.55 MB capacity,    73.12 MB ( 98%) used,     1.20 MB (  2%) free+waste,   232.00 KB ( <1%) overhead. 
      Class:     11.30 MB capacity,    10.49 MB ( 93%) used,   728.60 KB (  6%) free+waste,   103.75 KB ( <1%) overhead. 
       Both:     85.85 MB capacity,    83.61 MB ( 97%) used,     1.91 MB (  2%) free+waste,   335.75 KB ( <1%) overhead. 

Virtual space:
  Non-class space:       76.00 MB reserved,      74.76 MB ( 98%) committed 
      Class space:        1.00 GB reserved,      11.38 MB (  1%) committed 
             Both:        1.07 GB reserved,      86.13 MB (  8%) committed 

Chunk freelists:
   Non-Class:  21.00 KB
       Class:  45.00 KB
        Both:  66.00 KB

MaxMetaspaceSize: 17179869184.00 GB
CompressedClassSpaceSize: 1.00 GB

CodeHeap 'non-profiled nmethods': size=120064Kb used=7679Kb max_used=7679Kb free=112384Kb
 bounds [0x00000188c7b10000, 0x00000188c8290000, 0x00000188cf050000]
CodeHeap 'profiled nmethods': size=120000Kb used=27303Kb max_used=27303Kb free=92696Kb
 bounds [0x00000188c05e0000, 0x00000188c2090000, 0x00000188c7b10000]
CodeHeap 'non-nmethods': size=5696Kb used=2269Kb max_used=2319Kb free=3426Kb
 bounds [0x00000188c0050000, 0x00000188c02c0000, 0x00000188c05e0000]
 total_blobs=12682 nmethods=11819 adapters=772
 compilation: enabled
              stopped_count=0, restarted_count=0
 full_count=0

Compilation events (20 events):
Event: 28.549 Thread 0x00000188d68dc000 12126       2       com.sun.tools.javac.comp.Check::checkImportedPackagesObservable (135 bytes)
Event: 28.551 Thread 0x00000188d68dc000 nmethod 12126 0x00000188c2089a10 code [0x00000188c2089d00, 0x00000188c208a558]
Event: 28.551 Thread 0x00000188d68d8000 nmethod 12089 0x00000188c828ca90 code [0x00000188c828cc20, 0x00000188c828cfb8]
Event: 28.551 Thread 0x00000188d68dc000 12127       2       com.sun.tools.javac.comp.TypeEnter$$Lambda$942/0x00000001009c2040::run (4 bytes)
Event: 28.551 Thread 0x00000188d68d8000 12077       4       java.util.HashMap$HashIterator::<init> (79 bytes)
Event: 28.551 Thread 0x00000188d68dc000 nmethod 12127 0x00000188c208ab90 code [0x00000188c208ad40, 0x00000188c208ae38]
Event: 28.556 Thread 0x00000188d68d8000 nmethod 12077 0x00000188c828d190 code [0x00000188c828d320, 0x00000188c828d698]
Event: 28.556 Thread 0x00000188d68d8000 12047       4       com.sun.tools.javac.tree.TreeScanner::scan (33 bytes)
Event: 28.558 Thread 0x00000188d68d8000 nmethod 12047 0x00000188c828d810 code [0x00000188c828d9a0, 0x00000188c828da98]
Event: 28.558 Thread 0x00000188d68d8000 12092       4       com.sun.tools.javac.code.Symbol$MethodSymbol::<init> (84 bytes)
Event: 28.566 Thread 0x00000188d68d8000 nmethod 12092 0x00000188c828db90 code [0x00000188c828dd40, 0x00000188c828e4f8]
Event: 28.566 Thread 0x00000188d68d8000 12082       4       java.util.stream.AbstractPipeline::<init> (91 bytes)
Event: 28.571 Thread 0x00000188d68d8000 nmethod 12082 0x00000188c828e690 code [0x00000188c828e820, 0x00000188c828ebf8]
Event: 28.571 Thread 0x00000188d68d8000 12027   !   4       java.util.regex.Pattern::matcher (44 bytes)
Event: 28.576 Thread 0x00000188d68dc000 12129       2       com.sun.tools.javac.code.Type$WildcardType::<init> (35 bytes)
Event: 28.576 Thread 0x00000188d68dc000 nmethod 12129 0x00000188c208af10 code [0x00000188c208b100, 0x00000188c208b578]
Event: 28.590 Thread 0x00000188d68d8000 nmethod 12027 0x00000188c828ed90 code [0x00000188c828ef80, 0x00000188c828f978]
Event: 28.590 Thread 0x00000188d68d8000 12021       4       java.lang.ClassLoader::defineClass (43 bytes)
Event: 28.628 Thread 0x00000188d68dc000 12132       2       com.sun.tools.javac.jvm.ClassReader::readEnumType (49 bytes)
Event: 28.628 Thread 0x00000188d68dc000 nmethod 12132 0x00000188c208b790 code [0x00000188c208b980, 0x00000188c208bba8]

GC Heap History (20 events):
Event: 24.461 GC heap after
{Heap after GC invocations=28 (full 0):
 garbage-first heap   total 189440K, used 101211K [0x0000000080000000, 0x0000000100000000)
  region size 1024K, 2 young (2048K), 2 survivors (2048K)
 Metaspace       used 82687K, capacity 84939K, committed 85128K, reserved 1124352K
  class space    used 10578K, capacity 11367K, committed 11392K, reserved 1048576K
}
Event: 24.950 GC heap before
{Heap before GC invocations=29 (full 0):
 garbage-first heap   total 189440K, used 140123K [0x0000000080000000, 0x0000000100000000)
  region size 1024K, 32 young (32768K), 2 survivors (2048K)
 Metaspace       used 82579K, capacity 84753K, committed 85128K, reserved 1124352K
  class space    used 10544K, capacity 11305K, committed 11392K, reserved 1048576K
}
Event: 24.959 GC heap after
{Heap after GC invocations=30 (full 0):
 garbage-first heap   total 189440K, used 113664K [0x0000000080000000, 0x0000000100000000)
  region size 1024K, 4 young (4096K), 4 survivors (4096K)
 Metaspace       used 82579K, capacity 84753K, committed 85128K, reserved 1124352K
  class space    used 10544K, capacity 11305K, committed 11392K, reserved 1048576K
}
Event: 25.281 GC heap before
{Heap before GC invocations=31 (full 0):
 garbage-first heap   total 189440K, used 143360K [0x0000000080000000, 0x0000000100000000)
  region size 1024K, 18 young (18432K), 4 survivors (4096K)
 Metaspace       used 82579K, capacity 84753K, committed 85128K, reserved 1124352K
  class space    used 10544K, capacity 11305K, committed 11392K, reserved 1048576K
}
Event: 25.291 GC heap after
{Heap after GC invocations=32 (full 0):
 garbage-first heap   total 189440K, used 120041K [0x0000000080000000, 0x0000000100000000)
  region size 1024K, 4 young (4096K), 4 survivors (4096K)
 Metaspace       used 82579K, capacity 84753K, committed 85128K, reserved 1124352K
  class space    used 10544K, capacity 11305K, committed 11392K, reserved 1048576K
}
Event: 26.262 GC heap before
{Heap before GC invocations=33 (full 0):
 garbage-first heap   total 189440K, used 146665K [0x0000000080000000, 0x0000000100000000)
  region size 1024K, 26 young (26624K), 4 survivors (4096K)
 Metaspace       used 83114K, capacity 85297K, committed 85768K, reserved 1124352K
  class space    used 10587K, capacity 11379K, committed 11520K, reserved 1048576K
}
Event: 26.278 GC heap after
{Heap after GC invocations=34 (full 0):
 garbage-first heap   total 189440K, used 128000K [0x0000000080000000, 0x0000000100000000)
  region size 1024K, 4 young (4096K), 4 survivors (4096K)
 Metaspace       used 83114K, capacity 85297K, committed 85768K, reserved 1124352K
  class space    used 10587K, capacity 11379K, committed 11520K, reserved 1048576K
}
Event: 26.658 GC heap before
{Heap before GC invocations=34 (full 0):
 garbage-first heap   total 189440K, used 148480K [0x0000000080000000, 0x0000000100000000)
  region size 1024K, 24 young (24576K), 4 survivors (4096K)
 Metaspace       used 83622K, capacity 85807K, committed 86024K, reserved 1124352K
  class space    used 10619K, capacity 11397K, committed 11520K, reserved 1048576K
}
Event: 26.672 GC heap after
{Heap after GC invocations=35 (full 0):
 garbage-first heap   total 189440K, used 133458K [0x0000000080000000, 0x0000000100000000)
  region size 1024K, 3 young (3072K), 3 survivors (3072K)
 Metaspace       used 83622K, capacity 85807K, committed 86024K, reserved 1124352K
  class space    used 10619K, capacity 11397K, committed 11520K, reserved 1048576K
}
Event: 27.162 GC heap before
{Heap before GC invocations=36 (full 0):
 garbage-first heap   total 189440K, used 151890K [0x0000000080000000, 0x0000000100000000)
  region size 1024K, 21 young (21504K), 3 survivors (3072K)
 Metaspace       used 83831K, capacity 86130K, committed 86280K, reserved 1124352K
  class space    used 10628K, capacity 11435K, committed 11520K, reserved 1048576K
}
Event: 27.175 GC heap after
{Heap after GC invocations=37 (full 0):
 garbage-first heap   total 189440K, used 137467K [0x0000000080000000, 0x0000000100000000)
  region size 1024K, 3 young (3072K), 3 survivors (3072K)
 Metaspace       used 83831K, capacity 86130K, committed 86280K, reserved 1124352K
  class space    used 10628K, capacity 11435K, committed 11520K, reserved 1048576K
}
Event: 27.407 GC heap before
{Heap before GC invocations=37 (full 0):
 garbage-first heap   total 189440K, used 154875K [0x0000000080000000, 0x0000000100000000)
  region size 1024K, 20 young (20480K), 3 survivors (3072K)
 Metaspace       used 83875K, capacity 86131K, committed 86280K, reserved 1124352K
  class space    used 10628K, capacity 11435K, committed 11520K, reserved 1048576K
}
Event: 27.418 GC heap after
{Heap after GC invocations=38 (full 0):
 garbage-first heap   total 227328K, used 140886K [0x0000000080000000, 0x0000000100000000)
  region size 1024K, 3 young (3072K), 3 survivors (3072K)
 Metaspace       used 83875K, capacity 86131K, committed 86280K, reserved 1124352K
  class space    used 10628K, capacity 11435K, committed 11520K, reserved 1048576K
}
Event: 27.615 GC heap before
{Heap before GC invocations=38 (full 0):
 garbage-first heap   total 227328K, used 168534K [0x0000000080000000, 0x0000000100000000)
  region size 1024K, 30 young (30720K), 3 survivors (3072K)
 Metaspace       used 83915K, capacity 86197K, committed 86536K, reserved 1124352K
  class space    used 10628K, capacity 11435K, committed 11520K, reserved 1048576K
}
Event: 27.646 GC heap after
{Heap after GC invocations=39 (full 0):
 garbage-first heap   total 227328K, used 162437K [0x0000000080000000, 0x0000000100000000)
  region size 1024K, 4 young (4096K), 4 survivors (4096K)
 Metaspace       used 83915K, capacity 86197K, committed 86536K, reserved 1124352K
  class space    used 10628K, capacity 11435K, committed 11520K, reserved 1048576K
}
Event: 27.991 GC heap before
{Heap before GC invocations=40 (full 0):
 garbage-first heap   total 227328K, used 180869K [0x0000000080000000, 0x0000000100000000)
  region size 1024K, 22 young (22528K), 4 survivors (4096K)
 Metaspace       used 84325K, capacity 86643K, committed 86792K, reserved 1124352K
  class space    used 10648K, capacity 11473K, committed 11520K, reserved 1048576K
}
Event: 28.017 GC heap after
{Heap after GC invocations=41 (full 0):
 garbage-first heap   total 227328K, used 172032K [0x0000000080000000, 0x0000000100000000)
  region size 1024K, 3 young (3072K), 3 survivors (3072K)
 Metaspace       used 84325K, capacity 86643K, committed 86792K, reserved 1124352K
  class space    used 10648K, capacity 11473K, committed 11520K, reserved 1048576K
}
Event: 28.353 GC heap before
{Heap before GC invocations=41 (full 0):
 garbage-first heap   total 227328K, used 185344K [0x0000000080000000, 0x0000000100000000)
  region size 1024K, 17 young (17408K), 3 survivors (3072K)
 Metaspace       used 85592K, capacity 87906K, committed 88200K, reserved 1126400K
  class space    used 10738K, capacity 11571K, committed 11648K, reserved 1048576K
}
Event: 28.363 GC heap after
{Heap after GC invocations=42 (full 0):
 garbage-first heap   total 227328K, used 176104K [0x0000000080000000, 0x0000000100000000)
  region size 1024K, 3 young (3072K), 3 survivors (3072K)
 Metaspace       used 85592K, capacity 87906K, committed 88200K, reserved 1126400K
  class space    used 10738K, capacity 11571K, committed 11648K, reserved 1048576K
}
Event: 28.635 GC heap before
{Heap before GC invocations=42 (full 0):
 garbage-first heap   total 227328K, used 183784K [0x0000000080000000, 0x0000000100000000)
  region size 1024K, 16 young (16384K), 3 survivors (3072K)
 Metaspace       used 85614K, capacity 87910K, committed 88200K, reserved 1126400K
  class space    used 10738K, capacity 11571K, committed 11648K, reserved 1048576K
}

Deoptimization events (20 events):
Event: 28.297 Thread 0x00000188dcdef800 DEOPT PACKING pc=0x00000188c8003574 sp=0x0000004027af9b00
Event: 28.297 Thread 0x00000188dcdef800 DEOPT UNPACKING pc=0x00000188c007742f sp=0x0000004027af9ab8 mode 2
Event: 28.304 Thread 0x00000188dcdef800 Uncommon trap: trap_request=0xffffff4d fr.pc=0x00000188c823bd60 relative=0x0000000000000740
Event: 28.304 Thread 0x00000188dcdef800 Uncommon trap: reason=unstable_if action=reinterpret pc=0x00000188c823bd60 method=com.sun.tools.javac.comp.Check.checkFlags(Lcom/sun/tools/javac/util/JCDiagnostic$DiagnosticPosition;JLcom/sun/tools/javac/code/Symbol;Lcom/sun/tools/javac/tree/JCTree;)J @ 4
Event: 28.304 Thread 0x00000188dcdef800 DEOPT PACKING pc=0x00000188c823bd60 sp=0x0000004027af9290
Event: 28.304 Thread 0x00000188dcdef800 DEOPT UNPACKING pc=0x00000188c007742f sp=0x0000004027af9210 mode 2
Event: 28.372 Thread 0x00000188dcdef800 Uncommon trap: trap_request=0xffffff4d fr.pc=0x00000188c7b7a0ec relative=0x000000000000014c
Event: 28.372 Thread 0x00000188dcdef800 Uncommon trap: reason=unstable_if action=reinterpret pc=0x00000188c7b7a0ec method=com.sun.tools.javac.code.Type$ClassType.getTypeArguments()Lcom/sun/tools/javac/util/List; @ 15 c2
Event: 28.372 Thread 0x00000188dcdef800 DEOPT PACKING pc=0x00000188c7b7a0ec sp=0x0000004027af8dd0
Event: 28.372 Thread 0x00000188dcdef800 DEOPT UNPACKING pc=0x00000188c007742f sp=0x0000004027af8d88 mode 2
Event: 28.382 Thread 0x00000188dcdef800 DEOPT PACKING pc=0x00000188c1ea28af sp=0x0000004027af8140
Event: 28.382 Thread 0x00000188dcdef800 DEOPT UNPACKING pc=0x00000188c007724e sp=0x0000004027af7670 mode 0
Event: 28.435 Thread 0x00000188dcdef800 Uncommon trap: trap_request=0xffffff4d fr.pc=0x00000188c8255ae4 relative=0x0000000000003384
Event: 28.435 Thread 0x00000188dcdef800 Uncommon trap: reason=unstable_if action=reinterpret pc=0x00000188c8255ae4 method=com.sun.tools.javac.comp.MemberEnter.visitVarDef(Lcom/sun/tools/javac/tree/JCTree$JCVariableDecl;)V @ 18 c2
Event: 28.435 Thread 0x00000188dcdef800 DEOPT PACKING pc=0x00000188c8255ae4 sp=0x0000004027af92c0
Event: 28.435 Thread 0x00000188dcdef800 DEOPT UNPACKING pc=0x00000188c007742f sp=0x0000004027af92b0 mode 2
Event: 28.486 Thread 0x00000188dcdef800 Uncommon trap: trap_request=0xffffff4d fr.pc=0x00000188c824afdc relative=0x00000000000003bc
Event: 28.486 Thread 0x00000188dcdef800 Uncommon trap: reason=unstable_if action=reinterpret pc=0x00000188c824afdc method=com.sun.tools.javac.comp.Check.checkUnique(Lcom/sun/tools/javac/util/JCDiagnostic$DiagnosticPosition;Lcom/sun/tools/javac/code/Symbol;Lcom/sun/tools/javac/code/Scope;)Z @ 56
Event: 28.486 Thread 0x00000188dcdef800 DEOPT PACKING pc=0x00000188c824afdc sp=0x0000004027af90f0
Event: 28.486 Thread 0x00000188dcdef800 DEOPT UNPACKING pc=0x00000188c007742f sp=0x0000004027af90b0 mode 2

Classes redefined (0 events):
No events

Internal exceptions (20 events):
Event: 21.713 Thread 0x00000188d8de7000 Exception <a 'java/lang/NoSuchMethodError'{0x0000000089b7f6a0}: <clinit>> (0x0000000089b7f6a0) thrown at [./src/hotspot/share/prims/jni.cpp, line 1362]
Event: 21.714 Thread 0x00000188d8de7000 Exception <a 'java/lang/NoSuchMethodError'{0x0000000089b91918}: <clinit>> (0x0000000089b91918) thrown at [./src/hotspot/share/prims/jni.cpp, line 1362]
Event: 21.715 Thread 0x00000188d8de7000 Exception <a 'java/lang/NoSuchMethodError'{0x0000000089bcc1f8}: <clinit>> (0x0000000089bcc1f8) thrown at [./src/hotspot/share/prims/jni.cpp, line 1362]
Event: 21.732 Thread 0x00000188d8de7000 Exception <a 'java/lang/NoSuchMethodError'{0x0000000089a6b748}: <clinit>> (0x0000000089a6b748) thrown at [./src/hotspot/share/prims/jni.cpp, line 1362]
Event: 21.738 Thread 0x00000188d8de7000 Exception <a 'java/lang/NoSuchMethodError'{0x0000000089a86c50}: <clinit>> (0x0000000089a86c50) thrown at [./src/hotspot/share/prims/jni.cpp, line 1362]
Event: 21.738 Thread 0x00000188d8de7000 Exception <a 'java/lang/NoSuchMethodError'{0x0000000089a883c8}: <clinit>> (0x0000000089a883c8) thrown at [./src/hotspot/share/prims/jni.cpp, line 1362]
Event: 21.738 Thread 0x00000188d8de7000 Exception <a 'java/lang/NoSuchMethodError'{0x0000000089a89de0}: <clinit>> (0x0000000089a89de0) thrown at [./src/hotspot/share/prims/jni.cpp, line 1362]
Event: 21.778 Thread 0x00000188d8de7000 Exception <a 'java/lang/NoSuchMethodError'{0x000000008989c7f8}: <clinit>> (0x000000008989c7f8) thrown at [./src/hotspot/share/prims/jni.cpp, line 1362]
Event: 22.650 Thread 0x00000188d7f82000 Exception <a 'java/lang/NoSuchMethodError'{0x00000000887ca728}: <clinit>> (0x00000000887ca728) thrown at [./src/hotspot/share/prims/jni.cpp, line 1362]
Event: 22.833 Thread 0x00000188dcdef800 Exception <a 'sun/nio/fs/WindowsException'{0x00000000878ae6f8}> (0x00000000878ae6f8) thrown at [./src/hotspot/share/prims/jni.cpp, line 615]
Event: 22.833 Thread 0x00000188dcdef800 Exception <a 'sun/nio/fs/WindowsException'{0x00000000878af4f8}> (0x00000000878af4f8) thrown at [./src/hotspot/share/prims/jni.cpp, line 615]
Event: 22.835 Thread 0x00000188dcdef800 Exception <a 'java/lang/NoSuchMethodError'{0x00000000877359d8}: 'int java.lang.invoke.DirectMethodHandle$Holder.invokeSpecial(java.lang.Object, java.lang.Object, java.lang.Object, java.lang.Object, java.lang.Object)'> (0x00000000877359d8) thrown at [./src/hotspot/share/interpreter/linkResolver.cpp, line 773]
Event: 22.839 Thread 0x00000188dcdef800 Exception <a 'sun/nio/fs/WindowsException'{0x000000008776a9c8}> (0x000000008776a9c8) thrown at [./src/hotspot/share/prims/jni.cpp, line 615]
Event: 22.839 Thread 0x00000188dcdef800 Exception <a 'sun/nio/fs/WindowsException'{0x000000008776b300}> (0x000000008776b300) thrown at [./src/hotspot/share/prims/jni.cpp, line 615]
Event: 22.840 Thread 0x00000188dcdef800 Exception <a 'java/lang/NoSuchMethodError'{0x0000000087785d10}: 'void java.lang.invoke.DirectMethodHandle$Holder.invokeStatic(java.lang.Object, java.lang.Object, java.lang.Object, java.lang.Object, int, java.lang.Object)'> (0x0000000087785d10) thrown at [./src/hotspot/share/interpreter/linkResolver.cpp, line 773]
Event: 23.539 Thread 0x00000188dcdef800 Exception <a 'java/lang/NoSuchMethodError'{0x000000008ae66d08}: 'java.lang.Object java.lang.invoke.Invokers$Holder.linkToTargetMethod(java.lang.Object, java.lang.Object, java.lang.Object, int, int, java.lang.Object)'> (0x000000008ae66d08) thrown at [./src/hotspot/share/interpreter/linkResolver.cpp, line 773]
Event: 23.581 Thread 0x00000188dcdef800 Exception <a 'java/lang/NoSuchMethodError'{0x000000008ab29178}: 'int java.lang.invoke.DirectMethodHandle$Holder.invokeVirtual(java.lang.Object, java.lang.Object, java.lang.Object)'> (0x000000008ab29178) thrown at [./src/hotspot/share/interpreter/linkResolver.cpp, line 773]
Event: 25.360 Thread 0x00000188dcdef800 Exception <a 'sun/nio/fs/WindowsException'{0x000000008b436640}> (0x000000008b436640) thrown at [./src/hotspot/share/prims/jni.cpp, line 615]
Event: 25.360 Thread 0x00000188dcdef800 Exception <a 'sun/nio/fs/WindowsException'{0x000000008b436748}> (0x000000008b436748) thrown at [./src/hotspot/share/prims/jni.cpp, line 615]
Event: 26.787 Thread 0x00000188dcdef800 Implicit null exception at 0x00000188c811e197 to 0x00000188c811ecfc

Events (20 events):
Event: 28.217 loading class kotlin/collections/MapsKt__MapWithDefaultKt done
Event: 28.218 loading class kotlin/collections/ArraysKt
Event: 28.218 loading class kotlin/collections/ArraysKt done
Event: 28.218 loading class kotlin/collections/ArraysKt___ArraysKt
Event: 28.218 loading class kotlin/collections/ArraysKt___ArraysKt done
Event: 28.248 loading class kotlin/collections/ArraysKt___ArraysJvmKt
Event: 28.248 loading class kotlin/collections/ArraysKt___ArraysJvmKt done
Event: 28.249 loading class kotlin/collections/ArraysKt__ArraysKt
Event: 28.249 loading class kotlin/collections/ArraysKt__ArraysKt done
Event: 28.250 loading class kotlin/collections/ArraysKt__ArraysJVMKt
Event: 28.250 loading class kotlin/collections/ArraysKt__ArraysJVMKt done
Event: 28.268 loading class org/gradle/api/internal/tasks/compile/processing/TimeTrackingProcessor$1
Event: 28.268 loading class org/gradle/api/internal/tasks/compile/processing/TimeTrackingProcessor$1 done
Event: 28.296 loading class com/sun/tools/javac/code/Symtab
Event: 28.296 loading class com/sun/tools/javac/code/Symtab done
Event: 28.353 Executing VM operation: G1CollectForAllocation
Event: 28.363 Executing VM operation: G1CollectForAllocation done
Event: 28.603 Executing VM operation: CGC_Operation
Event: 28.615 Executing VM operation: CGC_Operation done
Event: 28.635 Executing VM operation: G1CollectForAllocation


Dynamic libraries:
0x00007ff6c17f0000 - 0x00007ff6c17fa000 	C:\Program Files\Android\Android Studio\jre\bin\java.exe
0x00007ffdbfbb0000 - 0x00007ffdbfda5000 	C:\WINDOWS\SYSTEM32\ntdll.dll
0x00007ffdbf740000 - 0x00007ffdbf7fd000 	C:\WINDOWS\System32\KERNEL32.DLL
0x00007ffdbd920000 - 0x00007ffdbdbe8000 	C:\WINDOWS\System32\KERNELBASE.dll
0x00007ffdbd500000 - 0x00007ffdbd600000 	C:\WINDOWS\System32\ucrtbase.dll
0x00007ffd8b630000 - 0x00007ffd8b649000 	C:\Program Files\Android\Android Studio\jre\bin\jli.dll
0x00007ffdbe410000 - 0x00007ffdbe5b0000 	C:\WINDOWS\System32\USER32.dll
0x00007ffdbdbf0000 - 0x00007ffdbdc12000 	C:\WINDOWS\System32\win32u.dll
0x00007ffdbfa90000 - 0x00007ffdbfaba000 	C:\WINDOWS\System32\GDI32.dll
0x00007ffdbd810000 - 0x00007ffdbd91b000 	C:\WINDOWS\System32\gdi32full.dll
0x00007ffdbd410000 - 0x00007ffdbd4ad000 	C:\WINDOWS\System32\msvcp_win.dll
0x00007ffd998c0000 - 0x00007ffd998d7000 	C:\Program Files\Android\Android Studio\jre\bin\VCRUNTIME140.dll
0x00007ffdaee00000 - 0x00007ffdaf09a000 	C:\WINDOWS\WinSxS\amd64_microsoft.windows.common-controls_6595b64144ccf1df_6.0.19041.1052_none_60b8f8fd71f5e8cb\COMCTL32.dll
0x00007ffdbf870000 - 0x00007ffdbf90e000 	C:\WINDOWS\System32\msvcrt.dll
0x00007ffdbe060000 - 0x00007ffdbe090000 	C:\WINDOWS\System32\IMM32.DLL
0x00007ffd7d510000 - 0x00007ffd7d5ad000 	C:\Program Files\Android\Android Studio\jre\bin\msvcp140.dll
0x00007ffd87e70000 - 0x00007ffd8892c000 	C:\Program Files\Android\Android Studio\jre\bin\server\jvm.dll
0x00007ffdbfac0000 - 0x00007ffdbfb6c000 	C:\WINDOWS\System32\ADVAPI32.dll
0x00007ffdbe6e0000 - 0x00007ffdbe77b000 	C:\WINDOWS\System32\sechost.dll
0x00007ffdbe2e0000 - 0x00007ffdbe40b000 	C:\WINDOWS\System32\RPCRT4.dll
0x00007ffdbf910000 - 0x00007ffdbf918000 	C:\WINDOWS\System32\PSAPI.DLL
0x00007ffdac460000 - 0x00007ffdac469000 	C:\WINDOWS\SYSTEM32\WSOCK32.dll
0x00007ffdbf800000 - 0x00007ffdbf86b000 	C:\WINDOWS\System32\WS2_32.dll
0x00007ffdb1eb0000 - 0x00007ffdb1ed7000 	C:\WINDOWS\SYSTEM32\WINMM.dll
0x00007ffdb3de0000 - 0x00007ffdb3dea000 	C:\WINDOWS\SYSTEM32\VERSION.dll
0x00007ffdbb260000 - 0x00007ffdbb272000 	C:\WINDOWS\SYSTEM32\kernel.appcore.dll
0x00007ffd968f0000 - 0x00007ffd96901000 	C:\Program Files\Android\Android Studio\jre\bin\verify.dll
0x00007ffdaba90000 - 0x00007ffdabc74000 	C:\WINDOWS\SYSTEM32\DBGHELP.DLL
0x00007ffdabd80000 - 0x00007ffdabdac000 	C:\WINDOWS\SYSTEM32\dbgcore.DLL
0x00007ffdbd350000 - 0x00007ffdbd3d3000 	C:\WINDOWS\System32\bcryptPrimitives.dll
0x00007ffd93ff0000 - 0x00007ffd94019000 	C:\Program Files\Android\Android Studio\jre\bin\java.dll
0x00007ffdab9c0000 - 0x00007ffdab9cb000 	C:\Program Files\Android\Android Studio\jre\bin\jimage.dll
0x00007ffd93da0000 - 0x00007ffd93db8000 	C:\Program Files\Android\Android Studio\jre\bin\zip.dll
0x00007ffdbe7a0000 - 0x00007ffdbeedf000 	C:\WINDOWS\System32\SHELL32.dll
0x00007ffdbb460000 - 0x00007ffdbbbf0000 	C:\WINDOWS\SYSTEM32\windows.storage.dll
0x00007ffdbdd00000 - 0x00007ffdbe055000 	C:\WINDOWS\System32\combase.dll
0x00007ffdbcc90000 - 0x00007ffdbccbc000 	C:\WINDOWS\SYSTEM32\Wldp.dll
0x00007ffdbf690000 - 0x00007ffdbf73e000 	C:\WINDOWS\System32\SHCORE.dll
0x00007ffdbf090000 - 0x00007ffdbf0e5000 	C:\WINDOWS\System32\shlwapi.dll
0x00007ffdbd230000 - 0x00007ffdbd24f000 	C:\WINDOWS\SYSTEM32\profapi.dll
0x00007ffd92e70000 - 0x00007ffd92e8a000 	C:\Program Files\Android\Android Studio\jre\bin\net.dll
0x00007ffdb7d10000 - 0x00007ffdb7e1b000 	C:\WINDOWS\SYSTEM32\WINHTTP.dll
0x00007ffdbca00000 - 0x00007ffdbca6a000 	C:\WINDOWS\system32\mswsock.dll
0x00007ffd92330000 - 0x00007ffd92344000 	C:\Program Files\Android\Android Studio\jre\bin\nio.dll
0x00007ffda5f10000 - 0x00007ffda5f37000 	C:\Users\infinity\.gradle\native\f6784746aeab05261644944871eae4fe03e0ef1612fff0a4a95f87b438bc6780\windows-amd64\native-platform.dll
0x00007ffda7880000 - 0x00007ffda788a000 	C:\Program Files\Android\Android Studio\jre\bin\management.dll
0x00007ffda7320000 - 0x00007ffda732c000 	C:\Program Files\Android\Android Studio\jre\bin\management_ext.dll
0x00007ffdbcbe0000 - 0x00007ffdbcbf8000 	C:\WINDOWS\SYSTEM32\CRYPTSP.dll
0x00007ffdbc3a0000 - 0x00007ffdbc3d4000 	C:\WINDOWS\system32\rsaenh.dll
0x00007ffdbd3e0000 - 0x00007ffdbd407000 	C:\WINDOWS\System32\bcrypt.dll
0x00007ffdbd1b0000 - 0x00007ffdbd1de000 	C:\WINDOWS\SYSTEM32\USERENV.dll
0x00007ffdbcbd0000 - 0x00007ffdbcbdc000 	C:\WINDOWS\SYSTEM32\CRYPTBASE.dll
0x00007ffdbc6f0000 - 0x00007ffdbc72b000 	C:\WINDOWS\SYSTEM32\IPHLPAPI.DLL
0x00007ffdbe6d0000 - 0x00007ffdbe6d8000 	C:\WINDOWS\System32\NSI.dll
0x00007ffdb6e80000 - 0x00007ffdb6e97000 	C:\WINDOWS\SYSTEM32\dhcpcsvc6.DLL
0x00007ffdb6e40000 - 0x00007ffdb6e5d000 	C:\WINDOWS\SYSTEM32\dhcpcsvc.DLL
0x00007ffdbc730000 - 0x00007ffdbc7fc000 	C:\WINDOWS\SYSTEM32\DNSAPI.dll
0x00007ffdb72a0000 - 0x00007ffdb72ab000 	C:\WINDOWS\SYSTEM32\WINNSI.DLL

dbghelp: loaded successfully - version: 4.0.5 - missing functions: none
symbol engine: initialized successfully - sym options: 0x614 - pdb path: .;C:\Program Files\Android\Android Studio\jre\bin;C:\WINDOWS\SYSTEM32;C:\WINDOWS\WinSxS\amd64_microsoft.windows.common-controls_6595b64144ccf1df_6.0.19041.1052_none_60b8f8fd71f5e8cb;C:\Program Files\Android\Android Studio\jre\bin\server;C:\Users\infinity\.gradle\native\f6784746aeab05261644944871eae4fe03e0ef1612fff0a4a95f87b438bc6780\windows-amd64

VM Arguments:
jvm_args: --add-opens=java.base/java.util=ALL-UNNAMED --add-opens=java.base/java.lang=ALL-UNNAMED --add-opens=java.base/java.lang.invoke=ALL-UNNAMED --add-opens=java.prefs/java.util.prefs=ALL-UNNAMED -Xmx2048m -Dfile.encoding=UTF-8 -Duser.country=IN -Duser.language=en -Duser.variant 
java_command: org.gradle.launcher.daemon.bootstrap.GradleDaemon 6.5
java_class_path (initial): C:\Users\infinity\.gradle\wrapper\dists\gradle-6.5-bin\6nifqtx7604sqp1q6g8wikw7p\gradle-6.5\lib\gradle-launcher-6.5.jar
Launcher Type: SUN_STANDARD

[Global flags]
     intx CICompilerCount                          = 3                                         {product} {ergonomic}
     uint ConcGCThreads                            = 1                                         {product} {ergonomic}
     uint G1ConcRefinementThreads                  = 4                                         {product} {ergonomic}
   size_t G1HeapRegionSize                         = 1048576                                   {product} {ergonomic}
    uintx GCDrainStackTargetSize                   = 64                                        {product} {ergonomic}
   size_t InitialHeapSize                          = 134217728                                 {product} {ergonomic}
   size_t MarkStackSize                            = 4194304                                   {product} {ergonomic}
   size_t MaxHeapSize                              = 2147483648                                {product} {command line}
   size_t MaxNewSize                               = 1287651328                                {product} {ergonomic}
   size_t MinHeapDeltaBytes                        = 1048576                                   {product} {ergonomic}
    uintx NonNMethodCodeHeapSize                   = 5830732                                {pd product} {ergonomic}
    uintx NonProfiledCodeHeapSize                  = 122913754                              {pd product} {ergonomic}
    uintx ProfiledCodeHeapSize                     = 122913754                              {pd product} {ergonomic}
    uintx ReservedCodeCacheSize                    = 251658240                              {pd product} {ergonomic}
     bool SegmentedCodeCache                       = true                                      {product} {ergonomic}
     bool UseCompressedClassPointers               = true                                 {lp64_product} {ergonomic}
     bool UseCompressedOops                        = true                                 {lp64_product} {ergonomic}
     bool UseG1GC                                  = true                                      {product} {ergonomic}
     bool UseLargePagesIndividualAllocation        = false                                  {pd product} {ergonomic}

Logging:
Log output configuration:
 #0: stdout all=warning uptime,level,tags
 #1: stderr all=off uptime,level,tags

Environment Variables:
JAVA_HOME=C:\Program Files\Java\jdk1.8.0_211
CLASSPATH=.;
PATH=C:\Windows\system32;C:\Windows;C:\Windows\System32\Wbem;C:\Windows\System32\WindowsPowerShell\v1.0\;C:\Windows\System32\OpenSSH\;C:\Program Files\Git\cmd;C:\Users\infinity\AppData\Local\Microsoft\WindowsApps;C:\adb;C:\ProgramData\chocolatey\bin;C:\Program Files\nodejs\;C:\Program Files\Java\jdk1.8.0_211\bin;C:\Program Files\Microsoft SQL Server\Client SDK\ODBC\170\Tools\Binn\;C:\Program Files\Azure Data Studio\bin;C:\Program Files (x86)\Microsoft SQL Server\150\Tools\Binn\;C:\Program Files\Microsoft SQL Server\150\Tools\Binn\;C:\Program Files\Microsoft SQL Server\150\DTS\Binn\;%SystemRoot%\system32;%SystemRoot%;%SystemRoot%\System32\Wbem;%SYSTEMROOT%\System32\WindowsPowerShell\v1.0\;%SYSTEMROOT%\System32\OpenSSH\;C:\Users\infinity\AppData\Local\Microsoft\WindowsApps;C:\Users\infinity\AppData\Roaming\npm;C:\Users\infinity\Downloads\flutter_windows_1.22.6-stable\flutter\bin;C:\Program Files\Azure Data Studio\bin;;C:\Users\infinity\AppData\Local\Programs\Microsoft VS Code\bin
USERNAME=infinity
OS=Windows_NT
PROCESSOR_IDENTIFIER=Intel64 Family 6 Model 42 Stepping 7, GenuineIntel



---------------  S Y S T E M  ---------------

OS: Windows 10 , 64 bit Build 19041 (10.0.19041.1023)
OS uptime: 5 days 3:09 hours

CPU:total 4 (initial active 4) (4 cores per cpu, 1 threads per core) family 6 model 42 stepping 7, cmov, cx8, fxsr, mmx, sse, sse2, sse3, ssse3, sse4.1, sse4.2, popcnt, avx, aes, clmul, tsc, tscinvbit

Memory: 4k page, system-wide physical 8064M (850M free)
TotalPageFile size 14765M (AvailPageFile size 67M)
current process WorkingSet (physical memory assigned to process): 490M, peak: 497M
current process commit charge ("private bytes"): 525M, peak: 593M

vm_info: OpenJDK 64-Bit Server VM (11.0.8+10-b944.6842174) for windows-amd64 JRE (11.0.8+10-b944.6842174), built on Sep 19 2020 01:11:42 by "builder" with MS VC++ 14.0 (VS2015)

END.
