#
# There is insufficient memory for the Java Runtime Environment to continue.
# Native memory allocation (mmap) failed to map 97517568 bytes for Failed to commit area from 0x000000008de00000 to 0x0000000093b00000 of length 97517568.
# Possible reasons:
#   The system is out of physical RAM or swap space
#   The process is running with CompressedOops enabled, and the Java Heap may be blocking the growth of the native heap
# Possible solutions:
#   Reduce memory load on the system
#   Increase physical memory or swap space
#   Check if swap backing store is full
#   Decrease Java heap size (-Xmx/-Xms)
#   Decrease number of Java threads
#   Decrease Java thread stack sizes (-Xss)
#   Set larger code cache with -XX:ReservedCodeCacheSize=
#   JVM is running with Unscaled Compressed Oops mode in which the Java heap is
#     placed in the first 4GB address space. The Java Heap base address is the
#     maximum limit for the native heap growth. Please use -XX:HeapBaseMinAddress
#     to set the Java Heap base and to place the Java Heap above 4GB virtual address.
# This output file may be truncated or incomplete.
#
#  Out of Memory Error (./src/hotspot/os/windows/os_windows.cpp:3303), pid=12836, tid=17760
#
# JRE version: OpenJDK Runtime Environment (11.0.8+10) (build 11.0.8+10-b944.6842174)
# Java VM: OpenJDK 64-Bit Server VM (11.0.8+10-b944.6842174, mixed mode, tiered, compressed oops, g1 gc, windows-amd64)
# No core dump will be written. Minidumps are not enabled by default on client versions of Windows
#

---------------  S U M M A R Y ------------

Command Line: --add-opens=java.base/java.util=ALL-UNNAMED --add-opens=java.base/java.lang=ALL-UNNAMED --add-opens=java.base/java.lang.invoke=ALL-UNNAMED --add-opens=java.prefs/java.util.prefs=ALL-UNNAMED -Xmx2048m -Dfile.encoding=UTF-8 -Duser.country=IN -Duser.language=en -Duser.variant org.gradle.launcher.daemon.bootstrap.GradleDaemon 6.5

Host: Intel(R) Core(TM) i5-2400 CPU @ 3.10GHz, 4 cores, 7G,  Windows 10 , 64 bit Build 19041 (10.0.19041.1023)
Time: Mon Jun 28 17:37:30 2021 India Standard Time elapsed time: 40 seconds (0d 0h 0m 40s)

---------------  T H R E A D  ---------------

Current thread (0x000002a0ad83b000):  VMThread "VM Thread" [stack: 0x000000c645700000,0x000000c645800000] [id=17760]

Stack: [0x000000c645700000,0x000000c645800000]
[error occurred during error reporting (printing stack bounds), id 0xc0000005, EXCEPTION_ACCESS_VIOLATION (0xc0000005) at pc=0x000002a097750dad]

Native frames: (J=compiled Java code, j=interpreted, Vv=VM code, C=native code)
V  [jvm.dll+0x5de50a]
V  [jvm.dll+0x7122f5]
V  [jvm.dll+0x71384d]
V  [jvm.dll+0x713e65]
V  [jvm.dll+0x713e1b]
V  [jvm.dll+0x5dd958]
V  [jvm.dll+0x5de0f8]
C  [ntdll.dll+0xa217f]
C  [ntdll.dll+0x51454]
C  [ntdll.dll+0xa0cae]
C  0x000002a097750dad

VM_Operation (0x000000c64d7f6bb0): G1CollectForAllocation, mode: safepoint, requested by thread 0x000002a0b08ad800


---------------  P R O C E S S  ---------------

Threads class SMR info:
_java_thread_list=0x000002a0b44d5380, length=141, elements={
0x000002a093dcb000, 0x000002a0ad840000, 0x000002a0ad841800, 0x000002a0ad84b800,
0x000002a0ae1d3800, 0x000002a0ad858000, 0x000002a0ad85f000, 0x000002a0ad877000,
0x000002a0ae323000, 0x000002a0ae339000, 0x000002a0afbbf800, 0x000002a0aef4b000,
0x000002a0af742800, 0x000002a0af2da800, 0x000002a0af3b6000, 0x000002a0af882800,
0x000002a0afa15000, 0x000002a0af8e1800, 0x000002a0af736000, 0x000002a0af683800,
0x000002a0afc7c000, 0x000002a0afc7f800, 0x000002a0afc80000, 0x000002a0afc82800,
0x000002a0afc7e800, 0x000002a0afc81000, 0x000002a0afc82000, 0x000002a0afc7d000,
0x000002a0afc7d800, 0x000002a0b3ae9000, 0x000002a0b3aeb800, 0x000002a0b3aee000,
0x000002a0b3aef000, 0x000002a0b3aef800, 0x000002a0b3aea000, 0x000002a0b3aea800,
0x000002a0b3aec800, 0x000002a0b3af0800, 0x000002a0b3aed000, 0x000002a0b3af5800,
0x000002a0b3af7000, 0x000002a0b3af4800, 0x000002a0b3af6000, 0x000002a0b3af3000,
0x000002a0b3af2000, 0x000002a0b3af1800, 0x000002a0b3af3800, 0x000002a0aeb23800,
0x000002a0aeb27800, 0x000002a0aeb26800, 0x000002a0aeb29000, 0x000002a0aeb2a000,
0x000002a0aeb24000, 0x000002a0aeb2a800, 0x000002a0aeb28800, 0x000002a0aeb25000,
0x000002a0aeb2b800, 0x000002a0aeb26000, 0x000002a0aeb32000, 0x000002a0aeb2d000,
0x000002a0aeb2f000, 0x000002a0aeb2c800, 0x000002a0aeb2e000, 0x000002a0aeb2f800,
0x000002a0aeb30800, 0x000002a0aeb31000, 0x000002a0b3352800, 0x000002a0b334d800,
0x000002a0b3351800, 0x000002a0b334e800, 0x000002a0b3353800, 0x000002a0b3354000,
0x000002a0b3355000, 0x000002a0b334f800, 0x000002a0b3356000, 0x000002a0b3350000,
0x000002a0b3351000, 0x000002a0b3356800, 0x000002a0b335a800, 0x000002a0b3359000,
0x000002a0b3357800, 0x000002a0b335a000, 0x000002a0b335b800, 0x000002a0b335c800,
0x000002a0b3358000, 0x000002a0b0127000, 0x000002a0b012d800, 0x000002a0b012b800,
0x000002a0b012c800, 0x000002a0b0127800, 0x000002a0b0128800, 0x000002a0b012e000,
0x000002a0b012b000, 0x000002a0b012f000, 0x000002a0b012a000, 0x000002a0b0129000,
0x000002a0b0134000, 0x000002a0b0133000, 0x000002a0b0132000, 0x000002a0b0134800,
0x000002a0b0131800, 0x000002a0b0135800, 0x000002a0b0130000, 0x000002a0b0130800,
0x000002a0b08a1800, 0x000002a0b08a4000, 0x000002a0b08a0800, 0x000002a0b08a2000,
0x000002a0b08a3000, 0x000002a0b08a4800, 0x000002a0b08a5800, 0x000002a0b089f800,
0x000002a0b08a7000, 0x000002a0b08a9800, 0x000002a0b08aa800, 0x000002a0b08a8000,
0x000002a0b08a8800, 0x000002a0b08ab000, 0x000002a0b08ac000, 0x000002a0b08a6800,
0x000002a0b08ad000, 0x000002a0b08ad800, 0x000002a0b08ae800, 0x000002a0b7f00000,
0x000002a0b7efd800, 0x000002a0b7f00800, 0x000002a0b7efe000, 0x000002a0b7eff000,
0x000002a0b7efb000, 0x000002a0b7f01800, 0x000002a0b7efc800, 0x000002a0b7efb800,
0x000002a0b7f08000, 0x000002a0b7f03000, 0x000002a0b7f02000, 0x000002a0b7f04000,
0x000002a0b7f05800, 0x000002a0b7f04800, 0x000002a0b7f06800, 0x000002a0b7f09800,
0x000002a0b58db800
}

Java Threads: ( => current thread )
  0x000002a093dcb000 JavaThread "main" [_thread_blocked, id=8056, stack(0x000000c645100000,0x000000c645200000)]
  0x000002a0ad840000 JavaThread "Reference Handler" daemon [_thread_blocked, id=5796, stack(0x000000c645800000,0x000000c645900000)]
  0x000002a0ad841800 JavaThread "Finalizer" daemon [_thread_blocked, id=19264, stack(0x000000c645900000,0x000000c645a00000)]
  0x000002a0ad84b800 JavaThread "Signal Dispatcher" daemon [_thread_blocked, id=25380, stack(0x000000c645a00000,0x000000c645b00000)]
  0x000002a0ae1d3800 JavaThread "Attach Listener" daemon [_thread_blocked, id=20116, stack(0x000000c645b00000,0x000000c645c00000)]
  0x000002a0ad858000 JavaThread "C2 CompilerThread0" daemon [_thread_in_native, id=12432, stack(0x000000c645c00000,0x000000c645d00000)]
  0x000002a0ad85f000 JavaThread "C1 CompilerThread0" daemon [_thread_blocked, id=10604, stack(0x000000c645d00000,0x000000c645e00000)]
  0x000002a0ad877000 JavaThread "Sweeper thread" daemon [_thread_blocked, id=18308, stack(0x000000c645e00000,0x000000c645f00000)]
  0x000002a0ae323000 JavaThread "Common-Cleaner" daemon [_thread_blocked, id=21864, stack(0x000000c645f00000,0x000000c646000000)]
  0x000002a0ae339000 JavaThread "Service Thread" daemon [_thread_blocked, id=22032, stack(0x000000c646000000,0x000000c646100000)]
  0x000002a0afbbf800 JavaThread "Daemon health stats" [_thread_blocked, id=24736, stack(0x000000c646500000,0x000000c646600000)]
  0x000002a0aef4b000 JavaThread "Incoming local TCP Connector on port 54908" [_thread_in_native, id=24672, stack(0x000000c646700000,0x000000c646800000)]
  0x000002a0af742800 JavaThread "Daemon periodic checks" [_thread_blocked, id=3176, stack(0x000000c646800000,0x000000c646900000)]
  0x000002a0af2da800 JavaThread "Daemon" [_thread_blocked, id=19732, stack(0x000000c646900000,0x000000c646a00000)]
  0x000002a0af3b6000 JavaThread "Handler for socket connection from /127.0.0.1:54908 to /127.0.0.1:54909" [_thread_in_native, id=20716, stack(0x000000c646a00000,0x000000c646b00000)]
  0x000002a0af882800 JavaThread "Cancel handler" [_thread_blocked, id=19520, stack(0x000000c646b00000,0x000000c646c00000)]
  0x000002a0afa15000 JavaThread "Daemon worker" [_thread_blocked, id=15748, stack(0x000000c646c00000,0x000000c646d00000)]
  0x000002a0af8e1800 JavaThread "Asynchronous log dispatcher for DefaultDaemonConnection: socket connection from /127.0.0.1:54908 to /127.0.0.1:54909" [_thread_blocked, id=12076, stack(0x000000c646d00000,0x000000c646e00000)]
  0x000002a0af736000 JavaThread "Stdin handler" [_thread_blocked, id=5612, stack(0x000000c646e00000,0x000000c646f00000)]
  0x000002a0af683800 JavaThread "Thread-8" [_thread_blocked, id=21676, stack(0x000000c646f00000,0x000000c647000000)]
  0x000002a0afc7c000 JavaThread "Cache worker for journal cache (C:\Users\infinity\.gradle\caches\journal-1)" [_thread_blocked, id=17628, stack(0x000000c647100000,0x000000c647200000)]
  0x000002a0afc7f800 JavaThread "File lock request listener" [_thread_in_native, id=25164, stack(0x000000c647200000,0x000000c647300000)]
  0x000002a0afc80000 JavaThread "Cache worker for file hash cache (C:\Users\infinity\.gradle\caches\6.5\fileHashes)" [_thread_blocked, id=15768, stack(0x000000c647300000,0x000000c647400000)]
  0x000002a0afc82800 JavaThread "Cache worker for file hash cache (D:\monginisssss\.gradle\6.5\fileHashes)" [_thread_blocked, id=9428, stack(0x000000c647500000,0x000000c647600000)]
  0x000002a0afc7e800 JavaThread "Cache worker for checksums cache (D:\monginisssss\.gradle\checksums)" [_thread_blocked, id=21248, stack(0x000000c647600000,0x000000c647700000)]
  0x000002a0afc81000 JavaThread "Cache worker for cache directory md-supplier (C:\Users\infinity\.gradle\caches\6.5\md-supplier)" [_thread_blocked, id=17728, stack(0x000000c647700000,0x000000c647800000)]
  0x000002a0afc82000 JavaThread "Cache worker for cache directory md-rule (C:\Users\infinity\.gradle\caches\6.5\md-rule)" [_thread_blocked, id=19888, stack(0x000000c647800000,0x000000c647900000)]
  0x000002a0afc7d000 JavaThread "Cache worker for execution history cache (C:\Users\infinity\.gradle\caches\6.5\executionHistory)" [_thread_blocked, id=20576, stack(0x000000c647900000,0x000000c647a00000)]
  0x000002a0afc7d800 JavaThread "jar transforms" [_thread_blocked, id=17776, stack(0x000000c647a00000,0x000000c647b00000)]
  0x000002a0b3ae9000 JavaThread "Cache worker for file content cache (C:\Users\infinity\.gradle\caches\6.5\fileContent)" [_thread_blocked, id=16340, stack(0x000000c647b00000,0x000000c647c00000)]
  0x000002a0b3aeb800 JavaThread "Build operations" [_thread_blocked, id=23584, stack(0x000000c647c00000,0x000000c647d00000)]
  0x000002a0b3aee000 JavaThread "Build operations Thread 2" [_thread_blocked, id=15912, stack(0x000000c647d00000,0x000000c647e00000)]
  0x000002a0b3aef000 JavaThread "Build operations Thread 3" [_thread_blocked, id=13364, stack(0x000000c647e00000,0x000000c647f00000)]
  0x000002a0b3aef800 JavaThread "Build operations Thread 4" [_thread_blocked, id=8824, stack(0x000000c647f00000,0x000000c648000000)]
  0x000002a0b3aea000 JavaThread "jar transforms Thread 2" [_thread_blocked, id=1240, stack(0x000000c648000000,0x000000c648100000)]
  0x000002a0b3aea800 JavaThread "jar transforms Thread 3" [_thread_blocked, id=7624, stack(0x000000c648100000,0x000000c648200000)]
  0x000002a0b3aec800 JavaThread "jar transforms Thread 4" [_thread_blocked, id=21824, stack(0x000000c648200000,0x000000c648300000)]
  0x000002a0b3af0800 JavaThread "jar transforms Thread 5" [_thread_blocked, id=2628, stack(0x000000c648300000,0x000000c648400000)]
  0x000002a0b3aed000 JavaThread "jar transforms Thread 6" [_thread_blocked, id=18532, stack(0x000000c648400000,0x000000c648500000)]
  0x000002a0b3af5800 JavaThread "jar transforms Thread 7" [_thread_blocked, id=9820, stack(0x000000c648500000,0x000000c648600000)]
  0x000002a0b3af7000 JavaThread "jar transforms Thread 8" [_thread_blocked, id=17460, stack(0x000000c648600000,0x000000c648700000)]
  0x000002a0b3af4800 JavaThread "jar transforms Thread 9" [_thread_blocked, id=25016, stack(0x000000c648700000,0x000000c648800000)]
  0x000002a0b3af6000 JavaThread "jar transforms Thread 10" [_thread_blocked, id=25460, stack(0x000000c648800000,0x000000c648900000)]
  0x000002a0b3af3000 JavaThread "jar transforms Thread 11" [_thread_blocked, id=18164, stack(0x000000c648900000,0x000000c648a00000)]
  0x000002a0b3af2000 JavaThread "jar transforms Thread 12" [_thread_blocked, id=5476, stack(0x000000c648a00000,0x000000c648b00000)]
  0x000002a0b3af1800 JavaThread "jar transforms Thread 13" [_thread_blocked, id=25500, stack(0x000000c648b00000,0x000000c648c00000)]
  0x000002a0b3af3800 JavaThread "jar transforms Thread 14" [_thread_blocked, id=23248, stack(0x000000c648c00000,0x000000c648d00000)]
  0x000002a0aeb23800 JavaThread "jar transforms Thread 15" [_thread_blocked, id=7964, stack(0x000000c648d00000,0x000000c648e00000)]
  0x000002a0aeb27800 JavaThread "jar transforms Thread 16" [_thread_blocked, id=19212, stack(0x000000c648e00000,0x000000c648f00000)]
  0x000002a0aeb26800 JavaThread "jar transforms Thread 17" [_thread_blocked, id=4296, stack(0x000000c648f00000,0x000000c649000000)]
  0x000002a0aeb29000 JavaThread "jar transforms Thread 18" [_thread_blocked, id=9116, stack(0x000000c649000000,0x000000c649100000)]
  0x000002a0aeb2a000 JavaThread "jar transforms Thread 19" [_thread_blocked, id=3552, stack(0x000000c649100000,0x000000c649200000)]
  0x000002a0aeb24000 JavaThread "jar transforms Thread 20" [_thread_blocked, id=5256, stack(0x000000c649200000,0x000000c649300000)]
  0x000002a0aeb2a800 JavaThread "jar transforms Thread 21" [_thread_blocked, id=24132, stack(0x000000c649300000,0x000000c649400000)]
  0x000002a0aeb28800 JavaThread "jar transforms Thread 22" [_thread_blocked, id=23236, stack(0x000000c649400000,0x000000c649500000)]
  0x000002a0aeb25000 JavaThread "jar transforms Thread 23" [_thread_blocked, id=744, stack(0x000000c649500000,0x000000c649600000)]
  0x000002a0aeb2b800 JavaThread "jar transforms Thread 24" [_thread_blocked, id=18128, stack(0x000000c649600000,0x000000c649700000)]
  0x000002a0aeb26000 JavaThread "jar transforms Thread 25" [_thread_blocked, id=19032, stack(0x000000c649700000,0x000000c649800000)]
  0x000002a0aeb32000 JavaThread "jar transforms Thread 26" [_thread_blocked, id=19964, stack(0x000000c649800000,0x000000c649900000)]
  0x000002a0aeb2d000 JavaThread "jar transforms Thread 27" [_thread_blocked, id=18680, stack(0x000000c649900000,0x000000c649a00000)]
  0x000002a0aeb2f000 JavaThread "jar transforms Thread 28" [_thread_blocked, id=21672, stack(0x000000c649a00000,0x000000c649b00000)]
  0x000002a0aeb2c800 JavaThread "jar transforms Thread 29" [_thread_blocked, id=24668, stack(0x000000c649b00000,0x000000c649c00000)]
  0x000002a0aeb2e000 JavaThread "jar transforms Thread 30" [_thread_blocked, id=4876, stack(0x000000c649c00000,0x000000c649d00000)]
  0x000002a0aeb2f800 JavaThread "jar transforms Thread 31" [_thread_blocked, id=18504, stack(0x000000c649d00000,0x000000c649e00000)]
  0x000002a0aeb30800 JavaThread "jar transforms Thread 32" [_thread_blocked, id=14740, stack(0x000000c649e00000,0x000000c649f00000)]
  0x000002a0aeb31000 JavaThread "jar transforms Thread 33" [_thread_blocked, id=13876, stack(0x000000c649f00000,0x000000c64a000000)]
  0x000002a0b3352800 JavaThread "jar transforms Thread 34" [_thread_blocked, id=17648, stack(0x000000c64a000000,0x000000c64a100000)]
  0x000002a0b334d800 JavaThread "jar transforms Thread 35" [_thread_blocked, id=10756, stack(0x000000c64a100000,0x000000c64a200000)]
  0x000002a0b3351800 JavaThread "jar transforms Thread 36" [_thread_blocked, id=17356, stack(0x000000c64a200000,0x000000c64a300000)]
  0x000002a0b334e800 JavaThread "jar transforms Thread 37" [_thread_blocked, id=18576, stack(0x000000c64a300000,0x000000c64a400000)]
  0x000002a0b3353800 JavaThread "jar transforms Thread 38" [_thread_blocked, id=14672, stack(0x000000c64a400000,0x000000c64a500000)]
  0x000002a0b3354000 JavaThread "jar transforms Thread 39" [_thread_blocked, id=14632, stack(0x000000c64a500000,0x000000c64a600000)]
  0x000002a0b3355000 JavaThread "jar transforms Thread 40" [_thread_blocked, id=10628, stack(0x000000c64a600000,0x000000c64a700000)]
  0x000002a0b334f800 JavaThread "jar transforms Thread 41" [_thread_blocked, id=11408, stack(0x000000c64a700000,0x000000c64a800000)]
  0x000002a0b3356000 JavaThread "jar transforms Thread 42" [_thread_blocked, id=19216, stack(0x000000c64a800000,0x000000c64a900000)]
  0x000002a0b3350000 JavaThread "jar transforms Thread 43" [_thread_blocked, id=15800, stack(0x000000c64a900000,0x000000c64aa00000)]
  0x000002a0b3351000 JavaThread "jar transforms Thread 44" [_thread_blocked, id=17756, stack(0x000000c64aa00000,0x000000c64ab00000)]
  0x000002a0b3356800 JavaThread "jar transforms Thread 45" [_thread_blocked, id=11620, stack(0x000000c64ab00000,0x000000c64ac00000)]
  0x000002a0b335a800 JavaThread "jar transforms Thread 46" [_thread_blocked, id=23092, stack(0x000000c64ac00000,0x000000c64ad00000)]
  0x000002a0b3359000 JavaThread "jar transforms Thread 47" [_thread_blocked, id=20860, stack(0x000000c64ad00000,0x000000c64ae00000)]
  0x000002a0b3357800 JavaThread "jar transforms Thread 48" [_thread_blocked, id=25364, stack(0x000000c64ae00000,0x000000c64af00000)]
  0x000002a0b335a000 JavaThread "jar transforms Thread 49" [_thread_blocked, id=10744, stack(0x000000c64af00000,0x000000c64b000000)]
  0x000002a0b335b800 JavaThread "jar transforms Thread 50" [_thread_blocked, id=22464, stack(0x000000c64b000000,0x000000c64b100000)]
  0x000002a0b335c800 JavaThread "jar transforms Thread 51" [_thread_blocked, id=10128, stack(0x000000c64b100000,0x000000c64b200000)]
  0x000002a0b3358000 JavaThread "jar transforms Thread 52" [_thread_blocked, id=15964, stack(0x000000c64b200000,0x000000c64b300000)]
  0x000002a0b0127000 JavaThread "jar transforms Thread 53" [_thread_blocked, id=23988, stack(0x000000c64b300000,0x000000c64b400000)]
  0x000002a0b012d800 JavaThread "jar transforms Thread 54" [_thread_blocked, id=17332, stack(0x000000c64b400000,0x000000c64b500000)]
  0x000002a0b012b800 JavaThread "jar transforms Thread 55" [_thread_blocked, id=22072, stack(0x000000c64b500000,0x000000c64b600000)]
  0x000002a0b012c800 JavaThread "jar transforms Thread 56" [_thread_blocked, id=18640, stack(0x000000c64b600000,0x000000c64b700000)]
  0x000002a0b0127800 JavaThread "jar transforms Thread 57" [_thread_blocked, id=20620, stack(0x000000c64b700000,0x000000c64b800000)]
  0x000002a0b0128800 JavaThread "jar transforms Thread 58" [_thread_blocked, id=14280, stack(0x000000c64b800000,0x000000c64b900000)]
  0x000002a0b012e000 JavaThread "jar transforms Thread 59" [_thread_blocked, id=16420, stack(0x000000c64b900000,0x000000c64ba00000)]
  0x000002a0b012b000 JavaThread "jar transforms Thread 60" [_thread_blocked, id=22232, stack(0x000000c64ba00000,0x000000c64bb00000)]
  0x000002a0b012f000 JavaThread "jar transforms Thread 61" [_thread_blocked, id=22028, stack(0x000000c64bb00000,0x000000c64bc00000)]
  0x000002a0b012a000 JavaThread "jar transforms Thread 62" [_thread_blocked, id=10824, stack(0x000000c64bc00000,0x000000c64bd00000)]
  0x000002a0b0129000 JavaThread "jar transforms Thread 63" [_thread_blocked, id=24976, stack(0x000000c64bd00000,0x000000c64be00000)]
  0x000002a0b0134000 JavaThread "jar transforms Thread 64" [_thread_blocked, id=15200, stack(0x000000c64be00000,0x000000c64bf00000)]
  0x000002a0b0133000 JavaThread "jar transforms Thread 65" [_thread_blocked, id=8336, stack(0x000000c64bf00000,0x000000c64c000000)]
  0x000002a0b0132000 JavaThread "jar transforms Thread 66" [_thread_blocked, id=19488, stack(0x000000c64c000000,0x000000c64c100000)]
  0x000002a0b0134800 JavaThread "jar transforms Thread 67" [_thread_blocked, id=21368, stack(0x000000c64c100000,0x000000c64c200000)]
  0x000002a0b0131800 JavaThread "jar transforms Thread 68" [_thread_blocked, id=6452, stack(0x000000c64c200000,0x000000c64c300000)]
  0x000002a0b0135800 JavaThread "jar transforms Thread 69" [_thread_blocked, id=8288, stack(0x000000c64c300000,0x000000c64c400000)]
  0x000002a0b0130000 JavaThread "jar transforms Thread 70" [_thread_blocked, id=21876, stack(0x000000c64c400000,0x000000c64c500000)]
  0x000002a0b0130800 JavaThread "jar transforms Thread 71" [_thread_blocked, id=18876, stack(0x000000c64c500000,0x000000c64c600000)]
  0x000002a0b08a1800 JavaThread "jar transforms Thread 72" [_thread_blocked, id=9984, stack(0x000000c64c600000,0x000000c64c700000)]
  0x000002a0b08a4000 JavaThread "jar transforms Thread 73" [_thread_blocked, id=21408, stack(0x000000c64c700000,0x000000c64c800000)]
  0x000002a0b08a0800 JavaThread "jar transforms Thread 74" [_thread_blocked, id=24700, stack(0x000000c64c800000,0x000000c64c900000)]
  0x000002a0b08a2000 JavaThread "jar transforms Thread 75" [_thread_blocked, id=17900, stack(0x000000c64c900000,0x000000c64ca00000)]
  0x000002a0b08a3000 JavaThread "jar transforms Thread 76" [_thread_blocked, id=11920, stack(0x000000c64ca00000,0x000000c64cb00000)]
  0x000002a0b08a4800 JavaThread "jar transforms Thread 77" [_thread_blocked, id=11160, stack(0x000000c64cb00000,0x000000c64cc00000)]
  0x000002a0b08a5800 JavaThread "jar transforms Thread 78" [_thread_blocked, id=23628, stack(0x000000c64cc00000,0x000000c64cd00000)]
  0x000002a0b089f800 JavaThread "jar transforms Thread 79" [_thread_blocked, id=23056, stack(0x000000c64cd00000,0x000000c64ce00000)]
  0x000002a0b08a7000 JavaThread "jar transforms Thread 80" [_thread_blocked, id=15592, stack(0x000000c64ce00000,0x000000c64cf00000)]
  0x000002a0b08a9800 JavaThread "jar transforms Thread 81" [_thread_blocked, id=22536, stack(0x000000c64cf00000,0x000000c64d000000)]
  0x000002a0b08aa800 JavaThread "jar transforms Thread 82" [_thread_blocked, id=16824, stack(0x000000c64d000000,0x000000c64d100000)]
  0x000002a0b08a8000 JavaThread "jar transforms Thread 83" [_thread_blocked, id=10344, stack(0x000000c64d100000,0x000000c64d200000)]
  0x000002a0b08a8800 JavaThread "jar transforms Thread 84" [_thread_blocked, id=24204, stack(0x000000c64d200000,0x000000c64d300000)]
  0x000002a0b08ab000 JavaThread "jar transforms Thread 85" [_thread_blocked, id=20084, stack(0x000000c64d300000,0x000000c64d400000)]
  0x000002a0b08ac000 JavaThread "Cache worker for Build Output Cleanup Cache (D:\monginisssss\.gradle\buildOutputCleanup)" [_thread_blocked, id=6604, stack(0x000000c64d400000,0x000000c64d500000)]
  0x000002a0b08a6800 JavaThread "Memory manager" [_thread_blocked, id=15752, stack(0x000000c64d500000,0x000000c64d600000)]
  0x000002a0b08ad000 JavaThread "Cache worker for file content cache (D:\monginisssss\.gradle\6.5\fileContent)" [_thread_blocked, id=22184, stack(0x000000c64d600000,0x000000c64d700000)]
  0x000002a0b08ad800 JavaThread "Execution worker for ':'" [_thread_blocked, id=248, stack(0x000000c64d700000,0x000000c64d800000)]
  0x000002a0b08ae800 JavaThread "Execution worker for ':' Thread 2" [_thread_blocked, id=22308, stack(0x000000c64d800000,0x000000c64d900000)]
  0x000002a0b7f00000 JavaThread "Execution worker for ':' Thread 3" [_thread_blocked, id=17564, stack(0x000000c64d900000,0x000000c64da00000)]
  0x000002a0b7efd800 JavaThread "Cache worker for execution history cache (D:\monginisssss\.gradle\6.5\executionHistory)" [_thread_blocked, id=19312, stack(0x000000c64da00000,0x000000c64db00000)]
  0x000002a0b7f00800 JavaThread "WorkerExecutor Queue" [_thread_blocked, id=25048, stack(0x000000c64db00000,0x000000c64dc00000)]
  0x000002a0b7efe000 JavaThread "WorkerExecutor Queue Thread 2" [_thread_blocked, id=23376, stack(0x000000c64dc00000,0x000000c64dd00000)]
  0x000002a0b7eff000 JavaThread "WorkerExecutor Queue Thread 3" [_thread_blocked, id=13504, stack(0x000000c64dd00000,0x000000c64de00000)]
  0x000002a0b7efb000 JavaThread "WorkerExecutor Queue Thread 4" [_thread_blocked, id=2336, stack(0x000000c64de00000,0x000000c64df00000)]
  0x000002a0b7f01800 JavaThread "pool-2-thread-1" [_thread_blocked, id=15712, stack(0x000000c64df00000,0x000000c64e000000)]
  0x000002a0b7efc800 JavaThread "stderr" [_thread_in_native, id=21848, stack(0x000000c64e000000,0x000000c64e100000)]
  0x000002a0b7efb800 JavaThread "stdout" [_thread_in_native, id=644, stack(0x000000c64e100000,0x000000c64e200000)]
  0x000002a0b7f08000 JavaThread "stderr" [_thread_in_native, id=20440, stack(0x000000c64e200000,0x000000c64e300000)]
  0x000002a0b7f03000 JavaThread "stdout" [_thread_in_native, id=21460, stack(0x000000c64e300000,0x000000c64e400000)]
  0x000002a0b7f02000 JavaThread "stderr" [_thread_in_native, id=16104, stack(0x000000c64e400000,0x000000c64e500000)]
  0x000002a0b7f04000 JavaThread "stdout" [_thread_in_native, id=21584, stack(0x000000c64e500000,0x000000c64e600000)]
  0x000002a0b7f05800 JavaThread "stderr" [_thread_in_native, id=20936, stack(0x000000c64e600000,0x000000c64e700000)]
  0x000002a0b7f04800 JavaThread "stdout" [_thread_in_native, id=3948, stack(0x000000c64e700000,0x000000c64e800000)]
  0x000002a0b7f06800 JavaThread "Cache worker for Java compile cache (C:\Users\infinity\.gradle\caches\6.5\javaCompile)" [_thread_blocked, id=5864, stack(0x000000c64e800000,0x000000c64e900000)]
  0x000002a0b7f09800 JavaThread "Cache worker for Java compile cache (D:\monginisssss\.gradle\6.5\javaCompile)" [_thread_blocked, id=23676, stack(0x000000c64e900000,0x000000c64ea00000)]
  0x000002a0b58db800 JavaThread "C2 CompilerThread1" daemon [_thread_blocked, id=22192, stack(0x000000c647400000,0x000000c647500000)]

Other Threads:
=>0x000002a0ad83b000 VMThread "VM Thread" [stack: 0x000000c645700000,0x000000c645800000] [id=17760]
  0x000002a0ae33a000 WatcherThread [stack: 0x000000c646100000,0x000000c646200000] [id=18288]
  0x000002a093de4800 GCTaskThread "GC Thread#0" [stack: 0x000000c645200000,0x000000c645300000] [id=25144]
  0x000002a0aef2d000 GCTaskThread "GC Thread#1" [stack: 0x000000c646300000,0x000000c646400000] [id=14052]
  0x000002a0aef07000 GCTaskThread "GC Thread#2" [stack: 0x000000c646400000,0x000000c646500000] [id=24912]
  0x000002a0afa1a000 GCTaskThread "GC Thread#3" [stack: 0x000000c647000000,0x000000c647100000] [id=18208]
  0x000002a093e14800 ConcurrentGCThread "G1 Main Marker" [stack: 0x000000c645300000,0x000000c645400000] [id=20532]
  0x000002a093e16000 ConcurrentGCThread "G1 Conc#0" [stack: 0x000000c645400000,0x000000c645500000] [id=10720]
  0x000002a093eac800 ConcurrentGCThread "G1 Refine#0" [stack: 0x000000c645500000,0x000000c645600000] [id=12856]
  0x000002a093ead800 ConcurrentGCThread "G1 Young RemSet Sampling" [stack: 0x000000c645600000,0x000000c645700000] [id=19424]

Threads with active compile tasks:
C2 CompilerThread0  40588 14559       4       com.sun.tools.javac.jvm.ClassReader::sigToType (880 bytes)
C2 CompilerThread1  40588 14618       4       com.sun.tools.javac.comp.Resolve::findGlobalType (111 bytes)

VM state:at safepoint (normal execution)

VM Mutex/Monitor currently owned by a thread:  ([mutex/lock_event])
[0x000002a093dca6e0] Threads_lock - owner thread: 0x000002a0ad83b000
[0x000002a093dc9570] Heap_lock - owner thread: 0x000002a0b08ad800

Heap address: 0x0000000080000000, size: 2048 MB, Compressed Oops mode: 32-bit
Narrow klass base: 0x0000000000000000, Narrow klass shift: 3
Compressed class space size: 1073741824 Address: 0x0000000100000000

Heap:
 garbage-first heap   total 322560K, used 172032K [0x0000000080000000, 0x0000000100000000)
  region size 1024K, 3 young (3072K), 3 survivors (3072K)
 Metaspace       used 89682K, capacity 92081K, committed 92140K, reserved 1130496K
  class space    used 11129K, capacity 11996K, committed 12032K, reserved 1048576K
Heap Regions: E=young(eden), S=young(survivor), O=old, HS=humongous(starts), HC=humongous(continues), CS=collection set, F=free, A=archive, TAMS=top-at-mark-start (previous, next)
|   0|0x0000000080000000, 0x0000000080100000, 0x0000000080100000|100%| O|  |TAMS 0x0000000080100000, 0x0000000080100000| Untracked 
|   1|0x0000000080100000, 0x0000000080200000, 0x0000000080200000|100%| O|  |TAMS 0x0000000080200000, 0x0000000080200000| Untracked 
|   2|0x0000000080200000, 0x0000000080300000, 0x0000000080300000|100%| O|  |TAMS 0x0000000080300000, 0x0000000080300000| Untracked 
|   3|0x0000000080300000, 0x0000000080400000, 0x0000000080400000|100%|HS|  |TAMS 0x0000000080400000, 0x0000000080400000| Complete 
|   4|0x0000000080400000, 0x0000000080500000, 0x0000000080500000|100%|HC|  |TAMS 0x0000000080500000, 0x0000000080500000| Complete 
|   5|0x0000000080500000, 0x0000000080600000, 0x0000000080600000|100%|HC|  |TAMS 0x0000000080600000, 0x0000000080600000| Complete 
|   6|0x0000000080600000, 0x0000000080700000, 0x0000000080700000|100%| O|  |TAMS 0x0000000080700000, 0x0000000080700000| Untracked 
|   7|0x0000000080700000, 0x0000000080800000, 0x0000000080800000|100%| O|  |TAMS 0x0000000080800000, 0x0000000080800000| Untracked 
|   8|0x0000000080800000, 0x0000000080900000, 0x0000000080900000|100%| O|  |TAMS 0x0000000080900000, 0x0000000080900000| Untracked 
|   9|0x0000000080900000, 0x0000000080a00000, 0x0000000080a00000|100%| O|  |TAMS 0x0000000080a00000, 0x0000000080a00000| Untracked 
|  10|0x0000000080a00000, 0x0000000080b00000, 0x0000000080b00000|100%| O|  |TAMS 0x0000000080b00000, 0x0000000080b00000| Untracked 
|  11|0x0000000080b00000, 0x0000000080c00000, 0x0000000080c00000|100%| O|  |TAMS 0x0000000080c00000, 0x0000000080c00000| Untracked 
|  12|0x0000000080c00000, 0x0000000080d00000, 0x0000000080d00000|100%| O|  |TAMS 0x0000000080d00000, 0x0000000080d00000| Untracked 
|  13|0x0000000080d00000, 0x0000000080e00000, 0x0000000080e00000|100%| O|  |TAMS 0x0000000080e00000, 0x0000000080e00000| Untracked 
|  14|0x0000000080e00000, 0x0000000080f00000, 0x0000000080f00000|100%| O|  |TAMS 0x0000000080f00000, 0x0000000080f00000| Untracked 
|  15|0x0000000080f00000, 0x0000000081000000, 0x0000000081000000|100%| O|  |TAMS 0x0000000081000000, 0x0000000081000000| Untracked 
|  16|0x0000000081000000, 0x0000000081100000, 0x0000000081100000|100%|HS|  |TAMS 0x0000000081100000, 0x0000000081100000| Complete 
|  17|0x0000000081100000, 0x0000000081200000, 0x0000000081200000|100%|HC|  |TAMS 0x0000000081200000, 0x0000000081200000| Complete 
|  18|0x0000000081200000, 0x0000000081300000, 0x0000000081300000|100%| O|  |TAMS 0x0000000081300000, 0x0000000081300000| Untracked 
|  19|0x0000000081300000, 0x0000000081400000, 0x0000000081400000|100%| O|  |TAMS 0x0000000081400000, 0x0000000081400000| Untracked 
|  20|0x0000000081400000, 0x0000000081500000, 0x0000000081500000|100%| O|  |TAMS 0x0000000081500000, 0x0000000081500000| Untracked 
|  21|0x0000000081500000, 0x0000000081600000, 0x0000000081600000|100%| O|  |TAMS 0x0000000081600000, 0x0000000081600000| Untracked 
|  22|0x0000000081600000, 0x0000000081700000, 0x0000000081700000|100%| O|  |TAMS 0x0000000081700000, 0x0000000081700000| Untracked 
|  23|0x0000000081700000, 0x0000000081800000, 0x0000000081800000|100%| O|  |TAMS 0x0000000081800000, 0x0000000081800000| Untracked 
|  24|0x0000000081800000, 0x0000000081900000, 0x0000000081900000|100%| O|  |TAMS 0x0000000081900000, 0x0000000081900000| Untracked 
|  25|0x0000000081900000, 0x0000000081a00000, 0x0000000081a00000|100%| O|  |TAMS 0x0000000081a00000, 0x0000000081a00000| Untracked 
|  26|0x0000000081a00000, 0x0000000081b00000, 0x0000000081b00000|100%| O|  |TAMS 0x0000000081b00000, 0x0000000081b00000| Untracked 
|  27|0x0000000081b00000, 0x0000000081c00000, 0x0000000081c00000|100%| O|  |TAMS 0x0000000081c00000, 0x0000000081c00000| Untracked 
|  28|0x0000000081c00000, 0x0000000081d00000, 0x0000000081d00000|100%| O|  |TAMS 0x0000000081d00000, 0x0000000081d00000| Untracked 
|  29|0x0000000081d00000, 0x0000000081e00000, 0x0000000081e00000|100%| O|  |TAMS 0x0000000081e00000, 0x0000000081e00000| Untracked 
|  30|0x0000000081e00000, 0x0000000081f00000, 0x0000000081f00000|100%| O|  |TAMS 0x0000000081f00000, 0x0000000081f00000| Untracked 
|  31|0x0000000081f00000, 0x0000000082000000, 0x0000000082000000|100%| O|  |TAMS 0x0000000082000000, 0x0000000082000000| Untracked 
|  32|0x0000000082000000, 0x0000000082100000, 0x0000000082100000|100%| O|  |TAMS 0x0000000082100000, 0x0000000082100000| Untracked 
|  33|0x0000000082100000, 0x0000000082200000, 0x0000000082200000|100%| O|  |TAMS 0x0000000082200000, 0x0000000082200000| Untracked 
|  34|0x0000000082200000, 0x0000000082300000, 0x0000000082300000|100%| O|  |TAMS 0x0000000082300000, 0x0000000082300000| Untracked 
|  35|0x0000000082300000, 0x0000000082400000, 0x0000000082400000|100%| O|  |TAMS 0x0000000082400000, 0x0000000082400000| Untracked 
|  36|0x0000000082400000, 0x0000000082500000, 0x0000000082500000|100%| O|  |TAMS 0x0000000082500000, 0x0000000082500000| Untracked 
|  37|0x0000000082500000, 0x0000000082600000, 0x0000000082600000|100%| O|  |TAMS 0x0000000082600000, 0x0000000082600000| Untracked 
|  38|0x0000000082600000, 0x0000000082700000, 0x0000000082700000|100%| O|  |TAMS 0x0000000082700000, 0x0000000082700000| Untracked 
|  39|0x0000000082700000, 0x0000000082800000, 0x0000000082800000|100%| O|  |TAMS 0x0000000082800000, 0x0000000082800000| Untracked 
|  40|0x0000000082800000, 0x0000000082900000, 0x0000000082900000|100%| O|  |TAMS 0x0000000082900000, 0x0000000082900000| Untracked 
|  41|0x0000000082900000, 0x0000000082a00000, 0x0000000082a00000|100%| O|  |TAMS 0x0000000082a00000, 0x0000000082a00000| Untracked 
|  42|0x0000000082a00000, 0x0000000082b00000, 0x0000000082b00000|100%| O|  |TAMS 0x0000000082b00000, 0x0000000082b00000| Untracked 
|  43|0x0000000082b00000, 0x0000000082c00000, 0x0000000082c00000|100%| O|  |TAMS 0x0000000082c00000, 0x0000000082c00000| Untracked 
|  44|0x0000000082c00000, 0x0000000082d00000, 0x0000000082d00000|100%| O|  |TAMS 0x0000000082d00000, 0x0000000082d00000| Untracked 
|  45|0x0000000082d00000, 0x0000000082e00000, 0x0000000082e00000|100%| O|  |TAMS 0x0000000082e00000, 0x0000000082e00000| Untracked 
|  46|0x0000000082e00000, 0x0000000082f00000, 0x0000000082f00000|100%| O|  |TAMS 0x0000000082f00000, 0x0000000082f00000| Untracked 
|  47|0x0000000082f00000, 0x0000000083000000, 0x0000000083000000|100%| O|  |TAMS 0x0000000083000000, 0x0000000083000000| Untracked 
|  48|0x0000000083000000, 0x0000000083100000, 0x0000000083100000|100%| O|  |TAMS 0x0000000083100000, 0x0000000083100000| Untracked 
|  49|0x0000000083100000, 0x0000000083200000, 0x0000000083200000|100%| O|  |TAMS 0x0000000083200000, 0x0000000083200000| Untracked 
|  50|0x0000000083200000, 0x0000000083300000, 0x0000000083300000|100%| O|  |TAMS 0x0000000083300000, 0x0000000083300000| Untracked 
|  51|0x0000000083300000, 0x0000000083400000, 0x0000000083400000|100%| O|  |TAMS 0x0000000083400000, 0x0000000083400000| Untracked 
|  52|0x0000000083400000, 0x0000000083500000, 0x0000000083500000|100%| O|  |TAMS 0x0000000083500000, 0x0000000083500000| Untracked 
|  53|0x0000000083500000, 0x0000000083600000, 0x0000000083600000|100%| O|  |TAMS 0x0000000083600000, 0x0000000083600000| Untracked 
|  54|0x0000000083600000, 0x0000000083700000, 0x0000000083700000|100%| O|  |TAMS 0x0000000083700000, 0x0000000083700000| Untracked 
|  55|0x0000000083700000, 0x0000000083800000, 0x0000000083800000|100%| O|  |TAMS 0x0000000083800000, 0x0000000083800000| Untracked 
|  56|0x0000000083800000, 0x0000000083900000, 0x0000000083900000|100%| O|  |TAMS 0x0000000083900000, 0x0000000083900000| Untracked 
|  57|0x0000000083900000, 0x0000000083a00000, 0x0000000083a00000|100%| O|  |TAMS 0x0000000083a00000, 0x0000000083a00000| Untracked 
|  58|0x0000000083a00000, 0x0000000083b00000, 0x0000000083b00000|100%| O|  |TAMS 0x0000000083b00000, 0x0000000083b00000| Untracked 
|  59|0x0000000083b00000, 0x0000000083c00000, 0x0000000083c00000|100%| O|  |TAMS 0x0000000083c00000, 0x0000000083c00000| Untracked 
|  60|0x0000000083c00000, 0x0000000083d00000, 0x0000000083d00000|100%| O|  |TAMS 0x0000000083d00000, 0x0000000083d00000| Untracked 
|  61|0x0000000083d00000, 0x0000000083e00000, 0x0000000083e00000|100%| O|  |TAMS 0x0000000083e00000, 0x0000000083e00000| Untracked 
|  62|0x0000000083e00000, 0x0000000083f00000, 0x0000000083f00000|100%| O|  |TAMS 0x0000000083f00000, 0x0000000083f00000| Untracked 
|  63|0x0000000083f00000, 0x0000000084000000, 0x0000000084000000|100%| O|  |TAMS 0x0000000084000000, 0x0000000084000000| Untracked 
|  64|0x0000000084000000, 0x0000000084100000, 0x0000000084100000|100%| O|  |TAMS 0x0000000084100000, 0x0000000084100000| Untracked 
|  65|0x0000000084100000, 0x0000000084200000, 0x0000000084200000|100%|HS|  |TAMS 0x0000000084200000, 0x0000000084200000| Complete 
|  66|0x0000000084200000, 0x0000000084300000, 0x0000000084300000|100%| O|  |TAMS 0x0000000084300000, 0x0000000084300000| Untracked 
|  67|0x0000000084300000, 0x0000000084400000, 0x0000000084400000|100%| O|  |TAMS 0x0000000084400000, 0x0000000084400000| Untracked 
|  68|0x0000000084400000, 0x0000000084500000, 0x0000000084500000|100%| O|  |TAMS 0x0000000084500000, 0x0000000084500000| Untracked 
|  69|0x0000000084500000, 0x0000000084600000, 0x0000000084600000|100%| O|  |TAMS 0x0000000084600000, 0x0000000084600000| Untracked 
|  70|0x0000000084600000, 0x0000000084700000, 0x0000000084700000|100%| O|  |TAMS 0x0000000084700000, 0x0000000084700000| Untracked 
|  71|0x0000000084700000, 0x0000000084800000, 0x0000000084800000|100%| O|  |TAMS 0x0000000084800000, 0x0000000084800000| Untracked 
|  72|0x0000000084800000, 0x0000000084900000, 0x0000000084900000|100%| O|  |TAMS 0x0000000084900000, 0x0000000084900000| Untracked 
|  73|0x0000000084900000, 0x0000000084a00000, 0x0000000084a00000|100%| O|  |TAMS 0x0000000084a00000, 0x0000000084a00000| Untracked 
|  74|0x0000000084a00000, 0x0000000084b00000, 0x0000000084b00000|100%| O|  |TAMS 0x0000000084b00000, 0x0000000084b00000| Untracked 
|  75|0x0000000084b00000, 0x0000000084c00000, 0x0000000084c00000|100%| O|  |TAMS 0x0000000084c00000, 0x0000000084c00000| Untracked 
|  76|0x0000000084c00000, 0x0000000084d00000, 0x0000000084d00000|100%| O|  |TAMS 0x0000000084d00000, 0x0000000084d00000| Untracked 
|  77|0x0000000084d00000, 0x0000000084e00000, 0x0000000084e00000|100%| O|  |TAMS 0x0000000084e00000, 0x0000000084e00000| Untracked 
|  78|0x0000000084e00000, 0x0000000084f00000, 0x0000000084f00000|100%| O|  |TAMS 0x0000000084f00000, 0x0000000084f00000| Untracked 
|  79|0x0000000084f00000, 0x0000000085000000, 0x0000000085000000|100%| O|  |TAMS 0x0000000085000000, 0x0000000085000000| Untracked 
|  80|0x0000000085000000, 0x0000000085100000, 0x0000000085100000|100%| O|  |TAMS 0x0000000085100000, 0x0000000085100000| Untracked 
|  81|0x0000000085100000, 0x0000000085200000, 0x0000000085200000|100%| O|  |TAMS 0x0000000085200000, 0x0000000085200000| Untracked 
|  82|0x0000000085200000, 0x0000000085300000, 0x0000000085300000|100%| O|  |TAMS 0x0000000085300000, 0x0000000085300000| Untracked 
|  83|0x0000000085300000, 0x0000000085400000, 0x0000000085400000|100%| O|  |TAMS 0x0000000085400000, 0x0000000085400000| Untracked 
|  84|0x0000000085400000, 0x0000000085500000, 0x0000000085500000|100%| O|  |TAMS 0x0000000085500000, 0x0000000085500000| Untracked 
|  85|0x0000000085500000, 0x0000000085600000, 0x0000000085600000|100%| O|  |TAMS 0x0000000085600000, 0x0000000085600000| Untracked 
|  86|0x0000000085600000, 0x0000000085700000, 0x0000000085700000|100%| O|  |TAMS 0x0000000085700000, 0x0000000085700000| Untracked 
|  87|0x0000000085700000, 0x0000000085800000, 0x0000000085800000|100%| O|  |TAMS 0x0000000085800000, 0x0000000085800000| Untracked 
|  88|0x0000000085800000, 0x0000000085900000, 0x0000000085900000|100%| O|  |TAMS 0x0000000085900000, 0x0000000085900000| Untracked 
|  89|0x0000000085900000, 0x0000000085a00000, 0x0000000085a00000|100%| O|  |TAMS 0x0000000085a00000, 0x0000000085a00000| Untracked 
|  90|0x0000000085a00000, 0x0000000085b00000, 0x0000000085b00000|100%| O|  |TAMS 0x0000000085b00000, 0x0000000085b00000| Untracked 
|  91|0x0000000085b00000, 0x0000000085c00000, 0x0000000085c00000|100%| O|  |TAMS 0x0000000085c00000, 0x0000000085c00000| Untracked 
|  92|0x0000000085c00000, 0x0000000085d00000, 0x0000000085d00000|100%|HS|  |TAMS 0x0000000085d00000, 0x0000000085d00000| Complete 
|  93|0x0000000085d00000, 0x0000000085e00000, 0x0000000085e00000|100%| O|  |TAMS 0x0000000085e00000, 0x0000000085e00000| Untracked 
|  94|0x0000000085e00000, 0x0000000085f00000, 0x0000000085f00000|100%| O|  |TAMS 0x0000000085f00000, 0x0000000085f00000| Untracked 
|  95|0x0000000085f00000, 0x0000000086000000, 0x0000000086000000|100%| O|  |TAMS 0x0000000086000000, 0x0000000086000000| Untracked 
|  96|0x0000000086000000, 0x0000000086100000, 0x0000000086100000|100%|HS|  |TAMS 0x0000000086100000, 0x0000000086100000| Complete 
|  97|0x0000000086100000, 0x0000000086200000, 0x0000000086200000|100%|HC|  |TAMS 0x0000000086200000, 0x0000000086200000| Complete 
|  98|0x0000000086200000, 0x0000000086300000, 0x0000000086300000|100%|HS|  |TAMS 0x0000000086300000, 0x0000000086300000| Complete 
|  99|0x0000000086300000, 0x0000000086400000, 0x0000000086400000|100%|HC|  |TAMS 0x0000000086400000, 0x0000000086400000| Complete 
| 100|0x0000000086400000, 0x0000000086500000, 0x0000000086500000|100%|HC|  |TAMS 0x0000000086500000, 0x0000000086500000| Complete 
| 101|0x0000000086500000, 0x0000000086600000, 0x0000000086600000|100%|HC|  |TAMS 0x0000000086600000, 0x0000000086600000| Complete 
| 102|0x0000000086600000, 0x0000000086700000, 0x0000000086700000|100%| O|  |TAMS 0x0000000086700000, 0x0000000086700000| Untracked 
| 103|0x0000000086700000, 0x0000000086800000, 0x0000000086800000|100%| O|  |TAMS 0x0000000086800000, 0x0000000086800000| Untracked 
| 104|0x0000000086800000, 0x0000000086900000, 0x0000000086900000|100%| O|  |TAMS 0x0000000086900000, 0x0000000086900000| Untracked 
| 105|0x0000000086900000, 0x0000000086a00000, 0x0000000086a00000|100%| O|  |TAMS 0x0000000086a00000, 0x0000000086a00000| Untracked 
| 106|0x0000000086a00000, 0x0000000086b00000, 0x0000000086b00000|100%| O|  |TAMS 0x0000000086b00000, 0x0000000086b00000| Untracked 
| 107|0x0000000086b00000, 0x0000000086c00000, 0x0000000086c00000|100%| O|  |TAMS 0x0000000086c00000, 0x0000000086c00000| Untracked 
| 108|0x0000000086c00000, 0x0000000086d00000, 0x0000000086d00000|100%| O|  |TAMS 0x0000000086d00000, 0x0000000086d00000| Untracked 
| 109|0x0000000086d00000, 0x0000000086e00000, 0x0000000086e00000|100%| O|  |TAMS 0x0000000086e00000, 0x0000000086e00000| Untracked 
| 110|0x0000000086e00000, 0x0000000086f00000, 0x0000000086f00000|100%| O|  |TAMS 0x0000000086f00000, 0x0000000086f00000| Untracked 
| 111|0x0000000086f00000, 0x0000000087000000, 0x0000000087000000|100%| O|  |TAMS 0x0000000087000000, 0x0000000087000000| Untracked 
| 112|0x0000000087000000, 0x0000000087100000, 0x0000000087100000|100%| O|  |TAMS 0x0000000087100000, 0x0000000087100000| Untracked 
| 113|0x0000000087100000, 0x0000000087200000, 0x0000000087200000|100%|HS|  |TAMS 0x0000000087200000, 0x0000000087200000| Complete 
| 114|0x0000000087200000, 0x0000000087300000, 0x0000000087300000|100%|HC|  |TAMS 0x0000000087300000, 0x0000000087300000| Complete 
| 115|0x0000000087300000, 0x0000000087400000, 0x0000000087400000|100%| O|  |TAMS 0x0000000087400000, 0x0000000087400000| Untracked 
| 116|0x0000000087400000, 0x0000000087500000, 0x0000000087500000|100%| O|  |TAMS 0x0000000087500000, 0x0000000087500000| Untracked 
| 117|0x0000000087500000, 0x0000000087600000, 0x0000000087600000|100%| O|  |TAMS 0x0000000087600000, 0x0000000087600000| Untracked 
| 118|0x0000000087600000, 0x0000000087700000, 0x0000000087700000|100%| O|  |TAMS 0x0000000087700000, 0x0000000087700000| Untracked 
| 119|0x0000000087700000, 0x0000000087800000, 0x0000000087800000|100%| O|  |TAMS 0x0000000087800000, 0x0000000087800000| Untracked 
| 120|0x0000000087800000, 0x0000000087900000, 0x0000000087900000|100%| O|  |TAMS 0x0000000087900000, 0x0000000087900000| Untracked 
| 121|0x0000000087900000, 0x0000000087a00000, 0x0000000087a00000|100%| O|  |TAMS 0x000000008792bc00, 0x0000000087a00000| Untracked 
| 122|0x0000000087a00000, 0x0000000087b00000, 0x0000000087b00000|100%| O|  |TAMS 0x0000000087a00000, 0x0000000087b00000| Untracked 
| 123|0x0000000087b00000, 0x0000000087c00000, 0x0000000087c00000|100%| O|  |TAMS 0x0000000087c00000, 0x0000000087c00000| Untracked 
| 124|0x0000000087c00000, 0x0000000087d00000, 0x0000000087d00000|100%| O|  |TAMS 0x0000000087d00000, 0x0000000087d00000| Untracked 
| 125|0x0000000087d00000, 0x0000000087e00000, 0x0000000087e00000|100%| O|  |TAMS 0x0000000087d00000, 0x0000000087e00000| Untracked 
| 126|0x0000000087e00000, 0x0000000087f00000, 0x0000000087f00000|100%| O|  |TAMS 0x0000000087e00000, 0x0000000087f00000| Untracked 
| 127|0x0000000087f00000, 0x0000000088000000, 0x0000000088000000|100%| O|  |TAMS 0x0000000087f00000, 0x0000000088000000| Untracked 
| 128|0x0000000088000000, 0x0000000088100000, 0x0000000088100000|100%| O|  |TAMS 0x0000000088000000, 0x0000000088100000| Untracked 
| 129|0x0000000088100000, 0x0000000088200000, 0x0000000088200000|100%| O|  |TAMS 0x0000000088100000, 0x0000000088200000| Untracked 
| 130|0x0000000088200000, 0x0000000088300000, 0x0000000088300000|100%| O|  |TAMS 0x0000000088200000, 0x0000000088300000| Untracked 
| 131|0x0000000088300000, 0x0000000088400000, 0x0000000088400000|100%| O|  |TAMS 0x0000000088300000, 0x0000000088400000| Untracked 
| 132|0x0000000088400000, 0x0000000088500000, 0x0000000088500000|100%| O|  |TAMS 0x0000000088400000, 0x0000000088500000| Untracked 
| 133|0x0000000088500000, 0x0000000088600000, 0x0000000088600000|100%| O|  |TAMS 0x0000000088500000, 0x0000000088600000| Untracked 
| 134|0x0000000088600000, 0x0000000088700000, 0x0000000088700000|100%| O|  |TAMS 0x0000000088600000, 0x0000000088700000| Untracked 
| 135|0x0000000088700000, 0x0000000088800000, 0x0000000088800000|100%| O|  |TAMS 0x0000000088700000, 0x0000000088800000| Untracked 
| 136|0x0000000088800000, 0x0000000088900000, 0x0000000088900000|100%| O|  |TAMS 0x0000000088800000, 0x0000000088900000| Untracked 
| 137|0x0000000088900000, 0x0000000088a00000, 0x0000000088a00000|100%| O|  |TAMS 0x0000000088900000, 0x0000000088a00000| Untracked 
| 138|0x0000000088a00000, 0x0000000088b00000, 0x0000000088b00000|100%| O|  |TAMS 0x0000000088a00000, 0x0000000088b00000| Untracked 
| 139|0x0000000088b00000, 0x0000000088c00000, 0x0000000088c00000|100%| O|  |TAMS 0x0000000088b00000, 0x0000000088c00000| Untracked 
| 140|0x0000000088c00000, 0x0000000088d00000, 0x0000000088d00000|100%| O|  |TAMS 0x0000000088c00000, 0x0000000088d00000| Untracked 
| 141|0x0000000088d00000, 0x0000000088e00000, 0x0000000088e00000|100%| O|  |TAMS 0x0000000088d00000, 0x0000000088e00000| Untracked 
| 142|0x0000000088e00000, 0x0000000088f00000, 0x0000000088f00000|100%| O|  |TAMS 0x0000000088e00000, 0x0000000088f00000| Untracked 
| 143|0x0000000088f00000, 0x0000000089000000, 0x0000000089000000|100%| O|  |TAMS 0x0000000088f00000, 0x0000000089000000| Untracked 
| 144|0x0000000089000000, 0x0000000089100000, 0x0000000089100000|100%| O|  |TAMS 0x0000000089000000, 0x0000000089100000| Untracked 
| 145|0x0000000089100000, 0x0000000089200000, 0x0000000089200000|100%| O|  |TAMS 0x0000000089100000, 0x0000000089200000| Untracked 
| 146|0x0000000089200000, 0x0000000089300000, 0x0000000089300000|100%| O|  |TAMS 0x0000000089200000, 0x0000000089300000| Untracked 
| 147|0x0000000089300000, 0x0000000089400000, 0x0000000089400000|100%| O|  |TAMS 0x0000000089300000, 0x0000000089400000| Untracked 
| 148|0x0000000089400000, 0x0000000089500000, 0x0000000089500000|100%| O|  |TAMS 0x0000000089400000, 0x0000000089500000| Untracked 
| 149|0x0000000089500000, 0x0000000089600000, 0x0000000089600000|100%| O|  |TAMS 0x0000000089500000, 0x0000000089600000| Untracked 
| 150|0x0000000089600000, 0x0000000089700000, 0x0000000089700000|100%| O|  |TAMS 0x0000000089600000, 0x0000000089700000| Untracked 
| 151|0x0000000089700000, 0x0000000089800000, 0x0000000089800000|100%| O|  |TAMS 0x0000000089700000, 0x0000000089800000| Untracked 
| 152|0x0000000089800000, 0x0000000089900000, 0x0000000089900000|100%| O|  |TAMS 0x0000000089800000, 0x0000000089900000| Untracked 
| 153|0x0000000089900000, 0x0000000089a00000, 0x0000000089a00000|100%| O|  |TAMS 0x0000000089900000, 0x0000000089a00000| Untracked 
| 154|0x0000000089a00000, 0x0000000089b00000, 0x0000000089b00000|100%| O|  |TAMS 0x0000000089a00000, 0x0000000089b00000| Untracked 
| 155|0x0000000089b00000, 0x0000000089c00000, 0x0000000089c00000|100%| O|  |TAMS 0x0000000089b00000, 0x0000000089c00000| Untracked 
| 156|0x0000000089c00000, 0x0000000089d00000, 0x0000000089d00000|100%| O|  |TAMS 0x0000000089c00000, 0x0000000089d00000| Untracked 
| 157|0x0000000089d00000, 0x0000000089e00000, 0x0000000089e00000|100%| O|  |TAMS 0x0000000089d00000, 0x0000000089e00000| Untracked 
| 158|0x0000000089e00000, 0x0000000089f00000, 0x0000000089f00000|100%| O|  |TAMS 0x0000000089e00000, 0x0000000089f00000| Untracked 
| 159|0x0000000089f00000, 0x000000008a000000, 0x000000008a000000|100%| O|  |TAMS 0x0000000089f00000, 0x000000008a000000| Untracked 
| 160|0x000000008a000000, 0x000000008a100000, 0x000000008a100000|100%| O|  |TAMS 0x000000008a000000, 0x000000008a100000| Untracked 
| 161|0x000000008a100000, 0x000000008a200000, 0x000000008a200000|100%| O|  |TAMS 0x000000008a100000, 0x000000008a200000| Untracked 
| 162|0x000000008a200000, 0x000000008a300000, 0x000000008a300000|100%| O|  |TAMS 0x000000008a200000, 0x000000008a300000| Untracked 
| 163|0x000000008a300000, 0x000000008a400000, 0x000000008a400000|100%| O|  |TAMS 0x000000008a300000, 0x000000008a400000| Untracked 
| 164|0x000000008a400000, 0x000000008a500000, 0x000000008a500000|100%| O|  |TAMS 0x000000008a400000, 0x000000008a500000| Untracked 
| 165|0x000000008a500000, 0x000000008a500000, 0x000000008a600000|  0%| F|  |TAMS 0x000000008a500000, 0x000000008a500000| Untracked 
| 166|0x000000008a600000, 0x000000008a600000, 0x000000008a700000|  0%| F|  |TAMS 0x000000008a600000, 0x000000008a600000| Untracked 
| 167|0x000000008a700000, 0x000000008a700000, 0x000000008a800000|  0%| F|  |TAMS 0x000000008a700000, 0x000000008a700000| Untracked 
| 168|0x000000008a800000, 0x000000008a800000, 0x000000008a900000|  0%| F|  |TAMS 0x000000008a800000, 0x000000008a800000| Untracked 
| 169|0x000000008a900000, 0x000000008a900000, 0x000000008aa00000|  0%| F|  |TAMS 0x000000008a900000, 0x000000008a900000| Untracked 
| 170|0x000000008aa00000, 0x000000008aa00000, 0x000000008ab00000|  0%| F|  |TAMS 0x000000008aa00000, 0x000000008aa00000| Untracked 
| 171|0x000000008ab00000, 0x000000008ab00000, 0x000000008ac00000|  0%| F|  |TAMS 0x000000008ab00000, 0x000000008ab00000| Untracked 
| 172|0x000000008ac00000, 0x000000008ac00000, 0x000000008ad00000|  0%| F|  |TAMS 0x000000008ac00000, 0x000000008ac00000| Untracked 
| 173|0x000000008ad00000, 0x000000008ad00000, 0x000000008ae00000|  0%| F|  |TAMS 0x000000008ad00000, 0x000000008ad00000| Untracked 
| 174|0x000000008ae00000, 0x000000008ae00000, 0x000000008af00000|  0%| F|  |TAMS 0x000000008ae00000, 0x000000008ae00000| Untracked 
| 175|0x000000008af00000, 0x000000008af00000, 0x000000008b000000|  0%| F|  |TAMS 0x000000008af00000, 0x000000008af00000| Untracked 
| 176|0x000000008b000000, 0x000000008b000000, 0x000000008b100000|  0%| F|  |TAMS 0x000000008b000000, 0x000000008b000000| Untracked 
| 177|0x000000008b100000, 0x000000008b100000, 0x000000008b200000|  0%| F|  |TAMS 0x000000008b100000, 0x000000008b100000| Untracked 
| 178|0x000000008b200000, 0x000000008b200000, 0x000000008b300000|  0%| F|  |TAMS 0x000000008b200000, 0x000000008b200000| Untracked 
| 179|0x000000008b300000, 0x000000008b300000, 0x000000008b400000|  0%| F|  |TAMS 0x000000008b300000, 0x000000008b300000| Untracked 
| 180|0x000000008b400000, 0x000000008b400000, 0x000000008b500000|  0%| F|  |TAMS 0x000000008b400000, 0x000000008b400000| Untracked 
| 181|0x000000008b500000, 0x000000008b500000, 0x000000008b600000|  0%| F|  |TAMS 0x000000008b500000, 0x000000008b500000| Untracked 
| 182|0x000000008b600000, 0x000000008b600000, 0x000000008b700000|  0%| F|  |TAMS 0x000000008b600000, 0x000000008b600000| Untracked 
| 183|0x000000008b700000, 0x000000008b700000, 0x000000008b800000|  0%| F|  |TAMS 0x000000008b700000, 0x000000008b700000| Untracked 
| 184|0x000000008b800000, 0x000000008b800000, 0x000000008b900000|  0%| F|  |TAMS 0x000000008b800000, 0x000000008b800000| Untracked 
| 185|0x000000008b900000, 0x000000008b900000, 0x000000008ba00000|  0%| F|  |TAMS 0x000000008b900000, 0x000000008b900000| Untracked 
| 186|0x000000008ba00000, 0x000000008ba00000, 0x000000008bb00000|  0%| F|  |TAMS 0x000000008ba00000, 0x000000008ba00000| Untracked 
| 187|0x000000008bb00000, 0x000000008bb00000, 0x000000008bc00000|  0%| F|  |TAMS 0x000000008bb00000, 0x000000008bb00000| Untracked 
| 188|0x000000008bc00000, 0x000000008bc00000, 0x000000008bd00000|  0%| F|  |TAMS 0x000000008bc00000, 0x000000008bc00000| Untracked 
| 189|0x000000008bd00000, 0x000000008bd00000, 0x000000008be00000|  0%| F|  |TAMS 0x000000008bd00000, 0x000000008bd00000| Untracked 
| 190|0x000000008be00000, 0x000000008be00000, 0x000000008bf00000|  0%| F|  |TAMS 0x000000008be00000, 0x000000008be00000| Untracked 
| 191|0x000000008bf00000, 0x000000008bf00000, 0x000000008c000000|  0%| F|  |TAMS 0x000000008bf00000, 0x000000008bf00000| Untracked 
| 192|0x000000008c000000, 0x000000008c000000, 0x000000008c100000|  0%| F|  |TAMS 0x000000008c000000, 0x000000008c000000| Untracked 
| 193|0x000000008c100000, 0x000000008c100000, 0x000000008c200000|  0%| F|  |TAMS 0x000000008c100000, 0x000000008c100000| Untracked 
| 194|0x000000008c200000, 0x000000008c200000, 0x000000008c300000|  0%| F|  |TAMS 0x000000008c200000, 0x000000008c200000| Untracked 
| 195|0x000000008c300000, 0x000000008c300000, 0x000000008c400000|  0%| F|  |TAMS 0x000000008c300000, 0x000000008c300000| Untracked 
| 196|0x000000008c400000, 0x000000008c400000, 0x000000008c500000|  0%| F|  |TAMS 0x000000008c400000, 0x000000008c400000| Untracked 
| 197|0x000000008c500000, 0x000000008c500000, 0x000000008c600000|  0%| F|  |TAMS 0x000000008c500000, 0x000000008c500000| Untracked 
| 198|0x000000008c600000, 0x000000008c600000, 0x000000008c700000|  0%| F|  |TAMS 0x000000008c600000, 0x000000008c600000| Untracked 
| 199|0x000000008c700000, 0x000000008c700000, 0x000000008c800000|  0%| F|  |TAMS 0x000000008c700000, 0x000000008c700000| Untracked 
| 200|0x000000008c800000, 0x000000008c800000, 0x000000008c900000|  0%| F|  |TAMS 0x000000008c800000, 0x000000008c800000| Untracked 
| 201|0x000000008c900000, 0x000000008ca00000, 0x000000008ca00000|100%| S|CS|TAMS 0x000000008c900000, 0x000000008c900000| Complete 
| 202|0x000000008ca00000, 0x000000008cb00000, 0x000000008cb00000|100%| S|CS|TAMS 0x000000008ca00000, 0x000000008ca00000| Complete 
| 203|0x000000008cb00000, 0x000000008cc00000, 0x000000008cc00000|100%| S|CS|TAMS 0x000000008cb00000, 0x000000008cb00000| Complete 
| 204|0x000000008cc00000, 0x000000008cc00000, 0x000000008cd00000|  0%| F|  |TAMS 0x000000008cc00000, 0x000000008cc00000| Untracked 
| 205|0x000000008cd00000, 0x000000008cd00000, 0x000000008ce00000|  0%| F|  |TAMS 0x000000008cd00000, 0x000000008cd00000| Untracked 
| 206|0x000000008ce00000, 0x000000008ce00000, 0x000000008cf00000|  0%| F|  |TAMS 0x000000008ce00000, 0x000000008ce00000| Untracked 
| 207|0x000000008cf00000, 0x000000008cf00000, 0x000000008d000000|  0%| F|  |TAMS 0x000000008cf00000, 0x000000008cf00000| Untracked 
| 208|0x000000008d000000, 0x000000008d000000, 0x000000008d100000|  0%| F|  |TAMS 0x000000008d000000, 0x000000008d000000| Untracked 
| 209|0x000000008d100000, 0x000000008d100000, 0x000000008d200000|  0%| F|  |TAMS 0x000000008d100000, 0x000000008d100000| Untracked 
| 210|0x000000008d200000, 0x000000008d200000, 0x000000008d300000|  0%| F|  |TAMS 0x000000008d200000, 0x000000008d200000| Untracked 
| 211|0x000000008d300000, 0x000000008d300000, 0x000000008d400000|  0%| F|  |TAMS 0x000000008d300000, 0x000000008d300000| Untracked 
| 212|0x000000008d400000, 0x000000008d400000, 0x000000008d500000|  0%| F|  |TAMS 0x000000008d400000, 0x000000008d400000| Untracked 
| 213|0x000000008d500000, 0x000000008d500000, 0x000000008d600000|  0%| F|  |TAMS 0x000000008d500000, 0x000000008d500000| Untracked 
| 214|0x000000008d600000, 0x000000008d600000, 0x000000008d700000|  0%| F|  |TAMS 0x000000008d600000, 0x000000008d600000| Untracked 
| 215|0x000000008d700000, 0x000000008d700000, 0x000000008d800000|  0%| F|  |TAMS 0x000000008d700000, 0x000000008d700000| Untracked 
| 216|0x000000008d800000, 0x000000008d800000, 0x000000008d900000|  0%| F|  |TAMS 0x000000008d800000, 0x000000008d800000| Untracked 
| 217|0x000000008d900000, 0x000000008d900000, 0x000000008da00000|  0%| F|  |TAMS 0x000000008d900000, 0x000000008d900000| Untracked 
| 218|0x000000008da00000, 0x000000008da00000, 0x000000008db00000|  0%| F|  |TAMS 0x000000008da00000, 0x000000008da00000| Untracked 
| 219|0x000000008db00000, 0x000000008db00000, 0x000000008dc00000|  0%| F|  |TAMS 0x000000008db00000, 0x000000008db00000| Untracked 
| 220|0x000000008dc00000, 0x000000008dc00000, 0x000000008dd00000|  0%| F|  |TAMS 0x000000008dc00000, 0x000000008dc00000| Untracked 
| 221|0x000000008dd00000, 0x000000008dd00000, 0x000000008de00000|  0%| F|  |TAMS 0x000000008dd00000, 0x000000008dd00000| Untracked 

Card table byte_map: [0x000002a0a6b50000,0x000002a0a6f50000] _byte_map_base: 0x000002a0a6750000

Marking Bits (Prev, Next): (CMBitMap*) 0x000002a093e0bcb0, (CMBitMap*) 0x000002a093e0bc78
 Prev Bits: [0x000002a0a9350000, 0x000002a0ab350000)
 Next Bits: [0x000002a0a7350000, 0x000002a0a9350000)

Polling page: 0x000002a0935b0000

Metaspace:

Usage:
  Non-class:     78.21 MB capacity,    76.71 MB ( 98%) used,     1.25 MB (  2%) free+waste,   249.00 KB ( <1%) overhead. 
      Class:     11.71 MB capacity,    10.87 MB ( 93%) used,   755.49 KB (  6%) free+waste,   111.19 KB ( <1%) overhead. 
       Both:     89.92 MB capacity,    87.58 MB ( 97%) used,     1.99 MB (  2%) free+waste,   360.19 KB ( <1%) overhead. 

Virtual space:
  Non-class space:       80.00 MB reserved,      78.23 MB ( 98%) committed 
      Class space:        1.00 GB reserved,      11.75 MB (  1%) committed 
             Both:        1.08 GB reserved,      89.98 MB (  8%) committed 

Chunk freelists:
   Non-Class:  23.00 KB
       Class:  4.00 KB
        Both:  27.00 KB

MaxMetaspaceSize: 17179869184.00 GB
CompressedClassSpaceSize: 1.00 GB

CodeHeap 'non-profiled nmethods': size=120064Kb used=9187Kb max_used=9214Kb free=110876Kb
 bounds [0x000002a09f210000, 0x000002a09fb20000, 0x000002a0a6750000]
CodeHeap 'profiled nmethods': size=120000Kb used=30153Kb max_used=30153Kb free=89846Kb
 bounds [0x000002a097ce0000, 0x000002a099a70000, 0x000002a09f210000]
CodeHeap 'non-nmethods': size=5696Kb used=2281Kb max_used=2344Kb free=3414Kb
 bounds [0x000002a097750000, 0x000002a0979c0000, 0x000002a097ce0000]
 total_blobs=14157 nmethods=13276 adapters=790
 compilation: enabled
              stopped_count=0, restarted_count=0
 full_count=0

Compilation events (20 events):
Event: 40.520 Thread 0x000002a0ad85f000 14629       3       java.util.stream.Nodes$FixedNodeBuilder::end (51 bytes)
Event: 40.521 Thread 0x000002a0ad85f000 nmethod 14629 0x000002a099a5bc10 code [0x000002a099a5bf20, 0x000002a099a5d0e8]
Event: 40.521 Thread 0x000002a0ad85f000 14630       3       java.util.stream.Nodes$FixedNodeBuilder::accept (61 bytes)
Event: 40.522 Thread 0x000002a0ad85f000 nmethod 14630 0x000002a099a5d710 code [0x000002a099a5d9e0, 0x000002a099a5e948]
Event: 40.522 Thread 0x000002a0ad85f000 14631       3       java.util.Spliterators::checkFromToBounds (74 bytes)
Event: 40.523 Thread 0x000002a0ad85f000 nmethod 14631 0x000002a099a5ee90 code [0x000002a099a5f160, 0x000002a099a5fde8]
Event: 40.523 Thread 0x000002a0ad85f000 14632       3       java.util.Spliterators::spliterator (25 bytes)
Event: 40.523 Thread 0x000002a0ad85f000 nmethod 14632 0x000002a099a60290 code [0x000002a099a60480, 0x000002a099a60898]
Event: 40.523 Thread 0x000002a0ad85f000 14633   !   3       com.sun.tools.javac.code.ClassFinder::complete (177 bytes)
Event: 40.525 Thread 0x000002a0ad85f000 nmethod 14633 0x000002a099a60a90 code [0x000002a099a60e40, 0x000002a099a62848]
Event: 40.528 Thread 0x000002a0ad85f000 14634       3       com.sun.tools.javac.comp.Annotate$$Lambda$965/0x0000000100b91040::<init> (32 bytes)
Event: 40.528 Thread 0x000002a0ad85f000 nmethod 14634 0x000002a099a63310 code [0x000002a099a634e0, 0x000002a099a63818]
Event: 40.534 Thread 0x000002a0ad85f000 14635       3       jdk.nio.zipfs.ZipFileSystem$EntryInputStream::initDataPos (94 bytes)
Event: 40.535 Thread 0x000002a0ad85f000 nmethod 14635 0x000002a099a63910 code [0x000002a099a63bc0, 0x000002a099a64868]
Event: 40.545 Thread 0x000002a0b58db800 nmethod 14616 0x000002a09f620c90 code [0x000002a09f620f80, 0x000002a09f622530]
Event: 40.545 Thread 0x000002a0b58db800 14618       4       com.sun.tools.javac.comp.Resolve::findGlobalType (111 bytes)
Event: 40.547 Thread 0x000002a0ad85f000 14636       3       com.sun.tools.javac.code.Scope$ImportScope::finalizeSingleScope (96 bytes)
Event: 40.548 Thread 0x000002a0ad85f000 nmethod 14636 0x000002a099a64e10 code [0x000002a099a65100, 0x000002a099a66488]
Event: 40.550 Thread 0x000002a0ad85f000 14637       3       com.sun.tools.javac.code.Type$ClassType::complete (8 bytes)
Event: 40.550 Thread 0x000002a0ad85f000 nmethod 14637 0x000002a098ab6e10 code [0x000002a098ab6fc0, 0x000002a098ab7188]

GC Heap History (20 events):
Event: 37.491 GC heap after
{Heap after GC invocations=37 (full 0):
 garbage-first heap   total 189440K, used 114535K [0x0000000080000000, 0x0000000100000000)
  region size 1024K, 7 young (7168K), 7 survivors (7168K)
 Metaspace       used 86673K, capacity 88960K, committed 89068K, reserved 1126400K
  class space    used 10935K, capacity 11762K, committed 11776K, reserved 1048576K
}
Event: 37.529 GC heap before
{Heap before GC invocations=37 (full 0):
 garbage-first heap   total 189440K, used 127847K [0x0000000080000000, 0x0000000100000000)
  region size 1024K, 9 young (9216K), 7 survivors (7168K)
 Metaspace       used 86673K, capacity 88960K, committed 89068K, reserved 1126400K
  class space    used 10935K, capacity 11762K, committed 11776K, reserved 1048576K
}
Event: 37.540 GC heap after
{Heap after GC invocations=38 (full 0):
 garbage-first heap   total 189440K, used 123464K [0x0000000080000000, 0x0000000100000000)
  region size 1024K, 2 young (2048K), 2 survivors (2048K)
 Metaspace       used 86673K, capacity 88960K, committed 89068K, reserved 1126400K
  class space    used 10935K, capacity 11762K, committed 11776K, reserved 1048576K
}
Event: 37.541 GC heap before
{Heap before GC invocations=38 (full 0):
 garbage-first heap   total 189440K, used 123464K [0x0000000080000000, 0x0000000100000000)
  region size 1024K, 3 young (3072K), 2 survivors (2048K)
 Metaspace       used 86673K, capacity 88960K, committed 89068K, reserved 1126400K
  class space    used 10935K, capacity 11762K, committed 11776K, reserved 1048576K
}
Event: 37.544 GC heap after
{Heap after GC invocations=39 (full 0):
 garbage-first heap   total 189440K, used 110644K [0x0000000080000000, 0x0000000100000000)
  region size 1024K, 1 young (1024K), 1 survivors (1024K)
 Metaspace       used 86673K, capacity 88960K, committed 89068K, reserved 1126400K
  class space    used 10935K, capacity 11762K, committed 11776K, reserved 1048576K
}
Event: 38.739 GC heap before
{Heap before GC invocations=40 (full 0):
 garbage-first heap   total 189440K, used 154676K [0x0000000080000000, 0x0000000100000000)
  region size 1024K, 37 young (37888K), 1 survivors (1024K)
 Metaspace       used 87250K, capacity 89634K, committed 89708K, reserved 1126400K
  class space    used 10978K, capacity 11836K, committed 11904K, reserved 1048576K
}
Event: 38.752 GC heap after
{Heap after GC invocations=41 (full 0):
 garbage-first heap   total 189440K, used 123904K [0x0000000080000000, 0x0000000100000000)
  region size 1024K, 5 young (5120K), 5 survivors (5120K)
 Metaspace       used 87250K, capacity 89634K, committed 89708K, reserved 1126400K
  class space    used 10978K, capacity 11836K, committed 11904K, reserved 1048576K
}
Event: 38.833 GC heap before
{Heap before GC invocations=41 (full 0):
 garbage-first heap   total 189440K, used 128000K [0x0000000080000000, 0x0000000100000000)
  region size 1024K, 9 young (9216K), 5 survivors (5120K)
 Metaspace       used 87260K, capacity 89634K, committed 89708K, reserved 1126400K
  class space    used 10978K, capacity 11836K, committed 11904K, reserved 1048576K
}
Event: 38.841 GC heap after
{Heap after GC invocations=42 (full 0):
 garbage-first heap   total 189440K, used 123976K [0x0000000080000000, 0x0000000100000000)
  region size 1024K, 2 young (2048K), 2 survivors (2048K)
 Metaspace       used 87260K, capacity 89634K, committed 89708K, reserved 1126400K
  class space    used 10978K, capacity 11836K, committed 11904K, reserved 1048576K
}
Event: 39.234 GC heap before
{Heap before GC invocations=42 (full 0):
 garbage-first heap   total 189440K, used 150600K [0x0000000080000000, 0x0000000100000000)
  region size 1024K, 28 young (28672K), 2 survivors (2048K)
 Metaspace       used 87913K, capacity 90335K, committed 90476K, reserved 1128448K
  class space    used 11019K, capacity 11892K, committed 11904K, reserved 1048576K
}
Event: 39.247 GC heap after
{Heap after GC invocations=43 (full 0):
 garbage-first heap   total 189440K, used 130223K [0x0000000080000000, 0x0000000100000000)
  region size 1024K, 4 young (4096K), 4 survivors (4096K)
 Metaspace       used 87913K, capacity 90335K, committed 90476K, reserved 1128448K
  class space    used 11019K, capacity 11892K, committed 11904K, reserved 1048576K
}
Event: 39.765 GC heap before
{Heap before GC invocations=44 (full 0):
 garbage-first heap   total 189440K, used 153775K [0x0000000080000000, 0x0000000100000000)
  region size 1024K, 27 young (27648K), 4 survivors (4096K)
 Metaspace       used 87983K, capacity 90401K, committed 90476K, reserved 1128448K
  class space    used 11019K, capacity 11892K, committed 11904K, reserved 1048576K
}
Event: 39.782 GC heap after
{Heap after GC invocations=45 (full 0):
 garbage-first heap   total 227328K, used 134727K [0x0000000080000000, 0x0000000100000000)
  region size 1024K, 4 young (4096K), 4 survivors (4096K)
 Metaspace       used 87983K, capacity 90401K, committed 90476K, reserved 1128448K
  class space    used 11019K, capacity 11892K, committed 11904K, reserved 1048576K
}
Event: 39.828 GC heap before
{Heap before GC invocations=45 (full 0):
 garbage-first heap   total 227328K, used 141895K [0x0000000080000000, 0x0000000100000000)
  region size 1024K, 11 young (11264K), 4 survivors (4096K)
 Metaspace       used 88002K, capacity 90466K, committed 90732K, reserved 1128448K
  class space    used 11019K, capacity 11892K, committed 11904K, reserved 1048576K
}
Event: 39.844 GC heap after
{Heap after GC invocations=46 (full 0):
 garbage-first heap   total 227328K, used 139454K [0x0000000080000000, 0x0000000100000000)
  region size 1024K, 2 young (2048K), 2 survivors (2048K)
 Metaspace       used 88002K, capacity 90466K, committed 90732K, reserved 1128448K
  class space    used 11019K, capacity 11892K, committed 11904K, reserved 1048576K
}
Event: 40.003 GC heap before
{Heap before GC invocations=46 (full 0):
 garbage-first heap   total 227328K, used 172222K [0x0000000080000000, 0x0000000100000000)
  region size 1024K, 34 young (34816K), 2 survivors (2048K)
 Metaspace       used 88069K, capacity 90535K, committed 90732K, reserved 1128448K
  class space    used 11025K, capacity 11893K, committed 11904K, reserved 1048576K
}
Event: 40.041 GC heap after
{Heap after GC invocations=47 (full 0):
 garbage-first heap   total 227328K, used 165157K [0x0000000080000000, 0x0000000100000000)
  region size 1024K, 5 young (5120K), 5 survivors (5120K)
 Metaspace       used 88069K, capacity 90535K, committed 90732K, reserved 1128448K
  class space    used 11025K, capacity 11893K, committed 11904K, reserved 1048576K
}
Event: 40.312 GC heap before
{Heap before GC invocations=47 (full 0):
 garbage-first heap   total 227328K, used 180517K [0x0000000080000000, 0x0000000100000000)
  region size 1024K, 21 young (21504K), 5 survivors (5120K)
 Metaspace       used 88914K, capacity 91271K, committed 91372K, reserved 1128448K
  class space    used 11099K, capacity 11962K, committed 12032K, reserved 1048576K
}
Event: 40.329 GC heap after
{Heap after GC invocations=48 (full 0):
 garbage-first heap   total 227328K, used 168322K [0x0000000080000000, 0x0000000100000000)
  region size 1024K, 2 young (2048K), 2 survivors (2048K)
 Metaspace       used 88914K, capacity 91271K, committed 91372K, reserved 1128448K
  class space    used 11099K, capacity 11962K, committed 12032K, reserved 1048576K
}
Event: 40.554 GC heap before
{Heap before GC invocations=48 (full 0):
 garbage-first heap   total 227328K, used 183682K [0x0000000080000000, 0x0000000100000000)
  region size 1024K, 18 young (18432K), 2 survivors (2048K)
 Metaspace       used 89682K, capacity 92081K, committed 92140K, reserved 1130496K
  class space    used 11129K, capacity 11996K, committed 12032K, reserved 1048576K
}

Deoptimization events (20 events):
Event: 40.456 Thread 0x000002a0b08ad800 Uncommon trap: trap_request=0xffffffc6 fr.pc=0x000002a09f317dc8 relative=0x0000000000000f48
Event: 40.456 Thread 0x000002a0b08ad800 Uncommon trap: reason=bimorphic_or_optimized_type_check action=maybe_recompile pc=0x000002a09f317dc8 method=com.sun.tools.javac.code.Symbol.complete()V @ 24 c2
Event: 40.456 Thread 0x000002a0b08ad800 DEOPT PACKING pc=0x000002a09f317dc8 sp=0x000000c64d7f9ca0
Event: 40.456 Thread 0x000002a0b08ad800 DEOPT UNPACKING pc=0x000002a09777742f sp=0x000000c64d7f9c98 mode 2
Event: 40.465 Thread 0x000002a0b08ad800 Uncommon trap: trap_request=0xffffffc6 fr.pc=0x000002a09f317dc8 relative=0x0000000000000f48
Event: 40.465 Thread 0x000002a0b08ad800 Uncommon trap: reason=bimorphic_or_optimized_type_check action=maybe_recompile pc=0x000002a09f317dc8 method=com.sun.tools.javac.code.Symbol.complete()V @ 24 c2
Event: 40.465 Thread 0x000002a0b08ad800 DEOPT PACKING pc=0x000002a09f317dc8 sp=0x000000c64d7f9ca0
Event: 40.465 Thread 0x000002a0b08ad800 DEOPT UNPACKING pc=0x000002a09777742f sp=0x000000c64d7f9c98 mode 2
Event: 40.465 Thread 0x000002a0b08ad800 Uncommon trap: trap_request=0xffffffc6 fr.pc=0x000002a09f317dc8 relative=0x0000000000000f48
Event: 40.465 Thread 0x000002a0b08ad800 Uncommon trap: reason=bimorphic_or_optimized_type_check action=maybe_recompile pc=0x000002a09f317dc8 method=com.sun.tools.javac.code.Symbol.complete()V @ 24 c2
Event: 40.465 Thread 0x000002a0b08ad800 DEOPT PACKING pc=0x000002a09f317dc8 sp=0x000000c64d7f9ca0
Event: 40.465 Thread 0x000002a0b08ad800 DEOPT UNPACKING pc=0x000002a09777742f sp=0x000000c64d7f9c98 mode 2
Event: 40.467 Thread 0x000002a0b08ad800 Uncommon trap: trap_request=0xffffffc6 fr.pc=0x000002a09f317dc8 relative=0x0000000000000f48
Event: 40.467 Thread 0x000002a0b08ad800 Uncommon trap: reason=bimorphic_or_optimized_type_check action=maybe_recompile pc=0x000002a09f317dc8 method=com.sun.tools.javac.code.Symbol.complete()V @ 24 c2
Event: 40.467 Thread 0x000002a0b08ad800 DEOPT PACKING pc=0x000002a09f317dc8 sp=0x000000c64d7f8b40
Event: 40.467 Thread 0x000002a0b08ad800 DEOPT UNPACKING pc=0x000002a09777742f sp=0x000000c64d7f8b38 mode 2
Event: 40.481 Thread 0x000002a0b08ad800 Uncommon trap: trap_request=0xffffff4d fr.pc=0x000002a09f38b404 relative=0x0000000000000c64
Event: 40.481 Thread 0x000002a0b08ad800 Uncommon trap: reason=unstable_if action=reinterpret pc=0x000002a09f38b404 method=com.sun.tools.javac.code.Scope$ScopeImpl.dble()V @ 39 c2
Event: 40.481 Thread 0x000002a0b08ad800 DEOPT PACKING pc=0x000002a09f38b404 sp=0x000000c64d7f90a0
Event: 40.481 Thread 0x000002a0b08ad800 DEOPT UNPACKING pc=0x000002a09777742f sp=0x000000c64d7f8ff8 mode 2

Classes redefined (0 events):
No events

Internal exceptions (20 events):
Event: 29.135 Thread 0x000002a0b7efe000 Exception <a 'java/lang/NoSuchMethodError'{0x000000008af46988}: 'java.lang.Object java.lang.invoke.DirectMethodHandle$Holder.invokeStaticInit(java.lang.Object, java.lang.Object, long, java.lang.Object)'> (0x000000008af46988) thrown at [./src/hotspot/share/interpreter/linkResolver.cpp, line 773]
Event: 29.136 Thread 0x000002a0b7efe000 Exception <a 'java/lang/NoSuchMethodError'{0x000000008af590f8}: 'java.lang.Object java.lang.invoke.DirectMethodHandle$Holder.invokeStatic(java.lang.Object, java.lang.Object, long)'> (0x000000008af590f8) thrown at [./src/hotspot/share/interpreter/linkResolver.cpp, line 773]
Event: 29.137 Thread 0x000002a0b7efe000 Exception <a 'java/lang/NoSuchMethodError'{0x000000008af5f670}: 'java.lang.Object java.lang.invoke.Invokers$Holder.linkToTargetMethod(java.lang.Object, long, java.lang.Object)'> (0x000000008af5f670) thrown at [./src/hotspot/share/interpreter/linkResolver.cpp, line 773]
Event: 31.297 Thread 0x000002a0b08ae800 Exception <a 'java/lang/NoSuchMethodError'{0x000000008a80e7c8}: <clinit>> (0x000000008a80e7c8) thrown at [./src/hotspot/share/prims/jni.cpp, line 1362]
Event: 32.762 Thread 0x000002a0b08ad800 Exception <a 'java/lang/NoSuchMethodError'{0x000000008b140ba0}: <clinit>> (0x000000008b140ba0) thrown at [./src/hotspot/share/prims/jni.cpp, line 1362]
Event: 32.766 Thread 0x000002a0b08ad800 Exception <a 'java/lang/NoSuchMethodError'{0x000000008b156608}: <clinit>> (0x000000008b156608) thrown at [./src/hotspot/share/prims/jni.cpp, line 1362]
Event: 32.768 Thread 0x000002a0b08ad800 Exception <a 'java/lang/NoSuchMethodError'{0x000000008b16c5a0}: <clinit>> (0x000000008b16c5a0) thrown at [./src/hotspot/share/prims/jni.cpp, line 1362]
Event: 32.773 Thread 0x000002a0b08ad800 Exception <a 'java/lang/NoSuchMethodError'{0x000000008b1a2270}: <clinit>> (0x000000008b1a2270) thrown at [./src/hotspot/share/prims/jni.cpp, line 1362]
Event: 32.819 Thread 0x000002a0b7efe000 Exception <a 'java/lang/NoSuchMethodError'{0x000000008af77f78}: 'int java.lang.invoke.DirectMethodHandle$Holder.invokeSpecialIFC(java.lang.Object, java.lang.Object, java.lang.Object)'> (0x000000008af77f78) thrown at [./src/hotspot/share/interpreter/linkResolver.cpp, line 773]
Event: 35.251 Thread 0x000002a0b08ad800 Exception <a 'sun/nio/fs/WindowsException'{0x000000008a06f598}> (0x000000008a06f598) thrown at [./src/hotspot/share/prims/jni.cpp, line 615]
Event: 35.251 Thread 0x000002a0b08ad800 Exception <a 'sun/nio/fs/WindowsException'{0x000000008a0701b0}> (0x000000008a0701b0) thrown at [./src/hotspot/share/prims/jni.cpp, line 615]
Event: 35.253 Thread 0x000002a0b08ad800 Exception <a 'java/lang/NoSuchMethodError'{0x000000008a0dbdb8}: 'int java.lang.invoke.DirectMethodHandle$Holder.invokeSpecial(java.lang.Object, java.lang.Object, java.lang.Object, java.lang.Object, java.lang.Object)'> (0x000000008a0dbdb8) thrown at [./src/hotspot/share/interpreter/linkResolver.cpp, line 773]
Event: 35.257 Thread 0x000002a0b08ad800 Exception <a 'sun/nio/fs/WindowsException'{0x0000000089f110e8}> (0x0000000089f110e8) thrown at [./src/hotspot/share/prims/jni.cpp, line 615]
Event: 35.257 Thread 0x000002a0b08ad800 Exception <a 'sun/nio/fs/WindowsException'{0x0000000089f11a20}> (0x0000000089f11a20) thrown at [./src/hotspot/share/prims/jni.cpp, line 615]
Event: 35.258 Thread 0x000002a0b08ad800 Exception <a 'java/lang/NoSuchMethodError'{0x0000000089f2b260}: 'void java.lang.invoke.DirectMethodHandle$Holder.invokeStatic(java.lang.Object, java.lang.Object, java.lang.Object, java.lang.Object, int, java.lang.Object)'> (0x0000000089f2b260) thrown at [./src/hotspot/share/interpreter/linkResolver.cpp, line 773]
Event: 35.871 Thread 0x000002a0b08ad800 Exception <a 'java/lang/NoSuchMethodError'{0x0000000088ecf420}: 'java.lang.Object java.lang.invoke.Invokers$Holder.linkToTargetMethod(java.lang.Object, java.lang.Object, java.lang.Object, int, int, java.lang.Object)'> (0x0000000088ecf420) thrown at [./src/hotspot/share/interpreter/linkResolver.cpp, line 773]
Event: 35.908 Thread 0x000002a0b08ad800 Exception <a 'java/lang/NoSuchMethodError'{0x0000000088b92680}: 'int java.lang.invoke.DirectMethodHandle$Holder.invokeVirtual(java.lang.Object, java.lang.Object, java.lang.Object)'> (0x0000000088b92680) thrown at [./src/hotspot/share/interpreter/linkResolver.cpp, line 773]
Event: 37.774 Thread 0x000002a0b08ad800 Exception <a 'sun/nio/fs/WindowsException'{0x000000008a69f798}> (0x000000008a69f798) thrown at [./src/hotspot/share/prims/jni.cpp, line 615]
Event: 37.774 Thread 0x000002a0b08ad800 Exception <a 'sun/nio/fs/WindowsException'{0x000000008a69f8a0}> (0x000000008a69f8a0) thrown at [./src/hotspot/share/prims/jni.cpp, line 615]
Event: 38.752 Thread 0x000002a0b08ad800 Implicit null exception at 0x000002a09fa27097 to 0x000002a09fa27bfc

Events (20 events):
Event: 40.344 loading class kotlin/collections/MapsKt__MapsJVMKt done
Event: 40.345 loading class kotlin/collections/MapsKt__MapWithDefaultKt
Event: 40.345 loading class kotlin/collections/MapsKt__MapWithDefaultKt done
Event: 40.346 loading class kotlin/collections/ArraysKt
Event: 40.346 loading class kotlin/collections/ArraysKt done
Event: 40.346 loading class kotlin/collections/ArraysKt___ArraysKt
Event: 40.346 loading class kotlin/collections/ArraysKt___ArraysKt done
Event: 40.357 loading class kotlin/collections/ArraysKt___ArraysJvmKt
Event: 40.357 loading class kotlin/collections/ArraysKt___ArraysJvmKt done
Event: 40.359 loading class kotlin/collections/ArraysKt__ArraysKt
Event: 40.359 loading class kotlin/collections/ArraysKt__ArraysKt done
Event: 40.360 loading class kotlin/collections/ArraysKt__ArraysJVMKt
Event: 40.360 loading class kotlin/collections/ArraysKt__ArraysJVMKt done
Event: 40.372 loading class org/gradle/api/internal/tasks/compile/processing/TimeTrackingProcessor$1
Event: 40.372 loading class org/gradle/api/internal/tasks/compile/processing/TimeTrackingProcessor$1 done
Event: 40.389 loading class com/sun/tools/javac/code/Symtab
Event: 40.389 loading class com/sun/tools/javac/code/Symtab done
Event: 40.490 Executing VM operation: ICBufferFull
Event: 40.490 Executing VM operation: ICBufferFull done
Event: 40.554 Executing VM operation: G1CollectForAllocation


Dynamic libraries:
0x00007ff6c17f0000 - 0x00007ff6c17fa000 	C:\Program Files\Android\Android Studio\jre\bin\java.exe
0x00007ffdbfbb0000 - 0x00007ffdbfda5000 	C:\WINDOWS\SYSTEM32\ntdll.dll
0x00007ffdbf740000 - 0x00007ffdbf7fd000 	C:\WINDOWS\System32\KERNEL32.DLL
0x00007ffdbd920000 - 0x00007ffdbdbe8000 	C:\WINDOWS\System32\KERNELBASE.dll
0x00007ffdbd500000 - 0x00007ffdbd600000 	C:\WINDOWS\System32\ucrtbase.dll
0x00007ffd998c0000 - 0x00007ffd998d7000 	C:\Program Files\Android\Android Studio\jre\bin\VCRUNTIME140.dll
0x00007ffd8b630000 - 0x00007ffd8b649000 	C:\Program Files\Android\Android Studio\jre\bin\jli.dll
0x00007ffdbe410000 - 0x00007ffdbe5b0000 	C:\WINDOWS\System32\USER32.dll
0x00007ffdbdbf0000 - 0x00007ffdbdc12000 	C:\WINDOWS\System32\win32u.dll
0x00007ffdbfa90000 - 0x00007ffdbfaba000 	C:\WINDOWS\System32\GDI32.dll
0x00007ffdbd810000 - 0x00007ffdbd91b000 	C:\WINDOWS\System32\gdi32full.dll
0x00007ffdaee00000 - 0x00007ffdaf09a000 	C:\WINDOWS\WinSxS\amd64_microsoft.windows.common-controls_6595b64144ccf1df_6.0.19041.1052_none_60b8f8fd71f5e8cb\COMCTL32.dll
0x00007ffdbd410000 - 0x00007ffdbd4ad000 	C:\WINDOWS\System32\msvcp_win.dll
0x00007ffdbf870000 - 0x00007ffdbf90e000 	C:\WINDOWS\System32\msvcrt.dll
0x00007ffdbe060000 - 0x00007ffdbe090000 	C:\WINDOWS\System32\IMM32.DLL
0x00007ffd7d510000 - 0x00007ffd7d5ad000 	C:\Program Files\Android\Android Studio\jre\bin\msvcp140.dll
0x00007ffd87e70000 - 0x00007ffd8892c000 	C:\Program Files\Android\Android Studio\jre\bin\server\jvm.dll
0x00007ffdbfac0000 - 0x00007ffdbfb6c000 	C:\WINDOWS\System32\ADVAPI32.dll
0x00007ffdbe6e0000 - 0x00007ffdbe77b000 	C:\WINDOWS\System32\sechost.dll
0x00007ffdbe2e0000 - 0x00007ffdbe40b000 	C:\WINDOWS\System32\RPCRT4.dll
0x00007ffdbf910000 - 0x00007ffdbf918000 	C:\WINDOWS\System32\PSAPI.DLL
0x00007ffdac460000 - 0x00007ffdac469000 	C:\WINDOWS\SYSTEM32\WSOCK32.dll
0x00007ffdb1eb0000 - 0x00007ffdb1ed7000 	C:\WINDOWS\SYSTEM32\WINMM.dll
0x00007ffdbf800000 - 0x00007ffdbf86b000 	C:\WINDOWS\System32\WS2_32.dll
0x00007ffdb3de0000 - 0x00007ffdb3dea000 	C:\WINDOWS\SYSTEM32\VERSION.dll
0x00007ffdbb260000 - 0x00007ffdbb272000 	C:\WINDOWS\SYSTEM32\kernel.appcore.dll
0x00007ffd968f0000 - 0x00007ffd96901000 	C:\Program Files\Android\Android Studio\jre\bin\verify.dll
0x00007ffdaba90000 - 0x00007ffdabc74000 	C:\WINDOWS\SYSTEM32\DBGHELP.DLL
0x00007ffdabd80000 - 0x00007ffdabdac000 	C:\WINDOWS\SYSTEM32\dbgcore.DLL
0x00007ffdbd350000 - 0x00007ffdbd3d3000 	C:\WINDOWS\System32\bcryptPrimitives.dll
0x00007ffd93ff0000 - 0x00007ffd94019000 	C:\Program Files\Android\Android Studio\jre\bin\java.dll
0x00007ffdab9c0000 - 0x00007ffdab9cb000 	C:\Program Files\Android\Android Studio\jre\bin\jimage.dll
0x00007ffd93da0000 - 0x00007ffd93db8000 	C:\Program Files\Android\Android Studio\jre\bin\zip.dll
0x00007ffdbe7a0000 - 0x00007ffdbeedf000 	C:\WINDOWS\System32\SHELL32.dll
0x00007ffdbb460000 - 0x00007ffdbbbf0000 	C:\WINDOWS\SYSTEM32\windows.storage.dll
0x00007ffdbdd00000 - 0x00007ffdbe055000 	C:\WINDOWS\System32\combase.dll
0x00007ffdbcc90000 - 0x00007ffdbccbc000 	C:\WINDOWS\SYSTEM32\Wldp.dll
0x00007ffdbf690000 - 0x00007ffdbf73e000 	C:\WINDOWS\System32\SHCORE.dll
0x00007ffdbf090000 - 0x00007ffdbf0e5000 	C:\WINDOWS\System32\shlwapi.dll
0x00007ffdbd230000 - 0x00007ffdbd24f000 	C:\WINDOWS\SYSTEM32\profapi.dll
0x00007ffd92e70000 - 0x00007ffd92e8a000 	C:\Program Files\Android\Android Studio\jre\bin\net.dll
0x00007ffdb7d10000 - 0x00007ffdb7e1b000 	C:\WINDOWS\SYSTEM32\WINHTTP.dll
0x00007ffdbca00000 - 0x00007ffdbca6a000 	C:\WINDOWS\system32\mswsock.dll
0x00007ffd92330000 - 0x00007ffd92344000 	C:\Program Files\Android\Android Studio\jre\bin\nio.dll
0x00007ffda5f10000 - 0x00007ffda5f37000 	C:\Users\infinity\.gradle\native\f6784746aeab05261644944871eae4fe03e0ef1612fff0a4a95f87b438bc6780\windows-amd64\native-platform.dll
0x00007ffda7880000 - 0x00007ffda788a000 	C:\Program Files\Android\Android Studio\jre\bin\management.dll
0x00007ffda7320000 - 0x00007ffda732c000 	C:\Program Files\Android\Android Studio\jre\bin\management_ext.dll
0x00007ffdbcbe0000 - 0x00007ffdbcbf8000 	C:\WINDOWS\SYSTEM32\CRYPTSP.dll
0x00007ffdbc3a0000 - 0x00007ffdbc3d4000 	C:\WINDOWS\system32\rsaenh.dll
0x00007ffdbd3e0000 - 0x00007ffdbd407000 	C:\WINDOWS\System32\bcrypt.dll
0x00007ffdbd1b0000 - 0x00007ffdbd1de000 	C:\WINDOWS\SYSTEM32\USERENV.dll
0x00007ffdbcbd0000 - 0x00007ffdbcbdc000 	C:\WINDOWS\SYSTEM32\CRYPTBASE.dll
0x00007ffdbc6f0000 - 0x00007ffdbc72b000 	C:\WINDOWS\SYSTEM32\IPHLPAPI.DLL
0x00007ffdbe6d0000 - 0x00007ffdbe6d8000 	C:\WINDOWS\System32\NSI.dll
0x00007ffdb6e80000 - 0x00007ffdb6e97000 	C:\WINDOWS\SYSTEM32\dhcpcsvc6.DLL
0x00007ffdb6e40000 - 0x00007ffdb6e5d000 	C:\WINDOWS\SYSTEM32\dhcpcsvc.DLL
0x00007ffdbc730000 - 0x00007ffdbc7fc000 	C:\WINDOWS\SYSTEM32\DNSAPI.dll
0x00007ffdb72a0000 - 0x00007ffdb72ab000 	C:\WINDOWS\SYSTEM32\WINNSI.DLL

dbghelp: loaded successfully - version: 4.0.5 - missing functions: none
symbol engine: initialized successfully - sym options: 0x614 - pdb path: .;C:\Program Files\Android\Android Studio\jre\bin;C:\WINDOWS\SYSTEM32;C:\WINDOWS\WinSxS\amd64_microsoft.windows.common-controls_6595b64144ccf1df_6.0.19041.1052_none_60b8f8fd71f5e8cb;C:\Program Files\Android\Android Studio\jre\bin\server;C:\Users\infinity\.gradle\native\f6784746aeab05261644944871eae4fe03e0ef1612fff0a4a95f87b438bc6780\windows-amd64

VM Arguments:
jvm_args: --add-opens=java.base/java.util=ALL-UNNAMED --add-opens=java.base/java.lang=ALL-UNNAMED --add-opens=java.base/java.lang.invoke=ALL-UNNAMED --add-opens=java.prefs/java.util.prefs=ALL-UNNAMED -Xmx2048m -Dfile.encoding=UTF-8 -Duser.country=IN -Duser.language=en -Duser.variant 
java_command: org.gradle.launcher.daemon.bootstrap.GradleDaemon 6.5
java_class_path (initial): C:\Users\infinity\.gradle\wrapper\dists\gradle-6.5-bin\6nifqtx7604sqp1q6g8wikw7p\gradle-6.5\lib\gradle-launcher-6.5.jar
Launcher Type: SUN_STANDARD

[Global flags]
     intx CICompilerCount                          = 3                                         {product} {ergonomic}
     uint ConcGCThreads                            = 1                                         {product} {ergonomic}
     uint G1ConcRefinementThreads                  = 4                                         {product} {ergonomic}
   size_t G1HeapRegionSize                         = 1048576                                   {product} {ergonomic}
    uintx GCDrainStackTargetSize                   = 64                                        {product} {ergonomic}
   size_t InitialHeapSize                          = 134217728                                 {product} {ergonomic}
   size_t MarkStackSize                            = 4194304                                   {product} {ergonomic}
   size_t MaxHeapSize                              = 2147483648                                {product} {command line}
   size_t MaxNewSize                               = 1287651328                                {product} {ergonomic}
   size_t MinHeapDeltaBytes                        = 1048576                                   {product} {ergonomic}
    uintx NonNMethodCodeHeapSize                   = 5830732                                {pd product} {ergonomic}
    uintx NonProfiledCodeHeapSize                  = 122913754                              {pd product} {ergonomic}
    uintx ProfiledCodeHeapSize                     = 122913754                              {pd product} {ergonomic}
    uintx ReservedCodeCacheSize                    = 251658240                              {pd product} {ergonomic}
     bool SegmentedCodeCache                       = true                                      {product} {ergonomic}
     bool UseCompressedClassPointers               = true                                 {lp64_product} {ergonomic}
     bool UseCompressedOops                        = true                                 {lp64_product} {ergonomic}
     bool UseG1GC                                  = true                                      {product} {ergonomic}
     bool UseLargePagesIndividualAllocation        = false                                  {pd product} {ergonomic}

Logging:
Log output configuration:
 #0: stdout all=warning uptime,level,tags
 #1: stderr all=off uptime,level,tags

Environment Variables:
JAVA_HOME=C:\Program Files\Java\jdk1.8.0_211
CLASSPATH=.;
PATH=C:\Windows\system32;C:\Windows;C:\Windows\System32\Wbem;C:\Windows\System32\WindowsPowerShell\v1.0\;C:\Windows\System32\OpenSSH\;C:\Program Files\Git\cmd;C:\Users\infinity\AppData\Local\Microsoft\WindowsApps;C:\adb;C:\ProgramData\chocolatey\bin;C:\Program Files\nodejs\;C:\Program Files\Java\jdk1.8.0_211\bin;C:\Program Files\Microsoft SQL Server\Client SDK\ODBC\170\Tools\Binn\;C:\Program Files\Azure Data Studio\bin;C:\Program Files (x86)\Microsoft SQL Server\150\Tools\Binn\;C:\Program Files\Microsoft SQL Server\150\Tools\Binn\;C:\Program Files\Microsoft SQL Server\150\DTS\Binn\;%SystemRoot%\system32;%SystemRoot%;%SystemRoot%\System32\Wbem;%SYSTEMROOT%\System32\WindowsPowerShell\v1.0\;%SYSTEMROOT%\System32\OpenSSH\;C:\Users\infinity\AppData\Local\Microsoft\WindowsApps;C:\Users\infinity\AppData\Roaming\npm;C:\Users\infinity\Downloads\flutter_windows_1.22.6-stable\flutter\bin;C:\Program Files\Azure Data Studio\bin;;C:\Users\infinity\AppData\Local\Programs\Microsoft VS Code\bin
USERNAME=infinity
OS=Windows_NT
PROCESSOR_IDENTIFIER=Intel64 Family 6 Model 42 Stepping 7, GenuineIntel



---------------  S Y S T E M  ---------------

OS: Windows 10 , 64 bit Build 19041 (10.0.19041.1023)
OS uptime: 5 days 3:10 hours

CPU:total 4 (initial active 4) (4 cores per cpu, 1 threads per core) family 6 model 42 stepping 7, cmov, cx8, fxsr, mmx, sse, sse2, sse3, ssse3, sse4.1, sse4.2, popcnt, avx, aes, clmul, tsc, tscinvbit

Memory: 4k page, system-wide physical 8064M (776M free)
TotalPageFile size 14765M (AvailPageFile size 14M)
current process WorkingSet (physical memory assigned to process): 516M, peak: 518M
current process commit charge ("private bytes"): 544M, peak: 637M

vm_info: OpenJDK 64-Bit Server VM (11.0.8+10-b944.6842174) for windows-amd64 JRE (11.0.8+10-b944.6842174), built on Sep 19 2020 01:11:42 by "builder" with MS VC++ 14.0 (VS2015)

END.
