#
# There is insufficient memory for the Java Runtime Environment to continue.
# Native memory allocation (malloc) failed to allocate 943856 bytes for Chunk::new
# Possible reasons:
#   The system is out of physical RAM or swap space
#   The process is running with CompressedOops enabled, and the Java Heap may be blocking the growth of the native heap
# Possible solutions:
#   Reduce memory load on the system
#   Increase physical memory or swap space
#   Check if swap backing store is full
#   Decrease Java heap size (-Xmx/-Xms)
#   Decrease number of Java threads
#   Decrease Java thread stack sizes (-Xss)
#   Set larger code cache with -XX:ReservedCodeCacheSize=
#   JVM is running with Unscaled Compressed Oops mode in which the Java heap is
#     placed in the first 4GB address space. The Java Heap base address is the
#     maximum limit for the native heap growth. Please use -XX:HeapBaseMinAddress
#     to set the Java Heap base and to place the Java Heap above 4GB virtual address.
# This output file may be truncated or incomplete.
#
#  Out of Memory Error (./src/hotspot/share/memory/arena.cpp:197), pid=696, tid=24320
#
# JRE version: OpenJDK Runtime Environment (11.0.8+10) (build 11.0.8+10-b944.6842174)
# Java VM: OpenJDK 64-Bit Server VM (11.0.8+10-b944.6842174, mixed mode, tiered, compressed oops, g1 gc, windows-amd64)
# No core dump will be written. Minidumps are not enabled by default on client versions of Windows
#

---------------  S U M M A R Y ------------

Command Line: --add-opens=java.base/java.util=ALL-UNNAMED --add-opens=java.base/java.lang=ALL-UNNAMED --add-opens=java.base/java.lang.invoke=ALL-UNNAMED --add-opens=java.prefs/java.util.prefs=ALL-UNNAMED -Xmx2048m -Dfile.encoding=UTF-8 -Duser.country=IN -Duser.language=en -Duser.variant org.gradle.launcher.daemon.bootstrap.GradleDaemon 6.5

Host: Intel(R) Core(TM) i5-2400 CPU @ 3.10GHz, 4 cores, 7G,  Windows 10 , 64 bit Build 19041 (10.0.19041.1023)
Time: Mon Jun 28 17:28:24 2021 India Standard Time elapsed time: 7110 seconds (0d 1h 58m 30s)

---------------  T H R E A D  ---------------

Current thread (0x000002632e5aa000):  JavaThread "C2 CompilerThread0" daemon [_thread_in_native, id=24320, stack(0x000000b966e00000,0x000000b966f00000)]


Current CompileTask:
C2:7110853 16708       4       java.lang.String::replace (149 bytes)

Stack: [0x000000b966e00000,0x000000b966f00000]
Native frames: (J=compiled Java code, j=interpreted, Vv=VM code, C=native code)
V  [jvm.dll+0x5de50a]
V  [jvm.dll+0x7122f5]
V  [jvm.dll+0x71384d]
V  [jvm.dll+0x713f03]
V  [jvm.dll+0x23e728]
V  [jvm.dll+0xb899c]
V  [jvm.dll+0xb8e9c]
V  [jvm.dll+0x35020b]
V  [jvm.dll+0x31dea3]
V  [jvm.dll+0x31d39a]
V  [jvm.dll+0x1f7702]
V  [jvm.dll+0x1f68d4]
V  [jvm.dll+0x17f32c]
V  [jvm.dll+0x205047]
V  [jvm.dll+0x203891]
V  [jvm.dll+0x6dad3f]
V  [jvm.dll+0x6d3895]
V  [jvm.dll+0x5dd4a6]
C  [ucrtbase.dll+0x21bb2]
C  [KERNEL32.DLL+0x17034]
C  [ntdll.dll+0x52651]


---------------  P R O C E S S  ---------------

Threads class SMR info:
_java_thread_list=0x00000263326569a0, length=131, elements={
0x0000026312bba800, 0x000002632e590800, 0x000002632e594000, 0x000002632ef32800,
0x000002632ef33800, 0x000002632e5aa000, 0x000002632e5ae800, 0x000002632ef74000,
0x000002632f06c000, 0x000002632f073000, 0x000002633033f800, 0x000002633053d800,
0x0000026330111800, 0x00000263309e6800, 0x00000263305e5000, 0x00000263305e5800,
0x000002633241f800, 0x0000026332426000, 0x00000263356fd000, 0x00000263356f1800,
0x00000263356f2800, 0x00000263356f3000, 0x00000263356f4000, 0x00000263356f0800,
0x00000263356ee800, 0x00000263356f5000, 0x00000263356ef000, 0x00000263356f5800,
0x00000263356f0000, 0x00000263356f8000, 0x00000263356f9000, 0x00000263356fc000,
0x00000263356f9800, 0x00000263356f6800, 0x00000263356fa800, 0x00000263356fb800,
0x00000263356f7800, 0x0000026336b40000, 0x0000026336b40800, 0x0000026336b41800,
0x0000026336b42000, 0x0000026336b43000, 0x0000026336b44000, 0x0000026336b3e000,
0x0000026336b44800, 0x0000026336b3f000, 0x0000026336b48000, 0x0000026336b46800,
0x0000026336b4b000, 0x0000026336b49800, 0x0000026336b47000, 0x0000026336b45800,
0x0000026336b4a800, 0x0000026336b4c000, 0x0000026336b4d000, 0x0000026332422000,
0x0000026332428800, 0x0000026332424800, 0x0000026332423000, 0x0000026332429800,
0x000002633242a800, 0x000002633242b000, 0x0000026332425800, 0x000002633242d800,
0x000002633242c000, 0x000002633242e800, 0x000002633242c800, 0x00000263305e6800,
0x00000263305e7800, 0x00000263305e8000, 0x00000263305e9000, 0x00000263305e3800,
0x00000263305ea000, 0x00000263305e4000, 0x0000026334e20800, 0x0000026334e21800,
0x0000026334e23000, 0x0000026334e25800, 0x0000026334e20000, 0x0000026334e27800,
0x0000026334e26800, 0x0000026334e28000, 0x0000026334e22800, 0x0000026334e29000,
0x0000026334e29800, 0x0000026334e24000, 0x0000026334e2a800, 0x0000026334e25000,
0x0000026334e2b800, 0x0000026334e2e800, 0x0000026334e2d000, 0x0000026334e2c000,
0x0000026334e2e000, 0x000002632f446000, 0x000002632f443800, 0x000002632f442800,
0x000002632f444800, 0x000002632f445000, 0x000002632f442000, 0x000002632f440800,
0x000002632f447000, 0x000002632f441000, 0x000002632f449800, 0x000002632f44d800,
0x000002632f447800, 0x000002632f44b000, 0x000002632f44b800, 0x000002632f44e000,
0x000002632f44c800, 0x000002632f448800, 0x000002632f44f000, 0x000002632f44a000,
0x0000026333c48000, 0x0000026333c44800, 0x0000026333c44000, 0x0000026333c42800,
0x0000026333c45800, 0x0000026333c46800, 0x0000026333c47000, 0x0000026333c49000,
0x0000026331a17800, 0x0000026331a18800, 0x0000026331a15800, 0x0000026331a19800,
0x0000026331a13800, 0x0000026331a14800, 0x0000026331a1b000, 0x0000026331a1a000,
0x0000026331a16000, 0x0000026331a1c000, 0x0000026331a17000
}

Java Threads: ( => current thread )
  0x0000026312bba800 JavaThread "main" [_thread_blocked, id=25216, stack(0x000000b966300000,0x000000b966400000)]
  0x000002632e590800 JavaThread "Reference Handler" daemon [_thread_blocked, id=9960, stack(0x000000b966a00000,0x000000b966b00000)]
  0x000002632e594000 JavaThread "Finalizer" daemon [_thread_blocked, id=23092, stack(0x000000b966b00000,0x000000b966c00000)]
  0x000002632ef32800 JavaThread "Signal Dispatcher" daemon [_thread_blocked, id=25280, stack(0x000000b966c00000,0x000000b966d00000)]
  0x000002632ef33800 JavaThread "Attach Listener" daemon [_thread_blocked, id=6588, stack(0x000000b966d00000,0x000000b966e00000)]
=>0x000002632e5aa000 JavaThread "C2 CompilerThread0" daemon [_thread_in_native, id=24320, stack(0x000000b966e00000,0x000000b966f00000)]
  0x000002632e5ae800 JavaThread "C1 CompilerThread0" daemon [_thread_blocked, id=23180, stack(0x000000b966f00000,0x000000b967000000)]
  0x000002632ef74000 JavaThread "Sweeper thread" daemon [_thread_blocked, id=23588, stack(0x000000b967000000,0x000000b967100000)]
  0x000002632f06c000 JavaThread "Common-Cleaner" daemon [_thread_blocked, id=20116, stack(0x000000b967100000,0x000000b967200000)]
  0x000002632f073000 JavaThread "Service Thread" daemon [_thread_blocked, id=24548, stack(0x000000b967200000,0x000000b967300000)]
  0x000002633033f800 JavaThread "Daemon health stats" [_thread_blocked, id=1656, stack(0x000000b967700000,0x000000b967800000)]
  0x000002633053d800 JavaThread "Incoming local TCP Connector on port 53076" [_thread_in_native, id=25204, stack(0x000000b967600000,0x000000b967700000)]
  0x0000026330111800 JavaThread "Daemon periodic checks" [_thread_blocked, id=24700, stack(0x000000b967c00000,0x000000b967d00000)]
  0x00000263309e6800 JavaThread "Cache worker for journal cache (C:\Users\infinity\.gradle\caches\journal-1)" [_thread_blocked, id=14004, stack(0x000000b968200000,0x000000b968300000)]
  0x00000263305e5000 JavaThread "File lock request listener" [_thread_in_native, id=16836, stack(0x000000b968300000,0x000000b968400000)]
  0x00000263305e5800 JavaThread "Cache worker for file hash cache (C:\Users\infinity\.gradle\caches\6.5\fileHashes)" [_thread_blocked, id=8680, stack(0x000000b968500000,0x000000b968600000)]
  0x000002633241f800 JavaThread "Cache worker for execution history cache (C:\Users\infinity\.gradle\caches\6.5\executionHistory)" [_thread_blocked, id=12856, stack(0x000000b969000000,0x000000b969100000)]
  0x0000026332426000 JavaThread "Cache worker for file content cache (C:\Users\infinity\.gradle\caches\6.5\fileContent)" [_thread_blocked, id=15708, stack(0x000000b969200000,0x000000b969300000)]
  0x00000263356fd000 JavaThread "Memory manager" [_thread_blocked, id=20732, stack(0x000000b96e700000,0x000000b96e800000)]
  0x00000263356f1800 JavaThread "Daemon Thread 3" [_thread_blocked, id=24692, stack(0x000000b966000000,0x000000b966100000)]
  0x00000263356f2800 JavaThread "Handler for socket connection from /127.0.0.1:53076 to /127.0.0.1:51234" [_thread_in_native, id=17776, stack(0x000000b966100000,0x000000b966200000)]
  0x00000263356f3000 JavaThread "Cancel handler" [_thread_blocked, id=3176, stack(0x000000b966200000,0x000000b966300000)]
  0x00000263356f4000 JavaThread "Daemon worker Thread 3" [_thread_blocked, id=10604, stack(0x000000b967800000,0x000000b967900000)]
  0x00000263356f0800 JavaThread "Asynchronous log dispatcher for DefaultDaemonConnection: socket connection from /127.0.0.1:53076 to /127.0.0.1:51234" [_thread_blocked, id=4256, stack(0x000000b967900000,0x000000b967a00000)]
  0x00000263356ee800 JavaThread "Stdin handler" [_thread_blocked, id=21736, stack(0x000000b967a00000,0x000000b967b00000)]
  0x00000263356f5000 JavaThread "Thread-226" [_thread_blocked, id=24920, stack(0x000000b967b00000,0x000000b967c00000)]
  0x00000263356ef000 JavaThread "Cache worker for file hash cache (D:\monginisssss\.gradle\6.5\fileHashes)" [_thread_blocked, id=18824, stack(0x000000b967d00000,0x000000b967e00000)]
  0x00000263356f5800 JavaThread "Cache worker for checksums cache (D:\monginisssss\.gradle\checksums)" [_thread_blocked, id=19992, stack(0x000000b967e00000,0x000000b967f00000)]
  0x00000263356f0000 JavaThread "Cache worker for cache directory md-supplier (C:\Users\infinity\.gradle\caches\6.5\md-supplier)" [_thread_blocked, id=7780, stack(0x000000b967f00000,0x000000b968000000)]
  0x00000263356f8000 JavaThread "Cache worker for cache directory md-rule (C:\Users\infinity\.gradle\caches\6.5\md-rule)" [_thread_blocked, id=5256, stack(0x000000b968000000,0x000000b968100000)]
  0x00000263356f9000 JavaThread "Build operations" [_thread_blocked, id=656, stack(0x000000b968600000,0x000000b968700000)]
  0x00000263356fc000 JavaThread "Build operations Thread 2" [_thread_blocked, id=23376, stack(0x000000b968700000,0x000000b968800000)]
  0x00000263356f9800 JavaThread "Build operations Thread 3" [_thread_blocked, id=21888, stack(0x000000b968800000,0x000000b968900000)]
  0x00000263356f6800 JavaThread "Build operations Thread 4" [_thread_blocked, id=10568, stack(0x000000b968900000,0x000000b968a00000)]
  0x00000263356fa800 JavaThread "jar transforms Thread 171" [_thread_blocked, id=14688, stack(0x000000b968a00000,0x000000b968b00000)]
  0x00000263356fb800 JavaThread "jar transforms Thread 172" [_thread_blocked, id=14672, stack(0x000000b968b00000,0x000000b968c00000)]
  0x00000263356f7800 JavaThread "jar transforms Thread 173" [_thread_blocked, id=24644, stack(0x000000b968c00000,0x000000b968d00000)]
  0x0000026336b40000 JavaThread "jar transforms Thread 174" [_thread_blocked, id=10576, stack(0x000000b968d00000,0x000000b968e00000)]
  0x0000026336b40800 JavaThread "jar transforms Thread 175" [_thread_blocked, id=22232, stack(0x000000b968e00000,0x000000b968f00000)]
  0x0000026336b41800 JavaThread "jar transforms Thread 176" [_thread_blocked, id=15440, stack(0x000000b968f00000,0x000000b969000000)]
  0x0000026336b42000 JavaThread "jar transforms Thread 177" [_thread_blocked, id=23872, stack(0x000000b969100000,0x000000b969200000)]
  0x0000026336b43000 JavaThread "jar transforms Thread 178" [_thread_blocked, id=17112, stack(0x000000b969300000,0x000000b969400000)]
  0x0000026336b44000 JavaThread "jar transforms Thread 179" [_thread_blocked, id=25136, stack(0x000000b969400000,0x000000b969500000)]
  0x0000026336b3e000 JavaThread "jar transforms Thread 180" [_thread_blocked, id=23820, stack(0x000000b969500000,0x000000b969600000)]
  0x0000026336b44800 JavaThread "jar transforms Thread 181" [_thread_blocked, id=16560, stack(0x000000b969600000,0x000000b969700000)]
  0x0000026336b3f000 JavaThread "jar transforms Thread 182" [_thread_blocked, id=22688, stack(0x000000b969700000,0x000000b969800000)]
  0x0000026336b48000 JavaThread "jar transforms Thread 183" [_thread_blocked, id=20440, stack(0x000000b969800000,0x000000b969900000)]
  0x0000026336b46800 JavaThread "jar transforms Thread 184" [_thread_blocked, id=8788, stack(0x000000b969900000,0x000000b969a00000)]
  0x0000026336b4b000 JavaThread "jar transforms Thread 185" [_thread_blocked, id=10344, stack(0x000000b969a00000,0x000000b969b00000)]
  0x0000026336b49800 JavaThread "jar transforms Thread 186" [_thread_blocked, id=24668, stack(0x000000b969b00000,0x000000b969c00000)]
  0x0000026336b47000 JavaThread "jar transforms Thread 187" [_thread_blocked, id=8964, stack(0x000000b969c00000,0x000000b969d00000)]
  0x0000026336b45800 JavaThread "jar transforms Thread 188" [_thread_blocked, id=11604, stack(0x000000b969d00000,0x000000b969e00000)]
  0x0000026336b4a800 JavaThread "jar transforms Thread 189" [_thread_blocked, id=25196, stack(0x000000b969e00000,0x000000b969f00000)]
  0x0000026336b4c000 JavaThread "jar transforms Thread 190" [_thread_blocked, id=20636, stack(0x000000b969f00000,0x000000b96a000000)]
  0x0000026336b4d000 JavaThread "jar transforms Thread 191" [_thread_blocked, id=16476, stack(0x000000b96a000000,0x000000b96a100000)]
  0x0000026332422000 JavaThread "jar transforms Thread 192" [_thread_blocked, id=15736, stack(0x000000b96a100000,0x000000b96a200000)]
  0x0000026332428800 JavaThread "jar transforms Thread 193" [_thread_blocked, id=8940, stack(0x000000b96a200000,0x000000b96a300000)]
  0x0000026332424800 JavaThread "jar transforms Thread 194" [_thread_blocked, id=17888, stack(0x000000b96a300000,0x000000b96a400000)]
  0x0000026332423000 JavaThread "jar transforms Thread 195" [_thread_blocked, id=17332, stack(0x000000b96a400000,0x000000b96a500000)]
  0x0000026332429800 JavaThread "jar transforms Thread 196" [_thread_blocked, id=20740, stack(0x000000b96a500000,0x000000b96a600000)]
  0x000002633242a800 JavaThread "jar transforms Thread 197" [_thread_blocked, id=19796, stack(0x000000b96a600000,0x000000b96a700000)]
  0x000002633242b000 JavaThread "jar transforms Thread 198" [_thread_blocked, id=9256, stack(0x000000b96a700000,0x000000b96a800000)]
  0x0000026332425800 JavaThread "jar transforms Thread 199" [_thread_blocked, id=13236, stack(0x000000b96a800000,0x000000b96a900000)]
  0x000002633242d800 JavaThread "jar transforms Thread 200" [_thread_blocked, id=7112, stack(0x000000b96a900000,0x000000b96aa00000)]
  0x000002633242c000 JavaThread "jar transforms Thread 201" [_thread_blocked, id=25436, stack(0x000000b96aa00000,0x000000b96ab00000)]
  0x000002633242e800 JavaThread "jar transforms Thread 202" [_thread_blocked, id=22176, stack(0x000000b96ab00000,0x000000b96ac00000)]
  0x000002633242c800 JavaThread "jar transforms Thread 203" [_thread_blocked, id=21624, stack(0x000000b96ac00000,0x000000b96ad00000)]
  0x00000263305e6800 JavaThread "jar transforms Thread 204" [_thread_blocked, id=14084, stack(0x000000b96ad00000,0x000000b96ae00000)]
  0x00000263305e7800 JavaThread "jar transforms Thread 205" [_thread_blocked, id=23148, stack(0x000000b96ae00000,0x000000b96af00000)]
  0x00000263305e8000 JavaThread "jar transforms Thread 206" [_thread_blocked, id=18392, stack(0x000000b96af00000,0x000000b96b000000)]
  0x00000263305e9000 JavaThread "jar transforms Thread 207" [_thread_blocked, id=9588, stack(0x000000b96b000000,0x000000b96b100000)]
  0x00000263305e3800 JavaThread "jar transforms Thread 208" [_thread_blocked, id=10756, stack(0x000000b96b100000,0x000000b96b200000)]
  0x00000263305ea000 JavaThread "jar transforms Thread 209" [_thread_blocked, id=2192, stack(0x000000b96b200000,0x000000b96b300000)]
  0x00000263305e4000 JavaThread "jar transforms Thread 210" [_thread_blocked, id=14228, stack(0x000000b96b300000,0x000000b96b400000)]
  0x0000026334e20800 JavaThread "jar transforms Thread 211" [_thread_blocked, id=24752, stack(0x000000b96b400000,0x000000b96b500000)]
  0x0000026334e21800 JavaThread "jar transforms Thread 212" [_thread_blocked, id=19888, stack(0x000000b96b500000,0x000000b96b600000)]
  0x0000026334e23000 JavaThread "jar transforms Thread 213" [_thread_blocked, id=9316, stack(0x000000b96b600000,0x000000b96b700000)]
  0x0000026334e25800 JavaThread "jar transforms Thread 214" [_thread_blocked, id=15964, stack(0x000000b96b700000,0x000000b96b800000)]
  0x0000026334e20000 JavaThread "jar transforms Thread 215" [_thread_blocked, id=24476, stack(0x000000b96b800000,0x000000b96b900000)]
  0x0000026334e27800 JavaThread "jar transforms Thread 216" [_thread_blocked, id=24672, stack(0x000000b96b900000,0x000000b96ba00000)]
  0x0000026334e26800 JavaThread "jar transforms Thread 217" [_thread_blocked, id=20204, stack(0x000000b96ba00000,0x000000b96bb00000)]
  0x0000026334e28000 JavaThread "jar transforms Thread 218" [_thread_blocked, id=23236, stack(0x000000b96bb00000,0x000000b96bc00000)]
  0x0000026334e22800 JavaThread "jar transforms Thread 219" [_thread_blocked, id=24912, stack(0x000000b96bc00000,0x000000b96bd00000)]
  0x0000026334e29000 JavaThread "jar transforms Thread 220" [_thread_blocked, id=18288, stack(0x000000b96bd00000,0x000000b96be00000)]
  0x0000026334e29800 JavaThread "jar transforms Thread 221" [_thread_blocked, id=12540, stack(0x000000b96be00000,0x000000b96bf00000)]
  0x0000026334e24000 JavaThread "jar transforms Thread 222" [_thread_blocked, id=23920, stack(0x000000b96bf00000,0x000000b96c000000)]
  0x0000026334e2a800 JavaThread "jar transforms Thread 223" [_thread_blocked, id=10320, stack(0x000000b96c000000,0x000000b96c100000)]
  0x0000026334e25000 JavaThread "jar transforms Thread 224" [_thread_blocked, id=22072, stack(0x000000b96c100000,0x000000b96c200000)]
  0x0000026334e2b800 JavaThread "jar transforms Thread 225" [_thread_blocked, id=12000, stack(0x000000b96c200000,0x000000b96c300000)]
  0x0000026334e2e800 JavaThread "jar transforms Thread 226" [_thread_blocked, id=25316, stack(0x000000b96c300000,0x000000b96c400000)]
  0x0000026334e2d000 JavaThread "jar transforms Thread 227" [_thread_blocked, id=18160, stack(0x000000b96c400000,0x000000b96c500000)]
  0x0000026334e2c000 JavaThread "jar transforms Thread 228" [_thread_blocked, id=21864, stack(0x000000b96c500000,0x000000b96c600000)]
  0x0000026334e2e000 JavaThread "jar transforms Thread 229" [_thread_blocked, id=23628, stack(0x000000b96c600000,0x000000b96c700000)]
  0x000002632f446000 JavaThread "jar transforms Thread 230" [_thread_blocked, id=17728, stack(0x000000b96c700000,0x000000b96c800000)]
  0x000002632f443800 JavaThread "jar transforms Thread 231" [_thread_blocked, id=17044, stack(0x000000b96c800000,0x000000b96c900000)]
  0x000002632f442800 JavaThread "jar transforms Thread 232" [_thread_blocked, id=24048, stack(0x000000b96c900000,0x000000b96ca00000)]
  0x000002632f444800 JavaThread "jar transforms Thread 233" [_thread_blocked, id=25232, stack(0x000000b96ca00000,0x000000b96cb00000)]
  0x000002632f445000 JavaThread "jar transforms Thread 234" [_thread_blocked, id=18460, stack(0x000000b96cb00000,0x000000b96cc00000)]
  0x000002632f442000 JavaThread "jar transforms Thread 235" [_thread_blocked, id=9984, stack(0x000000b96cc00000,0x000000b96cd00000)]
  0x000002632f440800 JavaThread "jar transforms Thread 236" [_thread_blocked, id=5864, stack(0x000000b96cd00000,0x000000b96ce00000)]
  0x000002632f447000 JavaThread "jar transforms Thread 237" [_thread_blocked, id=24992, stack(0x000000b96ce00000,0x000000b96cf00000)]
  0x000002632f441000 JavaThread "jar transforms Thread 238" [_thread_blocked, id=22632, stack(0x000000b96cf00000,0x000000b96d000000)]
  0x000002632f449800 JavaThread "jar transforms Thread 239" [_thread_blocked, id=23172, stack(0x000000b96d000000,0x000000b96d100000)]
  0x000002632f44d800 JavaThread "jar transforms Thread 240" [_thread_blocked, id=23056, stack(0x000000b96d100000,0x000000b96d200000)]
  0x000002632f447800 JavaThread "jar transforms Thread 241" [_thread_blocked, id=10692, stack(0x000000b96d200000,0x000000b96d300000)]
  0x000002632f44b000 JavaThread "jar transforms Thread 242" [_thread_blocked, id=22132, stack(0x000000b96d300000,0x000000b96d400000)]
  0x000002632f44b800 JavaThread "jar transforms Thread 243" [_thread_blocked, id=18144, stack(0x000000b96d400000,0x000000b96d500000)]
  0x000002632f44e000 JavaThread "jar transforms Thread 244" [_thread_blocked, id=10556, stack(0x000000b96d500000,0x000000b96d600000)]
  0x000002632f44c800 JavaThread "jar transforms Thread 245" [_thread_blocked, id=808, stack(0x000000b96d600000,0x000000b96d700000)]
  0x000002632f448800 JavaThread "jar transforms Thread 246" [_thread_blocked, id=23368, stack(0x000000b96d700000,0x000000b96d800000)]
  0x000002632f44f000 JavaThread "jar transforms Thread 247" [_thread_blocked, id=14288, stack(0x000000b96d800000,0x000000b96d900000)]
  0x000002632f44a000 JavaThread "jar transforms Thread 248" [_thread_blocked, id=23676, stack(0x000000b96d900000,0x000000b96da00000)]
  0x0000026333c48000 JavaThread "jar transforms Thread 249" [_thread_blocked, id=24708, stack(0x000000b96da00000,0x000000b96db00000)]
  0x0000026333c44800 JavaThread "jar transforms Thread 250" [_thread_blocked, id=25472, stack(0x000000b96db00000,0x000000b96dc00000)]
  0x0000026333c44000 JavaThread "jar transforms Thread 251" [_thread_blocked, id=2996, stack(0x000000b96dc00000,0x000000b96dd00000)]
  0x0000026333c42800 JavaThread "jar transforms Thread 252" [_thread_blocked, id=22924, stack(0x000000b96dd00000,0x000000b96de00000)]
  0x0000026333c45800 JavaThread "jar transforms Thread 253" [_thread_blocked, id=20616, stack(0x000000b96de00000,0x000000b96df00000)]
  0x0000026333c46800 JavaThread "jar transforms Thread 254" [_thread_blocked, id=13496, stack(0x000000b96df00000,0x000000b96e000000)]
  0x0000026333c47000 JavaThread "jar transforms Thread 255" [_thread_blocked, id=17756, stack(0x000000b96e000000,0x000000b96e100000)]
  0x0000026333c49000 JavaThread "Cache worker for Build Output Cleanup Cache (D:\monginisssss\.gradle\buildOutputCleanup)" [_thread_blocked, id=21408, stack(0x000000b96e100000,0x000000b96e200000)]
  0x0000026331a17800 JavaThread "Cache worker for file content cache (D:\monginisssss\.gradle\6.5\fileContent)" [_thread_blocked, id=24348, stack(0x000000b96e500000,0x000000b96e600000)]
  0x0000026331a18800 JavaThread "Execution worker for ':'" [_thread_blocked, id=23320, stack(0x000000b96e200000,0x000000b96e300000)]
  0x0000026331a15800 JavaThread "Execution worker for ':' Thread 2" [_thread_in_Java, id=11116, stack(0x000000b96e600000,0x000000b96e700000)]
  0x0000026331a19800 JavaThread "Execution worker for ':' Thread 3" [_thread_blocked, id=10396, stack(0x000000b96e800000,0x000000b96e900000)]
  0x0000026331a13800 JavaThread "Cache worker for execution history cache (D:\monginisssss\.gradle\6.5\executionHistory)" [_thread_blocked, id=21464, stack(0x000000b96e900000,0x000000b96ea00000)]
  0x0000026331a14800 JavaThread "WorkerExecutor Queue" [_thread_blocked, id=13116, stack(0x000000b96ea00000,0x000000b96eb00000)]
  0x0000026331a1b000 JavaThread "pool-4-thread-1" [_thread_blocked, id=16692, stack(0x000000b96ec00000,0x000000b96ed00000)]
  0x0000026331a1a000 JavaThread "stderr" [_thread_in_native, id=17648, stack(0x000000b96ed00000,0x000000b96ee00000)]
  0x0000026331a16000 JavaThread "stdout" [_thread_in_native, id=24976, stack(0x000000b96ee00000,0x000000b96ef00000)]
  0x0000026331a1c000 JavaThread "Cache worker for Java compile cache (C:\Users\infinity\.gradle\caches\6.5\javaCompile)" [_thread_blocked, id=10720, stack(0x000000b96ef00000,0x000000b96f000000)]
  0x0000026331a17000 JavaThread "Cache worker for Java compile cache (D:\monginisssss\.gradle\6.5\javaCompile)" [_thread_blocked, id=17752, stack(0x000000b96f000000,0x000000b96f100000)]

Other Threads:
  0x000002632e58a800 VMThread "VM Thread" [stack: 0x000000b966900000,0x000000b966a00000] [id=12508]
  0x000002632f09c000 WatcherThread [stack: 0x000000b967300000,0x000000b967400000] [id=5636]
  0x0000026312bd4800 GCTaskThread "GC Thread#0" [stack: 0x000000b966400000,0x000000b966500000] [id=17900]
  0x000002632f47e000 GCTaskThread "GC Thread#1" [stack: 0x000000b967400000,0x000000b967500000] [id=9496]
  0x000002632f7fd000 GCTaskThread "GC Thread#2" [stack: 0x000000b967500000,0x000000b967600000] [id=21532]
  0x000002633078a000 GCTaskThread "GC Thread#3" [stack: 0x000000b968400000,0x000000b968500000] [id=24832]
  0x0000026312c05000 ConcurrentGCThread "G1 Main Marker" [stack: 0x000000b966500000,0x000000b966600000] [id=25268]
  0x0000026312c06800 ConcurrentGCThread "G1 Conc#0" [stack: 0x000000b966600000,0x000000b966700000] [id=14632]
  0x0000026312c98000 ConcurrentGCThread "G1 Refine#0" [stack: 0x000000b966700000,0x000000b966800000] [id=15392]
  0x000002633661e000 ConcurrentGCThread "G1 Refine#1" [stack: 0x000000b968100000,0x000000b968200000] [id=4124]
  0x0000026331e97800 ConcurrentGCThread "G1 Refine#2" [stack: 0x000000b96e300000,0x000000b96e400000] [id=20548]
  0x0000026336b66000 ConcurrentGCThread "G1 Refine#3" [stack: 0x000000b96e400000,0x000000b96e500000] [id=13176]
  0x0000026312c99000 ConcurrentGCThread "G1 Young RemSet Sampling" [stack: 0x000000b966800000,0x000000b966900000] [id=24028]

Threads with active compile tasks:
C2 CompilerThread07110907 16708       4       java.lang.String::replace (149 bytes)

VM state:not at safepoint (normal execution)

VM Mutex/Monitor currently owned by a thread: None

Heap address: 0x0000000080000000, size: 2048 MB, Compressed Oops mode: 32-bit
Narrow klass base: 0x0000000000000000, Narrow klass shift: 3
Compressed class space size: 1073741824 Address: 0x0000000100000000

Heap:
 garbage-first heap   total 243712K, used 193129K [0x0000000080000000, 0x0000000100000000)
  region size 1024K, 13 young (13312K), 2 survivors (2048K)
 Metaspace       used 99136K, capacity 101738K, committed 101960K, reserved 1138688K
  class space    used 12091K, capacity 13026K, committed 13056K, reserved 1048576K
Heap Regions: E=young(eden), S=young(survivor), O=old, HS=humongous(starts), HC=humongous(continues), CS=collection set, F=free, A=archive, TAMS=top-at-mark-start (previous, next)
|   0|0x0000000080000000, 0x0000000080100000, 0x0000000080100000|100%| O|  |TAMS 0x0000000080100000, 0x0000000080000000| Untracked 
|   1|0x0000000080100000, 0x0000000080200000, 0x0000000080200000|100%| O|  |TAMS 0x0000000080200000, 0x0000000080100000| Untracked 
|   2|0x0000000080200000, 0x0000000080300000, 0x0000000080300000|100%| O|  |TAMS 0x0000000080300000, 0x0000000080200000| Untracked 
|   3|0x0000000080300000, 0x0000000080400000, 0x0000000080400000|100%|HS|  |TAMS 0x0000000080400000, 0x0000000080300000| Complete 
|   4|0x0000000080400000, 0x0000000080500000, 0x0000000080500000|100%|HC|  |TAMS 0x0000000080500000, 0x0000000080400000| Complete 
|   5|0x0000000080500000, 0x0000000080600000, 0x0000000080600000|100%|HC|  |TAMS 0x0000000080600000, 0x0000000080500000| Complete 
|   6|0x0000000080600000, 0x0000000080700000, 0x0000000080700000|100%| O|  |TAMS 0x0000000080700000, 0x0000000080600000| Untracked 
|   7|0x0000000080700000, 0x0000000080800000, 0x0000000080800000|100%| O|  |TAMS 0x0000000080800000, 0x0000000080700000| Untracked 
|   8|0x0000000080800000, 0x0000000080900000, 0x0000000080900000|100%| O|  |TAMS 0x0000000080900000, 0x0000000080800000| Complete 
|   9|0x0000000080900000, 0x0000000080a00000, 0x0000000080a00000|100%| O|  |TAMS 0x0000000080a00000, 0x0000000080900000| Untracked 
|  10|0x0000000080a00000, 0x0000000080b00000, 0x0000000080b00000|100%| O|  |TAMS 0x0000000080b00000, 0x0000000080a00000| Untracked 
|  11|0x0000000080b00000, 0x0000000080c00000, 0x0000000080c00000|100%| O|  |TAMS 0x0000000080c00000, 0x0000000080b00000| Untracked 
|  12|0x0000000080c00000, 0x0000000080d00000, 0x0000000080d00000|100%| O|  |TAMS 0x0000000080d00000, 0x0000000080c00000| Untracked 
|  13|0x0000000080d00000, 0x0000000080e00000, 0x0000000080e00000|100%|HS|  |TAMS 0x0000000080e00000, 0x0000000080d00000| Complete 
|  14|0x0000000080e00000, 0x0000000080f00000, 0x0000000080f00000|100%|HC|  |TAMS 0x0000000080f00000, 0x0000000080e00000| Complete 
|  15|0x0000000080f00000, 0x0000000081000000, 0x0000000081000000|100%|HS|  |TAMS 0x0000000081000000, 0x0000000080f00000| Complete 
|  16|0x0000000081000000, 0x0000000081100000, 0x0000000081100000|100%|HC|  |TAMS 0x0000000081100000, 0x0000000081000000| Complete 
|  17|0x0000000081100000, 0x0000000081200000, 0x0000000081200000|100%|HC|  |TAMS 0x0000000081200000, 0x0000000081100000| Complete 
|  18|0x0000000081200000, 0x0000000081300000, 0x0000000081300000|100%|HS|  |TAMS 0x0000000081300000, 0x0000000081200000| Complete 
|  19|0x0000000081300000, 0x0000000081400000, 0x0000000081400000|100%|HC|  |TAMS 0x0000000081400000, 0x0000000081300000| Complete 
|  20|0x0000000081400000, 0x0000000081500000, 0x0000000081500000|100%|HC|  |TAMS 0x0000000081500000, 0x0000000081400000| Complete 
|  21|0x0000000081500000, 0x0000000081600000, 0x0000000081600000|100%|HC|  |TAMS 0x0000000081600000, 0x0000000081500000| Complete 
|  22|0x0000000081600000, 0x0000000081700000, 0x0000000081700000|100%| O|  |TAMS 0x0000000081700000, 0x0000000081600000| Complete 
|  23|0x0000000081700000, 0x0000000081800000, 0x0000000081800000|100%| O|  |TAMS 0x0000000081800000, 0x0000000081700000| Complete 
|  24|0x0000000081800000, 0x0000000081900000, 0x0000000081900000|100%| O|  |TAMS 0x0000000081900000, 0x0000000081800000| Complete 
|  25|0x0000000081900000, 0x0000000081a00000, 0x0000000081a00000|100%|HS|  |TAMS 0x0000000081a00000, 0x0000000081900000| Complete 
|  26|0x0000000081a00000, 0x0000000081b00000, 0x0000000081b00000|100%|HC|  |TAMS 0x0000000081b00000, 0x0000000081a00000| Complete 
|  27|0x0000000081b00000, 0x0000000081c00000, 0x0000000081c00000|100%| O|  |TAMS 0x0000000081c00000, 0x0000000081b00000| Complete 
|  28|0x0000000081c00000, 0x0000000081d00000, 0x0000000081d00000|100%| O|  |TAMS 0x0000000081d00000, 0x0000000081c00000| Complete 
|  29|0x0000000081d00000, 0x0000000081e00000, 0x0000000081e00000|100%| O|  |TAMS 0x0000000081e00000, 0x0000000081d00000| Untracked 
|  30|0x0000000081e00000, 0x0000000081f00000, 0x0000000081f00000|100%| O|  |TAMS 0x0000000081f00000, 0x0000000081e00000| Complete 
|  31|0x0000000081f00000, 0x0000000082000000, 0x0000000082000000|100%| O|  |TAMS 0x0000000082000000, 0x0000000081f00000| Complete 
|  32|0x0000000082000000, 0x0000000082100000, 0x0000000082100000|100%| O|  |TAMS 0x0000000082100000, 0x0000000082000000| Complete 
|  33|0x0000000082100000, 0x0000000082200000, 0x0000000082200000|100%| O|  |TAMS 0x0000000082200000, 0x0000000082100000| Complete 
|  34|0x0000000082200000, 0x0000000082300000, 0x0000000082300000|100%| O|  |TAMS 0x0000000082300000, 0x0000000082200000| Complete 
|  35|0x0000000082300000, 0x0000000082400000, 0x0000000082400000|100%| O|  |TAMS 0x0000000082400000, 0x0000000082300000| Untracked 
|  36|0x0000000082400000, 0x0000000082500000, 0x0000000082500000|100%| O|  |TAMS 0x0000000082500000, 0x0000000082400000| Untracked 
|  37|0x0000000082500000, 0x0000000082600000, 0x0000000082600000|100%| O|  |TAMS 0x0000000082600000, 0x0000000082500000| Untracked 
|  38|0x0000000082600000, 0x0000000082700000, 0x0000000082700000|100%| O|  |TAMS 0x0000000082700000, 0x0000000082600000| Untracked 
|  39|0x0000000082700000, 0x0000000082800000, 0x0000000082800000|100%| O|  |TAMS 0x0000000082800000, 0x0000000082700000| Complete 
|  40|0x0000000082800000, 0x0000000082900000, 0x0000000082900000|100%| O|  |TAMS 0x0000000082900000, 0x0000000082800000| Untracked 
|  41|0x0000000082900000, 0x0000000082a00000, 0x0000000082a00000|100%| O|  |TAMS 0x0000000082a00000, 0x0000000082900000| Complete 
|  42|0x0000000082a00000, 0x0000000082b00000, 0x0000000082b00000|100%| O|  |TAMS 0x0000000082b00000, 0x0000000082a00000| Untracked 
|  43|0x0000000082b00000, 0x0000000082c00000, 0x0000000082c00000|100%| O|  |TAMS 0x0000000082c00000, 0x0000000082b00000| Untracked 
|  44|0x0000000082c00000, 0x0000000082d00000, 0x0000000082d00000|100%| O|  |TAMS 0x0000000082d00000, 0x0000000082c00000| Complete 
|  45|0x0000000082d00000, 0x0000000082e00000, 0x0000000082e00000|100%| O|  |TAMS 0x0000000082e00000, 0x0000000082d00000| Untracked 
|  46|0x0000000082e00000, 0x0000000082f00000, 0x0000000082f00000|100%| O|  |TAMS 0x0000000082f00000, 0x0000000082e00000| Complete 
|  47|0x0000000082f00000, 0x0000000083000000, 0x0000000083000000|100%| O|  |TAMS 0x0000000083000000, 0x0000000082f00000| Complete 
|  48|0x0000000083000000, 0x0000000083100000, 0x0000000083100000|100%| O|  |TAMS 0x0000000083100000, 0x0000000083000000| Complete 
|  49|0x0000000083100000, 0x0000000083200000, 0x0000000083200000|100%| O|  |TAMS 0x0000000083200000, 0x0000000083100000| Complete 
|  50|0x0000000083200000, 0x0000000083300000, 0x0000000083300000|100%| O|  |TAMS 0x0000000083300000, 0x0000000083200000| Untracked 
|  51|0x0000000083300000, 0x0000000083400000, 0x0000000083400000|100%| O|  |TAMS 0x0000000083400000, 0x0000000083300000| Untracked 
|  52|0x0000000083400000, 0x0000000083500000, 0x0000000083500000|100%| O|  |TAMS 0x0000000083500000, 0x0000000083400000| Complete 
|  53|0x0000000083500000, 0x0000000083600000, 0x0000000083600000|100%| O|  |TAMS 0x0000000083600000, 0x0000000083500000| Untracked 
|  54|0x0000000083600000, 0x0000000083700000, 0x0000000083700000|100%| O|  |TAMS 0x0000000083700000, 0x0000000083600000| Complete 
|  55|0x0000000083700000, 0x0000000083800000, 0x0000000083800000|100%| O|  |TAMS 0x0000000083800000, 0x0000000083700000| Complete 
|  56|0x0000000083800000, 0x0000000083900000, 0x0000000083900000|100%| O|  |TAMS 0x0000000083900000, 0x0000000083800000| Untracked 
|  57|0x0000000083900000, 0x0000000083a00000, 0x0000000083a00000|100%| O|  |TAMS 0x0000000083a00000, 0x0000000083900000| Complete 
|  58|0x0000000083a00000, 0x0000000083b00000, 0x0000000083b00000|100%| O|  |TAMS 0x0000000083b00000, 0x0000000083a00000| Untracked 
|  59|0x0000000083b00000, 0x0000000083c00000, 0x0000000083c00000|100%| O|  |TAMS 0x0000000083c00000, 0x0000000083b00000| Complete 
|  60|0x0000000083c00000, 0x0000000083d00000, 0x0000000083d00000|100%| O|  |TAMS 0x0000000083d00000, 0x0000000083c00000| Complete 
|  61|0x0000000083d00000, 0x0000000083e00000, 0x0000000083e00000|100%| O|  |TAMS 0x0000000083e00000, 0x0000000083d00000| Untracked 
|  62|0x0000000083e00000, 0x0000000083f00000, 0x0000000083f00000|100%| O|  |TAMS 0x0000000083f00000, 0x0000000083e00000| Untracked 
|  63|0x0000000083f00000, 0x0000000084000000, 0x0000000084000000|100%| O|  |TAMS 0x0000000084000000, 0x0000000083f00000| Untracked 
|  64|0x0000000084000000, 0x0000000084100000, 0x0000000084100000|100%| O|  |TAMS 0x0000000084100000, 0x0000000084000000| Untracked 
|  65|0x0000000084100000, 0x0000000084200000, 0x0000000084200000|100%| O|  |TAMS 0x0000000084200000, 0x0000000084100000| Complete 
|  66|0x0000000084200000, 0x0000000084300000, 0x0000000084300000|100%| O|  |TAMS 0x0000000084300000, 0x0000000084200000| Untracked 
|  67|0x0000000084300000, 0x0000000084400000, 0x0000000084400000|100%| O|  |TAMS 0x0000000084400000, 0x0000000084300000| Untracked 
|  68|0x0000000084400000, 0x0000000084500000, 0x0000000084500000|100%| O|  |TAMS 0x0000000084500000, 0x0000000084400000| Complete 
|  69|0x0000000084500000, 0x0000000084600000, 0x0000000084600000|100%| O|  |TAMS 0x0000000084600000, 0x0000000084500000| Untracked 
|  70|0x0000000084600000, 0x0000000084700000, 0x0000000084700000|100%| O|  |TAMS 0x0000000084700000, 0x0000000084600000| Untracked 
|  71|0x0000000084700000, 0x0000000084800000, 0x0000000084800000|100%| O|  |TAMS 0x0000000084800000, 0x0000000084700000| Untracked 
|  72|0x0000000084800000, 0x0000000084900000, 0x0000000084900000|100%| O|  |TAMS 0x0000000084900000, 0x0000000084800000| Untracked 
|  73|0x0000000084900000, 0x0000000084a00000, 0x0000000084a00000|100%| O|  |TAMS 0x0000000084a00000, 0x0000000084900000| Untracked 
|  74|0x0000000084a00000, 0x0000000084b00000, 0x0000000084b00000|100%| O|  |TAMS 0x0000000084b00000, 0x0000000084a00000| Untracked 
|  75|0x0000000084b00000, 0x0000000084c00000, 0x0000000084c00000|100%| O|  |TAMS 0x0000000084c00000, 0x0000000084b00000| Complete 
|  76|0x0000000084c00000, 0x0000000084d00000, 0x0000000084d00000|100%| O|  |TAMS 0x0000000084d00000, 0x0000000084c00000| Untracked 
|  77|0x0000000084d00000, 0x0000000084e00000, 0x0000000084e00000|100%| O|  |TAMS 0x0000000084e00000, 0x0000000084d00000| Complete 
|  78|0x0000000084e00000, 0x0000000084f00000, 0x0000000084f00000|100%| O|  |TAMS 0x0000000084f00000, 0x0000000084e00000| Untracked 
|  79|0x0000000084f00000, 0x0000000085000000, 0x0000000085000000|100%| O|  |TAMS 0x0000000085000000, 0x0000000084f00000| Complete 
|  80|0x0000000085000000, 0x0000000085100000, 0x0000000085100000|100%| O|  |TAMS 0x0000000085100000, 0x0000000085000000| Complete 
|  81|0x0000000085100000, 0x0000000085200000, 0x0000000085200000|100%| O|  |TAMS 0x0000000085200000, 0x0000000085100000| Complete 
|  82|0x0000000085200000, 0x0000000085300000, 0x0000000085300000|100%| O|  |TAMS 0x0000000085300000, 0x0000000085200000| Untracked 
|  83|0x0000000085300000, 0x0000000085400000, 0x0000000085400000|100%|HS|  |TAMS 0x0000000085400000, 0x0000000085300000| Complete 
|  84|0x0000000085400000, 0x0000000085500000, 0x0000000085500000|100%| O|  |TAMS 0x0000000085500000, 0x0000000085400000| Untracked 
|  85|0x0000000085500000, 0x0000000085600000, 0x0000000085600000|100%| O|  |TAMS 0x0000000085600000, 0x0000000085500000| Untracked 
|  86|0x0000000085600000, 0x0000000085700000, 0x0000000085700000|100%|HS|  |TAMS 0x0000000085700000, 0x0000000085600000| Complete 
|  87|0x0000000085700000, 0x0000000085800000, 0x0000000085800000|100%| O|  |TAMS 0x0000000085800000, 0x0000000085700000| Untracked 
|  88|0x0000000085800000, 0x0000000085900000, 0x0000000085900000|100%| O|  |TAMS 0x0000000085900000, 0x0000000085800000| Untracked 
|  89|0x0000000085900000, 0x0000000085a00000, 0x0000000085a00000|100%| O|  |TAMS 0x0000000085a00000, 0x0000000085900000| Untracked 
|  90|0x0000000085a00000, 0x0000000085b00000, 0x0000000085b00000|100%| O|  |TAMS 0x0000000085b00000, 0x0000000085a00000| Complete 
|  91|0x0000000085b00000, 0x0000000085c00000, 0x0000000085c00000|100%| O|  |TAMS 0x0000000085c00000, 0x0000000085b00000| Complete 
|  92|0x0000000085c00000, 0x0000000085d00000, 0x0000000085d00000|100%| O|  |TAMS 0x0000000085d00000, 0x0000000085c00000| Complete 
|  93|0x0000000085d00000, 0x0000000085e00000, 0x0000000085e00000|100%| O|  |TAMS 0x0000000085e00000, 0x0000000085d00000| Untracked 
|  94|0x0000000085e00000, 0x0000000085f00000, 0x0000000085f00000|100%| O|  |TAMS 0x0000000085f00000, 0x0000000085e00000| Untracked 
|  95|0x0000000085f00000, 0x0000000086000000, 0x0000000086000000|100%| O|  |TAMS 0x0000000086000000, 0x0000000085f00000| Untracked 
|  96|0x0000000086000000, 0x0000000086100000, 0x0000000086100000|100%| O|  |TAMS 0x0000000086100000, 0x0000000086000000| Untracked 
|  97|0x0000000086100000, 0x0000000086200000, 0x0000000086200000|100%| O|  |TAMS 0x0000000086200000, 0x0000000086100000| Untracked 
|  98|0x0000000086200000, 0x0000000086300000, 0x0000000086300000|100%| O|  |TAMS 0x0000000086300000, 0x0000000086200000| Untracked 
|  99|0x0000000086300000, 0x0000000086400000, 0x0000000086400000|100%| O|  |TAMS 0x0000000086400000, 0x0000000086300000| Untracked 
| 100|0x0000000086400000, 0x0000000086500000, 0x0000000086500000|100%| O|  |TAMS 0x0000000086500000, 0x0000000086400000| Untracked 
| 101|0x0000000086500000, 0x0000000086600000, 0x0000000086600000|100%| O|  |TAMS 0x0000000086600000, 0x0000000086500000| Untracked 
| 102|0x0000000086600000, 0x0000000086700000, 0x0000000086700000|100%| O|  |TAMS 0x0000000086700000, 0x0000000086600000| Complete 
| 103|0x0000000086700000, 0x0000000086800000, 0x0000000086800000|100%| O|  |TAMS 0x0000000086800000, 0x0000000086700000| Untracked 
| 104|0x0000000086800000, 0x0000000086900000, 0x0000000086900000|100%| O|  |TAMS 0x0000000086900000, 0x0000000086800000| Untracked 
| 105|0x0000000086900000, 0x0000000086a00000, 0x0000000086a00000|100%| O|  |TAMS 0x0000000086a00000, 0x0000000086900000| Untracked 
| 106|0x0000000086a00000, 0x0000000086b00000, 0x0000000086b00000|100%| O|  |TAMS 0x0000000086b00000, 0x0000000086a00000| Untracked 
| 107|0x0000000086b00000, 0x0000000086c00000, 0x0000000086c00000|100%| O|  |TAMS 0x0000000086c00000, 0x0000000086b00000| Untracked 
| 108|0x0000000086c00000, 0x0000000086d00000, 0x0000000086d00000|100%| O|  |TAMS 0x0000000086d00000, 0x0000000086c00000| Untracked 
| 109|0x0000000086d00000, 0x0000000086e00000, 0x0000000086e00000|100%| O|  |TAMS 0x0000000086e00000, 0x0000000086d00000| Untracked 
| 110|0x0000000086e00000, 0x0000000086f00000, 0x0000000086f00000|100%| O|  |TAMS 0x0000000086f00000, 0x0000000086e00000| Untracked 
| 111|0x0000000086f00000, 0x0000000087000000, 0x0000000087000000|100%| O|  |TAMS 0x0000000087000000, 0x0000000086f00000| Untracked 
| 112|0x0000000087000000, 0x0000000087100000, 0x0000000087100000|100%| O|  |TAMS 0x0000000087100000, 0x0000000087000000| Untracked 
| 113|0x0000000087100000, 0x0000000087200000, 0x0000000087200000|100%| O|  |TAMS 0x0000000087200000, 0x0000000087100000| Untracked 
| 114|0x0000000087200000, 0x0000000087300000, 0x0000000087300000|100%| O|  |TAMS 0x0000000087300000, 0x0000000087200000| Untracked 
| 115|0x0000000087300000, 0x0000000087400000, 0x0000000087400000|100%| O|  |TAMS 0x0000000087400000, 0x0000000087300000| Complete 
| 116|0x0000000087400000, 0x0000000087500000, 0x0000000087500000|100%| O|  |TAMS 0x0000000087500000, 0x0000000087400000| Untracked 
| 117|0x0000000087500000, 0x0000000087600000, 0x0000000087600000|100%| O|  |TAMS 0x0000000087600000, 0x0000000087500000| Untracked 
| 118|0x0000000087600000, 0x0000000087700000, 0x0000000087700000|100%|HS|  |TAMS 0x0000000087700000, 0x0000000087600000| Complete 
| 119|0x0000000087700000, 0x0000000087800000, 0x0000000087800000|100%|HC|  |TAMS 0x0000000087800000, 0x0000000087700000| Complete 
| 120|0x0000000087800000, 0x0000000087900000, 0x0000000087900000|100%|HS|  |TAMS 0x0000000087900000, 0x0000000087800000| Complete 
| 121|0x0000000087900000, 0x0000000087a00000, 0x0000000087a00000|100%|HC|  |TAMS 0x0000000087a00000, 0x0000000087900000| Complete 
| 122|0x0000000087a00000, 0x0000000087b00000, 0x0000000087b00000|100%|HC|  |TAMS 0x0000000087b00000, 0x0000000087a00000| Complete 
| 123|0x0000000087b00000, 0x0000000087c00000, 0x0000000087c00000|100%|HC|  |TAMS 0x0000000087c00000, 0x0000000087b00000| Complete 
| 124|0x0000000087c00000, 0x0000000087d00000, 0x0000000087d00000|100%| O|  |TAMS 0x0000000087d00000, 0x0000000087c00000| Untracked 
| 125|0x0000000087d00000, 0x0000000087e00000, 0x0000000087e00000|100%| O|  |TAMS 0x0000000087e00000, 0x0000000087d00000| Untracked 
| 126|0x0000000087e00000, 0x0000000087f00000, 0x0000000087f00000|100%| O|  |TAMS 0x0000000087f00000, 0x0000000087e00000| Untracked 
| 127|0x0000000087f00000, 0x0000000088000000, 0x0000000088000000|100%| O|  |TAMS 0x0000000088000000, 0x0000000087f00000| Untracked 
| 128|0x0000000088000000, 0x0000000088100000, 0x0000000088100000|100%|HS|  |TAMS 0x0000000088100000, 0x0000000088000000| Complete 
| 129|0x0000000088100000, 0x0000000088200000, 0x0000000088200000|100%|HC|  |TAMS 0x0000000088200000, 0x0000000088100000| Complete 
| 130|0x0000000088200000, 0x0000000088300000, 0x0000000088300000|100%| O|  |TAMS 0x0000000088300000, 0x0000000088200000| Untracked 
| 131|0x0000000088300000, 0x0000000088400000, 0x0000000088400000|100%| O|  |TAMS 0x0000000088400000, 0x0000000088300000| Untracked 
| 132|0x0000000088400000, 0x0000000088500000, 0x0000000088500000|100%| O|  |TAMS 0x0000000088500000, 0x0000000088400000| Untracked 
| 133|0x0000000088500000, 0x0000000088600000, 0x0000000088600000|100%| O|  |TAMS 0x0000000088600000, 0x0000000088500000| Untracked 
| 134|0x0000000088600000, 0x0000000088700000, 0x0000000088700000|100%| O|  |TAMS 0x0000000088700000, 0x0000000088600000| Untracked 
| 135|0x0000000088700000, 0x0000000088800000, 0x0000000088800000|100%| O|  |TAMS 0x0000000088800000, 0x0000000088700000| Untracked 
| 136|0x0000000088800000, 0x0000000088900000, 0x0000000088900000|100%| O|  |TAMS 0x0000000088900000, 0x0000000088800000| Untracked 
| 137|0x0000000088900000, 0x0000000088a00000, 0x0000000088a00000|100%| O|  |TAMS 0x0000000088a00000, 0x0000000088900000| Untracked 
| 138|0x0000000088a00000, 0x0000000088b00000, 0x0000000088b00000|100%| O|  |TAMS 0x0000000088b00000, 0x0000000088a00000| Complete 
| 139|0x0000000088b00000, 0x0000000088c00000, 0x0000000088c00000|100%| O|  |TAMS 0x0000000088c00000, 0x0000000088b00000| Untracked 
| 140|0x0000000088c00000, 0x0000000088d00000, 0x0000000088d00000|100%| O|  |TAMS 0x0000000088d00000, 0x0000000088c00000| Untracked 
| 141|0x0000000088d00000, 0x0000000088e00000, 0x0000000088e00000|100%| O|  |TAMS 0x0000000088e00000, 0x0000000088d00000| Untracked 
| 142|0x0000000088e00000, 0x0000000088f00000, 0x0000000088f00000|100%| O|  |TAMS 0x0000000088f00000, 0x0000000088e00000| Complete 
| 143|0x0000000088f00000, 0x0000000089000000, 0x0000000089000000|100%| O|  |TAMS 0x0000000089000000, 0x0000000088f00000| Complete 
| 144|0x0000000089000000, 0x0000000089100000, 0x0000000089100000|100%| O|  |TAMS 0x0000000089100000, 0x0000000089000000| Complete 
| 145|0x0000000089100000, 0x0000000089200000, 0x0000000089200000|100%| O|  |TAMS 0x0000000089200000, 0x0000000089100000| Complete 
| 146|0x0000000089200000, 0x0000000089300000, 0x0000000089300000|100%| O|  |TAMS 0x0000000089300000, 0x0000000089200000| Complete 
| 147|0x0000000089300000, 0x0000000089400000, 0x0000000089400000|100%| O|  |TAMS 0x0000000089400000, 0x0000000089300000| Untracked 
| 148|0x0000000089400000, 0x0000000089500000, 0x0000000089500000|100%| O|  |TAMS 0x0000000089500000, 0x0000000089400000| Untracked 
| 149|0x0000000089500000, 0x0000000089600000, 0x0000000089600000|100%| O|  |TAMS 0x0000000089600000, 0x0000000089500000| Untracked 
| 150|0x0000000089600000, 0x0000000089700000, 0x0000000089700000|100%| O|  |TAMS 0x0000000089700000, 0x0000000089600000| Untracked 
| 151|0x0000000089700000, 0x0000000089800000, 0x0000000089800000|100%| O|  |TAMS 0x0000000089800000, 0x0000000089700000| Untracked 
| 152|0x0000000089800000, 0x0000000089900000, 0x0000000089900000|100%| O|  |TAMS 0x0000000089900000, 0x0000000089800000| Untracked 
| 153|0x0000000089900000, 0x0000000089a00000, 0x0000000089a00000|100%| O|  |TAMS 0x0000000089a00000, 0x0000000089900000| Untracked 
| 154|0x0000000089a00000, 0x0000000089b00000, 0x0000000089b00000|100%| O|  |TAMS 0x0000000089b00000, 0x0000000089a00000| Untracked 
| 155|0x0000000089b00000, 0x0000000089c00000, 0x0000000089c00000|100%| O|  |TAMS 0x0000000089c00000, 0x0000000089b00000| Untracked 
| 156|0x0000000089c00000, 0x0000000089d00000, 0x0000000089d00000|100%| O|  |TAMS 0x0000000089d00000, 0x0000000089c00000| Untracked 
| 157|0x0000000089d00000, 0x0000000089e00000, 0x0000000089e00000|100%| O|  |TAMS 0x0000000089e00000, 0x0000000089d00000| Untracked 
| 158|0x0000000089e00000, 0x0000000089f00000, 0x0000000089f00000|100%| O|  |TAMS 0x0000000089f00000, 0x0000000089e00000| Untracked 
| 159|0x0000000089f00000, 0x000000008a000000, 0x000000008a000000|100%| O|  |TAMS 0x000000008a000000, 0x0000000089f00000| Untracked 
| 160|0x000000008a000000, 0x000000008a100000, 0x000000008a100000|100%| O|  |TAMS 0x000000008a100000, 0x000000008a000000| Untracked 
| 161|0x000000008a100000, 0x000000008a200000, 0x000000008a200000|100%| O|  |TAMS 0x000000008a200000, 0x000000008a100000| Complete 
| 162|0x000000008a200000, 0x000000008a300000, 0x000000008a300000|100%| O|  |TAMS 0x000000008a200000, 0x000000008a200000| Untracked 
| 163|0x000000008a300000, 0x000000008a400000, 0x000000008a400000|100%| O|  |TAMS 0x000000008a300000, 0x000000008a300000| Untracked 
| 164|0x000000008a400000, 0x000000008a500000, 0x000000008a500000|100%| O|  |TAMS 0x000000008a400000, 0x000000008a400000| Untracked 
| 165|0x000000008a500000, 0x000000008a600000, 0x000000008a600000|100%| O|  |TAMS 0x000000008a500000, 0x000000008a500000| Untracked 
| 166|0x000000008a600000, 0x000000008a700000, 0x000000008a700000|100%| O|  |TAMS 0x000000008a700000, 0x000000008a600000| Complete 
| 167|0x000000008a700000, 0x000000008a800000, 0x000000008a800000|100%| O|  |TAMS 0x000000008a800000, 0x000000008a700000| Untracked 
| 168|0x000000008a800000, 0x000000008a900000, 0x000000008a900000|100%| O|  |TAMS 0x000000008a900000, 0x000000008a800000| Untracked 
| 169|0x000000008a900000, 0x000000008aa00000, 0x000000008aa00000|100%| O|  |TAMS 0x000000008aa00000, 0x000000008a900000| Untracked 
| 170|0x000000008aa00000, 0x000000008ab00000, 0x000000008ab00000|100%| O|  |TAMS 0x000000008ab00000, 0x000000008aa00000| Untracked 
| 171|0x000000008ab00000, 0x000000008ac00000, 0x000000008ac00000|100%| O|  |TAMS 0x000000008ac00000, 0x000000008ab00000| Untracked 
| 172|0x000000008ac00000, 0x000000008ad00000, 0x000000008ad00000|100%| O|  |TAMS 0x000000008ad00000, 0x000000008ac00000| Untracked 
| 173|0x000000008ad00000, 0x000000008ae00000, 0x000000008ae00000|100%| O|  |TAMS 0x000000008ae00000, 0x000000008ad00000| Complete 
| 174|0x000000008ae00000, 0x000000008af00000, 0x000000008af00000|100%| O|  |TAMS 0x000000008af00000, 0x000000008ae00000| Complete 
| 175|0x000000008af00000, 0x000000008b000000, 0x000000008b000000|100%| O|  |TAMS 0x000000008af00000, 0x000000008af00000| Untracked 
| 176|0x000000008b000000, 0x000000008b100000, 0x000000008b100000|100%| O|  |TAMS 0x000000008b100000, 0x000000008b000000| Complete 
| 177|0x000000008b100000, 0x000000008b100000, 0x000000008b200000|  0%| F|  |TAMS 0x000000008b100000, 0x000000008b100000| Untracked 
| 178|0x000000008b200000, 0x000000008b200000, 0x000000008b300000|  0%| F|  |TAMS 0x000000008b200000, 0x000000008b200000| Untracked 
| 179|0x000000008b300000, 0x000000008b300000, 0x000000008b400000|  0%| F|  |TAMS 0x000000008b300000, 0x000000008b300000| Untracked 
| 180|0x000000008b400000, 0x000000008b400000, 0x000000008b500000|  0%| F|  |TAMS 0x000000008b400000, 0x000000008b400000| Untracked 
| 181|0x000000008b500000, 0x000000008b500000, 0x000000008b600000|  0%| F|  |TAMS 0x000000008b500000, 0x000000008b500000| Untracked 
| 182|0x000000008b600000, 0x000000008b600000, 0x000000008b700000|  0%| F|  |TAMS 0x000000008b600000, 0x000000008b600000| Untracked 
| 183|0x000000008b700000, 0x000000008b700000, 0x000000008b800000|  0%| F|  |TAMS 0x000000008b700000, 0x000000008b700000| Untracked 
| 184|0x000000008b800000, 0x000000008b800000, 0x000000008b900000|  0%| F|  |TAMS 0x000000008b800000, 0x000000008b800000| Untracked 
| 185|0x000000008b900000, 0x000000008b900000, 0x000000008ba00000|  0%| F|  |TAMS 0x000000008b900000, 0x000000008b900000| Untracked 
| 186|0x000000008ba00000, 0x000000008ba00000, 0x000000008bb00000|  0%| F|  |TAMS 0x000000008ba00000, 0x000000008ba00000| Untracked 
| 187|0x000000008bb00000, 0x000000008bb00000, 0x000000008bc00000|  0%| F|  |TAMS 0x000000008bb00000, 0x000000008bb00000| Untracked 
| 188|0x000000008bc00000, 0x000000008bc00000, 0x000000008bd00000|  0%| F|  |TAMS 0x000000008bc00000, 0x000000008bc00000| Untracked 
| 189|0x000000008bd00000, 0x000000008bd00000, 0x000000008be00000|  0%| F|  |TAMS 0x000000008bd00000, 0x000000008bd00000| Untracked 
| 190|0x000000008be00000, 0x000000008be00000, 0x000000008bf00000|  0%| F|  |TAMS 0x000000008be00000, 0x000000008be00000| Untracked 
| 191|0x000000008bf00000, 0x000000008bf00000, 0x000000008c000000|  0%| F|  |TAMS 0x000000008bf00000, 0x000000008bf00000| Untracked 
| 192|0x000000008c000000, 0x000000008c000000, 0x000000008c100000|  0%| F|  |TAMS 0x000000008c000000, 0x000000008c000000| Untracked 
| 193|0x000000008c100000, 0x000000008c100000, 0x000000008c200000|  0%| F|  |TAMS 0x000000008c100000, 0x000000008c100000| Untracked 
| 194|0x000000008c200000, 0x000000008c200000, 0x000000008c300000|  0%| F|  |TAMS 0x000000008c200000, 0x000000008c200000| Untracked 
| 195|0x000000008c300000, 0x000000008c300000, 0x000000008c400000|  0%| F|  |TAMS 0x000000008c300000, 0x000000008c300000| Untracked 
| 196|0x000000008c400000, 0x000000008c400000, 0x000000008c500000|  0%| F|  |TAMS 0x000000008c400000, 0x000000008c400000| Untracked 
| 197|0x000000008c500000, 0x000000008c500000, 0x000000008c600000|  0%| F|  |TAMS 0x000000008c500000, 0x000000008c500000| Untracked 
| 198|0x000000008c600000, 0x000000008c600000, 0x000000008c700000|  0%| F|  |TAMS 0x000000008c600000, 0x000000008c600000| Untracked 
| 199|0x000000008c700000, 0x000000008c700000, 0x000000008c800000|  0%| F|  |TAMS 0x000000008c700000, 0x000000008c700000| Untracked 
| 200|0x000000008c800000, 0x000000008c800000, 0x000000008c900000|  0%| F|  |TAMS 0x000000008c800000, 0x000000008c800000| Untracked 
| 201|0x000000008c900000, 0x000000008c900000, 0x000000008ca00000|  0%| F|  |TAMS 0x000000008c900000, 0x000000008c900000| Untracked 
| 202|0x000000008ca00000, 0x000000008ca00000, 0x000000008cb00000|  0%| F|  |TAMS 0x000000008ca00000, 0x000000008ca00000| Untracked 
| 203|0x000000008cb00000, 0x000000008cb00000, 0x000000008cc00000|  0%| F|  |TAMS 0x000000008cb00000, 0x000000008cb00000| Untracked 
| 204|0x000000008cc00000, 0x000000008cc00000, 0x000000008cd00000|  0%| F|  |TAMS 0x000000008cc00000, 0x000000008cc00000| Untracked 
| 205|0x000000008cd00000, 0x000000008cd00000, 0x000000008ce00000|  0%| F|  |TAMS 0x000000008cd00000, 0x000000008cd00000| Untracked 
| 206|0x000000008ce00000, 0x000000008ce00000, 0x000000008cf00000|  0%| F|  |TAMS 0x000000008ce00000, 0x000000008ce00000| Untracked 
| 207|0x000000008cf00000, 0x000000008cf00000, 0x000000008d000000|  0%| F|  |TAMS 0x000000008cf00000, 0x000000008cf00000| Untracked 
| 208|0x000000008d000000, 0x000000008d000000, 0x000000008d100000|  0%| F|  |TAMS 0x000000008d000000, 0x000000008d000000| Untracked 
| 209|0x000000008d100000, 0x000000008d100000, 0x000000008d200000|  0%| F|  |TAMS 0x000000008d100000, 0x000000008d100000| Untracked 
| 210|0x000000008d200000, 0x000000008d200000, 0x000000008d300000|  0%| F|  |TAMS 0x000000008d200000, 0x000000008d200000| Untracked 
| 211|0x000000008d300000, 0x000000008d300000, 0x000000008d400000|  0%| F|  |TAMS 0x000000008d300000, 0x000000008d300000| Untracked 
| 212|0x000000008d400000, 0x000000008d400000, 0x000000008d500000|  0%| F|  |TAMS 0x000000008d400000, 0x000000008d400000| Untracked 
| 213|0x000000008d500000, 0x000000008d500000, 0x000000008d600000|  0%| F|  |TAMS 0x000000008d500000, 0x000000008d500000| Untracked 
| 214|0x000000008d600000, 0x000000008d600000, 0x000000008d700000|  0%| F|  |TAMS 0x000000008d600000, 0x000000008d600000| Untracked 
| 215|0x000000008d700000, 0x000000008d700000, 0x000000008d800000|  0%| F|  |TAMS 0x000000008d700000, 0x000000008d700000| Untracked 
| 216|0x000000008d800000, 0x000000008d800000, 0x000000008d900000|  0%| F|  |TAMS 0x000000008d800000, 0x000000008d800000| Untracked 
| 217|0x000000008d900000, 0x000000008d900000, 0x000000008da00000|  0%| F|  |TAMS 0x000000008d900000, 0x000000008d900000| Untracked 
| 218|0x000000008da00000, 0x000000008da00000, 0x000000008db00000|  0%| F|  |TAMS 0x000000008da00000, 0x000000008da00000| Untracked 
| 219|0x000000008db00000, 0x000000008db00000, 0x000000008dc00000|  0%| F|  |TAMS 0x000000008db00000, 0x000000008db00000| Untracked 
| 220|0x000000008dc00000, 0x000000008dc00000, 0x000000008dd00000|  0%| F|  |TAMS 0x000000008dc00000, 0x000000008dc00000| Untracked 
| 221|0x000000008dd00000, 0x000000008dd9a540, 0x000000008de00000| 60%| S|CS|TAMS 0x000000008dd00000, 0x000000008dd00000| Complete 
| 222|0x000000008de00000, 0x000000008df00000, 0x000000008df00000|100%| S|CS|TAMS 0x000000008de00000, 0x000000008de00000| Complete 
| 223|0x000000008df00000, 0x000000008df00000, 0x000000008e000000|  0%| F|  |TAMS 0x000000008df00000, 0x000000008df00000| Untracked 
| 224|0x000000008e000000, 0x000000008e000000, 0x000000008e100000|  0%| F|  |TAMS 0x000000008e000000, 0x000000008e000000| Untracked 
| 225|0x000000008e100000, 0x000000008e100000, 0x000000008e200000|  0%| F|  |TAMS 0x000000008e100000, 0x000000008e100000| Untracked 
| 226|0x000000008e200000, 0x000000008e200000, 0x000000008e300000|  0%| F|  |TAMS 0x000000008e200000, 0x000000008e200000| Untracked 
| 227|0x000000008e300000, 0x000000008e400000, 0x000000008e400000|100%| E|  |TAMS 0x000000008e300000, 0x000000008e300000| Complete 
| 228|0x000000008e400000, 0x000000008e500000, 0x000000008e500000|100%| E|CS|TAMS 0x000000008e400000, 0x000000008e400000| Complete 
| 229|0x000000008e500000, 0x000000008e600000, 0x000000008e600000|100%| E|CS|TAMS 0x000000008e500000, 0x000000008e500000| Complete 
| 230|0x000000008e600000, 0x000000008e700000, 0x000000008e700000|100%| E|CS|TAMS 0x000000008e600000, 0x000000008e600000| Complete 
| 231|0x000000008e700000, 0x000000008e800000, 0x000000008e800000|100%| E|CS|TAMS 0x000000008e700000, 0x000000008e700000| Complete 
| 232|0x000000008e800000, 0x000000008e900000, 0x000000008e900000|100%| E|CS|TAMS 0x000000008e800000, 0x000000008e800000| Complete 
| 233|0x000000008e900000, 0x000000008ea00000, 0x000000008ea00000|100%| E|CS|TAMS 0x000000008e900000, 0x000000008e900000| Complete 
| 234|0x000000008ea00000, 0x000000008eb00000, 0x000000008eb00000|100%| E|CS|TAMS 0x000000008ea00000, 0x000000008ea00000| Complete 
| 235|0x000000008eb00000, 0x000000008ec00000, 0x000000008ec00000|100%| E|CS|TAMS 0x000000008eb00000, 0x000000008eb00000| Complete 
| 236|0x000000008ec00000, 0x000000008ed00000, 0x000000008ed00000|100%| E|CS|TAMS 0x000000008ec00000, 0x000000008ec00000| Complete 
| 237|0x000000008ed00000, 0x000000008ee00000, 0x000000008ee00000|100%| E|CS|TAMS 0x000000008ed00000, 0x000000008ed00000| Complete 

Card table byte_map: [0x0000026327740000,0x0000026327b40000] _byte_map_base: 0x0000026327340000

Marking Bits (Prev, Next): (CMBitMap*) 0x0000026312bfc320, (CMBitMap*) 0x0000026312bfc2e8
 Prev Bits: [0x0000026329f40000, 0x000002632bf40000)
 Next Bits: [0x0000026327f40000, 0x0000026329f40000)

Polling page: 0x0000026312ca0000

Metaspace:

Usage:
  Non-class:     86.70 MB capacity,    85.09 MB ( 98%) used,     1.35 MB (  2%) free+waste,   269.81 KB ( <1%) overhead. 
      Class:     12.72 MB capacity,    11.82 MB ( 93%) used,   804.85 KB (  6%) free+waste,   117.19 KB ( <1%) overhead. 
       Both:     99.42 MB capacity,    96.91 MB ( 97%) used,     2.13 MB (  2%) free+waste,   387.00 KB ( <1%) overhead. 

Virtual space:
  Non-class space:       88.00 MB reserved,      86.82 MB ( 99%) committed 
      Class space:        1.00 GB reserved,      12.75 MB (  1%) committed 
             Both:        1.09 GB reserved,      99.57 MB (  9%) committed 

Chunk freelists:
   Non-Class:  0 bytes
       Class:  30.00 KB
        Both:  30.00 KB

MaxMetaspaceSize: 17179869184.00 GB
CompressedClassSpaceSize: 1.00 GB

CodeHeap 'non-profiled nmethods': size=120064Kb used=11823Kb max_used=11823Kb free=108240Kb
 bounds [0x000002631f7d0000, 0x0000026320360000, 0x0000026326d10000]
CodeHeap 'profiled nmethods': size=120000Kb used=35237Kb max_used=35237Kb free=84762Kb
 bounds [0x00000263182a0000, 0x000002631a520000, 0x000002631f7d0000]
CodeHeap 'non-nmethods': size=5696Kb used=2287Kb max_used=2333Kb free=3408Kb
 bounds [0x0000026317d10000, 0x0000026317f80000, 0x00000263182a0000]
 total_blobs=16762 nmethods=15873 adapters=799
 compilation: enabled
              stopped_count=0, restarted_count=0
 full_count=0

Compilation events (20 events):
Event: 7110.700 Thread 0x000002632e5ae800 nmethod 16701 0x000002631a502090 code [0x000002631a502280, 0x000002631a5026f8]
Event: 7110.700 Thread 0x000002632e5ae800 16702       3       com.sun.tools.javac.code.Types$TypeMapping::visit (12 bytes)
Event: 7110.701 Thread 0x000002632e5ae800 nmethod 16702 0x000002631a502890 code [0x000002631a502aa0, 0x000002631a503048]
Event: 7110.701 Thread 0x000002632e5ae800 16704       3       com.sun.tools.javac.jvm.ClassReader::readName (55 bytes)
Event: 7110.701 Thread 0x000002632e5ae800 nmethod 16704 0x000002631a503290 code [0x000002631a5034e0, 0x000002631a504128]
Event: 7110.701 Thread 0x000002632e5ae800 16706       3       com.sun.tools.javac.jvm.ClassReader$AnnotationDeproxy::deproxyCompoundList (46 bytes)
Event: 7110.702 Thread 0x000002632e5ae800 nmethod 16706 0x000002631a504490 code [0x000002631a5046c0, 0x000002631a504ef8]
Event: 7110.702 Thread 0x000002632e5ae800 16705   !   3       com.sun.tools.javac.jvm.ClassReader$AttributeReader::accepts (214 bytes)
Event: 7110.703 Thread 0x000002632e5ae800 nmethod 16705 0x000002631a505190 code [0x000002631a505480, 0x000002631a506828]
Event: 7110.703 Thread 0x000002632e5ae800 16703       3       com.sun.tools.javac.code.Types$TypeMapping$$Lambda$1035/0x0000000100c29c40::get$Lambda (10 bytes)
Event: 7110.703 Thread 0x000002632e5ae800 nmethod 16703 0x000002631a506f90 code [0x000002631a507160, 0x000002631a507418]
Event: 7110.748 Thread 0x000002632e5ae800 16707       3       org.gradle.internal.classloader.FilteringClassLoader::allowed (30 bytes)
Event: 7110.748 Thread 0x000002632e5ae800 nmethod 16707 0x000002631a507510 code [0x000002631a5076e0, 0x000002631a5079f8]
Event: 7110.749 Thread 0x000002632e5aa000 16708       4       java.lang.String::replace (149 bytes)
Event: 7110.770 Thread 0x000002632e5ae800 16709       3       java.io.FileInputStream::read (8 bytes)
Event: 7110.770 Thread 0x000002632e5ae800 nmethod 16709 0x000002631a507b90 code [0x000002631a507d40, 0x000002631a507e68]
Event: 7110.772 Thread 0x000002632e5ae800 16710 %     3       org.sqlite.SQLiteJDBCLoader::contentsEquals @ 37 (78 bytes)
Event: 7110.772 Thread 0x000002632e5ae800 nmethod 16710% 0x000002631a507f10 code [0x000002631a508160, 0x000002631a508bb8]
Event: 7110.772 Thread 0x000002632e5ae800 16711       3       org.sqlite.SQLiteJDBCLoader::contentsEquals (78 bytes)
Event: 7110.773 Thread 0x000002632e5ae800 nmethod 16711 0x000002631a508e90 code [0x000002631a5090e0, 0x000002631a509ab8]

GC Heap History (20 events):
Event: 7107.082 GC heap before
{Heap before GC invocations=69 (full 0):
 garbage-first heap   total 189440K, used 135272K [0x0000000080000000, 0x0000000100000000)
  region size 1024K, 9 young (9216K), 5 survivors (5120K)
 Metaspace       used 92849K, capacity 95350K, committed 95432K, reserved 1132544K
  class space    used 11495K, capacity 12362K, committed 12416K, reserved 1048576K
}
Event: 7107.089 GC heap after
{Heap after GC invocations=70 (full 0):
 garbage-first heap   total 189440K, used 133654K [0x0000000080000000, 0x0000000100000000)
  region size 1024K, 2 young (2048K), 2 survivors (2048K)
 Metaspace       used 92849K, capacity 95350K, committed 95432K, reserved 1132544K
  class space    used 11495K, capacity 12362K, committed 12416K, reserved 1048576K
}
Event: 7107.104 GC heap before
{Heap before GC invocations=70 (full 0):
 garbage-first heap   total 189440K, used 134678K [0x0000000080000000, 0x0000000100000000)
  region size 1024K, 4 young (4096K), 2 survivors (2048K)
 Metaspace       used 92849K, capacity 95350K, committed 95432K, reserved 1132544K
  class space    used 11495K, capacity 12362K, committed 12416K, reserved 1048576K
}
Event: 7107.108 GC heap after
{Heap after GC invocations=71 (full 0):
 garbage-first heap   total 189440K, used 134404K [0x0000000080000000, 0x0000000100000000)
  region size 1024K, 3 young (3072K), 3 survivors (3072K)
 Metaspace       used 92849K, capacity 95350K, committed 95432K, reserved 1132544K
  class space    used 11495K, capacity 12362K, committed 12416K, reserved 1048576K
}
Event: 7108.180 GC heap before
{Heap before GC invocations=72 (full 0):
 garbage-first heap   total 189440K, used 161028K [0x0000000080000000, 0x0000000100000000)
  region size 1024K, 25 young (25600K), 3 survivors (3072K)
 Metaspace       used 93385K, capacity 96022K, committed 96328K, reserved 1132544K
  class space    used 11537K, capacity 12436K, committed 12544K, reserved 1048576K
}
Event: 7108.188 GC heap after
{Heap after GC invocations=73 (full 0):
 garbage-first heap   total 189440K, used 142415K [0x0000000080000000, 0x0000000100000000)
  region size 1024K, 4 young (4096K), 4 survivors (4096K)
 Metaspace       used 93385K, capacity 96022K, committed 96328K, reserved 1132544K
  class space    used 11537K, capacity 12436K, committed 12544K, reserved 1048576K
}
Event: 7108.282 GC heap before
{Heap before GC invocations=73 (full 0):
 garbage-first heap   total 189440K, used 147535K [0x0000000080000000, 0x0000000100000000)
  region size 1024K, 9 young (9216K), 4 survivors (4096K)
 Metaspace       used 93409K, capacity 96023K, committed 96328K, reserved 1132544K
  class space    used 11537K, capacity 12436K, committed 12544K, reserved 1048576K
}
Event: 7108.290 GC heap after
{Heap after GC invocations=74 (full 0):
 garbage-first heap   total 189440K, used 142968K [0x0000000080000000, 0x0000000100000000)
  region size 1024K, 2 young (2048K), 2 survivors (2048K)
 Metaspace       used 93409K, capacity 96023K, committed 96328K, reserved 1132544K
  class space    used 11537K, capacity 12436K, committed 12544K, reserved 1048576K
}
Event: 7108.486 GC heap before
{Heap before GC invocations=74 (full 0):
 garbage-first heap   total 189440K, used 158328K [0x0000000080000000, 0x0000000100000000)
  region size 1024K, 17 young (17408K), 2 survivors (2048K)
 Metaspace       used 93848K, capacity 96455K, committed 96584K, reserved 1134592K
  class space    used 11567K, capacity 12450K, committed 12544K, reserved 1048576K
}
Event: 7108.496 GC heap after
{Heap after GC invocations=75 (full 0):
 garbage-first heap   total 189440K, used 146987K [0x0000000080000000, 0x0000000100000000)
  region size 1024K, 3 young (3072K), 3 survivors (3072K)
 Metaspace       used 93848K, capacity 96455K, committed 96584K, reserved 1134592K
  class space    used 11567K, capacity 12450K, committed 12544K, reserved 1048576K
}
Event: 7108.700 GC heap before
{Heap before GC invocations=75 (full 0):
 garbage-first heap   total 189440K, used 160299K [0x0000000080000000, 0x0000000100000000)
  region size 1024K, 16 young (16384K), 3 survivors (3072K)
 Metaspace       used 94066K, capacity 96725K, committed 96840K, reserved 1134592K
  class space    used 11578K, capacity 12492K, committed 12544K, reserved 1048576K
}
Event: 7108.710 GC heap after
{Heap after GC invocations=76 (full 0):
 garbage-first heap   total 189440K, used 149874K [0x0000000080000000, 0x0000000100000000)
  region size 1024K, 2 young (2048K), 2 survivors (2048K)
 Metaspace       used 94066K, capacity 96725K, committed 96840K, reserved 1134592K
  class space    used 11578K, capacity 12492K, committed 12544K, reserved 1048576K
}
Event: 7108.816 GC heap before
{Heap before GC invocations=76 (full 0):
 garbage-first heap   total 189440K, used 161138K [0x0000000080000000, 0x0000000100000000)
  region size 1024K, 13 young (13312K), 2 survivors (2048K)
 Metaspace       used 94099K, capacity 96727K, committed 96840K, reserved 1134592K
  class space    used 11578K, capacity 12492K, committed 12544K, reserved 1048576K
}
Event: 7108.826 GC heap after
{Heap after GC invocations=77 (full 0):
 garbage-first heap   total 243712K, used 151787K [0x0000000080000000, 0x0000000100000000)
  region size 1024K, 2 young (2048K), 2 survivors (2048K)
 Metaspace       used 94099K, capacity 96727K, committed 96840K, reserved 1134592K
  class space    used 11578K, capacity 12492K, committed 12544K, reserved 1048576K
}
Event: 7109.368 GC heap before
{Heap before GC invocations=78 (full 0):
 garbage-first heap   total 243712K, used 194795K [0x0000000080000000, 0x0000000100000000)
  region size 1024K, 44 young (45056K), 2 survivors (2048K)
 Metaspace       used 94175K, capacity 96794K, committed 97096K, reserved 1134592K
  class space    used 11578K, capacity 12492K, committed 12544K, reserved 1048576K
}
Event: 7109.410 GC heap after
{Heap after GC invocations=79 (full 0):
 garbage-first heap   total 243712K, used 177064K [0x0000000080000000, 0x0000000100000000)
  region size 1024K, 6 young (6144K), 6 survivors (6144K)
 Metaspace       used 94175K, capacity 96794K, committed 97096K, reserved 1134592K
  class space    used 11578K, capacity 12492K, committed 12544K, reserved 1048576K
}
Event: 7109.595 GC heap before
{Heap before GC invocations=79 (full 0):
 garbage-first heap   total 243712K, used 196520K [0x0000000080000000, 0x0000000100000000)
  region size 1024K, 25 young (25600K), 6 survivors (6144K)
 Metaspace       used 94547K, capacity 97146K, committed 97352K, reserved 1134592K
  class space    used 11600K, capacity 12499K, committed 12544K, reserved 1048576K
}
Event: 7109.625 GC heap after
{Heap after GC invocations=80 (full 0):
 garbage-first heap   total 243712K, used 185344K [0x0000000080000000, 0x0000000100000000)
  region size 1024K, 4 young (4096K), 4 survivors (4096K)
 Metaspace       used 94547K, capacity 97146K, committed 97352K, reserved 1134592K
  class space    used 11600K, capacity 12499K, committed 12544K, reserved 1048576K
}
Event: 7110.522 GC heap before
{Heap before GC invocations=80 (full 0):
 garbage-first heap   total 243712K, used 194560K [0x0000000080000000, 0x0000000100000000)
  region size 1024K, 19 young (19456K), 4 survivors (4096K)
 Metaspace       used 96924K, capacity 99488K, committed 99656K, reserved 1136640K
  class space    used 11842K, capacity 12723K, committed 12800K, reserved 1048576K
}
Event: 7110.533 GC heap after
{Heap after GC invocations=81 (full 0):
 garbage-first heap   total 243712K, used 182889K [0x0000000080000000, 0x0000000100000000)
  region size 1024K, 2 young (2048K), 2 survivors (2048K)
 Metaspace       used 96924K, capacity 99488K, committed 99656K, reserved 1136640K
  class space    used 11842K, capacity 12723K, committed 12800K, reserved 1048576K
}

Deoptimization events (20 events):
Event: 7110.619 Thread 0x0000026331a15800 DEOPT PACKING pc=0x000002631fe46b8c sp=0x000000b96e6f84c0
Event: 7110.619 Thread 0x0000026331a15800 DEOPT UNPACKING pc=0x0000026317d3742f sp=0x000000b96e6f8470 mode 2
Event: 7110.687 Thread 0x0000026331a15800 DEOPT PACKING pc=0x000002631a399794 sp=0x000000b96e6f8800
Event: 7110.687 Thread 0x0000026331a15800 DEOPT UNPACKING pc=0x0000026317d3724e sp=0x000000b96e6f7d88 mode 0
Event: 7110.733 Thread 0x0000026331a15800 Uncommon trap: trap_request=0xffffffde fr.pc=0x000002632022eb38 relative=0x00000000000000f8
Event: 7110.733 Thread 0x0000026331a15800 Uncommon trap: reason=class_check action=maybe_recompile pc=0x000002632022eb38 method=java.util.regex.Pattern$CharPredicate.lambda$negate$3(I)Z @ 2 c2
Event: 7110.733 Thread 0x0000026331a15800 DEOPT PACKING pc=0x000002632022eb38 sp=0x000000b96e6f8a40
Event: 7110.733 Thread 0x0000026331a15800 DEOPT UNPACKING pc=0x0000026317d3742f sp=0x000000b96e6f8960 mode 2
Event: 7110.733 Thread 0x0000026331a15800 Uncommon trap: trap_request=0xffffffde fr.pc=0x000002632022eb38 relative=0x00000000000000f8
Event: 7110.733 Thread 0x0000026331a15800 Uncommon trap: reason=class_check action=maybe_recompile pc=0x000002632022eb38 method=java.util.regex.Pattern$CharPredicate.lambda$negate$3(I)Z @ 2 c2
Event: 7110.733 Thread 0x0000026331a15800 DEOPT PACKING pc=0x000002632022eb38 sp=0x000000b96e6f8a40
Event: 7110.733 Thread 0x0000026331a15800 DEOPT UNPACKING pc=0x0000026317d3742f sp=0x000000b96e6f8960 mode 2
Event: 7110.733 Thread 0x0000026331a15800 Uncommon trap: trap_request=0xffffffde fr.pc=0x000002632022eb38 relative=0x00000000000000f8
Event: 7110.733 Thread 0x0000026331a15800 Uncommon trap: reason=class_check action=maybe_recompile pc=0x000002632022eb38 method=java.util.regex.Pattern$CharPredicate.lambda$negate$3(I)Z @ 2 c2
Event: 7110.733 Thread 0x0000026331a15800 DEOPT PACKING pc=0x000002632022eb38 sp=0x000000b96e6f8a40
Event: 7110.733 Thread 0x0000026331a15800 DEOPT UNPACKING pc=0x0000026317d3742f sp=0x000000b96e6f8960 mode 2
Event: 7110.733 Thread 0x0000026331a15800 Uncommon trap: trap_request=0xffffffde fr.pc=0x000002632022eb38 relative=0x00000000000000f8
Event: 7110.733 Thread 0x0000026331a15800 Uncommon trap: reason=class_check action=maybe_recompile pc=0x000002632022eb38 method=java.util.regex.Pattern$CharPredicate.lambda$negate$3(I)Z @ 2 c2
Event: 7110.733 Thread 0x0000026331a15800 DEOPT PACKING pc=0x000002632022eb38 sp=0x000000b96e6f8a40
Event: 7110.733 Thread 0x0000026331a15800 DEOPT UNPACKING pc=0x0000026317d3742f sp=0x000000b96e6f8960 mode 2

Classes redefined (0 events):
No events

Internal exceptions (20 events):
Event: 7097.087 Thread 0x0000026331a15800 Exception <a 'java/lang/NoSuchMethodError'{0x0000000087a3d798}: <clinit>> (0x0000000087a3d798) thrown at [./src/hotspot/share/prims/jni.cpp, line 1362]
Event: 7097.089 Thread 0x0000026331a15800 Exception <a 'java/lang/NoSuchMethodError'{0x0000000087a73480}: <clinit>> (0x0000000087a73480) thrown at [./src/hotspot/share/prims/jni.cpp, line 1362]
Event: 7097.843 Thread 0x0000026331a14800 Exception <a 'java/lang/NoSuchMethodError'{0x00000000878e3018}: 'void java.lang.invoke.DirectMethodHandle$Holder.invokeStatic(java.lang.Object, long)'> (0x00000000878e3018) thrown at [./src/hotspot/share/interpreter/linkResolver.cpp, line 773]
Event: 7097.844 Thread 0x0000026331a14800 Exception <a 'java/lang/NoSuchMethodError'{0x00000000878e8230}: 'java.lang.Object java.lang.invoke.DirectMethodHandle$Holder.invokeStatic(java.lang.Object, long)'> (0x00000000878e8230) thrown at [./src/hotspot/share/interpreter/linkResolver.cpp, line 773]
Event: 7097.846 Thread 0x0000026331a14800 Exception <a 'java/lang/NoSuchMethodError'{0x00000000878f8820}: 'java.lang.Object java.lang.invoke.DirectMethodHandle$Holder.invokeStaticInit(java.lang.Object, java.lang.Object, long, java.lang.Object)'> (0x00000000878f8820) thrown at [./src/hotspot/share/interpreter/linkResolver.cpp, line 773]
Event: 7097.846 Thread 0x0000026331a14800 Exception <a 'java/lang/NoSuchMethodError'{0x00000000878fe710}: 'java.lang.Object java.lang.invoke.DirectMethodHandle$Holder.invokeStatic(java.lang.Object, java.lang.Object, long)'> (0x00000000878fe710) thrown at [./src/hotspot/share/interpreter/linkResolver.cpp, line 773]
Event: 7097.846 Thread 0x0000026331a14800 Exception <a 'java/lang/NoSuchMethodError'{0x0000000087705138}: 'java.lang.Object java.lang.invoke.Invokers$Holder.linkToTargetMethod(java.lang.Object, long, java.lang.Object)'> (0x0000000087705138) thrown at [./src/hotspot/share/interpreter/linkResolver.cpp, line 773]
Event: 7098.273 Thread 0x0000026331a14800 Exception <a 'java/lang/NoSuchMethodError'{0x000000008b842718}: 'int java.lang.invoke.DirectMethodHandle$Holder.invokeSpecialIFC(java.lang.Object, java.lang.Object, java.lang.Object)'> (0x000000008b842718) thrown at [./src/hotspot/share/interpreter/linkResolver.cpp, line 773]
Event: 7102.526 Thread 0x0000026331a15800 Implicit null exception at 0x0000026320234dcc to 0x0000026320238a68
Event: 7102.526 Thread 0x00000263356ef000 Implicit null exception at 0x00000263200c37b8 to 0x00000263200c9a4c
Event: 7102.542 Thread 0x0000026331a15800 Exception <a 'sun/nio/fs/WindowsException'{0x000000008b3d36f8}> (0x000000008b3d36f8) thrown at [./src/hotspot/share/prims/jni.cpp, line 615]
Event: 7102.543 Thread 0x0000026331a15800 Exception <a 'sun/nio/fs/WindowsException'{0x000000008b3d4058}> (0x000000008b3d4058) thrown at [./src/hotspot/share/prims/jni.cpp, line 615]
Event: 7102.545 Thread 0x0000026331a15800 Exception <a 'sun/nio/fs/WindowsException'{0x000000008b210648}> (0x000000008b210648) thrown at [./src/hotspot/share/prims/jni.cpp, line 615]
Event: 7102.546 Thread 0x0000026331a15800 Exception <a 'sun/nio/fs/WindowsException'{0x000000008b210fa8}> (0x000000008b210fa8) thrown at [./src/hotspot/share/prims/jni.cpp, line 615]
Event: 7104.164 Thread 0x0000026331a15800 Implicit null exception at 0x000002631ffebfdc to 0x000002631ffec704
Event: 7105.362 Thread 0x0000026331a15800 Exception <a 'java/lang/NoSuchMethodError'{0x0000000088282ba8}: 'java.lang.Object java.lang.invoke.Invokers$Holder.linkToTargetMethod(java.lang.Object, java.lang.Object, java.lang.Object, int, int, java.lang.Object)'> (0x0000000088282ba8) thrown at [./src/hotspot/share/interpreter/linkResolver.cpp, line 773]
Event: 7105.427 Thread 0x0000026331a15800 Exception <a 'java/lang/NoSuchMethodError'{0x0000000087f45670}: 'int java.lang.invoke.DirectMethodHandle$Holder.invokeVirtual(java.lang.Object, java.lang.Object, java.lang.Object)'> (0x0000000087f45670) thrown at [./src/hotspot/share/interpreter/linkResolver.cpp, line 773]
Event: 7105.579 Thread 0x0000026331a15800 Implicit null exception at 0x000002631fba1dd5 to 0x000002631fba25fc
Event: 7107.150 Thread 0x0000026331a15800 Exception <a 'sun/nio/fs/WindowsException'{0x000000008b14cd78}> (0x000000008b14cd78) thrown at [./src/hotspot/share/prims/jni.cpp, line 615]
Event: 7107.150 Thread 0x0000026331a15800 Exception <a 'sun/nio/fs/WindowsException'{0x000000008b14ce80}> (0x000000008b14ce80) thrown at [./src/hotspot/share/prims/jni.cpp, line 615]

Events (20 events):
Event: 7110.698 loading class androidx/room/vo/EntityOrView
Event: 7110.698 loading class androidx/room/vo/EntityOrView done
Event: 7110.699 loading class androidx/room/vo/Entity$createTableQuery$2
Event: 7110.699 loading class androidx/room/vo/Entity$createTableQuery$2 done
Event: 7110.699 loading class androidx/room/vo/FtsEntity
Event: 7110.699 loading class androidx/room/vo/FtsEntity done
Event: 7110.701 loading class androidx/room/processor/QueryInterpreter
Event: 7110.701 loading class androidx/room/processor/QueryInterpreter done
Event: 7110.702 loading class androidx/room/SkipQueryVerification
Event: 7110.702 loading class androidx/room/SkipQueryVerification done
Event: 7110.703 loading class androidx/room/verifier/DatabaseVerifier
Event: 7110.703 loading class androidx/room/verifier/DatabaseVerifier done
Event: 7110.703 loading class androidx/room/verifier/DatabaseVerifier$Companion
Event: 7110.703 loading class androidx/room/verifier/DatabaseVerifier$Companion done
Event: 7110.704 loading class org/sqlite/SQLiteJDBCLoader
Event: 7110.704 loading class org/sqlite/SQLiteJDBCLoader done
Event: 7110.731 loading class org/sqlite/SQLiteJDBCLoader$1
Event: 7110.731 loading class org/sqlite/SQLiteJDBCLoader$1 done
Event: 7110.746 loading class org/sqlite/util/OSInfo
Event: 7110.746 loading class org/sqlite/util/OSInfo done


Dynamic libraries:
0x00007ff6c17f0000 - 0x00007ff6c17fa000 	C:\Program Files\Android\Android Studio\jre\bin\java.exe
0x00007ffdbfbb0000 - 0x00007ffdbfda5000 	C:\WINDOWS\SYSTEM32\ntdll.dll
0x00007ffdbf740000 - 0x00007ffdbf7fd000 	C:\WINDOWS\System32\KERNEL32.DLL
0x00007ffdbd920000 - 0x00007ffdbdbe8000 	C:\WINDOWS\System32\KERNELBASE.dll
0x00007ffdbd500000 - 0x00007ffdbd600000 	C:\WINDOWS\System32\ucrtbase.dll
0x00007ffd998c0000 - 0x00007ffd998d7000 	C:\Program Files\Android\Android Studio\jre\bin\VCRUNTIME140.dll
0x00007ffd8b630000 - 0x00007ffd8b649000 	C:\Program Files\Android\Android Studio\jre\bin\jli.dll
0x00007ffdbe410000 - 0x00007ffdbe5b0000 	C:\WINDOWS\System32\USER32.dll
0x00007ffdbdbf0000 - 0x00007ffdbdc12000 	C:\WINDOWS\System32\win32u.dll
0x00007ffdbfa90000 - 0x00007ffdbfaba000 	C:\WINDOWS\System32\GDI32.dll
0x00007ffdbd810000 - 0x00007ffdbd91b000 	C:\WINDOWS\System32\gdi32full.dll
0x00007ffdbd410000 - 0x00007ffdbd4ad000 	C:\WINDOWS\System32\msvcp_win.dll
0x00007ffdaee00000 - 0x00007ffdaf09a000 	C:\WINDOWS\WinSxS\amd64_microsoft.windows.common-controls_6595b64144ccf1df_6.0.19041.1052_none_60b8f8fd71f5e8cb\COMCTL32.dll
0x00007ffdbf870000 - 0x00007ffdbf90e000 	C:\WINDOWS\System32\msvcrt.dll
0x00007ffdbe060000 - 0x00007ffdbe090000 	C:\WINDOWS\System32\IMM32.DLL
0x00007ffd7d510000 - 0x00007ffd7d5ad000 	C:\Program Files\Android\Android Studio\jre\bin\msvcp140.dll
0x00007ffd87e70000 - 0x00007ffd8892c000 	C:\Program Files\Android\Android Studio\jre\bin\server\jvm.dll
0x00007ffdbfac0000 - 0x00007ffdbfb6c000 	C:\WINDOWS\System32\ADVAPI32.dll
0x00007ffdbe6e0000 - 0x00007ffdbe77b000 	C:\WINDOWS\System32\sechost.dll
0x00007ffdbe2e0000 - 0x00007ffdbe40b000 	C:\WINDOWS\System32\RPCRT4.dll
0x00007ffdbf910000 - 0x00007ffdbf918000 	C:\WINDOWS\System32\PSAPI.DLL
0x00007ffdac460000 - 0x00007ffdac469000 	C:\WINDOWS\SYSTEM32\WSOCK32.dll
0x00007ffdbf800000 - 0x00007ffdbf86b000 	C:\WINDOWS\System32\WS2_32.dll
0x00007ffdb1eb0000 - 0x00007ffdb1ed7000 	C:\WINDOWS\SYSTEM32\WINMM.dll
0x00007ffdb3de0000 - 0x00007ffdb3dea000 	C:\WINDOWS\SYSTEM32\VERSION.dll
0x00007ffdbb260000 - 0x00007ffdbb272000 	C:\WINDOWS\SYSTEM32\kernel.appcore.dll
0x00007ffd968f0000 - 0x00007ffd96901000 	C:\Program Files\Android\Android Studio\jre\bin\verify.dll
0x00007ffdaba90000 - 0x00007ffdabc74000 	C:\WINDOWS\SYSTEM32\DBGHELP.DLL
0x00007ffdabd80000 - 0x00007ffdabdac000 	C:\WINDOWS\SYSTEM32\dbgcore.DLL
0x00007ffdbd350000 - 0x00007ffdbd3d3000 	C:\WINDOWS\System32\bcryptPrimitives.dll
0x00007ffd93ff0000 - 0x00007ffd94019000 	C:\Program Files\Android\Android Studio\jre\bin\java.dll
0x00007ffdab9c0000 - 0x00007ffdab9cb000 	C:\Program Files\Android\Android Studio\jre\bin\jimage.dll
0x00007ffd93da0000 - 0x00007ffd93db8000 	C:\Program Files\Android\Android Studio\jre\bin\zip.dll
0x00007ffdbe7a0000 - 0x00007ffdbeedf000 	C:\WINDOWS\System32\SHELL32.dll
0x00007ffdbb460000 - 0x00007ffdbbbf0000 	C:\WINDOWS\SYSTEM32\windows.storage.dll
0x00007ffdbdd00000 - 0x00007ffdbe055000 	C:\WINDOWS\System32\combase.dll
0x00007ffdbcc90000 - 0x00007ffdbccbc000 	C:\WINDOWS\SYSTEM32\Wldp.dll
0x00007ffdbf690000 - 0x00007ffdbf73e000 	C:\WINDOWS\System32\SHCORE.dll
0x00007ffdbf090000 - 0x00007ffdbf0e5000 	C:\WINDOWS\System32\shlwapi.dll
0x00007ffdbd230000 - 0x00007ffdbd24f000 	C:\WINDOWS\SYSTEM32\profapi.dll
0x00007ffd92e70000 - 0x00007ffd92e8a000 	C:\Program Files\Android\Android Studio\jre\bin\net.dll
0x00007ffdb7d10000 - 0x00007ffdb7e1b000 	C:\WINDOWS\SYSTEM32\WINHTTP.dll
0x00007ffdbca00000 - 0x00007ffdbca6a000 	C:\WINDOWS\system32\mswsock.dll
0x00007ffd92330000 - 0x00007ffd92344000 	C:\Program Files\Android\Android Studio\jre\bin\nio.dll
0x00007ffda5f10000 - 0x00007ffda5f37000 	C:\Users\infinity\.gradle\native\f6784746aeab05261644944871eae4fe03e0ef1612fff0a4a95f87b438bc6780\windows-amd64\native-platform.dll
0x00007ffda7880000 - 0x00007ffda788a000 	C:\Program Files\Android\Android Studio\jre\bin\management.dll
0x00007ffda7320000 - 0x00007ffda732c000 	C:\Program Files\Android\Android Studio\jre\bin\management_ext.dll
0x00007ffdbcbe0000 - 0x00007ffdbcbf8000 	C:\WINDOWS\SYSTEM32\CRYPTSP.dll
0x00007ffdbc3a0000 - 0x00007ffdbc3d4000 	C:\WINDOWS\system32\rsaenh.dll
0x00007ffdbd3e0000 - 0x00007ffdbd407000 	C:\WINDOWS\System32\bcrypt.dll
0x00007ffdbd1b0000 - 0x00007ffdbd1de000 	C:\WINDOWS\SYSTEM32\USERENV.dll
0x00007ffdbcbd0000 - 0x00007ffdbcbdc000 	C:\WINDOWS\SYSTEM32\CRYPTBASE.dll
0x00007ffdbc6f0000 - 0x00007ffdbc72b000 	C:\WINDOWS\SYSTEM32\IPHLPAPI.DLL
0x00007ffdbe6d0000 - 0x00007ffdbe6d8000 	C:\WINDOWS\System32\NSI.dll
0x00007ffdb6e80000 - 0x00007ffdb6e97000 	C:\WINDOWS\SYSTEM32\dhcpcsvc6.DLL
0x00007ffdb6e40000 - 0x00007ffdb6e5d000 	C:\WINDOWS\SYSTEM32\dhcpcsvc.DLL
0x00007ffdbc730000 - 0x00007ffdbc7fc000 	C:\WINDOWS\SYSTEM32\DNSAPI.dll
0x00007ffdb72a0000 - 0x00007ffdb72ab000 	C:\WINDOWS\SYSTEM32\WINNSI.DLL
0x0000000066e00000 - 0x0000000066f03000 	C:\Users\infinity\AppData\Local\Temp\sqlite-3.25.2-7bdec246-3bbe-4f8e-b613-e69416f61562-sqlitejdbc.dll

dbghelp: loaded successfully - version: 4.0.5 - missing functions: none
symbol engine: initialized successfully - sym options: 0x614 - pdb path: .;C:\Program Files\Android\Android Studio\jre\bin;C:\WINDOWS\SYSTEM32;C:\WINDOWS\WinSxS\amd64_microsoft.windows.common-controls_6595b64144ccf1df_6.0.19041.1052_none_60b8f8fd71f5e8cb;C:\Program Files\Android\Android Studio\jre\bin\server;C:\Users\infinity\.gradle\native\f6784746aeab05261644944871eae4fe03e0ef1612fff0a4a95f87b438bc6780\windows-amd64;C:\Users\infinity\AppData\Local\Temp

VM Arguments:
jvm_args: --add-opens=java.base/java.util=ALL-UNNAMED --add-opens=java.base/java.lang=ALL-UNNAMED --add-opens=java.base/java.lang.invoke=ALL-UNNAMED --add-opens=java.prefs/java.util.prefs=ALL-UNNAMED -Xmx2048m -Dfile.encoding=UTF-8 -Duser.country=IN -Duser.language=en -Duser.variant 
java_command: org.gradle.launcher.daemon.bootstrap.GradleDaemon 6.5
java_class_path (initial): C:\Users\infinity\.gradle\wrapper\dists\gradle-6.5-bin\6nifqtx7604sqp1q6g8wikw7p\gradle-6.5\lib\gradle-launcher-6.5.jar
Launcher Type: SUN_STANDARD

[Global flags]
     intx CICompilerCount                          = 3                                         {product} {ergonomic}
     uint ConcGCThreads                            = 1                                         {product} {ergonomic}
     uint G1ConcRefinementThreads                  = 4                                         {product} {ergonomic}
   size_t G1HeapRegionSize                         = 1048576                                   {product} {ergonomic}
    uintx GCDrainStackTargetSize                   = 64                                        {product} {ergonomic}
   size_t InitialHeapSize                          = 134217728                                 {product} {ergonomic}
   size_t MarkStackSize                            = 4194304                                   {product} {ergonomic}
   size_t MaxHeapSize                              = 2147483648                                {product} {command line}
   size_t MaxNewSize                               = 1287651328                                {product} {ergonomic}
   size_t MinHeapDeltaBytes                        = 1048576                                   {product} {ergonomic}
    uintx NonNMethodCodeHeapSize                   = 5830732                                {pd product} {ergonomic}
    uintx NonProfiledCodeHeapSize                  = 122913754                              {pd product} {ergonomic}
    uintx ProfiledCodeHeapSize                     = 122913754                              {pd product} {ergonomic}
    uintx ReservedCodeCacheSize                    = 251658240                              {pd product} {ergonomic}
     bool SegmentedCodeCache                       = true                                      {product} {ergonomic}
     bool UseCompressedClassPointers               = true                                 {lp64_product} {ergonomic}
     bool UseCompressedOops                        = true                                 {lp64_product} {ergonomic}
     bool UseG1GC                                  = true                                      {product} {ergonomic}
     bool UseLargePagesIndividualAllocation        = false                                  {pd product} {ergonomic}

Logging:
Log output configuration:
 #0: stdout all=warning uptime,level,tags
 #1: stderr all=off uptime,level,tags

Environment Variables:
JAVA_HOME=C:\Program Files\Java\jdk1.8.0_211
CLASSPATH=.;
PATH=C:\Windows\system32;C:\Windows;C:\Windows\System32\Wbem;C:\Windows\System32\WindowsPowerShell\v1.0\;C:\Windows\System32\OpenSSH\;C:\Program Files\Git\cmd;C:\Users\infinity\AppData\Local\Microsoft\WindowsApps;C:\adb;C:\ProgramData\chocolatey\bin;C:\Program Files\nodejs\;C:\Program Files\Java\jdk1.8.0_211\bin;C:\Program Files\Microsoft SQL Server\Client SDK\ODBC\170\Tools\Binn\;C:\Program Files\Azure Data Studio\bin;C:\Program Files (x86)\Microsoft SQL Server\150\Tools\Binn\;C:\Program Files\Microsoft SQL Server\150\Tools\Binn\;C:\Program Files\Microsoft SQL Server\150\DTS\Binn\;%SystemRoot%\system32;%SystemRoot%;%SystemRoot%\System32\Wbem;%SYSTEMROOT%\System32\WindowsPowerShell\v1.0\;%SYSTEMROOT%\System32\OpenSSH\;C:\Users\infinity\AppData\Local\Microsoft\WindowsApps;C:\Users\infinity\AppData\Roaming\npm;C:\Users\infinity\Downloads\flutter_windows_1.22.6-stable\flutter\bin;C:\Program Files\Azure Data Studio\bin;;C:\Users\infinity\AppData\Local\Programs\Microsoft VS Code\bin
USERNAME=infinity
OS=Windows_NT
PROCESSOR_IDENTIFIER=Intel64 Family 6 Model 42 Stepping 7, GenuineIntel



---------------  S Y S T E M  ---------------

OS: Windows 10 , 64 bit Build 19041 (10.0.19041.1023)
OS uptime: 5 days 3:01 hours

CPU:total 4 (initial active 4) (4 cores per cpu, 1 threads per core) family 6 model 42 stepping 7, cmov, cx8, fxsr, mmx, sse, sse2, sse3, ssse3, sse4.1, sse4.2, popcnt, avx, aes, clmul, tsc, tscinvbit

Memory: 4k page, system-wide physical 8064M (335M free)
TotalPageFile size 14765M (AvailPageFile size 3M)
current process WorkingSet (physical memory assigned to process): 454M, peak: 454M
current process commit charge ("private bytes"): 565M, peak: 565M

vm_info: OpenJDK 64-Bit Server VM (11.0.8+10-b944.6842174) for windows-amd64 JRE (11.0.8+10-b944.6842174), built on Sep 19 2020 01:11:42 by "builder" with MS VC++ 14.0 (VS2015)

END.
