#
# There is insufficient memory for the Java Runtime Environment to continue.
# Native memory allocation (mmap) failed to map 59768832 bytes for Failed to commit area from 0x0000000091200000 to 0x0000000094b00000 of length 59768832.
# Possible reasons:
#   The system is out of physical RAM or swap space
#   The process is running with CompressedOops enabled, and the Java Heap may be blocking the growth of the native heap
# Possible solutions:
#   Reduce memory load on the system
#   Increase physical memory or swap space
#   Check if swap backing store is full
#   Decrease Java heap size (-Xmx/-Xms)
#   Decrease number of Java threads
#   Decrease Java thread stack sizes (-Xss)
#   Set larger code cache with -XX:ReservedCodeCacheSize=
#   JVM is running with Unscaled Compressed Oops mode in which the Java heap is
#     placed in the first 4GB address space. The Java Heap base address is the
#     maximum limit for the native heap growth. Please use -XX:HeapBaseMinAddress
#     to set the Java Heap base and to place the Java Heap above 4GB virtual address.
# This output file may be truncated or incomplete.
#
#  Out of Memory Error (./src/hotspot/os/windows/os_windows.cpp:3303), pid=22956, tid=20860
#
# JRE version: OpenJDK Runtime Environment (11.0.8+10) (build 11.0.8+10-b944.6842174)
# Java VM: OpenJDK 64-Bit Server VM (11.0.8+10-b944.6842174, mixed mode, tiered, compressed oops, g1 gc, windows-amd64)
# No core dump will be written. Minidumps are not enabled by default on client versions of Windows
#

---------------  S U M M A R Y ------------

Command Line: --add-opens=java.base/java.util=ALL-UNNAMED --add-opens=java.base/java.lang=ALL-UNNAMED --add-opens=java.base/java.lang.invoke=ALL-UNNAMED --add-opens=java.prefs/java.util.prefs=ALL-UNNAMED -Xmx2048m -Dfile.encoding=UTF-8 -Duser.country=IN -Duser.language=en -Duser.variant org.gradle.launcher.daemon.bootstrap.GradleDaemon 6.5

Host: Intel(R) Core(TM) i5-2400 CPU @ 3.10GHz, 4 cores, 7G,  Windows 10 , 64 bit Build 19041 (10.0.19041.1023)
Time: Mon Jun 28 17:30:59 2021 India Standard Time elapsed time: 29 seconds (0d 0h 0m 29s)

---------------  T H R E A D  ---------------

Current thread (0x0000019c6d148800):  VMThread "VM Thread" [stack: 0x0000004a1ba00000,0x0000004a1bb00000] [id=20860]

Stack: [0x0000004a1ba00000,0x0000004a1bb00000]
[error occurred during error reporting (printing stack bounds), id 0xc0000005, EXCEPTION_ACCESS_VIOLATION (0xc0000005) at pc=0x0000019c57070dad]

Native frames: (J=compiled Java code, j=interpreted, Vv=VM code, C=native code)
V  [jvm.dll+0x5de50a]
V  [jvm.dll+0x7122f5]
V  [jvm.dll+0x71384d]
V  [jvm.dll+0x713e65]
V  [jvm.dll+0x713e1b]
V  [jvm.dll+0x5dd958]
V  [jvm.dll+0x5de0f8]
C  [ntdll.dll+0xa217f]
C  [ntdll.dll+0x51454]
C  [ntdll.dll+0xa0cae]
C  0x0000019c57070dad

VM_Operation (0x0000004a23cf9000): G1CollectForAllocation, mode: safepoint, requested by thread 0x0000019c6e966800


---------------  P R O C E S S  ---------------

Threads class SMR info:
_java_thread_list=0x0000019c73a2fc20, length=128, elements={
0x0000019c536eb800, 0x0000019c6d151000, 0x0000019c6d152000, 0x0000019c6dae2800,
0x0000019c6d166800, 0x0000019c6d169800, 0x0000019c6d175800, 0x0000019c6d17c800,
0x0000019c6dc18000, 0x0000019c6dc2b800, 0x0000019c6fbbb800, 0x0000019c6ec1e800,
0x0000019c6eac3800, 0x0000019c6f105800, 0x0000019c6e7d9800, 0x0000019c6f3d4800,
0x0000019c6edb7000, 0x0000019c6edb3800, 0x0000019c6f59f000, 0x0000019c6ec80000,
0x0000019c6f59c800, 0x0000019c6f59b800, 0x0000019c6f59b000, 0x0000019c6f59a000,
0x0000019c6ffbe000, 0x0000019c6ffc3000, 0x0000019c6ffc0000, 0x0000019c6ffc1800,
0x0000019c6ffc2800, 0x0000019c6ffc0800, 0x0000019c6ffc4000, 0x0000019c6ffc5000,
0x0000019c6ffbf000, 0x0000019c6ffc5800, 0x0000019c6ffcc000, 0x0000019c6ffcd000,
0x0000019c6ffca800, 0x0000019c6ffc7000, 0x0000019c6ffc8000, 0x0000019c6ffc9000,
0x0000019c749f7800, 0x0000019c749f3800, 0x0000019c749f5000, 0x0000019c749f4000,
0x0000019c749fa800, 0x0000019c749fa000, 0x0000019c749fb800, 0x0000019c749f5800,
0x0000019c749fc800, 0x0000019c749f6800, 0x0000019c749fe000, 0x0000019c749fd000,
0x0000019c749f8000, 0x0000019c749fe800, 0x0000019c749f9000, 0x0000019c74a00800,
0x0000019c74a01000, 0x0000019c749ff800, 0x0000019c74a02000, 0x0000019c6fdad800,
0x0000019c6fdaf000, 0x0000019c6fdb1800, 0x0000019c6fdb1000, 0x0000019c6fdae800,
0x0000019c6fdb0000, 0x0000019c6fdac000, 0x0000019c6fdb2800, 0x0000019c6fdad000,
0x0000019c6fdb9000, 0x0000019c6fdb7800, 0x0000019c6fdb8000, 0x0000019c6fdb5000,
0x0000019c6fdb3800, 0x0000019c6fdba000, 0x0000019c6fdb4000, 0x0000019c6fdba800,
0x0000019c6fdb5800, 0x0000019c6fdb6800, 0x0000019c728c8800, 0x0000019c728c6000,
0x0000019c728c2800, 0x0000019c728c4800, 0x0000019c728c9000, 0x0000019c728c5000,
0x0000019c728c6800, 0x0000019c728c7800, 0x0000019c728c3800, 0x0000019c728cb000,
0x0000019c728cc800, 0x0000019c728ca000, 0x0000019c728d0800, 0x0000019c728cb800,
0x0000019c728cf800, 0x0000019c728d1800, 0x0000019c728cd000, 0x0000019c728ce000,
0x0000019c728cf000, 0x0000019c72fc8000, 0x0000019c72fc9000, 0x0000019c72fcc800,
0x0000019c72fce000, 0x0000019c72fcb800, 0x0000019c72fce800, 0x0000019c72fcf800,
0x0000019c72fcd000, 0x0000019c72fca000, 0x0000019c72fd0800, 0x0000019c72fca800,
0x0000019c72fd4800, 0x0000019c72fd3800, 0x0000019c72fd1000, 0x0000019c72fd3000,
0x0000019c72fd5800, 0x0000019c72fd6000, 0x0000019c72fd7000, 0x0000019c72fd2000,
0x0000019c6e961800, 0x0000019c6e95d800, 0x0000019c6e95e800, 0x0000019c6e95f000,
0x0000019c6e960000, 0x0000019c6e964000, 0x0000019c6e966000, 0x0000019c6e966800,
0x0000019c6e961000, 0x0000019c6e967800, 0x0000019c6e969000, 0x0000019c73949800
}

Java Threads: ( => current thread )
  0x0000019c536eb800 JavaThread "main" [_thread_blocked, id=22512, stack(0x0000004a1b400000,0x0000004a1b500000)]
  0x0000019c6d151000 JavaThread "Reference Handler" daemon [_thread_blocked, id=18068, stack(0x0000004a1bb00000,0x0000004a1bc00000)]
  0x0000019c6d152000 JavaThread "Finalizer" daemon [_thread_blocked, id=25236, stack(0x0000004a1bc00000,0x0000004a1bd00000)]
  0x0000019c6dae2800 JavaThread "Signal Dispatcher" daemon [_thread_blocked, id=7816, stack(0x0000004a1bd00000,0x0000004a1be00000)]
  0x0000019c6d166800 JavaThread "Attach Listener" daemon [_thread_blocked, id=21708, stack(0x0000004a1be00000,0x0000004a1bf00000)]
  0x0000019c6d169800 JavaThread "C2 CompilerThread0" daemon [_thread_in_native, id=12104, stack(0x0000004a1bf00000,0x0000004a1c000000)]
  0x0000019c6d175800 JavaThread "C1 CompilerThread0" daemon [_thread_blocked, id=19796, stack(0x0000004a1c000000,0x0000004a1c100000)]
  0x0000019c6d17c800 JavaThread "Sweeper thread" daemon [_thread_blocked, id=20844, stack(0x0000004a1c100000,0x0000004a1c200000)]
  0x0000019c6dc18000 JavaThread "Common-Cleaner" daemon [_thread_blocked, id=8484, stack(0x0000004a1c200000,0x0000004a1c300000)]
  0x0000019c6dc2b800 JavaThread "Service Thread" daemon [_thread_blocked, id=16328, stack(0x0000004a1c300000,0x0000004a1c400000)]
  0x0000019c6fbbb800 JavaThread "Daemon health stats" [_thread_blocked, id=18460, stack(0x0000004a1c800000,0x0000004a1c900000)]
  0x0000019c6ec1e800 JavaThread "Incoming local TCP Connector on port 56914" [_thread_in_native, id=15200, stack(0x0000004a1c700000,0x0000004a1c800000)]
  0x0000019c6eac3800 JavaThread "Daemon periodic checks" [_thread_blocked, id=24148, stack(0x0000004a1cb00000,0x0000004a1cc00000)]
  0x0000019c6f105800 JavaThread "Daemon" [_thread_blocked, id=21368, stack(0x0000004a1cc00000,0x0000004a1cd00000)]
  0x0000019c6e7d9800 JavaThread "Handler for socket connection from /127.0.0.1:56914 to /127.0.0.1:56915" [_thread_in_native, id=22308, stack(0x0000004a1cd00000,0x0000004a1ce00000)]
  0x0000019c6f3d4800 JavaThread "Cancel handler" [_thread_blocked, id=15440, stack(0x0000004a1ce00000,0x0000004a1cf00000)]
  0x0000019c6edb7000 JavaThread "Daemon worker" [_thread_blocked, id=11604, stack(0x0000004a1cf00000,0x0000004a1d000000)]
  0x0000019c6edb3800 JavaThread "Asynchronous log dispatcher for DefaultDaemonConnection: socket connection from /127.0.0.1:56914 to /127.0.0.1:56915" [_thread_blocked, id=22648, stack(0x0000004a1d000000,0x0000004a1d100000)]
  0x0000019c6f59f000 JavaThread "Stdin handler" [_thread_blocked, id=15332, stack(0x0000004a1d200000,0x0000004a1d300000)]
  0x0000019c6ec80000 JavaThread "Thread-8" [_thread_blocked, id=3552, stack(0x0000004a1d300000,0x0000004a1d400000)]
  0x0000019c6f59c800 JavaThread "Cache worker for journal cache (C:\Users\infinity\.gradle\caches\journal-1)" [_thread_blocked, id=9700, stack(0x0000004a1d400000,0x0000004a1d500000)]
  0x0000019c6f59b800 JavaThread "File lock request listener" [_thread_in_native, id=21552, stack(0x0000004a1d500000,0x0000004a1d600000)]
  0x0000019c6f59b000 JavaThread "Cache worker for file hash cache (C:\Users\infinity\.gradle\caches\6.5\fileHashes)" [_thread_blocked, id=764, stack(0x0000004a1d700000,0x0000004a1d800000)]
  0x0000019c6f59a000 JavaThread "Cache worker for file hash cache (D:\monginisssss\.gradle\6.5\fileHashes)" [_thread_blocked, id=7176, stack(0x0000004a1d800000,0x0000004a1d900000)]
  0x0000019c6ffbe000 JavaThread "jar transforms" [_thread_blocked, id=5424, stack(0x0000004a1d900000,0x0000004a1da00000)]
  0x0000019c6ffc3000 JavaThread "jar transforms Thread 2" [_thread_blocked, id=9160, stack(0x0000004a1da00000,0x0000004a1db00000)]
  0x0000019c6ffc0000 JavaThread "jar transforms Thread 3" [_thread_blocked, id=18928, stack(0x0000004a1db00000,0x0000004a1dc00000)]
  0x0000019c6ffc1800 JavaThread "jar transforms Thread 4" [_thread_blocked, id=6848, stack(0x0000004a1dc00000,0x0000004a1dd00000)]
  0x0000019c6ffc2800 JavaThread "jar transforms Thread 5" [_thread_blocked, id=10300, stack(0x0000004a1dd00000,0x0000004a1de00000)]
  0x0000019c6ffc0800 JavaThread "jar transforms Thread 6" [_thread_blocked, id=21704, stack(0x0000004a1de00000,0x0000004a1df00000)]
  0x0000019c6ffc4000 JavaThread "Cache worker for checksums cache (D:\monginisssss\.gradle\checksums)" [_thread_blocked, id=11924, stack(0x0000004a1df00000,0x0000004a1e000000)]
  0x0000019c6ffc5000 JavaThread "Cache worker for cache directory md-supplier (C:\Users\infinity\.gradle\caches\6.5\md-supplier)" [_thread_blocked, id=24080, stack(0x0000004a1e000000,0x0000004a1e100000)]
  0x0000019c6ffbf000 JavaThread "Cache worker for cache directory md-rule (C:\Users\infinity\.gradle\caches\6.5\md-rule)" [_thread_blocked, id=20936, stack(0x0000004a1e100000,0x0000004a1e200000)]
  0x0000019c6ffc5800 JavaThread "Cache worker for execution history cache (C:\Users\infinity\.gradle\caches\6.5\executionHistory)" [_thread_blocked, id=18228, stack(0x0000004a1e200000,0x0000004a1e300000)]
  0x0000019c6ffcc000 JavaThread "Cache worker for file content cache (C:\Users\infinity\.gradle\caches\6.5\fileContent)" [_thread_blocked, id=10868, stack(0x0000004a1e300000,0x0000004a1e400000)]
  0x0000019c6ffcd000 JavaThread "Build operations" [_thread_blocked, id=21584, stack(0x0000004a1e400000,0x0000004a1e500000)]
  0x0000019c6ffca800 JavaThread "Build operations Thread 2" [_thread_blocked, id=8660, stack(0x0000004a1e500000,0x0000004a1e600000)]
  0x0000019c6ffc7000 JavaThread "Build operations Thread 3" [_thread_blocked, id=21460, stack(0x0000004a1e600000,0x0000004a1e700000)]
  0x0000019c6ffc8000 JavaThread "Build operations Thread 4" [_thread_blocked, id=2300, stack(0x0000004a1e700000,0x0000004a1e800000)]
  0x0000019c6ffc9000 JavaThread "jar transforms Thread 7" [_thread_blocked, id=20324, stack(0x0000004a1e800000,0x0000004a1e900000)]
  0x0000019c749f7800 JavaThread "jar transforms Thread 8" [_thread_blocked, id=24332, stack(0x0000004a1e900000,0x0000004a1ea00000)]
  0x0000019c749f3800 JavaThread "jar transforms Thread 9" [_thread_blocked, id=11356, stack(0x0000004a1ea00000,0x0000004a1eb00000)]
  0x0000019c749f5000 JavaThread "jar transforms Thread 10" [_thread_blocked, id=18184, stack(0x0000004a1eb00000,0x0000004a1ec00000)]
  0x0000019c749f4000 JavaThread "jar transforms Thread 11" [_thread_blocked, id=8128, stack(0x0000004a1ec00000,0x0000004a1ed00000)]
  0x0000019c749fa800 JavaThread "jar transforms Thread 12" [_thread_blocked, id=10884, stack(0x0000004a1ed00000,0x0000004a1ee00000)]
  0x0000019c749fa000 JavaThread "jar transforms Thread 13" [_thread_blocked, id=6604, stack(0x0000004a1ee00000,0x0000004a1ef00000)]
  0x0000019c749fb800 JavaThread "jar transforms Thread 14" [_thread_blocked, id=21340, stack(0x0000004a1ef00000,0x0000004a1f000000)]
  0x0000019c749f5800 JavaThread "jar transforms Thread 15" [_thread_blocked, id=20300, stack(0x0000004a1f000000,0x0000004a1f100000)]
  0x0000019c749fc800 JavaThread "jar transforms Thread 16" [_thread_blocked, id=8080, stack(0x0000004a1f100000,0x0000004a1f200000)]
  0x0000019c749f6800 JavaThread "jar transforms Thread 17" [_thread_blocked, id=20572, stack(0x0000004a1f200000,0x0000004a1f300000)]
  0x0000019c749fe000 JavaThread "jar transforms Thread 18" [_thread_blocked, id=11820, stack(0x0000004a1f300000,0x0000004a1f400000)]
  0x0000019c749fd000 JavaThread "jar transforms Thread 19" [_thread_blocked, id=2336, stack(0x0000004a1f400000,0x0000004a1f500000)]
  0x0000019c749f8000 JavaThread "jar transforms Thread 20" [_thread_blocked, id=8352, stack(0x0000004a1f500000,0x0000004a1f600000)]
  0x0000019c749fe800 JavaThread "jar transforms Thread 21" [_thread_blocked, id=12892, stack(0x0000004a1f600000,0x0000004a1f700000)]
  0x0000019c749f9000 JavaThread "jar transforms Thread 22" [_thread_blocked, id=17664, stack(0x0000004a1f700000,0x0000004a1f800000)]
  0x0000019c74a00800 JavaThread "jar transforms Thread 23" [_thread_blocked, id=22464, stack(0x0000004a1f800000,0x0000004a1f900000)]
  0x0000019c74a01000 JavaThread "jar transforms Thread 24" [_thread_blocked, id=24376, stack(0x0000004a1f900000,0x0000004a1fa00000)]
  0x0000019c749ff800 JavaThread "jar transforms Thread 25" [_thread_blocked, id=23468, stack(0x0000004a1fa00000,0x0000004a1fb00000)]
  0x0000019c74a02000 JavaThread "jar transforms Thread 26" [_thread_blocked, id=1100, stack(0x0000004a1fb00000,0x0000004a1fc00000)]
  0x0000019c6fdad800 JavaThread "jar transforms Thread 27" [_thread_blocked, id=23244, stack(0x0000004a1fc00000,0x0000004a1fd00000)]
  0x0000019c6fdaf000 JavaThread "jar transforms Thread 28" [_thread_blocked, id=20516, stack(0x0000004a1fd00000,0x0000004a1fe00000)]
  0x0000019c6fdb1800 JavaThread "jar transforms Thread 29" [_thread_blocked, id=14272, stack(0x0000004a1fe00000,0x0000004a1ff00000)]
  0x0000019c6fdb1000 JavaThread "jar transforms Thread 30" [_thread_blocked, id=3948, stack(0x0000004a1ff00000,0x0000004a20000000)]
  0x0000019c6fdae800 JavaThread "jar transforms Thread 31" [_thread_blocked, id=1248, stack(0x0000004a20000000,0x0000004a20100000)]
  0x0000019c6fdb0000 JavaThread "jar transforms Thread 32" [_thread_blocked, id=11408, stack(0x0000004a20100000,0x0000004a20200000)]
  0x0000019c6fdac000 JavaThread "jar transforms Thread 33" [_thread_blocked, id=24684, stack(0x0000004a20200000,0x0000004a20300000)]
  0x0000019c6fdb2800 JavaThread "jar transforms Thread 34" [_thread_blocked, id=15392, stack(0x0000004a20300000,0x0000004a20400000)]
  0x0000019c6fdad000 JavaThread "jar transforms Thread 35" [_thread_blocked, id=21532, stack(0x0000004a20400000,0x0000004a20500000)]
  0x0000019c6fdb9000 JavaThread "jar transforms Thread 36" [_thread_blocked, id=7756, stack(0x0000004a20500000,0x0000004a20600000)]
  0x0000019c6fdb7800 JavaThread "jar transforms Thread 37" [_thread_blocked, id=21300, stack(0x0000004a20600000,0x0000004a20700000)]
  0x0000019c6fdb8000 JavaThread "jar transforms Thread 38" [_thread_blocked, id=24452, stack(0x0000004a20700000,0x0000004a20800000)]
  0x0000019c6fdb5000 JavaThread "jar transforms Thread 39" [_thread_blocked, id=10252, stack(0x0000004a20800000,0x0000004a20900000)]
  0x0000019c6fdb3800 JavaThread "jar transforms Thread 40" [_thread_blocked, id=21624, stack(0x0000004a20900000,0x0000004a20a00000)]
  0x0000019c6fdba000 JavaThread "jar transforms Thread 41" [_thread_blocked, id=17340, stack(0x0000004a20a00000,0x0000004a20b00000)]
  0x0000019c6fdb4000 JavaThread "jar transforms Thread 42" [_thread_blocked, id=25428, stack(0x0000004a20b00000,0x0000004a20c00000)]
  0x0000019c6fdba800 JavaThread "jar transforms Thread 43" [_thread_blocked, id=8288, stack(0x0000004a20c00000,0x0000004a20d00000)]
  0x0000019c6fdb5800 JavaThread "jar transforms Thread 44" [_thread_blocked, id=17888, stack(0x0000004a20d00000,0x0000004a20e00000)]
  0x0000019c6fdb6800 JavaThread "jar transforms Thread 45" [_thread_blocked, id=25012, stack(0x0000004a20e00000,0x0000004a20f00000)]
  0x0000019c728c8800 JavaThread "jar transforms Thread 46" [_thread_blocked, id=18824, stack(0x0000004a20f00000,0x0000004a21000000)]
  0x0000019c728c6000 JavaThread "jar transforms Thread 47" [_thread_blocked, id=15736, stack(0x0000004a21000000,0x0000004a21100000)]
  0x0000019c728c2800 JavaThread "jar transforms Thread 48" [_thread_blocked, id=18668, stack(0x0000004a21100000,0x0000004a21200000)]
  0x0000019c728c4800 JavaThread "jar transforms Thread 49" [_thread_blocked, id=9936, stack(0x0000004a21200000,0x0000004a21300000)]
  0x0000019c728c9000 JavaThread "jar transforms Thread 50" [_thread_blocked, id=14004, stack(0x0000004a21300000,0x0000004a21400000)]
  0x0000019c728c5000 JavaThread "jar transforms Thread 51" [_thread_blocked, id=17660, stack(0x0000004a21400000,0x0000004a21500000)]
  0x0000019c728c6800 JavaThread "jar transforms Thread 52" [_thread_blocked, id=20876, stack(0x0000004a21500000,0x0000004a21600000)]
  0x0000019c728c7800 JavaThread "jar transforms Thread 53" [_thread_blocked, id=17020, stack(0x0000004a21600000,0x0000004a21700000)]
  0x0000019c728c3800 JavaThread "jar transforms Thread 54" [_thread_blocked, id=13940, stack(0x0000004a21700000,0x0000004a21800000)]
  0x0000019c728cb000 JavaThread "jar transforms Thread 55" [_thread_blocked, id=15144, stack(0x0000004a21800000,0x0000004a21900000)]
  0x0000019c728cc800 JavaThread "jar transforms Thread 56" [_thread_blocked, id=25468, stack(0x0000004a21900000,0x0000004a21a00000)]
  0x0000019c728ca000 JavaThread "jar transforms Thread 57" [_thread_blocked, id=21808, stack(0x0000004a21a00000,0x0000004a21b00000)]
  0x0000019c728d0800 JavaThread "jar transforms Thread 58" [_thread_blocked, id=23140, stack(0x0000004a21b00000,0x0000004a21c00000)]
  0x0000019c728cb800 JavaThread "jar transforms Thread 59" [_thread_blocked, id=7188, stack(0x0000004a21c00000,0x0000004a21d00000)]
  0x0000019c728cf800 JavaThread "jar transforms Thread 60" [_thread_blocked, id=19460, stack(0x0000004a21d00000,0x0000004a21e00000)]
  0x0000019c728d1800 JavaThread "jar transforms Thread 61" [_thread_blocked, id=23856, stack(0x0000004a21e00000,0x0000004a21f00000)]
  0x0000019c728cd000 JavaThread "jar transforms Thread 62" [_thread_blocked, id=11048, stack(0x0000004a21f00000,0x0000004a22000000)]
  0x0000019c728ce000 JavaThread "jar transforms Thread 63" [_thread_blocked, id=8824, stack(0x0000004a22000000,0x0000004a22100000)]
  0x0000019c728cf000 JavaThread "jar transforms Thread 64" [_thread_blocked, id=24468, stack(0x0000004a22100000,0x0000004a22200000)]
  0x0000019c72fc8000 JavaThread "jar transforms Thread 65" [_thread_blocked, id=17696, stack(0x0000004a22200000,0x0000004a22300000)]
  0x0000019c72fc9000 JavaThread "jar transforms Thread 66" [_thread_blocked, id=19700, stack(0x0000004a22300000,0x0000004a22400000)]
  0x0000019c72fcc800 JavaThread "jar transforms Thread 67" [_thread_blocked, id=23864, stack(0x0000004a22400000,0x0000004a22500000)]
  0x0000019c72fce000 JavaThread "jar transforms Thread 68" [_thread_blocked, id=21860, stack(0x0000004a22500000,0x0000004a22600000)]
  0x0000019c72fcb800 JavaThread "jar transforms Thread 69" [_thread_blocked, id=24308, stack(0x0000004a22600000,0x0000004a22700000)]
  0x0000019c72fce800 JavaThread "jar transforms Thread 70" [_thread_blocked, id=23652, stack(0x0000004a22700000,0x0000004a22800000)]
  0x0000019c72fcf800 JavaThread "jar transforms Thread 71" [_thread_blocked, id=22964, stack(0x0000004a22800000,0x0000004a22900000)]
  0x0000019c72fcd000 JavaThread "jar transforms Thread 72" [_thread_blocked, id=23084, stack(0x0000004a22900000,0x0000004a22a00000)]
  0x0000019c72fca000 JavaThread "jar transforms Thread 73" [_thread_blocked, id=14500, stack(0x0000004a22a00000,0x0000004a22b00000)]
  0x0000019c72fd0800 JavaThread "jar transforms Thread 74" [_thread_blocked, id=23348, stack(0x0000004a22b00000,0x0000004a22c00000)]
  0x0000019c72fca800 JavaThread "jar transforms Thread 75" [_thread_blocked, id=24884, stack(0x0000004a22c00000,0x0000004a22d00000)]
  0x0000019c72fd4800 JavaThread "jar transforms Thread 76" [_thread_blocked, id=15912, stack(0x0000004a22d00000,0x0000004a22e00000)]
  0x0000019c72fd3800 JavaThread "jar transforms Thread 77" [_thread_blocked, id=16808, stack(0x0000004a22e00000,0x0000004a22f00000)]
  0x0000019c72fd1000 JavaThread "jar transforms Thread 78" [_thread_blocked, id=5724, stack(0x0000004a22f00000,0x0000004a23000000)]
  0x0000019c72fd3000 JavaThread "jar transforms Thread 79" [_thread_blocked, id=21224, stack(0x0000004a23000000,0x0000004a23100000)]
  0x0000019c72fd5800 JavaThread "jar transforms Thread 80" [_thread_blocked, id=24512, stack(0x0000004a23100000,0x0000004a23200000)]
  0x0000019c72fd6000 JavaThread "jar transforms Thread 81" [_thread_blocked, id=8644, stack(0x0000004a23200000,0x0000004a23300000)]
  0x0000019c72fd7000 JavaThread "jar transforms Thread 82" [_thread_blocked, id=22300, stack(0x0000004a23300000,0x0000004a23400000)]
  0x0000019c72fd2000 JavaThread "jar transforms Thread 83" [_thread_blocked, id=24328, stack(0x0000004a23400000,0x0000004a23500000)]
  0x0000019c6e961800 JavaThread "jar transforms Thread 84" [_thread_blocked, id=17568, stack(0x0000004a23500000,0x0000004a23600000)]
  0x0000019c6e95d800 JavaThread "jar transforms Thread 85" [_thread_blocked, id=11056, stack(0x0000004a23600000,0x0000004a23700000)]
  0x0000019c6e95e800 JavaThread "Cache worker for Build Output Cleanup Cache (D:\monginisssss\.gradle\buildOutputCleanup)" [_thread_blocked, id=23260, stack(0x0000004a23700000,0x0000004a23800000)]
  0x0000019c6e95f000 JavaThread "Memory manager" [_thread_blocked, id=17184, stack(0x0000004a23800000,0x0000004a23900000)]
  0x0000019c6e960000 JavaThread "Cache worker for file content cache (D:\monginisssss\.gradle\6.5\fileContent)" [_thread_blocked, id=11532, stack(0x0000004a23900000,0x0000004a23a00000)]
  0x0000019c6e964000 JavaThread "Execution worker for ':'" [_thread_blocked, id=10776, stack(0x0000004a23a00000,0x0000004a23b00000)]
  0x0000019c6e966000 JavaThread "Execution worker for ':' Thread 2" [_thread_blocked, id=22360, stack(0x0000004a23b00000,0x0000004a23c00000)]
  0x0000019c6e966800 JavaThread "Execution worker for ':' Thread 3" [_thread_blocked, id=9256, stack(0x0000004a23c00000,0x0000004a23d00000)]
  0x0000019c6e961000 JavaThread "Cache worker for execution history cache (D:\monginisssss\.gradle\6.5\executionHistory)" [_thread_blocked, id=17556, stack(0x0000004a23d00000,0x0000004a23e00000)]
  0x0000019c6e967800 JavaThread "Cache worker for Java compile cache (C:\Users\infinity\.gradle\caches\6.5\javaCompile)" [_thread_blocked, id=8336, stack(0x0000004a23e00000,0x0000004a23f00000)]
  0x0000019c6e969000 JavaThread "Cache worker for Java compile cache (D:\monginisssss\.gradle\6.5\javaCompile)" [_thread_blocked, id=10344, stack(0x0000004a23f00000,0x0000004a24000000)]
  0x0000019c73949800 JavaThread "C2 CompilerThread1" daemon [_thread_blocked, id=8964, stack(0x0000004a1d100000,0x0000004a1d200000)]

Other Threads:
=>0x0000019c6d148800 VMThread "VM Thread" [stack: 0x0000004a1ba00000,0x0000004a1bb00000] [id=20860]
  0x0000019c6dc35000 WatcherThread [stack: 0x0000004a1c400000,0x0000004a1c500000] [id=23844]
  0x0000019c53703800 GCTaskThread "GC Thread#0" [stack: 0x0000004a1b500000,0x0000004a1b600000] [id=18904]
  0x0000019c6e313800 GCTaskThread "GC Thread#1" [stack: 0x0000004a1c500000,0x0000004a1c600000] [id=8816]
  0x0000019c6de35800 GCTaskThread "GC Thread#2" [stack: 0x0000004a1c600000,0x0000004a1c700000] [id=18396]
  0x0000019c6f87f000 GCTaskThread "GC Thread#3" [stack: 0x0000004a1d600000,0x0000004a1d700000] [id=17800]
  0x0000019c53735000 ConcurrentGCThread "G1 Main Marker" [stack: 0x0000004a1b600000,0x0000004a1b700000] [id=15328]
  0x0000019c53736800 ConcurrentGCThread "G1 Conc#0" [stack: 0x0000004a1b700000,0x0000004a1b800000] [id=22060]
  0x0000019c537ca800 ConcurrentGCThread "G1 Refine#0" [stack: 0x0000004a1b800000,0x0000004a1b900000] [id=20888]
  0x0000019c73d3a800 ConcurrentGCThread "G1 Refine#1" [stack: 0x0000004a24000000,0x0000004a24100000] [id=23236]
  0x0000019c7774f800 ConcurrentGCThread "G1 Refine#2" [stack: 0x0000004a24100000,0x0000004a24200000] [id=18984]
  0x0000019c537cb800 ConcurrentGCThread "G1 Young RemSet Sampling" [stack: 0x0000004a1b900000,0x0000004a1ba00000] [id=25184]

Threads with active compile tasks:
C2 CompilerThread0  29685 12715   !   4       com.sun.tools.javac.comp.Annotate::flush (147 bytes)
C2 CompilerThread1  29685 12704       4       com.sun.tools.javac.comp.Resolve::findType (512 bytes)

VM state:at safepoint (normal execution)

VM Mutex/Monitor currently owned by a thread:  ([mutex/lock_event])
[0x0000019c536e89c0] Threads_lock - owner thread: 0x0000019c6d148800
[0x0000019c536e9980] Heap_lock - owner thread: 0x0000019c6e966800

Heap address: 0x0000000080000000, size: 2048 MB, Compressed Oops mode: 32-bit
Narrow klass base: 0x0000000000000000, Narrow klass shift: 3
Compressed class space size: 1073741824 Address: 0x0000000100000000

Heap:
 garbage-first heap   total 338944K, used 205238K [0x0000000080000000, 0x0000000100000000)
  region size 1024K, 4 young (4096K), 4 survivors (4096K)
 Metaspace       used 91715K, capacity 94047K, committed 94336K, reserved 1130496K
  class space    used 11472K, capacity 12314K, committed 12416K, reserved 1048576K
Heap Regions: E=young(eden), S=young(survivor), O=old, HS=humongous(starts), HC=humongous(continues), CS=collection set, F=free, A=archive, TAMS=top-at-mark-start (previous, next)
|   0|0x0000000080000000, 0x0000000080100000, 0x0000000080100000|100%| O|  |TAMS 0x0000000080100000, 0x0000000080100000| Untracked 
|   1|0x0000000080100000, 0x0000000080200000, 0x0000000080200000|100%| O|  |TAMS 0x0000000080200000, 0x0000000080200000| Untracked 
|   2|0x0000000080200000, 0x0000000080300000, 0x0000000080300000|100%| O|  |TAMS 0x0000000080300000, 0x0000000080300000| Untracked 
|   3|0x0000000080300000, 0x0000000080400000, 0x0000000080400000|100%|HS|  |TAMS 0x0000000080400000, 0x0000000080400000| Complete 
|   4|0x0000000080400000, 0x0000000080500000, 0x0000000080500000|100%|HC|  |TAMS 0x0000000080500000, 0x0000000080500000| Complete 
|   5|0x0000000080500000, 0x0000000080600000, 0x0000000080600000|100%|HC|  |TAMS 0x0000000080600000, 0x0000000080600000| Complete 
|   6|0x0000000080600000, 0x0000000080700000, 0x0000000080700000|100%| O|  |TAMS 0x0000000080700000, 0x0000000080700000| Untracked 
|   7|0x0000000080700000, 0x0000000080800000, 0x0000000080800000|100%| O|  |TAMS 0x0000000080800000, 0x0000000080800000| Untracked 
|   8|0x0000000080800000, 0x0000000080900000, 0x0000000080900000|100%| O|  |TAMS 0x0000000080900000, 0x0000000080900000| Untracked 
|   9|0x0000000080900000, 0x0000000080a00000, 0x0000000080a00000|100%| O|  |TAMS 0x0000000080a00000, 0x0000000080a00000| Untracked 
|  10|0x0000000080a00000, 0x0000000080b00000, 0x0000000080b00000|100%| O|  |TAMS 0x0000000080b00000, 0x0000000080b00000| Untracked 
|  11|0x0000000080b00000, 0x0000000080c00000, 0x0000000080c00000|100%| O|  |TAMS 0x0000000080c00000, 0x0000000080c00000| Untracked 
|  12|0x0000000080c00000, 0x0000000080d00000, 0x0000000080d00000|100%| O|  |TAMS 0x0000000080d00000, 0x0000000080d00000| Untracked 
|  13|0x0000000080d00000, 0x0000000080e00000, 0x0000000080e00000|100%|HS|  |TAMS 0x0000000080e00000, 0x0000000080e00000| Complete 
|  14|0x0000000080e00000, 0x0000000080f00000, 0x0000000080f00000|100%|HC|  |TAMS 0x0000000080f00000, 0x0000000080f00000| Complete 
|  15|0x0000000080f00000, 0x0000000081000000, 0x0000000081000000|100%|HS|  |TAMS 0x0000000081000000, 0x0000000081000000| Complete 
|  16|0x0000000081000000, 0x0000000081100000, 0x0000000081100000|100%|HC|  |TAMS 0x0000000081100000, 0x0000000081100000| Complete 
|  17|0x0000000081100000, 0x0000000081200000, 0x0000000081200000|100%|HC|  |TAMS 0x0000000081200000, 0x0000000081200000| Complete 
|  18|0x0000000081200000, 0x0000000081300000, 0x0000000081300000|100%|HS|  |TAMS 0x0000000081300000, 0x0000000081300000| Complete 
|  19|0x0000000081300000, 0x0000000081400000, 0x0000000081400000|100%|HC|  |TAMS 0x0000000081400000, 0x0000000081400000| Complete 
|  20|0x0000000081400000, 0x0000000081500000, 0x0000000081500000|100%|HC|  |TAMS 0x0000000081500000, 0x0000000081500000| Complete 
|  21|0x0000000081500000, 0x0000000081600000, 0x0000000081600000|100%|HC|  |TAMS 0x0000000081600000, 0x0000000081600000| Complete 
|  22|0x0000000081600000, 0x0000000081700000, 0x0000000081700000|100%| O|  |TAMS 0x0000000081700000, 0x0000000081700000| Untracked 
|  23|0x0000000081700000, 0x0000000081800000, 0x0000000081800000|100%| O|  |TAMS 0x0000000081800000, 0x0000000081800000| Untracked 
|  24|0x0000000081800000, 0x0000000081900000, 0x0000000081900000|100%| O|  |TAMS 0x0000000081900000, 0x0000000081900000| Untracked 
|  25|0x0000000081900000, 0x0000000081a00000, 0x0000000081a00000|100%|HS|  |TAMS 0x0000000081a00000, 0x0000000081a00000| Complete 
|  26|0x0000000081a00000, 0x0000000081b00000, 0x0000000081b00000|100%|HC|  |TAMS 0x0000000081b00000, 0x0000000081b00000| Complete 
|  27|0x0000000081b00000, 0x0000000081c00000, 0x0000000081c00000|100%| O|  |TAMS 0x0000000081c00000, 0x0000000081c00000| Untracked 
|  28|0x0000000081c00000, 0x0000000081d00000, 0x0000000081d00000|100%| O|  |TAMS 0x0000000081d00000, 0x0000000081d00000| Untracked 
|  29|0x0000000081d00000, 0x0000000081e00000, 0x0000000081e00000|100%| O|  |TAMS 0x0000000081e00000, 0x0000000081e00000| Untracked 
|  30|0x0000000081e00000, 0x0000000081f00000, 0x0000000081f00000|100%| O|  |TAMS 0x0000000081f00000, 0x0000000081f00000| Untracked 
|  31|0x0000000081f00000, 0x0000000082000000, 0x0000000082000000|100%| O|  |TAMS 0x0000000082000000, 0x0000000082000000| Untracked 
|  32|0x0000000082000000, 0x0000000082100000, 0x0000000082100000|100%| O|  |TAMS 0x0000000082100000, 0x0000000082100000| Untracked 
|  33|0x0000000082100000, 0x0000000082200000, 0x0000000082200000|100%| O|  |TAMS 0x0000000082200000, 0x0000000082200000| Untracked 
|  34|0x0000000082200000, 0x0000000082300000, 0x0000000082300000|100%| O|  |TAMS 0x0000000082300000, 0x0000000082300000| Untracked 
|  35|0x0000000082300000, 0x0000000082400000, 0x0000000082400000|100%| O|  |TAMS 0x0000000082400000, 0x0000000082400000| Untracked 
|  36|0x0000000082400000, 0x0000000082500000, 0x0000000082500000|100%| O|  |TAMS 0x0000000082500000, 0x0000000082500000| Untracked 
|  37|0x0000000082500000, 0x0000000082600000, 0x0000000082600000|100%| O|  |TAMS 0x0000000082600000, 0x0000000082600000| Untracked 
|  38|0x0000000082600000, 0x0000000082700000, 0x0000000082700000|100%| O|  |TAMS 0x0000000082700000, 0x0000000082700000| Untracked 
|  39|0x0000000082700000, 0x0000000082800000, 0x0000000082800000|100%| O|  |TAMS 0x0000000082800000, 0x0000000082800000| Untracked 
|  40|0x0000000082800000, 0x0000000082900000, 0x0000000082900000|100%| O|  |TAMS 0x0000000082900000, 0x0000000082900000| Untracked 
|  41|0x0000000082900000, 0x0000000082a00000, 0x0000000082a00000|100%| O|  |TAMS 0x0000000082a00000, 0x0000000082a00000| Untracked 
|  42|0x0000000082a00000, 0x0000000082b00000, 0x0000000082b00000|100%| O|  |TAMS 0x0000000082b00000, 0x0000000082b00000| Untracked 
|  43|0x0000000082b00000, 0x0000000082c00000, 0x0000000082c00000|100%| O|  |TAMS 0x0000000082c00000, 0x0000000082c00000| Untracked 
|  44|0x0000000082c00000, 0x0000000082d00000, 0x0000000082d00000|100%| O|  |TAMS 0x0000000082d00000, 0x0000000082d00000| Untracked 
|  45|0x0000000082d00000, 0x0000000082e00000, 0x0000000082e00000|100%| O|  |TAMS 0x0000000082e00000, 0x0000000082e00000| Untracked 
|  46|0x0000000082e00000, 0x0000000082f00000, 0x0000000082f00000|100%| O|  |TAMS 0x0000000082f00000, 0x0000000082f00000| Untracked 
|  47|0x0000000082f00000, 0x0000000083000000, 0x0000000083000000|100%| O|  |TAMS 0x0000000083000000, 0x0000000083000000| Untracked 
|  48|0x0000000083000000, 0x0000000083100000, 0x0000000083100000|100%| O|  |TAMS 0x0000000083100000, 0x0000000083100000| Untracked 
|  49|0x0000000083100000, 0x0000000083200000, 0x0000000083200000|100%| O|  |TAMS 0x0000000083200000, 0x0000000083200000| Untracked 
|  50|0x0000000083200000, 0x0000000083300000, 0x0000000083300000|100%| O|  |TAMS 0x0000000083300000, 0x0000000083300000| Untracked 
|  51|0x0000000083300000, 0x0000000083400000, 0x0000000083400000|100%| O|  |TAMS 0x0000000083400000, 0x0000000083400000| Untracked 
|  52|0x0000000083400000, 0x0000000083500000, 0x0000000083500000|100%| O|  |TAMS 0x0000000083500000, 0x0000000083500000| Untracked 
|  53|0x0000000083500000, 0x0000000083600000, 0x0000000083600000|100%| O|  |TAMS 0x0000000083600000, 0x0000000083600000| Untracked 
|  54|0x0000000083600000, 0x0000000083700000, 0x0000000083700000|100%| O|  |TAMS 0x0000000083700000, 0x0000000083700000| Untracked 
|  55|0x0000000083700000, 0x0000000083800000, 0x0000000083800000|100%| O|  |TAMS 0x0000000083800000, 0x0000000083800000| Untracked 
|  56|0x0000000083800000, 0x0000000083900000, 0x0000000083900000|100%| O|  |TAMS 0x0000000083900000, 0x0000000083900000| Untracked 
|  57|0x0000000083900000, 0x0000000083a00000, 0x0000000083a00000|100%| O|  |TAMS 0x0000000083a00000, 0x0000000083a00000| Untracked 
|  58|0x0000000083a00000, 0x0000000083b00000, 0x0000000083b00000|100%| O|  |TAMS 0x0000000083b00000, 0x0000000083b00000| Untracked 
|  59|0x0000000083b00000, 0x0000000083c00000, 0x0000000083c00000|100%| O|  |TAMS 0x0000000083c00000, 0x0000000083c00000| Untracked 
|  60|0x0000000083c00000, 0x0000000083d00000, 0x0000000083d00000|100%| O|  |TAMS 0x0000000083d00000, 0x0000000083d00000| Untracked 
|  61|0x0000000083d00000, 0x0000000083e00000, 0x0000000083e00000|100%| O|  |TAMS 0x0000000083e00000, 0x0000000083e00000| Untracked 
|  62|0x0000000083e00000, 0x0000000083f00000, 0x0000000083f00000|100%| O|  |TAMS 0x0000000083f00000, 0x0000000083f00000| Untracked 
|  63|0x0000000083f00000, 0x0000000084000000, 0x0000000084000000|100%| O|  |TAMS 0x0000000084000000, 0x0000000084000000| Untracked 
|  64|0x0000000084000000, 0x0000000084100000, 0x0000000084100000|100%| O|  |TAMS 0x0000000084100000, 0x0000000084100000| Untracked 
|  65|0x0000000084100000, 0x0000000084200000, 0x0000000084200000|100%| O|  |TAMS 0x0000000084200000, 0x0000000084200000| Untracked 
|  66|0x0000000084200000, 0x0000000084300000, 0x0000000084300000|100%| O|  |TAMS 0x0000000084300000, 0x0000000084300000| Untracked 
|  67|0x0000000084300000, 0x0000000084400000, 0x0000000084400000|100%| O|  |TAMS 0x0000000084400000, 0x0000000084400000| Untracked 
|  68|0x0000000084400000, 0x0000000084500000, 0x0000000084500000|100%| O|  |TAMS 0x0000000084500000, 0x0000000084500000| Untracked 
|  69|0x0000000084500000, 0x0000000084600000, 0x0000000084600000|100%| O|  |TAMS 0x0000000084600000, 0x0000000084600000| Untracked 
|  70|0x0000000084600000, 0x0000000084700000, 0x0000000084700000|100%| O|  |TAMS 0x0000000084700000, 0x0000000084700000| Untracked 
|  71|0x0000000084700000, 0x0000000084800000, 0x0000000084800000|100%| O|  |TAMS 0x0000000084800000, 0x0000000084800000| Untracked 
|  72|0x0000000084800000, 0x0000000084900000, 0x0000000084900000|100%| O|  |TAMS 0x0000000084900000, 0x0000000084900000| Untracked 
|  73|0x0000000084900000, 0x0000000084a00000, 0x0000000084a00000|100%| O|  |TAMS 0x0000000084a00000, 0x0000000084a00000| Untracked 
|  74|0x0000000084a00000, 0x0000000084b00000, 0x0000000084b00000|100%| O|  |TAMS 0x0000000084b00000, 0x0000000084b00000| Untracked 
|  75|0x0000000084b00000, 0x0000000084c00000, 0x0000000084c00000|100%| O|  |TAMS 0x0000000084c00000, 0x0000000084c00000| Untracked 
|  76|0x0000000084c00000, 0x0000000084d00000, 0x0000000084d00000|100%| O|  |TAMS 0x0000000084d00000, 0x0000000084d00000| Untracked 
|  77|0x0000000084d00000, 0x0000000084e00000, 0x0000000084e00000|100%|HS|  |TAMS 0x0000000084e00000, 0x0000000084e00000| Complete 
|  78|0x0000000084e00000, 0x0000000084f00000, 0x0000000084f00000|100%| O|  |TAMS 0x0000000084f00000, 0x0000000084f00000| Untracked 
|  79|0x0000000084f00000, 0x0000000085000000, 0x0000000085000000|100%| O|  |TAMS 0x0000000085000000, 0x0000000085000000| Untracked 
|  80|0x0000000085000000, 0x0000000085100000, 0x0000000085100000|100%| O|  |TAMS 0x0000000085100000, 0x0000000085100000| Untracked 
|  81|0x0000000085100000, 0x0000000085200000, 0x0000000085200000|100%|HS|  |TAMS 0x0000000085200000, 0x0000000085200000| Complete 
|  82|0x0000000085200000, 0x0000000085300000, 0x0000000085300000|100%|HC|  |TAMS 0x0000000085300000, 0x0000000085300000| Complete 
|  83|0x0000000085300000, 0x0000000085400000, 0x0000000085400000|100%|HS|  |TAMS 0x0000000085400000, 0x0000000085400000| Complete 
|  84|0x0000000085400000, 0x0000000085500000, 0x0000000085500000|100%|HC|  |TAMS 0x0000000085500000, 0x0000000085500000| Complete 
|  85|0x0000000085500000, 0x0000000085600000, 0x0000000085600000|100%|HC|  |TAMS 0x0000000085600000, 0x0000000085600000| Complete 
|  86|0x0000000085600000, 0x0000000085700000, 0x0000000085700000|100%|HC|  |TAMS 0x0000000085700000, 0x0000000085700000| Complete 
|  87|0x0000000085700000, 0x0000000085800000, 0x0000000085800000|100%|HS|  |TAMS 0x0000000085800000, 0x0000000085800000| Complete 
|  88|0x0000000085800000, 0x0000000085900000, 0x0000000085900000|100%|HC|  |TAMS 0x0000000085900000, 0x0000000085900000| Complete 
|  89|0x0000000085900000, 0x0000000085a00000, 0x0000000085a00000|100%| O|  |TAMS 0x0000000085a00000, 0x0000000085a00000| Untracked 
|  90|0x0000000085a00000, 0x0000000085b00000, 0x0000000085b00000|100%| O|  |TAMS 0x0000000085b00000, 0x0000000085b00000| Untracked 
|  91|0x0000000085b00000, 0x0000000085c00000, 0x0000000085c00000|100%| O|  |TAMS 0x0000000085c00000, 0x0000000085c00000| Untracked 
|  92|0x0000000085c00000, 0x0000000085d00000, 0x0000000085d00000|100%| O|  |TAMS 0x0000000085d00000, 0x0000000085d00000| Untracked 
|  93|0x0000000085d00000, 0x0000000085e00000, 0x0000000085e00000|100%| O|  |TAMS 0x0000000085e00000, 0x0000000085e00000| Untracked 
|  94|0x0000000085e00000, 0x0000000085f00000, 0x0000000085f00000|100%| O|  |TAMS 0x0000000085f00000, 0x0000000085f00000| Untracked 
|  95|0x0000000085f00000, 0x0000000086000000, 0x0000000086000000|100%| O|  |TAMS 0x0000000086000000, 0x0000000086000000| Untracked 
|  96|0x0000000086000000, 0x0000000086100000, 0x0000000086100000|100%| O|  |TAMS 0x0000000086100000, 0x0000000086100000| Untracked 
|  97|0x0000000086100000, 0x0000000086200000, 0x0000000086200000|100%| O|  |TAMS 0x0000000086200000, 0x0000000086200000| Untracked 
|  98|0x0000000086200000, 0x0000000086300000, 0x0000000086300000|100%| O|  |TAMS 0x0000000086300000, 0x0000000086300000| Untracked 
|  99|0x0000000086300000, 0x0000000086400000, 0x0000000086400000|100%|HS|  |TAMS 0x0000000086400000, 0x0000000086400000| Complete 
| 100|0x0000000086400000, 0x0000000086500000, 0x0000000086500000|100%| O|  |TAMS 0x0000000086500000, 0x0000000086500000| Untracked 
| 101|0x0000000086500000, 0x0000000086600000, 0x0000000086600000|100%| O|  |TAMS 0x0000000086600000, 0x0000000086600000| Untracked 
| 102|0x0000000086600000, 0x0000000086700000, 0x0000000086700000|100%| O|  |TAMS 0x0000000086700000, 0x0000000086700000| Untracked 
| 103|0x0000000086700000, 0x0000000086800000, 0x0000000086800000|100%| O|  |TAMS 0x0000000086800000, 0x0000000086800000| Untracked 
| 104|0x0000000086800000, 0x0000000086900000, 0x0000000086900000|100%| O|  |TAMS 0x0000000086900000, 0x0000000086900000| Untracked 
| 105|0x0000000086900000, 0x0000000086a00000, 0x0000000086a00000|100%| O|  |TAMS 0x0000000086a00000, 0x0000000086a00000| Untracked 
| 106|0x0000000086a00000, 0x0000000086b00000, 0x0000000086b00000|100%| O|  |TAMS 0x0000000086b00000, 0x0000000086b00000| Untracked 
| 107|0x0000000086b00000, 0x0000000086c00000, 0x0000000086c00000|100%| O|  |TAMS 0x0000000086c00000, 0x0000000086c00000| Untracked 
| 108|0x0000000086c00000, 0x0000000086d00000, 0x0000000086d00000|100%| O|  |TAMS 0x0000000086d00000, 0x0000000086d00000| Untracked 
| 109|0x0000000086d00000, 0x0000000086e00000, 0x0000000086e00000|100%| O|  |TAMS 0x0000000086e00000, 0x0000000086e00000| Untracked 
| 110|0x0000000086e00000, 0x0000000086f00000, 0x0000000086f00000|100%| O|  |TAMS 0x0000000086f00000, 0x0000000086f00000| Untracked 
| 111|0x0000000086f00000, 0x0000000087000000, 0x0000000087000000|100%| O|  |TAMS 0x0000000087000000, 0x0000000087000000| Untracked 
| 112|0x0000000087000000, 0x0000000087100000, 0x0000000087100000|100%| O|  |TAMS 0x0000000087100000, 0x0000000087100000| Untracked 
| 113|0x0000000087100000, 0x0000000087200000, 0x0000000087200000|100%| O|  |TAMS 0x0000000087200000, 0x0000000087200000| Untracked 
| 114|0x0000000087200000, 0x0000000087300000, 0x0000000087300000|100%| O|  |TAMS 0x0000000087300000, 0x0000000087300000| Untracked 
| 115|0x0000000087300000, 0x0000000087400000, 0x0000000087400000|100%| O|  |TAMS 0x0000000087400000, 0x0000000087400000| Untracked 
| 116|0x0000000087400000, 0x0000000087500000, 0x0000000087500000|100%| O|  |TAMS 0x0000000087500000, 0x0000000087500000| Untracked 
| 117|0x0000000087500000, 0x0000000087600000, 0x0000000087600000|100%| O|  |TAMS 0x0000000087600000, 0x0000000087600000| Untracked 
| 118|0x0000000087600000, 0x0000000087700000, 0x0000000087700000|100%| O|  |TAMS 0x0000000087700000, 0x0000000087700000| Untracked 
| 119|0x0000000087700000, 0x0000000087800000, 0x0000000087800000|100%| O|  |TAMS 0x0000000087800000, 0x0000000087800000| Untracked 
| 120|0x0000000087800000, 0x0000000087900000, 0x0000000087900000|100%| O|  |TAMS 0x0000000087900000, 0x0000000087900000| Untracked 
| 121|0x0000000087900000, 0x0000000087a00000, 0x0000000087a00000|100%| O|  |TAMS 0x0000000087a00000, 0x0000000087a00000| Untracked 
| 122|0x0000000087a00000, 0x0000000087b00000, 0x0000000087b00000|100%| O|  |TAMS 0x0000000087b00000, 0x0000000087b00000| Untracked 
| 123|0x0000000087b00000, 0x0000000087c00000, 0x0000000087c00000|100%| O|  |TAMS 0x0000000087c00000, 0x0000000087c00000| Untracked 
| 124|0x0000000087c00000, 0x0000000087d00000, 0x0000000087d00000|100%| O|  |TAMS 0x0000000087d00000, 0x0000000087d00000| Untracked 
| 125|0x0000000087d00000, 0x0000000087e00000, 0x0000000087e00000|100%| O|  |TAMS 0x0000000087e00000, 0x0000000087e00000| Untracked 
| 126|0x0000000087e00000, 0x0000000087f00000, 0x0000000087f00000|100%| O|  |TAMS 0x0000000087f00000, 0x0000000087f00000| Untracked 
| 127|0x0000000087f00000, 0x0000000088000000, 0x0000000088000000|100%| O|  |TAMS 0x0000000087f00000, 0x0000000088000000| Untracked 
| 128|0x0000000088000000, 0x0000000088100000, 0x0000000088100000|100%| O|  |TAMS 0x0000000088100000, 0x0000000088100000| Untracked 
| 129|0x0000000088100000, 0x0000000088200000, 0x0000000088200000|100%| O|  |TAMS 0x0000000088200000, 0x0000000088200000| Untracked 
| 130|0x0000000088200000, 0x0000000088300000, 0x0000000088300000|100%| O|  |TAMS 0x0000000088200000, 0x0000000088300000| Untracked 
| 131|0x0000000088300000, 0x0000000088400000, 0x0000000088400000|100%| O|  |TAMS 0x0000000088300000, 0x0000000088400000| Untracked 
| 132|0x0000000088400000, 0x0000000088500000, 0x0000000088500000|100%| O|  |TAMS 0x0000000088500000, 0x0000000088500000| Untracked 
| 133|0x0000000088500000, 0x0000000088600000, 0x0000000088600000|100%| O|  |TAMS 0x0000000088500000, 0x0000000088600000| Untracked 
| 134|0x0000000088600000, 0x0000000088700000, 0x0000000088700000|100%| O|  |TAMS 0x0000000088600000, 0x0000000088700000| Untracked 
| 135|0x0000000088700000, 0x0000000088800000, 0x0000000088800000|100%| O|  |TAMS 0x0000000088700000, 0x0000000088800000| Untracked 
| 136|0x0000000088800000, 0x0000000088900000, 0x0000000088900000|100%| O|  |TAMS 0x0000000088800000, 0x0000000088900000| Untracked 
| 137|0x0000000088900000, 0x0000000088a00000, 0x0000000088a00000|100%| O|  |TAMS 0x0000000088900000, 0x0000000088a00000| Untracked 
| 138|0x0000000088a00000, 0x0000000088b00000, 0x0000000088b00000|100%| O|  |TAMS 0x0000000088b00000, 0x0000000088b00000| Untracked 
| 139|0x0000000088b00000, 0x0000000088c00000, 0x0000000088c00000|100%| O|  |TAMS 0x0000000088b00000, 0x0000000088c00000| Untracked 
| 140|0x0000000088c00000, 0x0000000088d00000, 0x0000000088d00000|100%| O|  |TAMS 0x0000000088c00000, 0x0000000088d00000| Untracked 
| 141|0x0000000088d00000, 0x0000000088e00000, 0x0000000088e00000|100%| O|  |TAMS 0x0000000088d00000, 0x0000000088e00000| Untracked 
| 142|0x0000000088e00000, 0x0000000088f00000, 0x0000000088f00000|100%| O|  |TAMS 0x0000000088e00000, 0x0000000088f00000| Untracked 
| 143|0x0000000088f00000, 0x0000000089000000, 0x0000000089000000|100%| O|  |TAMS 0x0000000089000000, 0x0000000089000000| Untracked 
| 144|0x0000000089000000, 0x0000000089100000, 0x0000000089100000|100%| O|  |TAMS 0x0000000089000000, 0x0000000089100000| Untracked 
| 145|0x0000000089100000, 0x0000000089200000, 0x0000000089200000|100%| O|  |TAMS 0x0000000089100000, 0x0000000089200000| Untracked 
| 146|0x0000000089200000, 0x0000000089300000, 0x0000000089300000|100%| O|  |TAMS 0x0000000089200000, 0x0000000089300000| Untracked 
| 147|0x0000000089300000, 0x0000000089400000, 0x0000000089400000|100%| O|  |TAMS 0x0000000089300000, 0x0000000089400000| Untracked 
| 148|0x0000000089400000, 0x0000000089500000, 0x0000000089500000|100%| O|  |TAMS 0x0000000089400000, 0x0000000089500000| Untracked 
| 149|0x0000000089500000, 0x000000008956d800, 0x0000000089600000| 42%| O|  |TAMS 0x0000000089500000, 0x000000008956d800| Untracked 
| 150|0x0000000089600000, 0x0000000089600000, 0x0000000089700000|  0%| F|  |TAMS 0x0000000089600000, 0x0000000089600000| Untracked 
| 151|0x0000000089700000, 0x0000000089700000, 0x0000000089800000|  0%| F|  |TAMS 0x0000000089700000, 0x0000000089700000| Untracked 
| 152|0x0000000089800000, 0x0000000089800000, 0x0000000089900000|  0%| F|  |TAMS 0x0000000089800000, 0x0000000089800000| Untracked 
| 153|0x0000000089900000, 0x0000000089900000, 0x0000000089a00000|  0%| F|  |TAMS 0x0000000089900000, 0x0000000089900000| Untracked 
| 154|0x0000000089a00000, 0x0000000089a00000, 0x0000000089b00000|  0%| F|  |TAMS 0x0000000089a00000, 0x0000000089a00000| Untracked 
| 155|0x0000000089b00000, 0x0000000089c00000, 0x0000000089c00000|100%| O|  |TAMS 0x0000000089c00000, 0x0000000089c00000| Untracked 
| 156|0x0000000089c00000, 0x0000000089c00000, 0x0000000089d00000|  0%| F|  |TAMS 0x0000000089c00000, 0x0000000089c00000| Untracked 
| 157|0x0000000089d00000, 0x0000000089d00000, 0x0000000089e00000|  0%| F|  |TAMS 0x0000000089d00000, 0x0000000089d00000| Untracked 
| 158|0x0000000089e00000, 0x0000000089e00000, 0x0000000089f00000|  0%| F|  |TAMS 0x0000000089e00000, 0x0000000089e00000| Untracked 
| 159|0x0000000089f00000, 0x0000000089f00000, 0x000000008a000000|  0%| F|  |TAMS 0x0000000089f00000, 0x0000000089f00000| Untracked 
| 160|0x000000008a000000, 0x000000008a000000, 0x000000008a100000|  0%| F|  |TAMS 0x000000008a000000, 0x000000008a000000| Untracked 
| 161|0x000000008a100000, 0x000000008a200000, 0x000000008a200000|100%| O|  |TAMS 0x000000008a200000, 0x000000008a200000| Untracked 
| 162|0x000000008a200000, 0x000000008a300000, 0x000000008a300000|100%| O|  |TAMS 0x000000008a300000, 0x000000008a300000| Untracked 
| 163|0x000000008a300000, 0x000000008a400000, 0x000000008a400000|100%| O|  |TAMS 0x000000008a400000, 0x000000008a400000| Untracked 
| 164|0x000000008a400000, 0x000000008a500000, 0x000000008a500000|100%| O|  |TAMS 0x000000008a500000, 0x000000008a500000| Untracked 
| 165|0x000000008a500000, 0x000000008a600000, 0x000000008a600000|100%| O|  |TAMS 0x000000008a600000, 0x000000008a600000| Untracked 
| 166|0x000000008a600000, 0x000000008a700000, 0x000000008a700000|100%| O|  |TAMS 0x000000008a700000, 0x000000008a700000| Untracked 
| 167|0x000000008a700000, 0x000000008a800000, 0x000000008a800000|100%| O|  |TAMS 0x000000008a800000, 0x000000008a800000| Untracked 
| 168|0x000000008a800000, 0x000000008a900000, 0x000000008a900000|100%| O|  |TAMS 0x000000008a900000, 0x000000008a900000| Untracked 
| 169|0x000000008a900000, 0x000000008aa00000, 0x000000008aa00000|100%| O|  |TAMS 0x000000008a924e00, 0x000000008aa00000| Untracked 
| 170|0x000000008aa00000, 0x000000008ab00000, 0x000000008ab00000|100%| O|  |TAMS 0x000000008aa00000, 0x000000008ab00000| Untracked 
| 171|0x000000008ab00000, 0x000000008ac00000, 0x000000008ac00000|100%| O|  |TAMS 0x000000008ab00000, 0x000000008ac00000| Untracked 
| 172|0x000000008ac00000, 0x000000008ad00000, 0x000000008ad00000|100%| O|  |TAMS 0x000000008ac00000, 0x000000008ad00000| Untracked 
| 173|0x000000008ad00000, 0x000000008ae00000, 0x000000008ae00000|100%| O|  |TAMS 0x000000008ad00000, 0x000000008ae00000| Untracked 
| 174|0x000000008ae00000, 0x000000008af00000, 0x000000008af00000|100%| O|  |TAMS 0x000000008ae00000, 0x000000008af00000| Untracked 
| 175|0x000000008af00000, 0x000000008b000000, 0x000000008b000000|100%| O|  |TAMS 0x000000008af00000, 0x000000008b000000| Untracked 
| 176|0x000000008b000000, 0x000000008b100000, 0x000000008b100000|100%| O|  |TAMS 0x000000008b000000, 0x000000008b100000| Untracked 
| 177|0x000000008b100000, 0x000000008b200000, 0x000000008b200000|100%| O|  |TAMS 0x000000008b100000, 0x000000008b200000| Untracked 
| 178|0x000000008b200000, 0x000000008b300000, 0x000000008b300000|100%| O|  |TAMS 0x000000008b200000, 0x000000008b300000| Untracked 
| 179|0x000000008b300000, 0x000000008b400000, 0x000000008b400000|100%| O|  |TAMS 0x000000008b300000, 0x000000008b400000| Untracked 
| 180|0x000000008b400000, 0x000000008b500000, 0x000000008b500000|100%| O|  |TAMS 0x000000008b400000, 0x000000008b500000| Untracked 
| 181|0x000000008b500000, 0x000000008b600000, 0x000000008b600000|100%| O|  |TAMS 0x000000008b500000, 0x000000008b600000| Untracked 
| 182|0x000000008b600000, 0x000000008b700000, 0x000000008b700000|100%| O|  |TAMS 0x000000008b600000, 0x000000008b700000| Untracked 
| 183|0x000000008b700000, 0x000000008b800000, 0x000000008b800000|100%| O|  |TAMS 0x000000008b700000, 0x000000008b800000| Untracked 
| 184|0x000000008b800000, 0x000000008b900000, 0x000000008b900000|100%| O|  |TAMS 0x000000008b800000, 0x000000008b900000| Untracked 
| 185|0x000000008b900000, 0x000000008ba00000, 0x000000008ba00000|100%| O|  |TAMS 0x000000008b900000, 0x000000008ba00000| Untracked 
| 186|0x000000008ba00000, 0x000000008bb00000, 0x000000008bb00000|100%| O|  |TAMS 0x000000008ba00000, 0x000000008bb00000| Untracked 
| 187|0x000000008bb00000, 0x000000008bc00000, 0x000000008bc00000|100%| O|  |TAMS 0x000000008bb00000, 0x000000008bc00000| Untracked 
| 188|0x000000008bc00000, 0x000000008bd00000, 0x000000008bd00000|100%| O|  |TAMS 0x000000008bc00000, 0x000000008bd00000| Untracked 
| 189|0x000000008bd00000, 0x000000008be00000, 0x000000008be00000|100%| O|  |TAMS 0x000000008bd00000, 0x000000008be00000| Untracked 
| 190|0x000000008be00000, 0x000000008bf00000, 0x000000008bf00000|100%| O|  |TAMS 0x000000008be00000, 0x000000008bf00000| Untracked 
| 191|0x000000008bf00000, 0x000000008c000000, 0x000000008c000000|100%| O|  |TAMS 0x000000008bf00000, 0x000000008c000000| Untracked 
| 192|0x000000008c000000, 0x000000008c100000, 0x000000008c100000|100%| O|  |TAMS 0x000000008c000000, 0x000000008c100000| Untracked 
| 193|0x000000008c100000, 0x000000008c200000, 0x000000008c200000|100%| O|  |TAMS 0x000000008c100000, 0x000000008c200000| Untracked 
| 194|0x000000008c200000, 0x000000008c300000, 0x000000008c300000|100%| O|  |TAMS 0x000000008c200000, 0x000000008c300000| Untracked 
| 195|0x000000008c300000, 0x000000008c400000, 0x000000008c400000|100%| O|  |TAMS 0x000000008c300000, 0x000000008c400000| Untracked 
| 196|0x000000008c400000, 0x000000008c500000, 0x000000008c500000|100%| O|  |TAMS 0x000000008c400000, 0x000000008c500000| Untracked 
| 197|0x000000008c500000, 0x000000008c600000, 0x000000008c600000|100%| O|  |TAMS 0x000000008c500000, 0x000000008c600000| Untracked 
| 198|0x000000008c600000, 0x000000008c700000, 0x000000008c700000|100%| O|  |TAMS 0x000000008c600000, 0x000000008c700000| Untracked 
| 199|0x000000008c700000, 0x000000008c800000, 0x000000008c800000|100%| O|  |TAMS 0x000000008c700000, 0x000000008c800000| Untracked 
| 200|0x000000008c800000, 0x000000008c900000, 0x000000008c900000|100%| O|  |TAMS 0x000000008c800000, 0x000000008c900000| Untracked 
| 201|0x000000008c900000, 0x000000008c900000, 0x000000008ca00000|  0%| F|  |TAMS 0x000000008c900000, 0x000000008c900000| Untracked 
| 202|0x000000008ca00000, 0x000000008ca00000, 0x000000008cb00000|  0%| F|  |TAMS 0x000000008ca00000, 0x000000008ca00000| Untracked 
| 203|0x000000008cb00000, 0x000000008cb00000, 0x000000008cc00000|  0%| F|  |TAMS 0x000000008cb00000, 0x000000008cb00000| Untracked 
| 204|0x000000008cc00000, 0x000000008cc00000, 0x000000008cd00000|  0%| F|  |TAMS 0x000000008cc00000, 0x000000008cc00000| Untracked 
| 205|0x000000008cd00000, 0x000000008cd00000, 0x000000008ce00000|  0%| F|  |TAMS 0x000000008cd00000, 0x000000008cd00000| Untracked 
| 206|0x000000008ce00000, 0x000000008ce00000, 0x000000008cf00000|  0%| F|  |TAMS 0x000000008ce00000, 0x000000008ce00000| Untracked 
| 207|0x000000008cf00000, 0x000000008cf00000, 0x000000008d000000|  0%| F|  |TAMS 0x000000008cf00000, 0x000000008cf00000| Untracked 
| 208|0x000000008d000000, 0x000000008d000000, 0x000000008d100000|  0%| F|  |TAMS 0x000000008d000000, 0x000000008d000000| Untracked 
| 209|0x000000008d100000, 0x000000008d100000, 0x000000008d200000|  0%| F|  |TAMS 0x000000008d100000, 0x000000008d100000| Untracked 
| 210|0x000000008d200000, 0x000000008d200000, 0x000000008d300000|  0%| F|  |TAMS 0x000000008d200000, 0x000000008d200000| Untracked 
| 211|0x000000008d300000, 0x000000008d300000, 0x000000008d400000|  0%| F|  |TAMS 0x000000008d300000, 0x000000008d300000| Untracked 
| 212|0x000000008d400000, 0x000000008d400000, 0x000000008d500000|  0%| F|  |TAMS 0x000000008d400000, 0x000000008d400000| Untracked 
| 213|0x000000008d500000, 0x000000008d500000, 0x000000008d600000|  0%| F|  |TAMS 0x000000008d500000, 0x000000008d500000| Untracked 
| 214|0x000000008d600000, 0x000000008d600000, 0x000000008d700000|  0%| F|  |TAMS 0x000000008d600000, 0x000000008d600000| Untracked 
| 215|0x000000008d700000, 0x000000008d700000, 0x000000008d800000|  0%| F|  |TAMS 0x000000008d700000, 0x000000008d700000| Untracked 
| 216|0x000000008d800000, 0x000000008d800000, 0x000000008d900000|  0%| F|  |TAMS 0x000000008d800000, 0x000000008d800000| Untracked 
| 217|0x000000008d900000, 0x000000008d900000, 0x000000008da00000|  0%| F|  |TAMS 0x000000008d900000, 0x000000008d900000| Untracked 
| 218|0x000000008da00000, 0x000000008da00000, 0x000000008db00000|  0%| F|  |TAMS 0x000000008da00000, 0x000000008da00000| Untracked 
| 219|0x000000008db00000, 0x000000008db00000, 0x000000008dc00000|  0%| F|  |TAMS 0x000000008db00000, 0x000000008db00000| Untracked 
| 220|0x000000008dc00000, 0x000000008dc00000, 0x000000008dd00000|  0%| F|  |TAMS 0x000000008dc00000, 0x000000008dc00000| Untracked 
| 221|0x000000008dd00000, 0x000000008dd00000, 0x000000008de00000|  0%| F|  |TAMS 0x000000008dd00000, 0x000000008dd00000| Untracked 
| 222|0x000000008de00000, 0x000000008df00000, 0x000000008df00000|100%| O|  |TAMS 0x000000008df00000, 0x000000008df00000| Untracked 
| 223|0x000000008df00000, 0x000000008e000000, 0x000000008e000000|100%| O|  |TAMS 0x000000008e000000, 0x000000008e000000| Untracked 
| 224|0x000000008e000000, 0x000000008e100000, 0x000000008e100000|100%| O|  |TAMS 0x000000008e100000, 0x000000008e100000| Untracked 
| 225|0x000000008e100000, 0x000000008e200000, 0x000000008e200000|100%| O|  |TAMS 0x000000008e200000, 0x000000008e200000| Untracked 
| 226|0x000000008e200000, 0x000000008e300000, 0x000000008e300000|100%| O|  |TAMS 0x000000008e300000, 0x000000008e300000| Untracked 
| 227|0x000000008e300000, 0x000000008e400000, 0x000000008e400000|100%| O|  |TAMS 0x000000008e400000, 0x000000008e400000| Untracked 
| 228|0x000000008e400000, 0x000000008e400000, 0x000000008e500000|  0%| F|  |TAMS 0x000000008e400000, 0x000000008e400000| Untracked 
| 229|0x000000008e500000, 0x000000008e500000, 0x000000008e600000|  0%| F|  |TAMS 0x000000008e500000, 0x000000008e500000| Untracked 
| 230|0x000000008e600000, 0x000000008e600000, 0x000000008e700000|  0%| F|  |TAMS 0x000000008e600000, 0x000000008e600000| Untracked 
| 231|0x000000008e700000, 0x000000008e700000, 0x000000008e800000|  0%| F|  |TAMS 0x000000008e700000, 0x000000008e700000| Untracked 
| 232|0x000000008e800000, 0x000000008e800000, 0x000000008e900000|  0%| F|  |TAMS 0x000000008e800000, 0x000000008e800000| Untracked 
| 233|0x000000008e900000, 0x000000008e900000, 0x000000008ea00000|  0%| F|  |TAMS 0x000000008e900000, 0x000000008e900000| Untracked 
| 234|0x000000008ea00000, 0x000000008ea00000, 0x000000008eb00000|  0%| F|  |TAMS 0x000000008ea00000, 0x000000008ea00000| Untracked 
| 235|0x000000008eb00000, 0x000000008eb00000, 0x000000008ec00000|  0%| F|  |TAMS 0x000000008eb00000, 0x000000008eb00000| Untracked 
| 236|0x000000008ec00000, 0x000000008ec00000, 0x000000008ed00000|  0%| F|  |TAMS 0x000000008ec00000, 0x000000008ec00000| Untracked 
| 237|0x000000008ed00000, 0x000000008ed00000, 0x000000008ee00000|  0%| F|  |TAMS 0x000000008ed00000, 0x000000008ed00000| Untracked 
| 238|0x000000008ee00000, 0x000000008ee00000, 0x000000008ef00000|  0%| F|  |TAMS 0x000000008ee00000, 0x000000008ee00000| Untracked 
| 239|0x000000008ef00000, 0x000000008ef00000, 0x000000008f000000|  0%| F|  |TAMS 0x000000008ef00000, 0x000000008ef00000| Untracked 
| 240|0x000000008f000000, 0x000000008f000000, 0x000000008f100000|  0%| F|  |TAMS 0x000000008f000000, 0x000000008f000000| Untracked 
| 241|0x000000008f100000, 0x000000008f100000, 0x000000008f200000|  0%| F|  |TAMS 0x000000008f100000, 0x000000008f100000| Untracked 
| 242|0x000000008f200000, 0x000000008f200000, 0x000000008f300000|  0%| F|  |TAMS 0x000000008f200000, 0x000000008f200000| Untracked 
| 243|0x000000008f300000, 0x000000008f400000, 0x000000008f400000|100%| S|CS|TAMS 0x000000008f300000, 0x000000008f300000| Complete 
| 244|0x000000008f400000, 0x000000008f500000, 0x000000008f500000|100%| S|CS|TAMS 0x000000008f400000, 0x000000008f400000| Complete 
| 245|0x000000008f500000, 0x000000008f600000, 0x000000008f600000|100%| S|CS|TAMS 0x000000008f500000, 0x000000008f500000| Complete 
| 246|0x000000008f600000, 0x000000008f700000, 0x000000008f700000|100%| S|CS|TAMS 0x000000008f600000, 0x000000008f600000| Complete 
| 247|0x000000008f700000, 0x000000008f700000, 0x000000008f800000|  0%| F|  |TAMS 0x000000008f700000, 0x000000008f700000| Untracked 
| 248|0x000000008f800000, 0x000000008f800000, 0x000000008f900000|  0%| F|  |TAMS 0x000000008f800000, 0x000000008f800000| Untracked 
| 249|0x000000008f900000, 0x000000008f900000, 0x000000008fa00000|  0%| F|  |TAMS 0x000000008f900000, 0x000000008f900000| Untracked 
| 250|0x000000008fa00000, 0x000000008fa00000, 0x000000008fb00000|  0%| F|  |TAMS 0x000000008fa00000, 0x000000008fa00000| Untracked 
| 251|0x000000008fb00000, 0x000000008fb00000, 0x000000008fc00000|  0%| F|  |TAMS 0x000000008fb00000, 0x000000008fb00000| Untracked 
| 252|0x000000008fc00000, 0x000000008fc00000, 0x000000008fd00000|  0%| F|  |TAMS 0x000000008fc00000, 0x000000008fc00000| Untracked 
| 253|0x000000008fd00000, 0x000000008fd00000, 0x000000008fe00000|  0%| F|  |TAMS 0x000000008fd00000, 0x000000008fd00000| Untracked 
| 254|0x000000008fe00000, 0x000000008fe00000, 0x000000008ff00000|  0%| F|  |TAMS 0x000000008fe00000, 0x000000008fe00000| Untracked 
| 255|0x000000008ff00000, 0x000000008ff00000, 0x0000000090000000|  0%| F|  |TAMS 0x000000008ff00000, 0x000000008ff00000| Untracked 
| 256|0x0000000090000000, 0x0000000090000000, 0x0000000090100000|  0%| F|  |TAMS 0x0000000090000000, 0x0000000090000000| Untracked 
| 257|0x0000000090100000, 0x0000000090100000, 0x0000000090200000|  0%| F|  |TAMS 0x0000000090100000, 0x0000000090100000| Untracked 
| 258|0x0000000090200000, 0x0000000090200000, 0x0000000090300000|  0%| F|  |TAMS 0x0000000090200000, 0x0000000090200000| Untracked 
| 259|0x0000000090300000, 0x0000000090300000, 0x0000000090400000|  0%| F|  |TAMS 0x0000000090300000, 0x0000000090300000| Untracked 
| 260|0x0000000090400000, 0x0000000090400000, 0x0000000090500000|  0%| F|  |TAMS 0x0000000090400000, 0x0000000090400000| Untracked 
| 261|0x0000000090500000, 0x0000000090500000, 0x0000000090600000|  0%| F|  |TAMS 0x0000000090500000, 0x0000000090500000| Untracked 
| 262|0x0000000090600000, 0x0000000090600000, 0x0000000090700000|  0%| F|  |TAMS 0x0000000090600000, 0x0000000090600000| Untracked 
| 263|0x0000000090700000, 0x0000000090700000, 0x0000000090800000|  0%| F|  |TAMS 0x0000000090700000, 0x0000000090700000| Untracked 
| 264|0x0000000090800000, 0x0000000090800000, 0x0000000090900000|  0%| F|  |TAMS 0x0000000090800000, 0x0000000090800000| Untracked 
| 265|0x0000000090900000, 0x0000000090900000, 0x0000000090a00000|  0%| F|  |TAMS 0x0000000090900000, 0x0000000090900000| Untracked 
| 266|0x0000000090a00000, 0x0000000090a00000, 0x0000000090b00000|  0%| F|  |TAMS 0x0000000090a00000, 0x0000000090a00000| Untracked 
| 267|0x0000000090b00000, 0x0000000090b00000, 0x0000000090c00000|  0%| F|  |TAMS 0x0000000090b00000, 0x0000000090b00000| Untracked 
| 268|0x0000000090c00000, 0x0000000090c00000, 0x0000000090d00000|  0%| F|  |TAMS 0x0000000090c00000, 0x0000000090c00000| Untracked 
| 269|0x0000000090d00000, 0x0000000090d00000, 0x0000000090e00000|  0%| F|  |TAMS 0x0000000090d00000, 0x0000000090d00000| Untracked 
| 270|0x0000000090e00000, 0x0000000090e00000, 0x0000000090f00000|  0%| F|  |TAMS 0x0000000090e00000, 0x0000000090e00000| Untracked 
| 271|0x0000000090f00000, 0x0000000090f00000, 0x0000000091000000|  0%| F|  |TAMS 0x0000000090f00000, 0x0000000090f00000| Untracked 
| 272|0x0000000091000000, 0x0000000091000000, 0x0000000091100000|  0%| F|  |TAMS 0x0000000091000000, 0x0000000091000000| Untracked 
| 273|0x0000000091100000, 0x0000000091100000, 0x0000000091200000|  0%| F|  |TAMS 0x0000000091100000, 0x0000000091100000| Untracked 

Card table byte_map: [0x0000019c66470000,0x0000019c66870000] _byte_map_base: 0x0000019c66070000

Marking Bits (Prev, Next): (CMBitMap*) 0x0000019c5372c440, (CMBitMap*) 0x0000019c5372c408
 Prev Bits: [0x0000019c68c70000, 0x0000019c6ac70000)
 Next Bits: [0x0000019c66c70000, 0x0000019c68c70000)

Polling page: 0x0000019c516e0000

Metaspace:

Usage:
  Non-class:     79.82 MB capacity,    78.36 MB ( 98%) used,     1.22 MB (  2%) free+waste,   238.19 KB ( <1%) overhead. 
      Class:     12.03 MB capacity,    11.20 MB ( 93%) used,   736.30 KB (  6%) free+waste,   105.63 KB ( <1%) overhead. 
       Both:     91.84 MB capacity,    89.57 MB ( 98%) used,     1.94 MB (  2%) free+waste,   343.81 KB ( <1%) overhead. 

Virtual space:
  Non-class space:       80.00 MB reserved,      80.00 MB (100%) committed 
      Class space:        1.00 GB reserved,      12.13 MB (  1%) committed 
             Both:        1.08 GB reserved,      92.13 MB (  8%) committed 

Chunk freelists:
   Non-Class:  0 bytes
       Class:  6.00 KB
        Both:  6.00 KB

MaxMetaspaceSize: 17179869184.00 GB
CompressedClassSpaceSize: 1.00 GB

CodeHeap 'non-profiled nmethods': size=120064Kb used=7981Kb max_used=7981Kb free=112082Kb
 bounds [0x0000019c5eb30000, 0x0000019c5f300000, 0x0000019c66070000]
CodeHeap 'profiled nmethods': size=120000Kb used=28734Kb max_used=28734Kb free=91265Kb
 bounds [0x0000019c57600000, 0x0000019c59220000, 0x0000019c5eb30000]
CodeHeap 'non-nmethods': size=5696Kb used=2320Kb max_used=2320Kb free=3375Kb
 bounds [0x0000019c57070000, 0x0000019c572e0000, 0x0000019c57600000]
 total_blobs=13217 nmethods=12343 adapters=782
 compilation: enabled
              stopped_count=0, restarted_count=0
 full_count=0

Compilation events (20 events):
Event: 29.447 Thread 0x0000019c6d169800 nmethod 12726 0x0000019c5f2fb790 code [0x0000019c5f2fb940, 0x0000019c5f2fba28]
Event: 29.447 Thread 0x0000019c6d169800 12715   !   4       com.sun.tools.javac.comp.Annotate::flush (147 bytes)
Event: 29.524 Thread 0x0000019c6d175800 12754       2       com.sun.tools.javac.code.Symbol$ClassSymbol::erasure (45 bytes)
Event: 29.525 Thread 0x0000019c6d175800 nmethod 12754 0x0000019c59209590 code [0x0000019c592097a0, 0x0000019c59209b48]
Event: 29.535 Thread 0x0000019c6d175800 12756       2       com.sun.tools.javac.util.ListBuffer::next (56 bytes)
Event: 29.536 Thread 0x0000019c6d175800 nmethod 12756 0x0000019c59209d90 code [0x0000019c59209f60, 0x0000019c5920a178]
Event: 29.560 Thread 0x0000019c6d175800 12757       2       com.sun.tools.javac.comp.TypeEnter::createDefaultConstructorParams (198 bytes)
Event: 29.561 Thread 0x0000019c6d175800 nmethod 12757 0x0000019c5920a290 code [0x0000019c5920a520, 0x0000019c5920af18]
Event: 29.561 Thread 0x0000019c6d175800 12758       2       com.sun.tools.javac.comp.TypeEnter::SuperCall (86 bytes)
Event: 29.562 Thread 0x0000019c6d175800 nmethod 12758 0x0000019c5920b610 code [0x0000019c5920b820, 0x0000019c5920bee8]
Event: 29.562 Thread 0x0000019c6d175800 12759       2       com.sun.tools.javac.tree.TreeMaker::MethodDef (79 bytes)
Event: 29.562 Thread 0x0000019c6d175800 nmethod 12759 0x0000019c5920c210 code [0x0000019c5920c460, 0x0000019c5920c908]
Event: 29.576 Thread 0x0000019c6d175800 12761       2       com.sun.tools.javac.code.Symbol::isDeprecatedForRemoval (19 bytes)
Event: 29.576 Thread 0x0000019c6d175800 nmethod 12761 0x0000019c5920cc10 code [0x0000019c5920cdc0, 0x0000019c5920cef8]
Event: 29.613 Thread 0x0000019c6d175800 12763       3       com.sun.tools.javac.comp.TypeEnter$MembersPhase::finishClass (134 bytes)
Event: 29.614 Thread 0x0000019c6d175800 nmethod 12763 0x0000019c5920cf90 code [0x0000019c5920d2a0, 0x0000019c5920e5e8]
Event: 29.629 Thread 0x0000019c6d175800 12766 %     3       com.sun.tools.javac.tree.JCTree$JCCompilationUnit::getImports @ 16 (88 bytes)
Event: 29.630 Thread 0x0000019c6d175800 nmethod 12766% 0x0000019c5920ed10 code [0x0000019c5920f000, 0x0000019c59210358]
Event: 29.630 Thread 0x0000019c6d175800 12767       3       com.sun.tools.javac.tree.JCTree$JCCompilationUnit::getImports (88 bytes)
Event: 29.631 Thread 0x0000019c6d175800 nmethod 12767 0x0000019c59210810 code [0x0000019c59210ae0, 0x0000019c59211db8]

GC Heap History (20 events):
Event: 26.919 GC heap after
{Heap after GC invocations=30 (full 0):
 garbage-first heap   total 233472K, used 163328K [0x0000000080000000, 0x0000000100000000)
  region size 1024K, 8 young (8192K), 8 survivors (8192K)
 Metaspace       used 83922K, capacity 86233K, committed 86528K, reserved 1124352K
  class space    used 10628K, capacity 11468K, committed 11520K, reserved 1048576K
}
Event: 27.449 GC heap before
{Heap before GC invocations=31 (full 0):
 garbage-first heap   total 233472K, used 185856K [0x0000000080000000, 0x0000000100000000)
  region size 1024K, 30 young (30720K), 8 survivors (8192K)
 Metaspace       used 84608K, capacity 86814K, committed 87040K, reserved 1124352K
  class space    used 10666K, capacity 11507K, committed 11520K, reserved 1048576K
}
Event: 27.472 GC heap after
{Heap after GC invocations=32 (full 0):
 garbage-first heap   total 233472K, used 171008K [0x0000000080000000, 0x0000000100000000)
  region size 1024K, 4 young (4096K), 4 survivors (4096K)
 Metaspace       used 84608K, capacity 86814K, committed 87040K, reserved 1124352K
  class space    used 10666K, capacity 11507K, committed 11520K, reserved 1048576K
}
Event: 28.006 GC heap before
{Heap before GC invocations=32 (full 0):
 garbage-first heap   total 233472K, used 189440K [0x0000000080000000, 0x0000000100000000)
  region size 1024K, 23 young (23552K), 4 survivors (4096K)
 Metaspace       used 88263K, capacity 90659K, committed 90880K, reserved 1128448K
  class space    used 11065K, capacity 11956K, committed 12032K, reserved 1048576K
}
Event: 28.016 GC heap after
{Heap after GC invocations=33 (full 0):
 garbage-first heap   total 233472K, used 173203K [0x0000000080000000, 0x0000000100000000)
  region size 1024K, 2 young (2048K), 2 survivors (2048K)
 Metaspace       used 88263K, capacity 90659K, committed 90880K, reserved 1128448K
  class space    used 11065K, capacity 11956K, committed 12032K, reserved 1048576K
}
Event: 28.396 GC heap before
{Heap before GC invocations=33 (full 0):
 garbage-first heap   total 233472K, used 189587K [0x0000000080000000, 0x0000000100000000)
  region size 1024K, 21 young (21504K), 2 survivors (2048K)
 Metaspace       used 91495K, capacity 93706K, committed 93824K, reserved 1130496K
  class space    used 11455K, capacity 12310K, committed 12416K, reserved 1048576K
}
Event: 28.403 GC heap after
{Heap after GC invocations=34 (full 0):
 garbage-first heap   total 233472K, used 171918K [0x0000000080000000, 0x0000000100000000)
  region size 1024K, 3 young (3072K), 3 survivors (3072K)
 Metaspace       used 91495K, capacity 93706K, committed 93824K, reserved 1130496K
  class space    used 11455K, capacity 12310K, committed 12416K, reserved 1048576K
}
Event: 28.655 GC heap before
{Heap before GC invocations=35 (full 0):
 garbage-first heap   total 233472K, used 192398K [0x0000000080000000, 0x0000000100000000)
  region size 1024K, 23 young (23552K), 3 survivors (3072K)
 Metaspace       used 91675K, capacity 94044K, committed 94336K, reserved 1130496K
  class space    used 11472K, capacity 12314K, committed 12416K, reserved 1048576K
}
Event: 28.666 GC heap after
{Heap after GC invocations=36 (full 0):
 garbage-first heap   total 233472K, used 176702K [0x0000000080000000, 0x0000000100000000)
  region size 1024K, 3 young (3072K), 3 survivors (3072K)
 Metaspace       used 91675K, capacity 94044K, committed 94336K, reserved 1130496K
  class space    used 11472K, capacity 12314K, committed 12416K, reserved 1048576K
}
Event: 28.791 GC heap before
{Heap before GC invocations=36 (full 0):
 garbage-first heap   total 233472K, used 196158K [0x0000000080000000, 0x0000000100000000)
  region size 1024K, 22 young (22528K), 3 survivors (3072K)
 Metaspace       used 91682K, capacity 94044K, committed 94336K, reserved 1130496K
  class space    used 11472K, capacity 12314K, committed 12416K, reserved 1048576K
}
Event: 28.806 GC heap after
{Heap after GC invocations=37 (full 0):
 garbage-first heap   total 233472K, used 182419K [0x0000000080000000, 0x0000000100000000)
  region size 1024K, 3 young (3072K), 3 survivors (3072K)
 Metaspace       used 91682K, capacity 94044K, committed 94336K, reserved 1130496K
  class space    used 11472K, capacity 12314K, committed 12416K, reserved 1048576K
}
Event: 28.887 GC heap before
{Heap before GC invocations=37 (full 0):
 garbage-first heap   total 233472K, used 197779K [0x0000000080000000, 0x0000000100000000)
  region size 1024K, 18 young (18432K), 3 survivors (3072K)
 Metaspace       used 91682K, capacity 94044K, committed 94336K, reserved 1130496K
  class space    used 11472K, capacity 12314K, committed 12416K, reserved 1048576K
}
Event: 28.906 GC heap after
{Heap after GC invocations=38 (full 0):
 garbage-first heap   total 280576K, used 194560K [0x0000000080000000, 0x0000000100000000)
  region size 1024K, 3 young (3072K), 3 survivors (3072K)
 Metaspace       used 91682K, capacity 94044K, committed 94336K, reserved 1130496K
  class space    used 11472K, capacity 12314K, committed 12416K, reserved 1048576K
}
Event: 29.202 GC heap before
{Heap before GC invocations=38 (full 0):
 garbage-first heap   total 280576K, used 212992K [0x0000000080000000, 0x0000000100000000)
  region size 1024K, 27 young (27648K), 3 survivors (3072K)
 Metaspace       used 91705K, capacity 94047K, committed 94336K, reserved 1130496K
  class space    used 11472K, capacity 12314K, committed 12416K, reserved 1048576K
}
Event: 29.233 GC heap after
{Heap after GC invocations=39 (full 0):
 garbage-first heap   total 280576K, used 204274K [0x0000000080000000, 0x0000000100000000)
  region size 1024K, 4 young (4096K), 4 survivors (4096K)
 Metaspace       used 91705K, capacity 94047K, committed 94336K, reserved 1130496K
  class space    used 11472K, capacity 12314K, committed 12416K, reserved 1048576K
}
Event: 29.458 GC heap before
{Heap before GC invocations=40 (full 0):
 garbage-first heap   total 280576K, used 224754K [0x0000000080000000, 0x0000000100000000)
  region size 1024K, 24 young (24576K), 4 survivors (4096K)
 Metaspace       used 91715K, capacity 94047K, committed 94336K, reserved 1130496K
  class space    used 11472K, capacity 12314K, committed 12416K, reserved 1048576K
}
Event: 29.470 GC heap after
{Heap after GC invocations=41 (full 0):
 garbage-first heap   total 280576K, used 209408K [0x0000000080000000, 0x0000000100000000)
  region size 1024K, 3 young (3072K), 3 survivors (3072K)
 Metaspace       used 91715K, capacity 94047K, committed 94336K, reserved 1130496K
  class space    used 11472K, capacity 12314K, committed 12416K, reserved 1048576K
}
Event: 29.538 GC heap before
{Heap before GC invocations=41 (full 0):
 garbage-first heap   total 280576K, used 219648K [0x0000000080000000, 0x0000000100000000)
  region size 1024K, 13 young (13312K), 3 survivors (3072K)
 Metaspace       used 91715K, capacity 94047K, committed 94336K, reserved 1130496K
  class space    used 11472K, capacity 12314K, committed 12416K, reserved 1048576K
}
Event: 29.550 GC heap after
{Heap after GC invocations=42 (full 0):
 garbage-first heap   total 280576K, used 190834K [0x0000000080000000, 0x0000000100000000)
  region size 1024K, 2 young (2048K), 2 survivors (2048K)
 Metaspace       used 91715K, capacity 94047K, committed 94336K, reserved 1130496K
  class space    used 11472K, capacity 12314K, committed 12416K, reserved 1048576K
}
Event: 29.637 GC heap before
{Heap before GC invocations=42 (full 0):
 garbage-first heap   total 280576K, used 215410K [0x0000000080000000, 0x0000000100000000)
  region size 1024K, 27 young (27648K), 2 survivors (2048K)
 Metaspace       used 91715K, capacity 94047K, committed 94336K, reserved 1130496K
  class space    used 11472K, capacity 12314K, committed 12416K, reserved 1048576K
}

Deoptimization events (20 events):
Event: 29.453 Thread 0x0000019c6e966800 DEOPT PACKING pc=0x0000019c58f6540f sp=0x0000004a23cf7620
Event: 29.453 Thread 0x0000019c6e966800 DEOPT UNPACKING pc=0x0000019c5709724e sp=0x0000004a23cf6ad8 mode 0
Event: 29.484 Thread 0x0000019c6e966800 DEOPT PACKING pc=0x0000019c58f6540f sp=0x0000004a23cf7620
Event: 29.484 Thread 0x0000019c6e966800 DEOPT UNPACKING pc=0x0000019c5709724e sp=0x0000004a23cf6ad8 mode 0
Event: 29.507 Thread 0x0000019c6e966800 Uncommon trap: trap_request=0xffffffde fr.pc=0x0000019c5f254c74 relative=0x0000000000000694
Event: 29.507 Thread 0x0000019c6e966800 Uncommon trap: reason=class_check action=maybe_recompile pc=0x0000019c5f254c74 method=com.sun.tools.javac.code.Symbol$ClassSymbol.erasure(Lcom/sun/tools/javac/code/Types;)Lcom/sun/tools/javac/code/Type; @ 17 c2
Event: 29.507 Thread 0x0000019c6e966800 DEOPT PACKING pc=0x0000019c5f254c74 sp=0x0000004a23cf6fc0
Event: 29.507 Thread 0x0000019c6e966800 DEOPT UNPACKING pc=0x0000019c5709742f sp=0x0000004a23cf6f80 mode 2
Event: 29.523 Thread 0x0000019c6e966800 Uncommon trap: trap_request=0xffffffde fr.pc=0x0000019c5f254c74 relative=0x0000000000000694
Event: 29.523 Thread 0x0000019c6e966800 Uncommon trap: reason=class_check action=maybe_recompile pc=0x0000019c5f254c74 method=com.sun.tools.javac.code.Symbol$ClassSymbol.erasure(Lcom/sun/tools/javac/code/Types;)Lcom/sun/tools/javac/code/Type; @ 17 c2
Event: 29.523 Thread 0x0000019c6e966800 DEOPT PACKING pc=0x0000019c5f254c74 sp=0x0000004a23cf8050
Event: 29.523 Thread 0x0000019c6e966800 DEOPT UNPACKING pc=0x0000019c5709742f sp=0x0000004a23cf8010 mode 2
Event: 29.527 Thread 0x0000019c6e966800 DEOPT PACKING pc=0x0000019c58f6540f sp=0x0000004a23cf85a0
Event: 29.527 Thread 0x0000019c6e966800 DEOPT UNPACKING pc=0x0000019c5709724e sp=0x0000004a23cf7a58 mode 0
Event: 29.576 Thread 0x0000019c6e966800 DEOPT PACKING pc=0x0000019c58f6540f sp=0x0000004a23cf85a0
Event: 29.576 Thread 0x0000019c6e966800 DEOPT UNPACKING pc=0x0000019c5709724e sp=0x0000004a23cf7a58 mode 0
Event: 29.613 Thread 0x0000019c6e966800 DEOPT PACKING pc=0x0000019c58fb2cd3 sp=0x0000004a23cf94f0
Event: 29.613 Thread 0x0000019c6e966800 DEOPT UNPACKING pc=0x0000019c5709724e sp=0x0000004a23cf8998 mode 0
Event: 29.630 Thread 0x0000019c6e966800 DEOPT PACKING pc=0x0000019c58f7e02e sp=0x0000004a23cf97e0
Event: 29.630 Thread 0x0000019c6e966800 DEOPT UNPACKING pc=0x0000019c5709724e sp=0x0000004a23cf8cb8 mode 0

Classes redefined (0 events):
No events

Internal exceptions (20 events):
Event: 25.102 Thread 0x0000019c6e966800 Exception <a 'sun/nio/fs/WindowsException'{0x000000008d0c3c58}> (0x000000008d0c3c58) thrown at [./src/hotspot/share/prims/jni.cpp, line 615]
Event: 25.102 Thread 0x0000019c6e966800 Exception <a 'sun/nio/fs/WindowsException'{0x000000008d0c3d60}> (0x000000008d0c3d60) thrown at [./src/hotspot/share/prims/jni.cpp, line 615]
Event: 26.511 Thread 0x0000019c6e966800 Implicit null exception at 0x0000019c5f142a1c to 0x0000019c5f1435c4
Event: 26.537 Thread 0x0000019c6e966800 Implicit null exception at 0x0000019c5f145d27 to 0x0000019c5f1467b4
Event: 28.318 Thread 0x0000019c6e966800 Exception <a 'sun/nio/fs/WindowsException'{0x000000008cf681c0}> (0x000000008cf681c0) thrown at [./src/hotspot/share/prims/jni.cpp, line 615]
Event: 28.319 Thread 0x0000019c6e966800 Exception <a 'sun/nio/fs/WindowsException'{0x000000008cf68a10}> (0x000000008cf68a10) thrown at [./src/hotspot/share/prims/jni.cpp, line 615]
Event: 28.321 Thread 0x0000019c6e966800 Exception <a 'sun/nio/fs/WindowsException'{0x000000008cf79200}> (0x000000008cf79200) thrown at [./src/hotspot/share/prims/jni.cpp, line 615]
Event: 28.321 Thread 0x0000019c6e966800 Exception <a 'sun/nio/fs/WindowsException'{0x000000008cf7a458}> (0x000000008cf7a458) thrown at [./src/hotspot/share/prims/jni.cpp, line 615]
Event: 28.322 Thread 0x0000019c6e966800 Exception <a 'sun/nio/fs/WindowsException'{0x000000008cf7b668}> (0x000000008cf7b668) thrown at [./src/hotspot/share/prims/jni.cpp, line 615]
Event: 28.322 Thread 0x0000019c6e966800 Exception <a 'sun/nio/fs/WindowsException'{0x000000008cf7b7c0}> (0x000000008cf7b7c0) thrown at [./src/hotspot/share/prims/jni.cpp, line 615]
Event: 28.322 Thread 0x0000019c6e966800 Exception <a 'sun/nio/fs/WindowsException'{0x000000008cf7d9c8}> (0x000000008cf7d9c8) thrown at [./src/hotspot/share/prims/jni.cpp, line 615]
Event: 28.322 Thread 0x0000019c6e966800 Exception <a 'sun/nio/fs/WindowsException'{0x000000008cf7db08}> (0x000000008cf7db08) thrown at [./src/hotspot/share/prims/jni.cpp, line 615]
Event: 28.322 Thread 0x0000019c6e966800 Exception <a 'sun/nio/fs/WindowsException'{0x000000008cf7fcf8}> (0x000000008cf7fcf8) thrown at [./src/hotspot/share/prims/jni.cpp, line 615]
Event: 28.322 Thread 0x0000019c6e966800 Exception <a 'sun/nio/fs/WindowsException'{0x000000008cf7fe28}> (0x000000008cf7fe28) thrown at [./src/hotspot/share/prims/jni.cpp, line 615]
Event: 28.322 Thread 0x0000019c6e966800 Exception <a 'sun/nio/fs/WindowsException'{0x000000008cf82000}> (0x000000008cf82000) thrown at [./src/hotspot/share/prims/jni.cpp, line 615]
Event: 28.322 Thread 0x0000019c6e966800 Exception <a 'sun/nio/fs/WindowsException'{0x000000008cf82120}> (0x000000008cf82120) thrown at [./src/hotspot/share/prims/jni.cpp, line 615]
Event: 28.322 Thread 0x0000019c6e966800 Exception <a 'sun/nio/fs/WindowsException'{0x000000008cf842f0}> (0x000000008cf842f0) thrown at [./src/hotspot/share/prims/jni.cpp, line 615]
Event: 28.381 Thread 0x0000019c6e966800 Exception <a 'sun/nio/fs/WindowsException'{0x000000008cb859a0}> (0x000000008cb859a0) thrown at [./src/hotspot/share/prims/jni.cpp, line 615]
Event: 28.411 Thread 0x0000019c6e966800 Exception <a 'java/lang/NullPointerException'{0x000000008dd45988}> (0x000000008dd45988) thrown at [./src/hotspot/share/interpreter/linkResolver.cpp, line 1358]
Event: 28.465 Thread 0x0000019c6e966800 Implicit null exception at 0x0000019c5f1408bc to 0x0000019c5f141890

Events (20 events):
Event: 28.448 loading class com/sun/tools/javac/code/Symtab done
Event: 28.521 Executing VM operation: CGC_Operation
Event: 28.521 Executing VM operation: CGC_Operation done
Event: 28.655 Executing VM operation: G1CollectForAllocation
Event: 28.666 Executing VM operation: G1CollectForAllocation done
Event: 28.791 Executing VM operation: G1CollectForAllocation
Event: 28.806 Executing VM operation: G1CollectForAllocation done
Event: 28.887 Executing VM operation: G1CollectForAllocation
Event: 28.906 Executing VM operation: G1CollectForAllocation done
Event: 29.105 Executing VM operation: CGC_Operation
Event: 29.117 Executing VM operation: CGC_Operation done
Event: 29.202 Executing VM operation: G1CollectForAllocation
Event: 29.233 Executing VM operation: G1CollectForAllocation done
Event: 29.309 Executing VM operation: CGC_Operation
Event: 29.333 Executing VM operation: CGC_Operation done
Event: 29.458 Executing VM operation: G1CollectForAllocation
Event: 29.470 Executing VM operation: G1CollectForAllocation done
Event: 29.538 Executing VM operation: G1CollectForAllocation
Event: 29.550 Executing VM operation: G1CollectForAllocation done
Event: 29.637 Executing VM operation: G1CollectForAllocation


Dynamic libraries:
0x00007ff6c17f0000 - 0x00007ff6c17fa000 	C:\Program Files\Android\Android Studio\jre\bin\java.exe
0x00007ffdbfbb0000 - 0x00007ffdbfda5000 	C:\WINDOWS\SYSTEM32\ntdll.dll
0x00007ffdbf740000 - 0x00007ffdbf7fd000 	C:\WINDOWS\System32\KERNEL32.DLL
0x00007ffdbd920000 - 0x00007ffdbdbe8000 	C:\WINDOWS\System32\KERNELBASE.dll
0x00007ffdbd500000 - 0x00007ffdbd600000 	C:\WINDOWS\System32\ucrtbase.dll
0x00007ffd998c0000 - 0x00007ffd998d7000 	C:\Program Files\Android\Android Studio\jre\bin\VCRUNTIME140.dll
0x00007ffd8b630000 - 0x00007ffd8b649000 	C:\Program Files\Android\Android Studio\jre\bin\jli.dll
0x00007ffdbe410000 - 0x00007ffdbe5b0000 	C:\WINDOWS\System32\USER32.dll
0x00007ffdaee00000 - 0x00007ffdaf09a000 	C:\WINDOWS\WinSxS\amd64_microsoft.windows.common-controls_6595b64144ccf1df_6.0.19041.1052_none_60b8f8fd71f5e8cb\COMCTL32.dll
0x00007ffdbf870000 - 0x00007ffdbf90e000 	C:\WINDOWS\System32\msvcrt.dll
0x00007ffdbdbf0000 - 0x00007ffdbdc12000 	C:\WINDOWS\System32\win32u.dll
0x00007ffdbfa90000 - 0x00007ffdbfaba000 	C:\WINDOWS\System32\GDI32.dll
0x00007ffdbd810000 - 0x00007ffdbd91b000 	C:\WINDOWS\System32\gdi32full.dll
0x00007ffdbd410000 - 0x00007ffdbd4ad000 	C:\WINDOWS\System32\msvcp_win.dll
0x00007ffdbe060000 - 0x00007ffdbe090000 	C:\WINDOWS\System32\IMM32.DLL
0x00007ffd7d510000 - 0x00007ffd7d5ad000 	C:\Program Files\Android\Android Studio\jre\bin\msvcp140.dll
0x00007ffd87e70000 - 0x00007ffd8892c000 	C:\Program Files\Android\Android Studio\jre\bin\server\jvm.dll
0x00007ffdbfac0000 - 0x00007ffdbfb6c000 	C:\WINDOWS\System32\ADVAPI32.dll
0x00007ffdbe6e0000 - 0x00007ffdbe77b000 	C:\WINDOWS\System32\sechost.dll
0x00007ffdbe2e0000 - 0x00007ffdbe40b000 	C:\WINDOWS\System32\RPCRT4.dll
0x00007ffdbf910000 - 0x00007ffdbf918000 	C:\WINDOWS\System32\PSAPI.DLL
0x00007ffdac460000 - 0x00007ffdac469000 	C:\WINDOWS\SYSTEM32\WSOCK32.dll
0x00007ffdb1eb0000 - 0x00007ffdb1ed7000 	C:\WINDOWS\SYSTEM32\WINMM.dll
0x00007ffdbf800000 - 0x00007ffdbf86b000 	C:\WINDOWS\System32\WS2_32.dll
0x00007ffdb3de0000 - 0x00007ffdb3dea000 	C:\WINDOWS\SYSTEM32\VERSION.dll
0x00007ffdbb260000 - 0x00007ffdbb272000 	C:\WINDOWS\SYSTEM32\kernel.appcore.dll
0x00007ffd968f0000 - 0x00007ffd96901000 	C:\Program Files\Android\Android Studio\jre\bin\verify.dll
0x00007ffdaba90000 - 0x00007ffdabc74000 	C:\WINDOWS\SYSTEM32\DBGHELP.DLL
0x00007ffdabd80000 - 0x00007ffdabdac000 	C:\WINDOWS\SYSTEM32\dbgcore.DLL
0x00007ffdbd350000 - 0x00007ffdbd3d3000 	C:\WINDOWS\System32\bcryptPrimitives.dll
0x00007ffd93ff0000 - 0x00007ffd94019000 	C:\Program Files\Android\Android Studio\jre\bin\java.dll
0x00007ffdab9c0000 - 0x00007ffdab9cb000 	C:\Program Files\Android\Android Studio\jre\bin\jimage.dll
0x00007ffd93da0000 - 0x00007ffd93db8000 	C:\Program Files\Android\Android Studio\jre\bin\zip.dll
0x00007ffdbe7a0000 - 0x00007ffdbeedf000 	C:\WINDOWS\System32\SHELL32.dll
0x00007ffdbb460000 - 0x00007ffdbbbf0000 	C:\WINDOWS\SYSTEM32\windows.storage.dll
0x00007ffdbdd00000 - 0x00007ffdbe055000 	C:\WINDOWS\System32\combase.dll
0x00007ffdbcc90000 - 0x00007ffdbccbc000 	C:\WINDOWS\SYSTEM32\Wldp.dll
0x00007ffdbf690000 - 0x00007ffdbf73e000 	C:\WINDOWS\System32\SHCORE.dll
0x00007ffdbf090000 - 0x00007ffdbf0e5000 	C:\WINDOWS\System32\shlwapi.dll
0x00007ffdbd230000 - 0x00007ffdbd24f000 	C:\WINDOWS\SYSTEM32\profapi.dll
0x00007ffd92e70000 - 0x00007ffd92e8a000 	C:\Program Files\Android\Android Studio\jre\bin\net.dll
0x00007ffdb7d10000 - 0x00007ffdb7e1b000 	C:\WINDOWS\SYSTEM32\WINHTTP.dll
0x00007ffdbca00000 - 0x00007ffdbca6a000 	C:\WINDOWS\system32\mswsock.dll
0x00007ffd92330000 - 0x00007ffd92344000 	C:\Program Files\Android\Android Studio\jre\bin\nio.dll
0x00007ffda5f10000 - 0x00007ffda5f37000 	C:\Users\infinity\.gradle\native\f6784746aeab05261644944871eae4fe03e0ef1612fff0a4a95f87b438bc6780\windows-amd64\native-platform.dll
0x00007ffda7880000 - 0x00007ffda788a000 	C:\Program Files\Android\Android Studio\jre\bin\management.dll
0x00007ffda7320000 - 0x00007ffda732c000 	C:\Program Files\Android\Android Studio\jre\bin\management_ext.dll
0x00007ffdbcbe0000 - 0x00007ffdbcbf8000 	C:\WINDOWS\SYSTEM32\CRYPTSP.dll
0x00007ffdbc3a0000 - 0x00007ffdbc3d4000 	C:\WINDOWS\system32\rsaenh.dll
0x00007ffdbd3e0000 - 0x00007ffdbd407000 	C:\WINDOWS\System32\bcrypt.dll
0x00007ffdbd1b0000 - 0x00007ffdbd1de000 	C:\WINDOWS\SYSTEM32\USERENV.dll
0x00007ffdbcbd0000 - 0x00007ffdbcbdc000 	C:\WINDOWS\SYSTEM32\CRYPTBASE.dll
0x00007ffdbc6f0000 - 0x00007ffdbc72b000 	C:\WINDOWS\SYSTEM32\IPHLPAPI.DLL
0x00007ffdbe6d0000 - 0x00007ffdbe6d8000 	C:\WINDOWS\System32\NSI.dll
0x00007ffdb6e80000 - 0x00007ffdb6e97000 	C:\WINDOWS\SYSTEM32\dhcpcsvc6.DLL
0x00007ffdb6e40000 - 0x00007ffdb6e5d000 	C:\WINDOWS\SYSTEM32\dhcpcsvc.DLL
0x00007ffdbc730000 - 0x00007ffdbc7fc000 	C:\WINDOWS\SYSTEM32\DNSAPI.dll
0x00007ffdb72a0000 - 0x00007ffdb72ab000 	C:\WINDOWS\SYSTEM32\WINNSI.DLL
0x0000000066e00000 - 0x0000000066f03000 	C:\Users\infinity\AppData\Local\Temp\sqlite-3.25.2-8897bd97-8f46-44d7-a6d5-b6f5f98e1994-sqlitejdbc.dll

dbghelp: loaded successfully - version: 4.0.5 - missing functions: none
symbol engine: initialized successfully - sym options: 0x614 - pdb path: .;C:\Program Files\Android\Android Studio\jre\bin;C:\WINDOWS\SYSTEM32;C:\WINDOWS\WinSxS\amd64_microsoft.windows.common-controls_6595b64144ccf1df_6.0.19041.1052_none_60b8f8fd71f5e8cb;C:\Program Files\Android\Android Studio\jre\bin\server;C:\Users\infinity\.gradle\native\f6784746aeab05261644944871eae4fe03e0ef1612fff0a4a95f87b438bc6780\windows-amd64;C:\Users\infinity\AppData\Local\Temp

VM Arguments:
jvm_args: --add-opens=java.base/java.util=ALL-UNNAMED --add-opens=java.base/java.lang=ALL-UNNAMED --add-opens=java.base/java.lang.invoke=ALL-UNNAMED --add-opens=java.prefs/java.util.prefs=ALL-UNNAMED -Xmx2048m -Dfile.encoding=UTF-8 -Duser.country=IN -Duser.language=en -Duser.variant 
java_command: org.gradle.launcher.daemon.bootstrap.GradleDaemon 6.5
java_class_path (initial): C:\Users\infinity\.gradle\wrapper\dists\gradle-6.5-bin\6nifqtx7604sqp1q6g8wikw7p\gradle-6.5\lib\gradle-launcher-6.5.jar
Launcher Type: SUN_STANDARD

[Global flags]
     intx CICompilerCount                          = 3                                         {product} {ergonomic}
     uint ConcGCThreads                            = 1                                         {product} {ergonomic}
     uint G1ConcRefinementThreads                  = 4                                         {product} {ergonomic}
   size_t G1HeapRegionSize                         = 1048576                                   {product} {ergonomic}
    uintx GCDrainStackTargetSize                   = 64                                        {product} {ergonomic}
   size_t InitialHeapSize                          = 134217728                                 {product} {ergonomic}
   size_t MarkStackSize                            = 4194304                                   {product} {ergonomic}
   size_t MaxHeapSize                              = 2147483648                                {product} {command line}
   size_t MaxNewSize                               = 1287651328                                {product} {ergonomic}
   size_t MinHeapDeltaBytes                        = 1048576                                   {product} {ergonomic}
    uintx NonNMethodCodeHeapSize                   = 5830732                                {pd product} {ergonomic}
    uintx NonProfiledCodeHeapSize                  = 122913754                              {pd product} {ergonomic}
    uintx ProfiledCodeHeapSize                     = 122913754                              {pd product} {ergonomic}
    uintx ReservedCodeCacheSize                    = 251658240                              {pd product} {ergonomic}
     bool SegmentedCodeCache                       = true                                      {product} {ergonomic}
     bool UseCompressedClassPointers               = true                                 {lp64_product} {ergonomic}
     bool UseCompressedOops                        = true                                 {lp64_product} {ergonomic}
     bool UseG1GC                                  = true                                      {product} {ergonomic}
     bool UseLargePagesIndividualAllocation        = false                                  {pd product} {ergonomic}

Logging:
Log output configuration:
 #0: stdout all=warning uptime,level,tags
 #1: stderr all=off uptime,level,tags

Environment Variables:
JAVA_HOME=C:\Program Files\Java\jdk1.8.0_211
CLASSPATH=.;
PATH=C:\Windows\system32;C:\Windows;C:\Windows\System32\Wbem;C:\Windows\System32\WindowsPowerShell\v1.0\;C:\Windows\System32\OpenSSH\;C:\Program Files\Git\cmd;C:\Users\infinity\AppData\Local\Microsoft\WindowsApps;C:\adb;C:\ProgramData\chocolatey\bin;C:\Program Files\nodejs\;C:\Program Files\Java\jdk1.8.0_211\bin;C:\Program Files\Microsoft SQL Server\Client SDK\ODBC\170\Tools\Binn\;C:\Program Files\Azure Data Studio\bin;C:\Program Files (x86)\Microsoft SQL Server\150\Tools\Binn\;C:\Program Files\Microsoft SQL Server\150\Tools\Binn\;C:\Program Files\Microsoft SQL Server\150\DTS\Binn\;%SystemRoot%\system32;%SystemRoot%;%SystemRoot%\System32\Wbem;%SYSTEMROOT%\System32\WindowsPowerShell\v1.0\;%SYSTEMROOT%\System32\OpenSSH\;C:\Users\infinity\AppData\Local\Microsoft\WindowsApps;C:\Users\infinity\AppData\Roaming\npm;C:\Users\infinity\Downloads\flutter_windows_1.22.6-stable\flutter\bin;C:\Program Files\Azure Data Studio\bin;;C:\Users\infinity\AppData\Local\Programs\Microsoft VS Code\bin
USERNAME=infinity
OS=Windows_NT
PROCESSOR_IDENTIFIER=Intel64 Family 6 Model 42 Stepping 7, GenuineIntel



---------------  S Y S T E M  ---------------

OS: Windows 10 , 64 bit Build 19041 (10.0.19041.1023)
OS uptime: 5 days 3:04 hours

CPU:total 4 (initial active 4) (4 cores per cpu, 1 threads per core) family 6 model 42 stepping 7, cmov, cx8, fxsr, mmx, sse, sse2, sse3, ssse3, sse4.1, sse4.2, popcnt, avx, aes, clmul, tsc, tscinvbit

Memory: 4k page, system-wide physical 8064M (351M free)
TotalPageFile size 14765M (AvailPageFile size 20M)
current process WorkingSet (physical memory assigned to process): 546M, peak: 547M
current process commit charge ("private bytes"): 592M, peak: 646M

vm_info: OpenJDK 64-Bit Server VM (11.0.8+10-b944.6842174) for windows-amd64 JRE (11.0.8+10-b944.6842174), built on Sep 19 2020 01:11:42 by "builder" with MS VC++ 14.0 (VS2015)

END.
