#
# There is insufficient memory for the Java Runtime Environment to continue.
# Native memory allocation (mmap) failed to map 63963136 bytes for Failed to commit area from 0x000000008e400000 to 0x0000000092100000 of length 63963136.
# Possible reasons:
#   The system is out of physical RAM or swap space
#   The process is running with CompressedOops enabled, and the Java Heap may be blocking the growth of the native heap
# Possible solutions:
#   Reduce memory load on the system
#   Increase physical memory or swap space
#   Check if swap backing store is full
#   Decrease Java heap size (-Xmx/-Xms)
#   Decrease number of Java threads
#   Decrease Java thread stack sizes (-Xss)
#   Set larger code cache with -XX:ReservedCodeCacheSize=
#   JVM is running with Unscaled Compressed Oops mode in which the Java heap is
#     placed in the first 4GB address space. The Java Heap base address is the
#     maximum limit for the native heap growth. Please use -XX:HeapBaseMinAddress
#     to set the Java Heap base and to place the Java Heap above 4GB virtual address.
# This output file may be truncated or incomplete.
#
#  Out of Memory Error (./src/hotspot/os/windows/os_windows.cpp:3303), pid=23812, tid=22688
#
# JRE version: OpenJDK Runtime Environment (11.0.8+10) (build 11.0.8+10-b944.6842174)
# Java VM: OpenJDK 64-Bit Server VM (11.0.8+10-b944.6842174, mixed mode, tiered, compressed oops, g1 gc, windows-amd64)
# No core dump will be written. Minidumps are not enabled by default on client versions of Windows
#

---------------  S U M M A R Y ------------

Command Line: --add-opens=java.base/java.util=ALL-UNNAMED --add-opens=java.base/java.lang=ALL-UNNAMED --add-opens=java.base/java.lang.invoke=ALL-UNNAMED --add-opens=java.prefs/java.util.prefs=ALL-UNNAMED -Xmx2048m -Dfile.encoding=UTF-8 -Duser.country=IN -Duser.language=en -Duser.variant org.gradle.launcher.daemon.bootstrap.GradleDaemon 6.5

Host: Intel(R) Core(TM) i5-2400 CPU @ 3.10GHz, 4 cores, 7G,  Windows 10 , 64 bit Build 19041 (10.0.19041.1023)
Time: Mon Jun 28 17:33:31 2021 India Standard Time elapsed time: 35 seconds (0d 0h 0m 35s)

---------------  T H R E A D  ---------------

Current thread (0x0000026ae6539800):  VMThread "VM Thread" [stack: 0x000000e416d00000,0x000000e416e00000] [id=22688]

Stack: [0x000000e416d00000,0x000000e416e00000]
[error occurred during error reporting (printing stack bounds), id 0xc0000005, EXCEPTION_ACCESS_VIOLATION (0xc0000005) at pc=0x0000026acfcd0dad]

Native frames: (J=compiled Java code, j=interpreted, Vv=VM code, C=native code)
V  [jvm.dll+0x5de50a]
V  [jvm.dll+0x7122f5]
V  [jvm.dll+0x71384d]
V  [jvm.dll+0x713e65]
V  [jvm.dll+0x713e1b]
V  [jvm.dll+0x5dd958]
V  [jvm.dll+0x5de0f8]
C  [ntdll.dll+0xa217f]
C  [ntdll.dll+0x51454]
C  [ntdll.dll+0xa0cae]
C  0x0000026acfcd0dad

VM_Operation (0x000000e4182f3bc0): G1CollectForAllocation, mode: safepoint, requested by thread 0x0000026ae8601800


---------------  P R O C E S S  ---------------

Threads class SMR info:
_java_thread_list=0x0000026aef984700, length=133, elements={
0x0000026acab7b000, 0x0000026ae653e800, 0x0000026ae6540800, 0x0000026ae6ee2800,
0x0000026ae6558800, 0x0000026ae655e000, 0x0000026ae6569800, 0x0000026ae6573800,
0x0000026ae7033800, 0x0000026ae7044800, 0x0000026ae7bad800, 0x0000026ae80c0000,
0x0000026ae8076000, 0x0000026ae7e71800, 0x0000026ae81c5000, 0x0000026ae8737000,
0x0000026ae8601800, 0x0000026ae8604000, 0x0000026ae88de000, 0x0000026ae8f31800,
0x0000026ae91a9800, 0x0000026ae91af000, 0x0000026ae91ac800, 0x0000026ae91ac000,
0x0000026ae91ab000, 0x0000026ae91b0000, 0x0000026ae91ad800, 0x0000026ae91ae000,
0x0000026ae91aa000, 0x0000026aeb868000, 0x0000026aeb867800, 0x0000026aeb869000,
0x0000026aeb86b800, 0x0000026aeb86c000, 0x0000026aeb869800, 0x0000026aeb870000,
0x0000026aeb86d000, 0x0000026aeb86e000, 0x0000026aeb86a800, 0x0000026aeb872800,
0x0000026aeb875000, 0x0000026aeb873800, 0x0000026aeb871000, 0x0000026aeb872000,
0x0000026aeb874800, 0x0000026ae9b4f000, 0x0000026ae9b50000, 0x0000026ae9b52800,
0x0000026ae9b50800, 0x0000026ae9b51800, 0x0000026ae9b53000, 0x0000026ae9b4d800,
0x0000026ae9b54000, 0x0000026ae9b4e000, 0x0000026ae9b59800, 0x0000026ae9b55800,
0x0000026ae9b55000, 0x0000026ae9b58000, 0x0000026ae9b5a800, 0x0000026ae9b5c000,
0x0000026ae9b57000, 0x0000026ae9b59000, 0x0000026ae9b5b800, 0x0000026ae9b56800,
0x0000026aebbb4000, 0x0000026aebbb5800, 0x0000026aebbb1800, 0x0000026aebbb5000,
0x0000026aebbb7800, 0x0000026aebbb6800, 0x0000026aebbb8000, 0x0000026aebbb2800,
0x0000026aebbb9000, 0x0000026aebbb3000, 0x0000026aebbbd000, 0x0000026aebbba800,
0x0000026aebbbb800, 0x0000026aebbbf800, 0x0000026aebbbc000, 0x0000026aebbbe000,
0x0000026aebbbe800, 0x0000026aebbba000, 0x0000026aebbc0800, 0x0000026aebd02000,
0x0000026aebd01800, 0x0000026aebd03000, 0x0000026aebd07000, 0x0000026aebd08800,
0x0000026aebd05800, 0x0000026aebd08000, 0x0000026aebd09800, 0x0000026aebd04800,
0x0000026aebd06000, 0x0000026aebd03800, 0x0000026aebd10000, 0x0000026aebd0d800,
0x0000026aebd0f000, 0x0000026aebd0e800, 0x0000026aebd0a000, 0x0000026aebd0c800,
0x0000026aebd0b000, 0x0000026aebd0c000, 0x0000026ae929d000, 0x0000026ae929e000,
0x0000026ae92a3800, 0x0000026ae92a1000, 0x0000026ae929e800, 0x0000026ae92a0800,
0x0000026ae92a4800, 0x0000026ae92a2000, 0x0000026ae92a3000, 0x0000026ae929f800,
0x0000026ae92a7000, 0x0000026ae92a7800, 0x0000026ae92ab000, 0x0000026ae92aa000,
0x0000026ae92a5000, 0x0000026ae92a8800, 0x0000026ae92ab800, 0x0000026ae92a6000,
0x0000026ae92a9800, 0x0000026ae8ce1000, 0x0000026ae8ce0800, 0x0000026ae8cdf800,
0x0000026ae8ce2000, 0x0000026ae8cdc800, 0x0000026ae8cde800, 0x0000026ae8ce3000,
0x0000026ae8cdd000, 0x0000026ae8cde000, 0x0000026ae8ce5800, 0x0000026ae8ce3800,
0x0000026af10a9000
}

Java Threads: ( => current thread )
  0x0000026acab7b000 JavaThread "main" [_thread_blocked, id=21068, stack(0x000000e416700000,0x000000e416800000)]
  0x0000026ae653e800 JavaThread "Reference Handler" daemon [_thread_blocked, id=21148, stack(0x000000e416e00000,0x000000e416f00000)]
  0x0000026ae6540800 JavaThread "Finalizer" daemon [_thread_blocked, id=21228, stack(0x000000e416f00000,0x000000e417000000)]
  0x0000026ae6ee2800 JavaThread "Signal Dispatcher" daemon [_thread_blocked, id=23352, stack(0x000000e417000000,0x000000e417100000)]
  0x0000026ae6558800 JavaThread "Attach Listener" daemon [_thread_blocked, id=16856, stack(0x000000e417100000,0x000000e417200000)]
  0x0000026ae655e000 JavaThread "C2 CompilerThread0" daemon [_thread_blocked, id=11920, stack(0x000000e417200000,0x000000e417300000)]
  0x0000026ae6569800 JavaThread "C1 CompilerThread0" daemon [_thread_blocked, id=11160, stack(0x000000e417300000,0x000000e417400000)]
  0x0000026ae6573800 JavaThread "Sweeper thread" daemon [_thread_blocked, id=11568, stack(0x000000e417400000,0x000000e417500000)]
  0x0000026ae7033800 JavaThread "Common-Cleaner" daemon [_thread_blocked, id=19872, stack(0x000000e417500000,0x000000e417600000)]
  0x0000026ae7044800 JavaThread "Service Thread" daemon [_thread_blocked, id=6316, stack(0x000000e417600000,0x000000e417700000)]
  0x0000026ae7bad800 JavaThread "Daemon health stats" [_thread_blocked, id=24016, stack(0x000000e417b00000,0x000000e417c00000)]
  0x0000026ae80c0000 JavaThread "Incoming local TCP Connector on port 56285" [_thread_in_native, id=21244, stack(0x000000e417a00000,0x000000e417b00000)]
  0x0000026ae8076000 JavaThread "Daemon periodic checks" [_thread_blocked, id=9588, stack(0x000000e417e00000,0x000000e417f00000)]
  0x0000026ae7e71800 JavaThread "Daemon" [_thread_blocked, id=17288, stack(0x000000e417f00000,0x000000e418000000)]
  0x0000026ae81c5000 JavaThread "Handler for socket connection from /127.0.0.1:56285 to /127.0.0.1:56286" [_thread_in_native, id=13164, stack(0x000000e418000000,0x000000e418100000)]
  0x0000026ae8737000 JavaThread "Cancel handler" [_thread_blocked, id=22212, stack(0x000000e418100000,0x000000e418200000)]
  0x0000026ae8601800 JavaThread "Daemon worker" [_thread_blocked, id=19504, stack(0x000000e418200000,0x000000e418300000)]
  0x0000026ae8604000 JavaThread "Asynchronous log dispatcher for DefaultDaemonConnection: socket connection from /127.0.0.1:56285 to /127.0.0.1:56286" [_thread_blocked, id=23968, stack(0x000000e418300000,0x000000e418400000)]
  0x0000026ae88de000 JavaThread "Stdin handler" [_thread_blocked, id=24124, stack(0x000000e418400000,0x000000e418500000)]
  0x0000026ae8f31800 JavaThread "Thread-8" [_thread_blocked, id=24268, stack(0x000000e418500000,0x000000e418600000)]
  0x0000026ae91a9800 JavaThread "Cache worker for journal cache (C:\Users\infinity\.gradle\caches\journal-1)" [_thread_blocked, id=16956, stack(0x000000e418700000,0x000000e418800000)]
  0x0000026ae91af000 JavaThread "File lock request listener" [_thread_in_native, id=8448, stack(0x000000e418800000,0x000000e418900000)]
  0x0000026ae91ac800 JavaThread "Cache worker for file hash cache (C:\Users\infinity\.gradle\caches\6.5\fileHashes)" [_thread_blocked, id=6944, stack(0x000000e418900000,0x000000e418a00000)]
  0x0000026ae91ac000 JavaThread "Cache worker for file hash cache (D:\monginisssss\.gradle\6.5\fileHashes)" [_thread_blocked, id=10484, stack(0x000000e418b00000,0x000000e418c00000)]
  0x0000026ae91ab000 JavaThread "jar transforms" [_thread_blocked, id=7788, stack(0x000000e418c00000,0x000000e418d00000)]
  0x0000026ae91b0000 JavaThread "jar transforms Thread 2" [_thread_blocked, id=11444, stack(0x000000e418d00000,0x000000e418e00000)]
  0x0000026ae91ad800 JavaThread "jar transforms Thread 3" [_thread_blocked, id=5864, stack(0x000000e418e00000,0x000000e418f00000)]
  0x0000026ae91ae000 JavaThread "jar transforms Thread 4" [_thread_blocked, id=9176, stack(0x000000e418f00000,0x000000e419000000)]
  0x0000026ae91aa000 JavaThread "jar transforms Thread 5" [_thread_blocked, id=4852, stack(0x000000e419000000,0x000000e419100000)]
  0x0000026aeb868000 JavaThread "jar transforms Thread 6" [_thread_blocked, id=7112, stack(0x000000e419100000,0x000000e419200000)]
  0x0000026aeb867800 JavaThread "Cache worker for checksums cache (D:\monginisssss\.gradle\checksums)" [_thread_blocked, id=25184, stack(0x000000e419200000,0x000000e419300000)]
  0x0000026aeb869000 JavaThread "Cache worker for cache directory md-supplier (C:\Users\infinity\.gradle\caches\6.5\md-supplier)" [_thread_blocked, id=18068, stack(0x000000e419300000,0x000000e419400000)]
  0x0000026aeb86b800 JavaThread "Cache worker for cache directory md-rule (C:\Users\infinity\.gradle\caches\6.5\md-rule)" [_thread_blocked, id=19108, stack(0x000000e419400000,0x000000e419500000)]
  0x0000026aeb86c000 JavaThread "Cache worker for execution history cache (C:\Users\infinity\.gradle\caches\6.5\executionHistory)" [_thread_blocked, id=20888, stack(0x000000e419500000,0x000000e419600000)]
  0x0000026aeb869800 JavaThread "Cache worker for file content cache (C:\Users\infinity\.gradle\caches\6.5\fileContent)" [_thread_blocked, id=20204, stack(0x000000e419600000,0x000000e419700000)]
  0x0000026aeb870000 JavaThread "Build operations" [_thread_blocked, id=22176, stack(0x000000e419700000,0x000000e419800000)]
  0x0000026aeb86d000 JavaThread "Build operations Thread 2" [_thread_blocked, id=10168, stack(0x000000e419800000,0x000000e419900000)]
  0x0000026aeb86e000 JavaThread "Build operations Thread 3" [_thread_blocked, id=18280, stack(0x000000e419900000,0x000000e419a00000)]
  0x0000026aeb86a800 JavaThread "Build operations Thread 4" [_thread_blocked, id=24872, stack(0x000000e419a00000,0x000000e419b00000)]
  0x0000026aeb872800 JavaThread "jar transforms Thread 7" [_thread_blocked, id=19064, stack(0x000000e419b00000,0x000000e419c00000)]
  0x0000026aeb875000 JavaThread "jar transforms Thread 8" [_thread_blocked, id=24808, stack(0x000000e419c00000,0x000000e419d00000)]
  0x0000026aeb873800 JavaThread "jar transforms Thread 9" [_thread_blocked, id=17112, stack(0x000000e419d00000,0x000000e419e00000)]
  0x0000026aeb871000 JavaThread "jar transforms Thread 10" [_thread_blocked, id=18904, stack(0x000000e419e00000,0x000000e419f00000)]
  0x0000026aeb872000 JavaThread "jar transforms Thread 11" [_thread_blocked, id=24092, stack(0x000000e419f00000,0x000000e41a000000)]
  0x0000026aeb874800 JavaThread "jar transforms Thread 12" [_thread_blocked, id=22620, stack(0x000000e41a000000,0x000000e41a100000)]
  0x0000026ae9b4f000 JavaThread "jar transforms Thread 13" [_thread_blocked, id=8260, stack(0x000000e41a100000,0x000000e41a200000)]
  0x0000026ae9b50000 JavaThread "jar transforms Thread 14" [_thread_blocked, id=10944, stack(0x000000e41a200000,0x000000e41a300000)]
  0x0000026ae9b52800 JavaThread "jar transforms Thread 15" [_thread_blocked, id=22060, stack(0x000000e41a300000,0x000000e41a400000)]
  0x0000026ae9b50800 JavaThread "jar transforms Thread 16" [_thread_blocked, id=9496, stack(0x000000e41a400000,0x000000e41a500000)]
  0x0000026ae9b51800 JavaThread "jar transforms Thread 17" [_thread_blocked, id=23380, stack(0x000000e41a500000,0x000000e41a600000)]
  0x0000026ae9b53000 JavaThread "jar transforms Thread 18" [_thread_blocked, id=23288, stack(0x000000e41a600000,0x000000e41a700000)]
  0x0000026ae9b4d800 JavaThread "jar transforms Thread 19" [_thread_blocked, id=20844, stack(0x000000e41a700000,0x000000e41a800000)]
  0x0000026ae9b54000 JavaThread "jar transforms Thread 20" [_thread_blocked, id=8484, stack(0x000000e41a800000,0x000000e41a900000)]
  0x0000026ae9b4e000 JavaThread "jar transforms Thread 21" [_thread_blocked, id=25252, stack(0x000000e41a900000,0x000000e41aa00000)]
  0x0000026ae9b59800 JavaThread "jar transforms Thread 22" [_thread_blocked, id=20796, stack(0x000000e41aa00000,0x000000e41ab00000)]
  0x0000026ae9b55800 JavaThread "jar transforms Thread 23" [_thread_blocked, id=23844, stack(0x000000e41ab00000,0x000000e41ac00000)]
  0x0000026ae9b55000 JavaThread "jar transforms Thread 24" [_thread_blocked, id=20004, stack(0x000000e41ac00000,0x000000e41ad00000)]
  0x0000026ae9b58000 JavaThread "jar transforms Thread 25" [_thread_blocked, id=19516, stack(0x000000e41ad00000,0x000000e41ae00000)]
  0x0000026ae9b5a800 JavaThread "jar transforms Thread 26" [_thread_blocked, id=20688, stack(0x000000e41ae00000,0x000000e41af00000)]
  0x0000026ae9b5c000 JavaThread "jar transforms Thread 27" [_thread_blocked, id=22512, stack(0x000000e41af00000,0x000000e41b000000)]
  0x0000026ae9b57000 JavaThread "jar transforms Thread 28" [_thread_blocked, id=20840, stack(0x000000e41b000000,0x000000e41b100000)]
  0x0000026ae9b59000 JavaThread "jar transforms Thread 29" [_thread_blocked, id=15004, stack(0x000000e41b100000,0x000000e41b200000)]
  0x0000026ae9b5b800 JavaThread "jar transforms Thread 30" [_thread_blocked, id=13300, stack(0x000000e41b200000,0x000000e41b300000)]
  0x0000026ae9b56800 JavaThread "jar transforms Thread 31" [_thread_blocked, id=19896, stack(0x000000e41b300000,0x000000e41b400000)]
  0x0000026aebbb4000 JavaThread "jar transforms Thread 32" [_thread_blocked, id=20616, stack(0x000000e41b400000,0x000000e41b500000)]
  0x0000026aebbb5800 JavaThread "jar transforms Thread 33" [_thread_blocked, id=24148, stack(0x000000e41b500000,0x000000e41b600000)]
  0x0000026aebbb1800 JavaThread "jar transforms Thread 34" [_thread_blocked, id=19748, stack(0x000000e41b600000,0x000000e41b700000)]
  0x0000026aebbb5000 JavaThread "jar transforms Thread 35" [_thread_blocked, id=9724, stack(0x000000e41b700000,0x000000e41b800000)]
  0x0000026aebbb7800 JavaThread "jar transforms Thread 36" [_thread_blocked, id=14228, stack(0x000000e41b800000,0x000000e41b900000)]
  0x0000026aebbb6800 JavaThread "jar transforms Thread 37" [_thread_blocked, id=25576, stack(0x000000e41b900000,0x000000e41ba00000)]
  0x0000026aebbb8000 JavaThread "jar transforms Thread 38" [_thread_blocked, id=16940, stack(0x000000e41ba00000,0x000000e41bb00000)]
  0x0000026aebbb2800 JavaThread "jar transforms Thread 39" [_thread_blocked, id=14564, stack(0x000000e41bb00000,0x000000e41bc00000)]
  0x0000026aebbb9000 JavaThread "jar transforms Thread 40" [_thread_blocked, id=6096, stack(0x000000e41bc00000,0x000000e41bd00000)]
  0x0000026aebbb3000 JavaThread "jar transforms Thread 41" [_thread_blocked, id=22400, stack(0x000000e41bd00000,0x000000e41be00000)]
  0x0000026aebbbd000 JavaThread "jar transforms Thread 42" [_thread_blocked, id=2928, stack(0x000000e41be00000,0x000000e41bf00000)]
  0x0000026aebbba800 JavaThread "jar transforms Thread 43" [_thread_blocked, id=12304, stack(0x000000e41bf00000,0x000000e41c000000)]
  0x0000026aebbbb800 JavaThread "jar transforms Thread 44" [_thread_blocked, id=9128, stack(0x000000e41c000000,0x000000e41c100000)]
  0x0000026aebbbf800 JavaThread "jar transforms Thread 45" [_thread_blocked, id=15440, stack(0x000000e41c100000,0x000000e41c200000)]
  0x0000026aebbbc000 JavaThread "jar transforms Thread 46" [_thread_blocked, id=10276, stack(0x000000e41c200000,0x000000e41c300000)]
  0x0000026aebbbe000 JavaThread "jar transforms Thread 47" [_thread_blocked, id=8620, stack(0x000000e41c300000,0x000000e41c400000)]
  0x0000026aebbbe800 JavaThread "jar transforms Thread 48" [_thread_blocked, id=21976, stack(0x000000e41c400000,0x000000e41c500000)]
  0x0000026aebbba000 JavaThread "jar transforms Thread 49" [_thread_blocked, id=22236, stack(0x000000e41c500000,0x000000e41c600000)]
  0x0000026aebbc0800 JavaThread "jar transforms Thread 50" [_thread_blocked, id=23996, stack(0x000000e41c600000,0x000000e41c700000)]
  0x0000026aebd02000 JavaThread "jar transforms Thread 51" [_thread_blocked, id=9960, stack(0x000000e41c700000,0x000000e41c800000)]
  0x0000026aebd01800 JavaThread "jar transforms Thread 52" [_thread_blocked, id=5388, stack(0x000000e41c800000,0x000000e41c900000)]
  0x0000026aebd03000 JavaThread "jar transforms Thread 53" [_thread_blocked, id=24064, stack(0x000000e41c900000,0x000000e41ca00000)]
  0x0000026aebd07000 JavaThread "jar transforms Thread 54" [_thread_blocked, id=17520, stack(0x000000e41ca00000,0x000000e41cb00000)]
  0x0000026aebd08800 JavaThread "jar transforms Thread 55" [_thread_blocked, id=6588, stack(0x000000e41cb00000,0x000000e41cc00000)]
  0x0000026aebd05800 JavaThread "jar transforms Thread 56" [_thread_blocked, id=25280, stack(0x000000e41cc00000,0x000000e41cd00000)]
  0x0000026aebd08000 JavaThread "jar transforms Thread 57" [_thread_blocked, id=23180, stack(0x000000e41cd00000,0x000000e41ce00000)]
  0x0000026aebd09800 JavaThread "jar transforms Thread 58" [_thread_blocked, id=23588, stack(0x000000e41ce00000,0x000000e41cf00000)]
  0x0000026aebd04800 JavaThread "jar transforms Thread 59" [_thread_blocked, id=18392, stack(0x000000e41cf00000,0x000000e41d000000)]
  0x0000026aebd06000 JavaThread "jar transforms Thread 60" [_thread_blocked, id=10568, stack(0x000000e41d000000,0x000000e41d100000)]
  0x0000026aebd03800 JavaThread "jar transforms Thread 61" [_thread_blocked, id=7780, stack(0x000000e41d100000,0x000000e41d200000)]
  0x0000026aebd10000 JavaThread "jar transforms Thread 62" [_thread_blocked, id=25540, stack(0x000000e41d200000,0x000000e41d300000)]
  0x0000026aebd0d800 JavaThread "jar transforms Thread 63" [_thread_blocked, id=22992, stack(0x000000e41d300000,0x000000e41d400000)]
  0x0000026aebd0f000 JavaThread "jar transforms Thread 64" [_thread_blocked, id=7956, stack(0x000000e41d400000,0x000000e41d500000)]
  0x0000026aebd0e800 JavaThread "jar transforms Thread 65" [_thread_blocked, id=22924, stack(0x000000e41d500000,0x000000e41d600000)]
  0x0000026aebd0a000 JavaThread "jar transforms Thread 66" [_thread_blocked, id=23056, stack(0x000000e41d600000,0x000000e41d700000)]
  0x0000026aebd0c800 JavaThread "jar transforms Thread 67" [_thread_blocked, id=25316, stack(0x000000e41d700000,0x000000e41d800000)]
  0x0000026aebd0b000 JavaThread "jar transforms Thread 68" [_thread_blocked, id=24868, stack(0x000000e41d800000,0x000000e41d900000)]
  0x0000026aebd0c000 JavaThread "jar transforms Thread 69" [_thread_blocked, id=4176, stack(0x000000e41d900000,0x000000e41da00000)]
  0x0000026ae929d000 JavaThread "jar transforms Thread 70" [_thread_blocked, id=13896, stack(0x000000e41da00000,0x000000e41db00000)]
  0x0000026ae929e000 JavaThread "jar transforms Thread 71" [_thread_blocked, id=23656, stack(0x000000e41db00000,0x000000e41dc00000)]
  0x0000026ae92a3800 JavaThread "jar transforms Thread 72" [_thread_blocked, id=8584, stack(0x000000e41dc00000,0x000000e41dd00000)]
  0x0000026ae92a1000 JavaThread "jar transforms Thread 73" [_thread_blocked, id=23932, stack(0x000000e41dd00000,0x000000e41de00000)]
  0x0000026ae929e800 JavaThread "jar transforms Thread 74" [_thread_blocked, id=20692, stack(0x000000e41de00000,0x000000e41df00000)]
  0x0000026ae92a0800 JavaThread "jar transforms Thread 75" [_thread_blocked, id=3292, stack(0x000000e41df00000,0x000000e41e000000)]
  0x0000026ae92a4800 JavaThread "jar transforms Thread 76" [_thread_blocked, id=22932, stack(0x000000e41e000000,0x000000e41e100000)]
  0x0000026ae92a2000 JavaThread "jar transforms Thread 77" [_thread_blocked, id=23148, stack(0x000000e41e100000,0x000000e41e200000)]
  0x0000026ae92a3000 JavaThread "jar transforms Thread 78" [_thread_blocked, id=8176, stack(0x000000e41e200000,0x000000e41e300000)]
  0x0000026ae929f800 JavaThread "jar transforms Thread 79" [_thread_blocked, id=9408, stack(0x000000e41e300000,0x000000e41e400000)]
  0x0000026ae92a7000 JavaThread "jar transforms Thread 80" [_thread_blocked, id=21312, stack(0x000000e41e400000,0x000000e41e500000)]
  0x0000026ae92a7800 JavaThread "jar transforms Thread 81" [_thread_blocked, id=21360, stack(0x000000e41e500000,0x000000e41e600000)]
  0x0000026ae92ab000 JavaThread "jar transforms Thread 82" [_thread_blocked, id=18372, stack(0x000000e41e600000,0x000000e41e700000)]
  0x0000026ae92aa000 JavaThread "jar transforms Thread 83" [_thread_blocked, id=24988, stack(0x000000e41e700000,0x000000e41e800000)]
  0x0000026ae92a5000 JavaThread "jar transforms Thread 84" [_thread_blocked, id=10716, stack(0x000000e41e800000,0x000000e41e900000)]
  0x0000026ae92a8800 JavaThread "jar transforms Thread 85" [_thread_blocked, id=7512, stack(0x000000e41e900000,0x000000e41ea00000)]
  0x0000026ae92ab800 JavaThread "Cache worker for Build Output Cleanup Cache (D:\monginisssss\.gradle\buildOutputCleanup)" [_thread_blocked, id=6160, stack(0x000000e41ea00000,0x000000e41eb00000)]
  0x0000026ae92a6000 JavaThread "Memory manager" [_thread_blocked, id=6848, stack(0x000000e41eb00000,0x000000e41ec00000)]
  0x0000026ae92a9800 JavaThread "Cache worker for file content cache (D:\monginisssss\.gradle\6.5\fileContent)" [_thread_blocked, id=10300, stack(0x000000e41ec00000,0x000000e41ed00000)]
  0x0000026ae8ce1000 JavaThread "Execution worker for ':'" [_thread_blocked, id=18228, stack(0x000000e41ed00000,0x000000e41ee00000)]
  0x0000026ae8ce0800 JavaThread "Execution worker for ':' Thread 2" [_thread_blocked, id=11808, stack(0x000000e41ee00000,0x000000e41ef00000)]
  0x0000026ae8cdf800 JavaThread "Execution worker for ':' Thread 3" [_thread_blocked, id=5356, stack(0x000000e41ef00000,0x000000e41f000000)]
  0x0000026ae8ce2000 JavaThread "Cache worker for execution history cache (D:\monginisssss\.gradle\6.5\executionHistory)" [_thread_blocked, id=22640, stack(0x000000e41f000000,0x000000e41f100000)]
  0x0000026ae8cdc800 JavaThread "WorkerExecutor Queue" [_thread_blocked, id=24080, stack(0x000000e41f100000,0x000000e41f200000)]
  0x0000026ae8cde800 JavaThread "WorkerExecutor Queue Thread 2" [_thread_blocked, id=25436, stack(0x000000e41f200000,0x000000e41f300000)]
  0x0000026ae8ce3000 JavaThread "pool-2-thread-1" [_thread_blocked, id=21532, stack(0x000000e41f300000,0x000000e41f400000)]
  0x0000026ae8cdd000 JavaThread "stderr" [_thread_in_native, id=24376, stack(0x000000e41f400000,0x000000e41f500000)]
  0x0000026ae8cde000 JavaThread "stdout" [_thread_in_native, id=7756, stack(0x000000e41f500000,0x000000e41f600000)]
  0x0000026ae8ce5800 JavaThread "Cache worker for Java compile cache (C:\Users\infinity\.gradle\caches\6.5\javaCompile)" [_thread_blocked, id=17328, stack(0x000000e41f600000,0x000000e41f700000)]
  0x0000026ae8ce3800 JavaThread "Cache worker for Java compile cache (D:\monginisssss\.gradle\6.5\javaCompile)" [_thread_blocked, id=17696, stack(0x000000e41f700000,0x000000e41f800000)]
  0x0000026af10a9000 JavaThread "C2 CompilerThread1" daemon [_thread_blocked, id=21656, stack(0x000000e418a00000,0x000000e418b00000)]

Other Threads:
=>0x0000026ae6539800 VMThread "VM Thread" [stack: 0x000000e416d00000,0x000000e416e00000] [id=22688]
  0x0000026ae7049000 WatcherThread [stack: 0x000000e417700000,0x000000e417800000] [id=3744]
  0x0000026acab91800 GCTaskThread "GC Thread#0" [stack: 0x000000e416800000,0x000000e416900000] [id=24608]
  0x0000026ae7815000 GCTaskThread "GC Thread#1" [stack: 0x000000e417800000,0x000000e417900000] [id=21140]
  0x0000026ae77de800 GCTaskThread "GC Thread#2" [stack: 0x000000e417900000,0x000000e417a00000] [id=23172]
  0x0000026ae84de800 GCTaskThread "GC Thread#3" [stack: 0x000000e418600000,0x000000e418700000] [id=23676]
  0x0000026acabc5000 ConcurrentGCThread "G1 Main Marker" [stack: 0x000000e416900000,0x000000e416a00000] [id=5132]
  0x0000026acabc6800 ConcurrentGCThread "G1 Conc#0" [stack: 0x000000e416a00000,0x000000e416b00000] [id=644]
  0x0000026acac59000 ConcurrentGCThread "G1 Refine#0" [stack: 0x000000e416b00000,0x000000e416c00000] [id=20440]
  0x0000026acac5a000 ConcurrentGCThread "G1 Young RemSet Sampling" [stack: 0x000000e416c00000,0x000000e416d00000] [id=22192]

Threads with active compile tasks:
C2 CompilerThread0  35139 13578       4       com.sun.tools.javac.comp.Resolve::findInheritedMemberType (186 bytes)
C2 CompilerThread1  35139 13553       4       java.util.stream.ReferencePipeline::makeNodeBuilder (6 bytes)

VM state:at safepoint (normal execution)

VM Mutex/Monitor currently owned by a thread:  ([mutex/lock_event])
[0x0000026acab74b90] Threads_lock - owner thread: 0x0000026ae6539800
[0x0000026acab74cb0] Heap_lock - owner thread: 0x0000026ae8601800

Heap address: 0x0000000080000000, size: 2048 MB, Compressed Oops mode: 32-bit
Narrow klass base: 0x0000000000000000, Narrow klass shift: 3
Compressed class space size: 1073741824 Address: 0x0000000100000000

Heap:
 garbage-first heap   total 295936K, used 175424K [0x0000000080000000, 0x0000000100000000)
  region size 1024K, 3 young (3072K), 3 survivors (3072K)
 Metaspace       used 94572K, capacity 97090K, committed 97160K, reserved 1134592K
  class space    used 11777K, capacity 12645K, committed 12672K, reserved 1048576K
Heap Regions: E=young(eden), S=young(survivor), O=old, HS=humongous(starts), HC=humongous(continues), CS=collection set, F=free, A=archive, TAMS=top-at-mark-start (previous, next)
|   0|0x0000000080000000, 0x0000000080100000, 0x0000000080100000|100%| O|  |TAMS 0x0000000080100000, 0x0000000080100000| Untracked 
|   1|0x0000000080100000, 0x0000000080200000, 0x0000000080200000|100%| O|  |TAMS 0x0000000080200000, 0x0000000080200000| Untracked 
|   2|0x0000000080200000, 0x0000000080300000, 0x0000000080300000|100%| O|  |TAMS 0x0000000080300000, 0x0000000080300000| Untracked 
|   3|0x0000000080300000, 0x0000000080400000, 0x0000000080400000|100%|HS|  |TAMS 0x0000000080400000, 0x0000000080400000| Complete 
|   4|0x0000000080400000, 0x0000000080500000, 0x0000000080500000|100%|HC|  |TAMS 0x0000000080500000, 0x0000000080500000| Complete 
|   5|0x0000000080500000, 0x0000000080600000, 0x0000000080600000|100%|HC|  |TAMS 0x0000000080600000, 0x0000000080600000| Complete 
|   6|0x0000000080600000, 0x0000000080700000, 0x0000000080700000|100%| O|  |TAMS 0x0000000080700000, 0x0000000080700000| Untracked 
|   7|0x0000000080700000, 0x0000000080800000, 0x0000000080800000|100%| O|  |TAMS 0x0000000080800000, 0x0000000080800000| Untracked 
|   8|0x0000000080800000, 0x0000000080900000, 0x0000000080900000|100%| O|  |TAMS 0x0000000080900000, 0x0000000080900000| Untracked 
|   9|0x0000000080900000, 0x0000000080a00000, 0x0000000080a00000|100%| O|  |TAMS 0x0000000080a00000, 0x0000000080a00000| Untracked 
|  10|0x0000000080a00000, 0x0000000080b00000, 0x0000000080b00000|100%| O|  |TAMS 0x0000000080b00000, 0x0000000080b00000| Untracked 
|  11|0x0000000080b00000, 0x0000000080c00000, 0x0000000080c00000|100%| O|  |TAMS 0x0000000080c00000, 0x0000000080c00000| Untracked 
|  12|0x0000000080c00000, 0x0000000080d00000, 0x0000000080d00000|100%| O|  |TAMS 0x0000000080d00000, 0x0000000080d00000| Untracked 
|  13|0x0000000080d00000, 0x0000000080e00000, 0x0000000080e00000|100%|HS|  |TAMS 0x0000000080e00000, 0x0000000080e00000| Complete 
|  14|0x0000000080e00000, 0x0000000080f00000, 0x0000000080f00000|100%|HC|  |TAMS 0x0000000080f00000, 0x0000000080f00000| Complete 
|  15|0x0000000080f00000, 0x0000000081000000, 0x0000000081000000|100%|HS|  |TAMS 0x0000000081000000, 0x0000000081000000| Complete 
|  16|0x0000000081000000, 0x0000000081100000, 0x0000000081100000|100%|HC|  |TAMS 0x0000000081100000, 0x0000000081100000| Complete 
|  17|0x0000000081100000, 0x0000000081200000, 0x0000000081200000|100%|HC|  |TAMS 0x0000000081200000, 0x0000000081200000| Complete 
|  18|0x0000000081200000, 0x0000000081300000, 0x0000000081300000|100%|HS|  |TAMS 0x0000000081300000, 0x0000000081300000| Complete 
|  19|0x0000000081300000, 0x0000000081400000, 0x0000000081400000|100%|HC|  |TAMS 0x0000000081400000, 0x0000000081400000| Complete 
|  20|0x0000000081400000, 0x0000000081500000, 0x0000000081500000|100%|HC|  |TAMS 0x0000000081500000, 0x0000000081500000| Complete 
|  21|0x0000000081500000, 0x0000000081600000, 0x0000000081600000|100%|HC|  |TAMS 0x0000000081600000, 0x0000000081600000| Complete 
|  22|0x0000000081600000, 0x0000000081700000, 0x0000000081700000|100%| O|  |TAMS 0x0000000081700000, 0x0000000081700000| Untracked 
|  23|0x0000000081700000, 0x0000000081800000, 0x0000000081800000|100%| O|  |TAMS 0x0000000081800000, 0x0000000081800000| Untracked 
|  24|0x0000000081800000, 0x0000000081900000, 0x0000000081900000|100%| O|  |TAMS 0x0000000081900000, 0x0000000081900000| Untracked 
|  25|0x0000000081900000, 0x0000000081a00000, 0x0000000081a00000|100%| O|  |TAMS 0x0000000081a00000, 0x0000000081a00000| Untracked 
|  26|0x0000000081a00000, 0x0000000081b00000, 0x0000000081b00000|100%| O|  |TAMS 0x0000000081b00000, 0x0000000081b00000| Untracked 
|  27|0x0000000081b00000, 0x0000000081c00000, 0x0000000081c00000|100%| O|  |TAMS 0x0000000081c00000, 0x0000000081c00000| Untracked 
|  28|0x0000000081c00000, 0x0000000081d00000, 0x0000000081d00000|100%| O|  |TAMS 0x0000000081d00000, 0x0000000081d00000| Untracked 
|  29|0x0000000081d00000, 0x0000000081e00000, 0x0000000081e00000|100%| O|  |TAMS 0x0000000081e00000, 0x0000000081e00000| Untracked 
|  30|0x0000000081e00000, 0x0000000081f00000, 0x0000000081f00000|100%| O|  |TAMS 0x0000000081f00000, 0x0000000081f00000| Untracked 
|  31|0x0000000081f00000, 0x0000000082000000, 0x0000000082000000|100%| O|  |TAMS 0x0000000082000000, 0x0000000082000000| Untracked 
|  32|0x0000000082000000, 0x0000000082100000, 0x0000000082100000|100%|HS|  |TAMS 0x0000000082100000, 0x0000000082100000| Complete 
|  33|0x0000000082100000, 0x0000000082200000, 0x0000000082200000|100%|HC|  |TAMS 0x0000000082200000, 0x0000000082200000| Complete 
|  34|0x0000000082200000, 0x0000000082300000, 0x0000000082300000|100%| O|  |TAMS 0x0000000082300000, 0x0000000082300000| Untracked 
|  35|0x0000000082300000, 0x0000000082400000, 0x0000000082400000|100%| O|  |TAMS 0x0000000082400000, 0x0000000082400000| Untracked 
|  36|0x0000000082400000, 0x0000000082500000, 0x0000000082500000|100%| O|  |TAMS 0x0000000082500000, 0x0000000082500000| Untracked 
|  37|0x0000000082500000, 0x0000000082600000, 0x0000000082600000|100%| O|  |TAMS 0x0000000082500000, 0x0000000082600000| Untracked 
|  38|0x0000000082600000, 0x0000000082700000, 0x0000000082700000|100%| O|  |TAMS 0x0000000082600000, 0x0000000082700000| Untracked 
|  39|0x0000000082700000, 0x0000000082800000, 0x0000000082800000|100%| O|  |TAMS 0x0000000082800000, 0x0000000082800000| Untracked 
|  40|0x0000000082800000, 0x0000000082900000, 0x0000000082900000|100%| O|  |TAMS 0x0000000082900000, 0x0000000082900000| Untracked 
|  41|0x0000000082900000, 0x0000000082a00000, 0x0000000082a00000|100%| O|  |TAMS 0x0000000082a00000, 0x0000000082a00000| Untracked 
|  42|0x0000000082a00000, 0x0000000082b00000, 0x0000000082b00000|100%| O|  |TAMS 0x0000000082b00000, 0x0000000082b00000| Untracked 
|  43|0x0000000082b00000, 0x0000000082c00000, 0x0000000082c00000|100%| O|  |TAMS 0x0000000082c00000, 0x0000000082c00000| Untracked 
|  44|0x0000000082c00000, 0x0000000082d00000, 0x0000000082d00000|100%| O|  |TAMS 0x0000000082d00000, 0x0000000082d00000| Untracked 
|  45|0x0000000082d00000, 0x0000000082e00000, 0x0000000082e00000|100%| O|  |TAMS 0x0000000082e00000, 0x0000000082e00000| Untracked 
|  46|0x0000000082e00000, 0x0000000082f00000, 0x0000000082f00000|100%| O|  |TAMS 0x0000000082f00000, 0x0000000082f00000| Untracked 
|  47|0x0000000082f00000, 0x0000000083000000, 0x0000000083000000|100%| O|  |TAMS 0x0000000083000000, 0x0000000083000000| Untracked 
|  48|0x0000000083000000, 0x0000000083100000, 0x0000000083100000|100%| O|  |TAMS 0x0000000083100000, 0x0000000083100000| Untracked 
|  49|0x0000000083100000, 0x0000000083200000, 0x0000000083200000|100%| O|  |TAMS 0x0000000083200000, 0x0000000083200000| Untracked 
|  50|0x0000000083200000, 0x0000000083300000, 0x0000000083300000|100%| O|  |TAMS 0x0000000083300000, 0x0000000083300000| Untracked 
|  51|0x0000000083300000, 0x0000000083400000, 0x0000000083400000|100%| O|  |TAMS 0x0000000083400000, 0x0000000083400000| Untracked 
|  52|0x0000000083400000, 0x0000000083500000, 0x0000000083500000|100%| O|  |TAMS 0x0000000083500000, 0x0000000083500000| Untracked 
|  53|0x0000000083500000, 0x0000000083600000, 0x0000000083600000|100%| O|  |TAMS 0x0000000083600000, 0x0000000083600000| Untracked 
|  54|0x0000000083600000, 0x0000000083700000, 0x0000000083700000|100%| O|  |TAMS 0x0000000083700000, 0x0000000083700000| Untracked 
|  55|0x0000000083700000, 0x0000000083800000, 0x0000000083800000|100%| O|  |TAMS 0x0000000083800000, 0x0000000083800000| Untracked 
|  56|0x0000000083800000, 0x0000000083900000, 0x0000000083900000|100%| O|  |TAMS 0x0000000083900000, 0x0000000083900000| Untracked 
|  57|0x0000000083900000, 0x0000000083a00000, 0x0000000083a00000|100%| O|  |TAMS 0x0000000083a00000, 0x0000000083a00000| Untracked 
|  58|0x0000000083a00000, 0x0000000083b00000, 0x0000000083b00000|100%| O|  |TAMS 0x0000000083b00000, 0x0000000083b00000| Untracked 
|  59|0x0000000083b00000, 0x0000000083c00000, 0x0000000083c00000|100%| O|  |TAMS 0x0000000083c00000, 0x0000000083c00000| Untracked 
|  60|0x0000000083c00000, 0x0000000083d00000, 0x0000000083d00000|100%| O|  |TAMS 0x0000000083d00000, 0x0000000083d00000| Untracked 
|  61|0x0000000083d00000, 0x0000000083e00000, 0x0000000083e00000|100%| O|  |TAMS 0x0000000083e00000, 0x0000000083e00000| Untracked 
|  62|0x0000000083e00000, 0x0000000083f00000, 0x0000000083f00000|100%| O|  |TAMS 0x0000000083f00000, 0x0000000083f00000| Untracked 
|  63|0x0000000083f00000, 0x0000000084000000, 0x0000000084000000|100%| O|  |TAMS 0x0000000084000000, 0x0000000084000000| Untracked 
|  64|0x0000000084000000, 0x0000000084100000, 0x0000000084100000|100%| O|  |TAMS 0x0000000084100000, 0x0000000084100000| Untracked 
|  65|0x0000000084100000, 0x0000000084200000, 0x0000000084200000|100%| O|  |TAMS 0x0000000084200000, 0x0000000084200000| Untracked 
|  66|0x0000000084200000, 0x0000000084300000, 0x0000000084300000|100%| O|  |TAMS 0x0000000084300000, 0x0000000084300000| Untracked 
|  67|0x0000000084300000, 0x0000000084400000, 0x0000000084400000|100%| O|  |TAMS 0x0000000084400000, 0x0000000084400000| Untracked 
|  68|0x0000000084400000, 0x0000000084500000, 0x0000000084500000|100%| O|  |TAMS 0x0000000084500000, 0x0000000084500000| Untracked 
|  69|0x0000000084500000, 0x0000000084600000, 0x0000000084600000|100%| O|  |TAMS 0x0000000084600000, 0x0000000084600000| Untracked 
|  70|0x0000000084600000, 0x0000000084700000, 0x0000000084700000|100%| O|  |TAMS 0x0000000084700000, 0x0000000084700000| Untracked 
|  71|0x0000000084700000, 0x0000000084800000, 0x0000000084800000|100%| O|  |TAMS 0x0000000084800000, 0x0000000084800000| Untracked 
|  72|0x0000000084800000, 0x0000000084900000, 0x0000000084900000|100%| O|  |TAMS 0x0000000084900000, 0x0000000084900000| Untracked 
|  73|0x0000000084900000, 0x0000000084a00000, 0x0000000084a00000|100%| O|  |TAMS 0x0000000084a00000, 0x0000000084a00000| Untracked 
|  74|0x0000000084a00000, 0x0000000084a50000, 0x0000000084b00000| 31%| O|  |TAMS 0x0000000084a00000, 0x0000000084a50000| Untracked 
|  75|0x0000000084b00000, 0x0000000084c00000, 0x0000000084c00000|100%| O|  |TAMS 0x0000000084c00000, 0x0000000084c00000| Untracked 
|  76|0x0000000084c00000, 0x0000000084d00000, 0x0000000084d00000|100%| O|  |TAMS 0x0000000084d00000, 0x0000000084d00000| Untracked 
|  77|0x0000000084d00000, 0x0000000084e00000, 0x0000000084e00000|100%| O|  |TAMS 0x0000000084e00000, 0x0000000084e00000| Untracked 
|  78|0x0000000084e00000, 0x0000000084f00000, 0x0000000084f00000|100%| O|  |TAMS 0x0000000084f00000, 0x0000000084f00000| Untracked 
|  79|0x0000000084f00000, 0x0000000085000000, 0x0000000085000000|100%| O|  |TAMS 0x0000000085000000, 0x0000000085000000| Untracked 
|  80|0x0000000085000000, 0x0000000085100000, 0x0000000085100000|100%| O|  |TAMS 0x0000000085100000, 0x0000000085100000| Untracked 
|  81|0x0000000085100000, 0x0000000085200000, 0x0000000085200000|100%| O|  |TAMS 0x0000000085200000, 0x0000000085200000| Untracked 
|  82|0x0000000085200000, 0x0000000085300000, 0x0000000085300000|100%| O|  |TAMS 0x0000000085300000, 0x0000000085300000| Untracked 
|  83|0x0000000085300000, 0x0000000085400000, 0x0000000085400000|100%| O|  |TAMS 0x0000000085400000, 0x0000000085400000| Untracked 
|  84|0x0000000085400000, 0x0000000085500000, 0x0000000085500000|100%| O|  |TAMS 0x0000000085500000, 0x0000000085500000| Untracked 
|  85|0x0000000085500000, 0x0000000085600000, 0x0000000085600000|100%| O|  |TAMS 0x0000000085600000, 0x0000000085600000| Untracked 
|  86|0x0000000085600000, 0x0000000085700000, 0x0000000085700000|100%| O|  |TAMS 0x0000000085700000, 0x0000000085700000| Untracked 
|  87|0x0000000085700000, 0x0000000085800000, 0x0000000085800000|100%| O|  |TAMS 0x0000000085800000, 0x0000000085800000| Untracked 
|  88|0x0000000085800000, 0x0000000085900000, 0x0000000085900000|100%|HS|  |TAMS 0x0000000085900000, 0x0000000085900000| Complete 
|  89|0x0000000085900000, 0x0000000085a00000, 0x0000000085a00000|100%|HS|  |TAMS 0x0000000085a00000, 0x0000000085a00000| Complete 
|  90|0x0000000085a00000, 0x0000000085b00000, 0x0000000085b00000|100%| O|  |TAMS 0x0000000085b00000, 0x0000000085b00000| Untracked 
|  91|0x0000000085b00000, 0x0000000085c00000, 0x0000000085c00000|100%| O|  |TAMS 0x0000000085c00000, 0x0000000085c00000| Untracked 
|  92|0x0000000085c00000, 0x0000000085d00000, 0x0000000085d00000|100%| O|  |TAMS 0x0000000085d00000, 0x0000000085d00000| Untracked 
|  93|0x0000000085d00000, 0x0000000085e00000, 0x0000000085e00000|100%| O|  |TAMS 0x0000000085e00000, 0x0000000085e00000| Untracked 
|  94|0x0000000085e00000, 0x0000000085f00000, 0x0000000085f00000|100%| O|  |TAMS 0x0000000085f00000, 0x0000000085f00000| Untracked 
|  95|0x0000000085f00000, 0x0000000086000000, 0x0000000086000000|100%| O|  |TAMS 0x0000000086000000, 0x0000000086000000| Untracked 
|  96|0x0000000086000000, 0x0000000086100000, 0x0000000086100000|100%| O|  |TAMS 0x0000000086100000, 0x0000000086100000| Untracked 
|  97|0x0000000086100000, 0x0000000086200000, 0x0000000086200000|100%| O|  |TAMS 0x0000000086200000, 0x0000000086200000| Untracked 
|  98|0x0000000086200000, 0x0000000086300000, 0x0000000086300000|100%| O|  |TAMS 0x0000000086300000, 0x0000000086300000| Untracked 
|  99|0x0000000086300000, 0x0000000086400000, 0x0000000086400000|100%|HS|  |TAMS 0x0000000086400000, 0x0000000086400000| Complete 
| 100|0x0000000086400000, 0x0000000086500000, 0x0000000086500000|100%|HC|  |TAMS 0x0000000086500000, 0x0000000086500000| Complete 
| 101|0x0000000086500000, 0x0000000086600000, 0x0000000086600000|100%| O|  |TAMS 0x0000000086600000, 0x0000000086600000| Untracked 
| 102|0x0000000086600000, 0x0000000086700000, 0x0000000086700000|100%|HS|  |TAMS 0x0000000086700000, 0x0000000086700000| Complete 
| 103|0x0000000086700000, 0x0000000086800000, 0x0000000086800000|100%|HC|  |TAMS 0x0000000086800000, 0x0000000086800000| Complete 
| 104|0x0000000086800000, 0x0000000086900000, 0x0000000086900000|100%|HS|  |TAMS 0x0000000086900000, 0x0000000086900000| Complete 
| 105|0x0000000086900000, 0x0000000086a00000, 0x0000000086a00000|100%|HC|  |TAMS 0x0000000086a00000, 0x0000000086a00000| Complete 
| 106|0x0000000086a00000, 0x0000000086b00000, 0x0000000086b00000|100%|HC|  |TAMS 0x0000000086b00000, 0x0000000086b00000| Complete 
| 107|0x0000000086b00000, 0x0000000086c00000, 0x0000000086c00000|100%|HC|  |TAMS 0x0000000086c00000, 0x0000000086c00000| Complete 
| 108|0x0000000086c00000, 0x0000000086d00000, 0x0000000086d00000|100%| O|  |TAMS 0x0000000086d00000, 0x0000000086d00000| Untracked 
| 109|0x0000000086d00000, 0x0000000086e00000, 0x0000000086e00000|100%| O|  |TAMS 0x0000000086e00000, 0x0000000086e00000| Untracked 
| 110|0x0000000086e00000, 0x0000000086f00000, 0x0000000086f00000|100%| O|  |TAMS 0x0000000086f00000, 0x0000000086f00000| Untracked 
| 111|0x0000000086f00000, 0x0000000087000000, 0x0000000087000000|100%| O|  |TAMS 0x0000000087000000, 0x0000000087000000| Untracked 
| 112|0x0000000087000000, 0x0000000087100000, 0x0000000087100000|100%| O|  |TAMS 0x0000000087100000, 0x0000000087100000| Untracked 
| 113|0x0000000087100000, 0x0000000087200000, 0x0000000087200000|100%| O|  |TAMS 0x0000000087200000, 0x0000000087200000| Untracked 
| 114|0x0000000087200000, 0x0000000087300000, 0x0000000087300000|100%| O|  |TAMS 0x0000000087300000, 0x0000000087300000| Untracked 
| 115|0x0000000087300000, 0x0000000087400000, 0x0000000087400000|100%| O|  |TAMS 0x0000000087400000, 0x0000000087400000| Untracked 
| 116|0x0000000087400000, 0x0000000087500000, 0x0000000087500000|100%| O|  |TAMS 0x0000000087500000, 0x0000000087500000| Untracked 
| 117|0x0000000087500000, 0x0000000087600000, 0x0000000087600000|100%| O|  |TAMS 0x0000000087600000, 0x0000000087600000| Untracked 
| 118|0x0000000087600000, 0x0000000087700000, 0x0000000087700000|100%| O|  |TAMS 0x0000000087700000, 0x0000000087700000| Untracked 
| 119|0x0000000087700000, 0x0000000087800000, 0x0000000087800000|100%| O|  |TAMS 0x0000000087800000, 0x0000000087800000| Untracked 
| 120|0x0000000087800000, 0x0000000087800000, 0x0000000087900000|  0%| F|  |TAMS 0x0000000087800000, 0x0000000087800000| Untracked 
| 121|0x0000000087900000, 0x0000000087a00000, 0x0000000087a00000|100%| O|  |TAMS 0x0000000087a00000, 0x0000000087a00000| Untracked 
| 122|0x0000000087a00000, 0x0000000087b00000, 0x0000000087b00000|100%| O|  |TAMS 0x0000000087b00000, 0x0000000087b00000| Untracked 
| 123|0x0000000087b00000, 0x0000000087c00000, 0x0000000087c00000|100%| O|  |TAMS 0x0000000087c00000, 0x0000000087c00000| Untracked 
| 124|0x0000000087c00000, 0x0000000087d00000, 0x0000000087d00000|100%| O|  |TAMS 0x0000000087d00000, 0x0000000087d00000| Untracked 
| 125|0x0000000087d00000, 0x0000000087e00000, 0x0000000087e00000|100%| O|  |TAMS 0x0000000087e00000, 0x0000000087e00000| Untracked 
| 126|0x0000000087e00000, 0x0000000087f00000, 0x0000000087f00000|100%| O|  |TAMS 0x0000000087f00000, 0x0000000087f00000| Untracked 
| 127|0x0000000087f00000, 0x0000000088000000, 0x0000000088000000|100%| O|  |TAMS 0x0000000088000000, 0x0000000088000000| Untracked 
| 128|0x0000000088000000, 0x0000000088100000, 0x0000000088100000|100%| O|  |TAMS 0x0000000088100000, 0x0000000088100000| Untracked 
| 129|0x0000000088100000, 0x0000000088200000, 0x0000000088200000|100%| O|  |TAMS 0x0000000088200000, 0x0000000088200000| Untracked 
| 130|0x0000000088200000, 0x0000000088300000, 0x0000000088300000|100%| O|  |TAMS 0x0000000088300000, 0x0000000088300000| Untracked 
| 131|0x0000000088300000, 0x0000000088400000, 0x0000000088400000|100%| O|  |TAMS 0x0000000088400000, 0x0000000088400000| Untracked 
| 132|0x0000000088400000, 0x0000000088500000, 0x0000000088500000|100%| O|  |TAMS 0x0000000088500000, 0x0000000088500000| Untracked 
| 133|0x0000000088500000, 0x0000000088600000, 0x0000000088600000|100%| O|  |TAMS 0x0000000088600000, 0x0000000088600000| Untracked 
| 134|0x0000000088600000, 0x0000000088700000, 0x0000000088700000|100%| O|  |TAMS 0x0000000088700000, 0x0000000088700000| Untracked 
| 135|0x0000000088700000, 0x0000000088800000, 0x0000000088800000|100%| O|  |TAMS 0x0000000088800000, 0x0000000088800000| Untracked 
| 136|0x0000000088800000, 0x0000000088900000, 0x0000000088900000|100%| O|  |TAMS 0x0000000088900000, 0x0000000088900000| Untracked 
| 137|0x0000000088900000, 0x0000000088a00000, 0x0000000088a00000|100%| O|  |TAMS 0x0000000088a00000, 0x0000000088a00000| Untracked 
| 138|0x0000000088a00000, 0x0000000088b00000, 0x0000000088b00000|100%| O|  |TAMS 0x0000000088b00000, 0x0000000088b00000| Untracked 
| 139|0x0000000088b00000, 0x0000000088c00000, 0x0000000088c00000|100%| O|  |TAMS 0x0000000088c00000, 0x0000000088c00000| Untracked 
| 140|0x0000000088c00000, 0x0000000088c00000, 0x0000000088d00000|  0%| F|  |TAMS 0x0000000088c00000, 0x0000000088c00000| Untracked 
| 141|0x0000000088d00000, 0x0000000088e00000, 0x0000000088e00000|100%| O|  |TAMS 0x0000000088e00000, 0x0000000088e00000| Untracked 
| 142|0x0000000088e00000, 0x0000000088f00000, 0x0000000088f00000|100%| O|  |TAMS 0x0000000088f00000, 0x0000000088f00000| Untracked 
| 143|0x0000000088f00000, 0x0000000089000000, 0x0000000089000000|100%| O|  |TAMS 0x0000000089000000, 0x0000000089000000| Untracked 
| 144|0x0000000089000000, 0x0000000089100000, 0x0000000089100000|100%| O|  |TAMS 0x0000000089100000, 0x0000000089100000| Untracked 
| 145|0x0000000089100000, 0x0000000089200000, 0x0000000089200000|100%| O|  |TAMS 0x0000000089200000, 0x0000000089200000| Untracked 
| 146|0x0000000089200000, 0x0000000089300000, 0x0000000089300000|100%| O|  |TAMS 0x0000000089300000, 0x0000000089300000| Untracked 
| 147|0x0000000089300000, 0x0000000089400000, 0x0000000089400000|100%| O|  |TAMS 0x0000000089400000, 0x0000000089400000| Untracked 
| 148|0x0000000089400000, 0x0000000089500000, 0x0000000089500000|100%| O|  |TAMS 0x0000000089500000, 0x0000000089500000| Untracked 
| 149|0x0000000089500000, 0x0000000089600000, 0x0000000089600000|100%| O|  |TAMS 0x0000000089500000, 0x0000000089600000| Untracked 
| 150|0x0000000089600000, 0x0000000089700000, 0x0000000089700000|100%| O|  |TAMS 0x0000000089600000, 0x0000000089700000| Untracked 
| 151|0x0000000089700000, 0x0000000089800000, 0x0000000089800000|100%| O|  |TAMS 0x0000000089800000, 0x0000000089800000| Untracked 
| 152|0x0000000089800000, 0x0000000089900000, 0x0000000089900000|100%| O|  |TAMS 0x0000000089900000, 0x0000000089900000| Untracked 
| 153|0x0000000089900000, 0x0000000089a00000, 0x0000000089a00000|100%| O|  |TAMS 0x0000000089a00000, 0x0000000089a00000| Untracked 
| 154|0x0000000089a00000, 0x0000000089b00000, 0x0000000089b00000|100%| O|  |TAMS 0x0000000089b00000, 0x0000000089b00000| Untracked 
| 155|0x0000000089b00000, 0x0000000089c00000, 0x0000000089c00000|100%| O|  |TAMS 0x0000000089c00000, 0x0000000089c00000| Untracked 
| 156|0x0000000089c00000, 0x0000000089d00000, 0x0000000089d00000|100%| O|  |TAMS 0x0000000089d00000, 0x0000000089d00000| Untracked 
| 157|0x0000000089d00000, 0x0000000089e00000, 0x0000000089e00000|100%| O|  |TAMS 0x0000000089e00000, 0x0000000089e00000| Untracked 
| 158|0x0000000089e00000, 0x0000000089e00000, 0x0000000089f00000|  0%| F|  |TAMS 0x0000000089e00000, 0x0000000089e00000| Untracked 
| 159|0x0000000089f00000, 0x000000008a000000, 0x000000008a000000|100%| O|  |TAMS 0x000000008a000000, 0x000000008a000000| Untracked 
| 160|0x000000008a000000, 0x000000008a100000, 0x000000008a100000|100%| O|  |TAMS 0x000000008a100000, 0x000000008a100000| Untracked 
| 161|0x000000008a100000, 0x000000008a200000, 0x000000008a200000|100%| O|  |TAMS 0x000000008a200000, 0x000000008a200000| Untracked 
| 162|0x000000008a200000, 0x000000008a300000, 0x000000008a300000|100%| O|  |TAMS 0x000000008a300000, 0x000000008a300000| Untracked 
| 163|0x000000008a300000, 0x000000008a400000, 0x000000008a400000|100%| O|  |TAMS 0x000000008a400000, 0x000000008a400000| Untracked 
| 164|0x000000008a400000, 0x000000008a400000, 0x000000008a500000|  0%| F|  |TAMS 0x000000008a400000, 0x000000008a400000| Untracked 
| 165|0x000000008a500000, 0x000000008a600000, 0x000000008a600000|100%| O|  |TAMS 0x000000008a600000, 0x000000008a600000| Untracked 
| 166|0x000000008a600000, 0x000000008a700000, 0x000000008a700000|100%| O|  |TAMS 0x000000008a700000, 0x000000008a700000| Untracked 
| 167|0x000000008a700000, 0x000000008a800000, 0x000000008a800000|100%| O|  |TAMS 0x000000008a800000, 0x000000008a800000| Untracked 
| 168|0x000000008a800000, 0x000000008a800000, 0x000000008a900000|  0%| F|  |TAMS 0x000000008a800000, 0x000000008a800000| Untracked 
| 169|0x000000008a900000, 0x000000008a900000, 0x000000008aa00000|  0%| F|  |TAMS 0x000000008a900000, 0x000000008a900000| Untracked 
| 170|0x000000008aa00000, 0x000000008ab00000, 0x000000008ab00000|100%| O|  |TAMS 0x000000008ab00000, 0x000000008ab00000| Untracked 
| 171|0x000000008ab00000, 0x000000008ac00000, 0x000000008ac00000|100%| O|  |TAMS 0x000000008ac00000, 0x000000008ac00000| Untracked 
| 172|0x000000008ac00000, 0x000000008ad00000, 0x000000008ad00000|100%| O|  |TAMS 0x000000008ad00000, 0x000000008ad00000| Untracked 
| 173|0x000000008ad00000, 0x000000008ae00000, 0x000000008ae00000|100%| O|  |TAMS 0x000000008ad3e600, 0x000000008ae00000| Untracked 
| 174|0x000000008ae00000, 0x000000008af00000, 0x000000008af00000|100%| O|  |TAMS 0x000000008ae00000, 0x000000008af00000| Untracked 
| 175|0x000000008af00000, 0x000000008af00000, 0x000000008b000000|  0%| F|  |TAMS 0x000000008af00000, 0x000000008af00000| Untracked 
| 176|0x000000008b000000, 0x000000008b000000, 0x000000008b100000|  0%| F|  |TAMS 0x000000008b000000, 0x000000008b000000| Untracked 
| 177|0x000000008b100000, 0x000000008b100000, 0x000000008b200000|  0%| F|  |TAMS 0x000000008b100000, 0x000000008b100000| Untracked 
| 178|0x000000008b200000, 0x000000008b200000, 0x000000008b300000|  0%| F|  |TAMS 0x000000008b200000, 0x000000008b200000| Untracked 
| 179|0x000000008b300000, 0x000000008b300000, 0x000000008b400000|  0%| F|  |TAMS 0x000000008b300000, 0x000000008b300000| Untracked 
| 180|0x000000008b400000, 0x000000008b400000, 0x000000008b500000|  0%| F|  |TAMS 0x000000008b400000, 0x000000008b400000| Untracked 
| 181|0x000000008b500000, 0x000000008b500000, 0x000000008b600000|  0%| F|  |TAMS 0x000000008b500000, 0x000000008b500000| Untracked 
| 182|0x000000008b600000, 0x000000008b600000, 0x000000008b700000|  0%| F|  |TAMS 0x000000008b600000, 0x000000008b600000| Untracked 
| 183|0x000000008b700000, 0x000000008b700000, 0x000000008b800000|  0%| F|  |TAMS 0x000000008b700000, 0x000000008b700000| Untracked 
| 184|0x000000008b800000, 0x000000008b800000, 0x000000008b900000|  0%| F|  |TAMS 0x000000008b800000, 0x000000008b800000| Untracked 
| 185|0x000000008b900000, 0x000000008b900000, 0x000000008ba00000|  0%| F|  |TAMS 0x000000008b900000, 0x000000008b900000| Untracked 
| 186|0x000000008ba00000, 0x000000008ba00000, 0x000000008bb00000|  0%| F|  |TAMS 0x000000008ba00000, 0x000000008ba00000| Untracked 
| 187|0x000000008bb00000, 0x000000008bb00000, 0x000000008bc00000|  0%| F|  |TAMS 0x000000008bb00000, 0x000000008bb00000| Untracked 
| 188|0x000000008bc00000, 0x000000008bc00000, 0x000000008bd00000|  0%| F|  |TAMS 0x000000008bc00000, 0x000000008bc00000| Untracked 
| 189|0x000000008bd00000, 0x000000008bd00000, 0x000000008be00000|  0%| F|  |TAMS 0x000000008bd00000, 0x000000008bd00000| Untracked 
| 190|0x000000008be00000, 0x000000008be00000, 0x000000008bf00000|  0%| F|  |TAMS 0x000000008be00000, 0x000000008be00000| Untracked 
| 191|0x000000008bf00000, 0x000000008bf00000, 0x000000008c000000|  0%| F|  |TAMS 0x000000008bf00000, 0x000000008bf00000| Untracked 
| 192|0x000000008c000000, 0x000000008c000000, 0x000000008c100000|  0%| F|  |TAMS 0x000000008c000000, 0x000000008c000000| Untracked 
| 193|0x000000008c100000, 0x000000008c100000, 0x000000008c200000|  0%| F|  |TAMS 0x000000008c100000, 0x000000008c100000| Untracked 
| 194|0x000000008c200000, 0x000000008c200000, 0x000000008c300000|  0%| F|  |TAMS 0x000000008c200000, 0x000000008c200000| Untracked 
| 195|0x000000008c300000, 0x000000008c300000, 0x000000008c400000|  0%| F|  |TAMS 0x000000008c300000, 0x000000008c300000| Untracked 
| 196|0x000000008c400000, 0x000000008c400000, 0x000000008c500000|  0%| F|  |TAMS 0x000000008c400000, 0x000000008c400000| Untracked 
| 197|0x000000008c500000, 0x000000008c500000, 0x000000008c600000|  0%| F|  |TAMS 0x000000008c500000, 0x000000008c500000| Untracked 
| 198|0x000000008c600000, 0x000000008c600000, 0x000000008c700000|  0%| F|  |TAMS 0x000000008c600000, 0x000000008c600000| Untracked 
| 199|0x000000008c700000, 0x000000008c700000, 0x000000008c800000|  0%| F|  |TAMS 0x000000008c700000, 0x000000008c700000| Untracked 
| 200|0x000000008c800000, 0x000000008c800000, 0x000000008c900000|  0%| F|  |TAMS 0x000000008c800000, 0x000000008c800000| Untracked 
| 201|0x000000008c900000, 0x000000008c900000, 0x000000008ca00000|  0%| F|  |TAMS 0x000000008c900000, 0x000000008c900000| Untracked 
| 202|0x000000008ca00000, 0x000000008ca00000, 0x000000008cb00000|  0%| F|  |TAMS 0x000000008ca00000, 0x000000008ca00000| Untracked 
| 203|0x000000008cb00000, 0x000000008cb00000, 0x000000008cc00000|  0%| F|  |TAMS 0x000000008cb00000, 0x000000008cb00000| Untracked 
| 204|0x000000008cc00000, 0x000000008cd00000, 0x000000008cd00000|100%| S|CS|TAMS 0x000000008cc00000, 0x000000008cc00000| Complete 
| 205|0x000000008cd00000, 0x000000008ce00000, 0x000000008ce00000|100%| S|CS|TAMS 0x000000008cd00000, 0x000000008cd00000| Complete 
| 206|0x000000008ce00000, 0x000000008cf00000, 0x000000008cf00000|100%| S|CS|TAMS 0x000000008ce00000, 0x000000008ce00000| Complete 
| 207|0x000000008cf00000, 0x000000008cf00000, 0x000000008d000000|  0%| F|  |TAMS 0x000000008cf00000, 0x000000008cf00000| Untracked 
| 208|0x000000008d000000, 0x000000008d000000, 0x000000008d100000|  0%| F|  |TAMS 0x000000008d000000, 0x000000008d000000| Untracked 
| 209|0x000000008d100000, 0x000000008d100000, 0x000000008d200000|  0%| F|  |TAMS 0x000000008d100000, 0x000000008d100000| Untracked 
| 210|0x000000008d200000, 0x000000008d200000, 0x000000008d300000|  0%| F|  |TAMS 0x000000008d200000, 0x000000008d200000| Untracked 
| 211|0x000000008d300000, 0x000000008d300000, 0x000000008d400000|  0%| F|  |TAMS 0x000000008d300000, 0x000000008d300000| Untracked 
| 212|0x000000008d400000, 0x000000008d400000, 0x000000008d500000|  0%| F|  |TAMS 0x000000008d400000, 0x000000008d400000| Untracked 
| 213|0x000000008d500000, 0x000000008d500000, 0x000000008d600000|  0%| F|  |TAMS 0x000000008d500000, 0x000000008d500000| Untracked 
| 214|0x000000008d600000, 0x000000008d600000, 0x000000008d700000|  0%| F|  |TAMS 0x000000008d600000, 0x000000008d600000| Untracked 
| 215|0x000000008d700000, 0x000000008d700000, 0x000000008d800000|  0%| F|  |TAMS 0x000000008d700000, 0x000000008d700000| Untracked 
| 216|0x000000008d800000, 0x000000008d800000, 0x000000008d900000|  0%| F|  |TAMS 0x000000008d800000, 0x000000008d800000| Untracked 
| 217|0x000000008d900000, 0x000000008d900000, 0x000000008da00000|  0%| F|  |TAMS 0x000000008d900000, 0x000000008d900000| Untracked 
| 218|0x000000008da00000, 0x000000008da00000, 0x000000008db00000|  0%| F|  |TAMS 0x000000008da00000, 0x000000008da00000| Untracked 
| 219|0x000000008db00000, 0x000000008db00000, 0x000000008dc00000|  0%| F|  |TAMS 0x000000008db00000, 0x000000008db00000| Untracked 
| 220|0x000000008dc00000, 0x000000008dc00000, 0x000000008dd00000|  0%| F|  |TAMS 0x000000008dc00000, 0x000000008dc00000| Untracked 
| 221|0x000000008dd00000, 0x000000008dd00000, 0x000000008de00000|  0%| F|  |TAMS 0x000000008dd00000, 0x000000008dd00000| Untracked 
| 222|0x000000008de00000, 0x000000008de00000, 0x000000008df00000|  0%| F|  |TAMS 0x000000008de00000, 0x000000008de00000| Untracked 
| 223|0x000000008df00000, 0x000000008df00000, 0x000000008e000000|  0%| F|  |TAMS 0x000000008df00000, 0x000000008df00000| Untracked 
| 224|0x000000008e000000, 0x000000008e000000, 0x000000008e100000|  0%| F|  |TAMS 0x000000008e000000, 0x000000008e000000| Untracked 
| 225|0x000000008e100000, 0x000000008e100000, 0x000000008e200000|  0%| F|  |TAMS 0x000000008e100000, 0x000000008e100000| Untracked 
| 226|0x000000008e200000, 0x000000008e200000, 0x000000008e300000|  0%| F|  |TAMS 0x000000008e200000, 0x000000008e200000| Untracked 
| 227|0x000000008e300000, 0x000000008e300000, 0x000000008e400000|  0%| F|  |TAMS 0x000000008e300000, 0x000000008e300000| Untracked 

Card table byte_map: [0x0000026adf700000,0x0000026adfb00000] _byte_map_base: 0x0000026adf300000

Marking Bits (Prev, Next): (CMBitMap*) 0x0000026acabbc1f8, (CMBitMap*) 0x0000026acabbc230
 Prev Bits: [0x0000026adff00000, 0x0000026ae1f00000)
 Next Bits: [0x0000026ae1f00000, 0x0000026ae3f00000)

Polling page: 0x0000026acfcb0000

Metaspace:

Usage:
  Non-class:     82.47 MB capacity,    80.85 MB ( 98%) used,     1.36 MB (  2%) free+waste,   253.38 KB ( <1%) overhead. 
      Class:     12.35 MB capacity,    11.50 MB ( 93%) used,   754.73 KB (  6%) free+waste,   112.75 KB ( <1%) overhead. 
       Both:     94.81 MB capacity,    92.36 MB ( 97%) used,     2.10 MB (  2%) free+waste,   366.13 KB ( <1%) overhead. 

Virtual space:
  Non-class space:       84.00 MB reserved,      82.51 MB ( 98%) committed 
      Class space:        1.00 GB reserved,      12.38 MB (  1%) committed 
             Both:        1.08 GB reserved,      94.88 MB (  9%) committed 

Chunk freelists:
   Non-Class:  43.00 KB
       Class:  27.00 KB
        Both:  70.00 KB

MaxMetaspaceSize: 17179869184.00 GB
CompressedClassSpaceSize: 1.00 GB

CodeHeap 'non-profiled nmethods': size=120064Kb used=8911Kb max_used=8911Kb free=111152Kb
 bounds [0x0000026ad7790000, 0x0000026ad8050000, 0x0000026adecd0000]
CodeHeap 'profiled nmethods': size=120000Kb used=30918Kb max_used=30918Kb free=89081Kb
 bounds [0x0000026ad0260000, 0x0000026ad20a0000, 0x0000026ad7790000]
CodeHeap 'non-nmethods': size=5696Kb used=2283Kb max_used=2339Kb free=3412Kb
 bounds [0x0000026acfcd0000, 0x0000026acff40000, 0x0000026ad0260000]
 total_blobs=14128 nmethods=13239 adapters=799
 compilation: enabled
              stopped_count=0, restarted_count=0
 full_count=0

Compilation events (20 events):
Event: 35.058 Thread 0x0000026ae6569800 13582       2       com.sun.tools.javac.jvm.ClassReader::readEnumType (49 bytes)
Event: 35.058 Thread 0x0000026ae6569800 nmethod 13582 0x0000026ad2090910 code [0x0000026ad2090b00, 0x0000026ad2090d28]
Event: 35.066 Thread 0x0000026ae6569800 13584       2       com.sun.tools.javac.util.List::map (83 bytes)
Event: 35.067 Thread 0x0000026ae6569800 nmethod 13584 0x0000026ad2090f10 code [0x0000026ad2091120, 0x0000026ad2091598]
Event: 35.067 Thread 0x0000026ae6569800 13585   !   2       com.sun.tools.javac.comp.TypeEnter::finishImports (111 bytes)
Event: 35.068 Thread 0x0000026ae6569800 nmethod 13585 0x0000026ad2091790 code [0x0000026ad2091a20, 0x0000026ad20920c8]
Event: 35.068 Thread 0x0000026ae6569800 13587       2       com.sun.tools.javac.code.Types::setBounds (36 bytes)
Event: 35.069 Thread 0x0000026ae6569800 nmethod 13587 0x0000026ad2092890 code [0x0000026ad2092a60, 0x0000026ad2092c78]
Event: 35.069 Thread 0x0000026ae6569800 13586       2       com.sun.tools.javac.code.Scope$StarImportScope::importAll (104 bytes)
Event: 35.069 Thread 0x0000026ae6569800 nmethod 13586 0x0000026ad2092e10 code [0x0000026ad2093040, 0x0000026ad20936a8]
Event: 35.075 Thread 0x0000026ae6569800 13588       2       com.sun.tools.javac.code.Type$DelegatedType::getThrownTypes (8 bytes)
Event: 35.075 Thread 0x0000026ae6569800 nmethod 13588 0x0000026ad2093a90 code [0x0000026ad2093c40, 0x0000026ad2093d68]
Event: 35.075 Thread 0x0000026ae6569800 13589       2       com.sun.tools.javac.code.Type$ForAll::asMethodType (8 bytes)
Event: 35.076 Thread 0x0000026ae6569800 nmethod 13589 0x0000026ad2093e10 code [0x0000026ad2093fc0, 0x0000026ad20940f8]
Event: 35.090 Thread 0x0000026af10a9000 nmethod 13525 0x0000026ad803ca10 code [0x0000026ad803ce80, 0x0000026ad8040d88]
Event: 35.090 Thread 0x0000026af10a9000 13591       4       com.sun.tools.javac.util.Name::toString (16 bytes)
Event: 35.096 Thread 0x0000026ae6569800 13592       2       com.sun.tools.javac.comp.Check::checkClassType (82 bytes)
Event: 35.097 Thread 0x0000026ae6569800 nmethod 13592 0x0000026ad2094190 code [0x0000026ad20943c0, 0x0000026ad2094838]
Event: 35.104 Thread 0x0000026af10a9000 nmethod 13591 0x0000026ad8042f10 code [0x0000026ad80430e0, 0x0000026ad8043b38]
Event: 35.104 Thread 0x0000026af10a9000 13553       4       java.util.stream.ReferencePipeline::makeNodeBuilder (6 bytes)

GC Heap History (20 events):
Event: 33.029 GC heap after
{Heap after GC invocations=39 (full 0):
 garbage-first heap   total 194560K, used 144121K [0x0000000080000000, 0x0000000100000000)
  region size 1024K, 3 young (3072K), 3 survivors (3072K)
 Metaspace       used 86765K, capacity 89277K, committed 89480K, reserved 1126400K
  class space    used 10935K, capacity 11799K, committed 11904K, reserved 1048576K
}
Event: 33.098 GC heap before
{Heap before GC invocations=39 (full 0):
 garbage-first heap   total 194560K, used 150265K [0x0000000080000000, 0x0000000100000000)
  region size 1024K, 9 young (9216K), 3 survivors (3072K)
 Metaspace       used 86793K, capacity 89277K, committed 89480K, reserved 1126400K
  class space    used 10935K, capacity 11799K, committed 11904K, reserved 1048576K
}
Event: 33.107 GC heap after
{Heap after GC invocations=40 (full 0):
 garbage-first heap   total 194560K, used 144687K [0x0000000080000000, 0x0000000100000000)
  region size 1024K, 2 young (2048K), 2 survivors (2048K)
 Metaspace       used 86793K, capacity 89277K, committed 89480K, reserved 1126400K
  class space    used 10935K, capacity 11799K, committed 11904K, reserved 1048576K
}
Event: 33.187 GC heap before
{Heap before GC invocations=40 (full 0):
 garbage-first heap   total 194560K, used 163119K [0x0000000080000000, 0x0000000100000000)
  region size 1024K, 20 young (20480K), 2 survivors (2048K)
 Metaspace       used 86831K, capacity 89344K, committed 89480K, reserved 1126400K
  class space    used 10935K, capacity 11799K, committed 11904K, reserved 1048576K
}
Event: 33.209 GC heap after
{Heap after GC invocations=41 (full 0):
 garbage-first heap   total 194560K, used 158339K [0x0000000080000000, 0x0000000100000000)
  region size 1024K, 3 young (3072K), 3 survivors (3072K)
 Metaspace       used 86831K, capacity 89344K, committed 89480K, reserved 1126400K
  class space    used 10935K, capacity 11799K, committed 11904K, reserved 1048576K
}
Event: 33.241 GC heap before
{Heap before GC invocations=41 (full 0):
 garbage-first heap   total 194560K, used 165507K [0x0000000080000000, 0x0000000100000000)
  region size 1024K, 10 young (10240K), 3 survivors (3072K)
 Metaspace       used 86835K, capacity 89344K, committed 89480K, reserved 1126400K
  class space    used 10935K, capacity 11799K, committed 11904K, reserved 1048576K
}
Event: 33.255 GC heap after
{Heap after GC invocations=42 (full 0):
 garbage-first heap   total 194560K, used 164864K [0x0000000080000000, 0x0000000100000000)
  region size 1024K, 2 young (2048K), 2 survivors (2048K)
 Metaspace       used 86835K, capacity 89344K, committed 89480K, reserved 1126400K
  class space    used 10935K, capacity 11799K, committed 11904K, reserved 1048576K
}
Event: 33.303 GC heap before
{Heap before GC invocations=42 (full 0):
 garbage-first heap   total 194560K, used 172032K [0x0000000080000000, 0x0000000100000000)
  region size 1024K, 9 young (9216K), 2 survivors (2048K)
 Metaspace       used 86835K, capacity 89344K, committed 89480K, reserved 1126400K
  class space    used 10935K, capacity 11799K, committed 11904K, reserved 1048576K
}
Event: 33.319 GC heap after
{Heap after GC invocations=43 (full 0):
 garbage-first heap   total 233472K, used 171008K [0x0000000080000000, 0x0000000100000000)
  region size 1024K, 2 young (2048K), 2 survivors (2048K)
 Metaspace       used 86835K, capacity 89344K, committed 89480K, reserved 1126400K
  class space    used 10935K, capacity 11799K, committed 11904K, reserved 1048576K
}
Event: 33.781 GC heap before
{Heap before GC invocations=44 (full 0):
 garbage-first heap   total 233472K, used 187392K [0x0000000080000000, 0x0000000100000000)
  region size 1024K, 18 young (18432K), 2 survivors (2048K)
 Metaspace       used 87255K, capacity 89761K, committed 89992K, reserved 1128448K
  class space    used 10957K, capacity 11806K, committed 11904K, reserved 1048576K
}
Event: 33.796 GC heap after
{Heap after GC invocations=45 (full 0):
 garbage-first heap   total 233472K, used 177152K [0x0000000080000000, 0x0000000100000000)
  region size 1024K, 3 young (3072K), 3 survivors (3072K)
 Metaspace       used 87255K, capacity 89761K, committed 89992K, reserved 1128448K
  class space    used 10957K, capacity 11806K, committed 11904K, reserved 1048576K
}
Event: 34.060 GC heap before
{Heap before GC invocations=45 (full 0):
 garbage-first heap   total 233472K, used 190464K [0x0000000080000000, 0x0000000100000000)
  region size 1024K, 17 young (17408K), 3 survivors (3072K)
 Metaspace       used 89117K, capacity 91623K, committed 91912K, reserved 1130496K
  class space    used 11136K, capacity 11998K, committed 12032K, reserved 1048576K
}
Event: 34.067 GC heap after
{Heap after GC invocations=46 (full 0):
 garbage-first heap   total 233472K, used 178707K [0x0000000080000000, 0x0000000100000000)
  region size 1024K, 2 young (2048K), 2 survivors (2048K)
 Metaspace       used 89117K, capacity 91623K, committed 91912K, reserved 1130496K
  class space    used 11136K, capacity 11998K, committed 12032K, reserved 1048576K
}
Event: 34.550 GC heap before
{Heap before GC invocations=46 (full 0):
 garbage-first heap   total 233472K, used 190995K [0x0000000080000000, 0x0000000100000000)
  region size 1024K, 16 young (16384K), 2 survivors (2048K)
 Metaspace       used 91797K, capacity 94192K, committed 94344K, reserved 1132544K
  class space    used 11439K, capacity 12321K, committed 12416K, reserved 1048576K
}
Event: 34.555 GC heap after
{Heap after GC invocations=47 (full 0):
 garbage-first heap   total 233472K, used 176850K [0x0000000080000000, 0x0000000100000000)
  region size 1024K, 2 young (2048K), 2 survivors (2048K)
 Metaspace       used 91797K, capacity 94192K, committed 94344K, reserved 1132544K
  class space    used 11439K, capacity 12321K, committed 12416K, reserved 1048576K
}
Event: 34.836 GC heap before
{Heap before GC invocations=48 (full 0):
 garbage-first heap   total 233472K, used 192210K [0x0000000080000000, 0x0000000100000000)
  region size 1024K, 17 young (17408K), 2 survivors (2048K)
 Metaspace       used 94284K, capacity 96689K, committed 96904K, reserved 1134592K
  class space    used 11745K, capacity 12641K, committed 12672K, reserved 1048576K
}
Event: 34.840 GC heap after
{Heap after GC invocations=49 (full 0):
 garbage-first heap   total 233472K, used 177917K [0x0000000080000000, 0x0000000100000000)
  region size 1024K, 3 young (3072K), 3 survivors (3072K)
 Metaspace       used 94284K, capacity 96689K, committed 96904K, reserved 1134592K
  class space    used 11745K, capacity 12641K, committed 12672K, reserved 1048576K
}
Event: 34.944 GC heap before
{Heap before GC invocations=49 (full 0):
 garbage-first heap   total 233472K, used 185085K [0x0000000080000000, 0x0000000100000000)
  region size 1024K, 11 young (11264K), 3 survivors (3072K)
 Metaspace       used 94553K, capacity 97023K, committed 97160K, reserved 1134592K
  class space    used 11777K, capacity 12645K, committed 12672K, reserved 1048576K
}
Event: 34.954 GC heap after
{Heap after GC invocations=50 (full 0):
 garbage-first heap   total 233472K, used 171709K [0x0000000080000000, 0x0000000100000000)
  region size 1024K, 2 young (2048K), 2 survivors (2048K)
 Metaspace       used 94553K, capacity 97023K, committed 97160K, reserved 1134592K
  class space    used 11777K, capacity 12645K, committed 12672K, reserved 1048576K
}
Event: 35.107 GC heap before
{Heap before GC invocations=50 (full 0):
 garbage-first heap   total 233472K, used 191165K [0x0000000080000000, 0x0000000100000000)
  region size 1024K, 21 young (21504K), 2 survivors (2048K)
 Metaspace       used 94572K, capacity 97090K, committed 97160K, reserved 1134592K
  class space    used 11777K, capacity 12645K, committed 12672K, reserved 1048576K
}

Deoptimization events (20 events):
Event: 34.908 Thread 0x0000026ae8601800 DEOPT PACKING pc=0x0000026ad7eda280 sp=0x000000e4182f66e0
Event: 34.908 Thread 0x0000026ae8601800 DEOPT UNPACKING pc=0x0000026acfcf742f sp=0x000000e4182f66f0 mode 2
Event: 34.922 Thread 0x0000026ae8601800 Uncommon trap: trap_request=0xffffff4d fr.pc=0x0000026ad7f98ad8 relative=0x0000000000000738
Event: 34.922 Thread 0x0000026ae8601800 Uncommon trap: reason=unstable_if action=reinterpret pc=0x0000026ad7f98ad8 method=com.sun.tools.javac.comp.Check.checkFlags(Lcom/sun/tools/javac/util/JCDiagnostic$DiagnosticPosition;JLcom/sun/tools/javac/code/Symbol;Lcom/sun/tools/javac/tree/JCTree;)J @ 4
Event: 34.922 Thread 0x0000026ae8601800 DEOPT PACKING pc=0x0000026ad7f98ad8 sp=0x000000e4182f6420
Event: 34.923 Thread 0x0000026ae8601800 DEOPT UNPACKING pc=0x0000026acfcf742f sp=0x000000e4182f63a0 mode 2
Event: 34.963 Thread 0x0000026ae8601800 DEOPT PACKING pc=0x0000026ad1dca222 sp=0x000000e4182f4450
Event: 34.963 Thread 0x0000026ae8601800 DEOPT UNPACKING pc=0x0000026acfcf724e sp=0x000000e4182f3970 mode 0
Event: 35.001 Thread 0x0000026ae8601800 Uncommon trap: trap_request=0xffffff4d fr.pc=0x0000026ad7fb4f2c relative=0x000000000000008c
Event: 35.001 Thread 0x0000026ae8601800 Uncommon trap: reason=unstable_if action=reinterpret pc=0x0000026ad7fb4f2c method=com.sun.tools.javac.code.Scope$ScopeImpl$2.hasNext()Z @ 69 c2
Event: 35.001 Thread 0x0000026ae8601800 DEOPT PACKING pc=0x0000026ad7fb4f2c sp=0x000000e4182f61e0
Event: 35.001 Thread 0x0000026ae8601800 DEOPT UNPACKING pc=0x0000026acfcf742f sp=0x000000e4182f6170 mode 2
Event: 35.089 Thread 0x0000026ae8601800 Uncommon trap: trap_request=0xffffffde fr.pc=0x0000026ad7fa9a88 relative=0x00000000000006a8
Event: 35.089 Thread 0x0000026ae8601800 Uncommon trap: reason=class_check action=maybe_recompile pc=0x0000026ad7fa9a88 method=com.sun.tools.javac.code.Symbol$ClassSymbol.erasure(Lcom/sun/tools/javac/code/Types;)Lcom/sun/tools/javac/code/Type; @ 17 c2
Event: 35.089 Thread 0x0000026ae8601800 DEOPT PACKING pc=0x0000026ad7fa9a88 sp=0x000000e4182f3df0
Event: 35.089 Thread 0x0000026ae8601800 DEOPT UNPACKING pc=0x0000026acfcf742f sp=0x000000e4182f3db0 mode 2
Event: 35.089 Thread 0x0000026ae8601800 Uncommon trap: trap_request=0xffffffe4 fr.pc=0x0000026ad80201c8 relative=0x00000000000007e8
Event: 35.089 Thread 0x0000026ae8601800 Uncommon trap: reason=range_check action=make_not_entrant pc=0x0000026ad80201c8 method=com.sun.tools.javac.util.Convert.utf2chars([BI[CII)I @ 25 c2
Event: 35.089 Thread 0x0000026ae8601800 DEOPT PACKING pc=0x0000026ad80201c8 sp=0x000000e4182f3cf0
Event: 35.089 Thread 0x0000026ae8601800 DEOPT UNPACKING pc=0x0000026acfcf742f sp=0x000000e4182f3bb0 mode 2

Classes redefined (0 events):
No events

Internal exceptions (20 events):
Event: 29.146 Thread 0x0000026ae8601800 Exception <a 'java/lang/NoSuchMethodError'{0x0000000087f527b8}: 'java.lang.Object java.lang.invoke.Invokers$Holder.linkToTargetMethod(java.lang.Object, java.lang.Object, java.lang.Object, int, int, java.lang.Object)'> (0x0000000087f527b8) thrown at [./src/hotspot/share/interpreter/linkResolver.cpp, line 773]
Event: 29.185 Thread 0x0000026ae8601800 Exception <a 'java/lang/NoSuchMethodError'{0x0000000087c2ec30}: 'int java.lang.invoke.DirectMethodHandle$Holder.invokeVirtual(java.lang.Object, java.lang.Object, java.lang.Object)'> (0x0000000087c2ec30) thrown at [./src/hotspot/share/interpreter/linkResolver.cpp, line 773]
Event: 31.061 Thread 0x0000026ae8601800 Exception <a 'sun/nio/fs/WindowsException'{0x000000008ab07788}> (0x000000008ab07788) thrown at [./src/hotspot/share/prims/jni.cpp, line 615]
Event: 31.062 Thread 0x0000026ae8601800 Exception <a 'sun/nio/fs/WindowsException'{0x000000008ab07890}> (0x000000008ab07890) thrown at [./src/hotspot/share/prims/jni.cpp, line 615]
Event: 32.401 Thread 0x0000026ae8601800 Implicit null exception at 0x0000026ad7e8cb97 to 0x0000026ad7e8d6fc
Event: 34.812 Thread 0x0000026ae8601800 Exception <a 'sun/nio/fs/WindowsException'{0x000000008d6c2738}> (0x000000008d6c2738) thrown at [./src/hotspot/share/prims/jni.cpp, line 615]
Event: 34.813 Thread 0x0000026ae8601800 Exception <a 'sun/nio/fs/WindowsException'{0x000000008d6c2f68}> (0x000000008d6c2f68) thrown at [./src/hotspot/share/prims/jni.cpp, line 615]
Event: 34.815 Thread 0x0000026ae8601800 Exception <a 'sun/nio/fs/WindowsException'{0x000000008d6d3f40}> (0x000000008d6d3f40) thrown at [./src/hotspot/share/prims/jni.cpp, line 615]
Event: 34.815 Thread 0x0000026ae8601800 Exception <a 'sun/nio/fs/WindowsException'{0x000000008d6d5990}> (0x000000008d6d5990) thrown at [./src/hotspot/share/prims/jni.cpp, line 615]
Event: 34.815 Thread 0x0000026ae8601800 Exception <a 'sun/nio/fs/WindowsException'{0x000000008d6d7398}> (0x000000008d6d7398) thrown at [./src/hotspot/share/prims/jni.cpp, line 615]
Event: 34.815 Thread 0x0000026ae8601800 Exception <a 'sun/nio/fs/WindowsException'{0x000000008d6d74f0}> (0x000000008d6d74f0) thrown at [./src/hotspot/share/prims/jni.cpp, line 615]
Event: 34.815 Thread 0x0000026ae8601800 Exception <a 'sun/nio/fs/WindowsException'{0x000000008d6da6e8}> (0x000000008d6da6e8) thrown at [./src/hotspot/share/prims/jni.cpp, line 615]
Event: 34.815 Thread 0x0000026ae8601800 Exception <a 'sun/nio/fs/WindowsException'{0x000000008d6da828}> (0x000000008d6da828) thrown at [./src/hotspot/share/prims/jni.cpp, line 615]
Event: 34.815 Thread 0x0000026ae8601800 Exception <a 'sun/nio/fs/WindowsException'{0x000000008d6dda08}> (0x000000008d6dda08) thrown at [./src/hotspot/share/prims/jni.cpp, line 615]
Event: 34.815 Thread 0x0000026ae8601800 Exception <a 'sun/nio/fs/WindowsException'{0x000000008d6ddb38}> (0x000000008d6ddb38) thrown at [./src/hotspot/share/prims/jni.cpp, line 615]
Event: 34.816 Thread 0x0000026ae8601800 Exception <a 'sun/nio/fs/WindowsException'{0x000000008d6e0d00}> (0x000000008d6e0d00) thrown at [./src/hotspot/share/prims/jni.cpp, line 615]
Event: 34.816 Thread 0x0000026ae8601800 Exception <a 'sun/nio/fs/WindowsException'{0x000000008d6e0e20}> (0x000000008d6e0e20) thrown at [./src/hotspot/share/prims/jni.cpp, line 615]
Event: 34.816 Thread 0x0000026ae8601800 Exception <a 'sun/nio/fs/WindowsException'{0x000000008d6e3fe0}> (0x000000008d6e3fe0) thrown at [./src/hotspot/share/prims/jni.cpp, line 615]
Event: 34.854 Thread 0x0000026ae8601800 Exception <a 'sun/nio/fs/WindowsException'{0x000000008e004ab8}> (0x000000008e004ab8) thrown at [./src/hotspot/share/prims/jni.cpp, line 615]
Event: 34.867 Thread 0x0000026ae8601800 Exception <a 'java/lang/NullPointerException'{0x000000008e0c9bf8}> (0x000000008e0c9bf8) thrown at [./src/hotspot/share/interpreter/linkResolver.cpp, line 1358]

Events (20 events):
Event: 34.867 loading class java/io/InterruptedIOException done
Event: 34.868 loading class com/google/auto/common/BasicAnnotationProcessor$1
Event: 34.868 loading class com/google/auto/common/BasicAnnotationProcessor$1 done
Event: 34.868 loading class com/google/common/collect/Iterables
Event: 34.868 loading class com/google/common/collect/Iterables done
Event: 34.869 loading class com/google/common/collect/Iterables$5
Event: 34.869 loading class com/google/common/collect/Iterables$5 done
Event: 34.870 loading class com/google/common/collect/FluentIterable
Event: 34.870 loading class com/google/common/collect/FluentIterable done
Event: 34.871 loading class com/google/common/collect/FluentIterable$3
Event: 34.871 loading class com/google/common/collect/FluentIterable$3 done
Event: 34.871 loading class com/google/common/collect/FluentIterable$1
Event: 34.871 loading class com/google/common/collect/FluentIterable$1 done
Event: 34.871 loading class com/google/common/collect/FluentIterable$2
Event: 34.871 loading class com/google/common/collect/FluentIterable$2 done
Event: 34.897 loading class com/sun/tools/javac/code/Symtab
Event: 34.897 loading class com/sun/tools/javac/code/Symtab done
Event: 34.944 Executing VM operation: G1CollectForAllocation
Event: 34.954 Executing VM operation: G1CollectForAllocation done
Event: 35.106 Executing VM operation: G1CollectForAllocation


Dynamic libraries:
0x00007ff6c17f0000 - 0x00007ff6c17fa000 	C:\Program Files\Android\Android Studio\jre\bin\java.exe
0x00007ffdbfbb0000 - 0x00007ffdbfda5000 	C:\WINDOWS\SYSTEM32\ntdll.dll
0x00007ffdbf740000 - 0x00007ffdbf7fd000 	C:\WINDOWS\System32\KERNEL32.DLL
0x00007ffdbd920000 - 0x00007ffdbdbe8000 	C:\WINDOWS\System32\KERNELBASE.dll
0x00007ffd8b630000 - 0x00007ffd8b649000 	C:\Program Files\Android\Android Studio\jre\bin\jli.dll
0x00007ffdbe410000 - 0x00007ffdbe5b0000 	C:\WINDOWS\System32\USER32.dll
0x00007ffdbdbf0000 - 0x00007ffdbdc12000 	C:\WINDOWS\System32\win32u.dll
0x00007ffdbfa90000 - 0x00007ffdbfaba000 	C:\WINDOWS\System32\GDI32.dll
0x00007ffdbd810000 - 0x00007ffdbd91b000 	C:\WINDOWS\System32\gdi32full.dll
0x00007ffdbd410000 - 0x00007ffdbd4ad000 	C:\WINDOWS\System32\msvcp_win.dll
0x00007ffd998c0000 - 0x00007ffd998d7000 	C:\Program Files\Android\Android Studio\jre\bin\VCRUNTIME140.dll
0x00007ffdaee00000 - 0x00007ffdaf09a000 	C:\WINDOWS\WinSxS\amd64_microsoft.windows.common-controls_6595b64144ccf1df_6.0.19041.1052_none_60b8f8fd71f5e8cb\COMCTL32.dll
0x00007ffdbf870000 - 0x00007ffdbf90e000 	C:\WINDOWS\System32\msvcrt.dll
0x00007ffdbd500000 - 0x00007ffdbd600000 	C:\WINDOWS\System32\ucrtbase.dll
0x00007ffdbe060000 - 0x00007ffdbe090000 	C:\WINDOWS\System32\IMM32.DLL
0x00007ffd7d510000 - 0x00007ffd7d5ad000 	C:\Program Files\Android\Android Studio\jre\bin\msvcp140.dll
0x00007ffd87e70000 - 0x00007ffd8892c000 	C:\Program Files\Android\Android Studio\jre\bin\server\jvm.dll
0x00007ffdbfac0000 - 0x00007ffdbfb6c000 	C:\WINDOWS\System32\ADVAPI32.dll
0x00007ffdbe6e0000 - 0x00007ffdbe77b000 	C:\WINDOWS\System32\sechost.dll
0x00007ffdbe2e0000 - 0x00007ffdbe40b000 	C:\WINDOWS\System32\RPCRT4.dll
0x00007ffdbf910000 - 0x00007ffdbf918000 	C:\WINDOWS\System32\PSAPI.DLL
0x00007ffdac460000 - 0x00007ffdac469000 	C:\WINDOWS\SYSTEM32\WSOCK32.dll
0x00007ffdbf800000 - 0x00007ffdbf86b000 	C:\WINDOWS\System32\WS2_32.dll
0x00007ffdb1eb0000 - 0x00007ffdb1ed7000 	C:\WINDOWS\SYSTEM32\WINMM.dll
0x00007ffdb3de0000 - 0x00007ffdb3dea000 	C:\WINDOWS\SYSTEM32\VERSION.dll
0x00007ffdbb260000 - 0x00007ffdbb272000 	C:\WINDOWS\SYSTEM32\kernel.appcore.dll
0x00007ffd968f0000 - 0x00007ffd96901000 	C:\Program Files\Android\Android Studio\jre\bin\verify.dll
0x00007ffdaba90000 - 0x00007ffdabc74000 	C:\WINDOWS\SYSTEM32\DBGHELP.DLL
0x00007ffdabd80000 - 0x00007ffdabdac000 	C:\WINDOWS\SYSTEM32\dbgcore.DLL
0x00007ffdbd350000 - 0x00007ffdbd3d3000 	C:\WINDOWS\System32\bcryptPrimitives.dll
0x00007ffd93ff0000 - 0x00007ffd94019000 	C:\Program Files\Android\Android Studio\jre\bin\java.dll
0x00007ffdab9c0000 - 0x00007ffdab9cb000 	C:\Program Files\Android\Android Studio\jre\bin\jimage.dll
0x00007ffd93da0000 - 0x00007ffd93db8000 	C:\Program Files\Android\Android Studio\jre\bin\zip.dll
0x00007ffdbe7a0000 - 0x00007ffdbeedf000 	C:\WINDOWS\System32\SHELL32.dll
0x00007ffdbb460000 - 0x00007ffdbbbf0000 	C:\WINDOWS\SYSTEM32\windows.storage.dll
0x00007ffdbdd00000 - 0x00007ffdbe055000 	C:\WINDOWS\System32\combase.dll
0x00007ffdbcc90000 - 0x00007ffdbccbc000 	C:\WINDOWS\SYSTEM32\Wldp.dll
0x00007ffdbf690000 - 0x00007ffdbf73e000 	C:\WINDOWS\System32\SHCORE.dll
0x00007ffdbf090000 - 0x00007ffdbf0e5000 	C:\WINDOWS\System32\shlwapi.dll
0x00007ffdbd230000 - 0x00007ffdbd24f000 	C:\WINDOWS\SYSTEM32\profapi.dll
0x00007ffd92e70000 - 0x00007ffd92e8a000 	C:\Program Files\Android\Android Studio\jre\bin\net.dll
0x00007ffdb7d10000 - 0x00007ffdb7e1b000 	C:\WINDOWS\SYSTEM32\WINHTTP.dll
0x00007ffdbca00000 - 0x00007ffdbca6a000 	C:\WINDOWS\system32\mswsock.dll
0x00007ffd92330000 - 0x00007ffd92344000 	C:\Program Files\Android\Android Studio\jre\bin\nio.dll
0x00007ffda5f10000 - 0x00007ffda5f37000 	C:\Users\infinity\.gradle\native\f6784746aeab05261644944871eae4fe03e0ef1612fff0a4a95f87b438bc6780\windows-amd64\native-platform.dll
0x00007ffda7880000 - 0x00007ffda788a000 	C:\Program Files\Android\Android Studio\jre\bin\management.dll
0x00007ffda7320000 - 0x00007ffda732c000 	C:\Program Files\Android\Android Studio\jre\bin\management_ext.dll
0x00007ffdbcbe0000 - 0x00007ffdbcbf8000 	C:\WINDOWS\SYSTEM32\CRYPTSP.dll
0x00007ffdbc3a0000 - 0x00007ffdbc3d4000 	C:\WINDOWS\system32\rsaenh.dll
0x00007ffdbd3e0000 - 0x00007ffdbd407000 	C:\WINDOWS\System32\bcrypt.dll
0x00007ffdbd1b0000 - 0x00007ffdbd1de000 	C:\WINDOWS\SYSTEM32\USERENV.dll
0x00007ffdbcbd0000 - 0x00007ffdbcbdc000 	C:\WINDOWS\SYSTEM32\CRYPTBASE.dll
0x00007ffdbc6f0000 - 0x00007ffdbc72b000 	C:\WINDOWS\SYSTEM32\IPHLPAPI.DLL
0x00007ffdbe6d0000 - 0x00007ffdbe6d8000 	C:\WINDOWS\System32\NSI.dll
0x00007ffdb6e80000 - 0x00007ffdb6e97000 	C:\WINDOWS\SYSTEM32\dhcpcsvc6.DLL
0x00007ffdb6e40000 - 0x00007ffdb6e5d000 	C:\WINDOWS\SYSTEM32\dhcpcsvc.DLL
0x00007ffdbc730000 - 0x00007ffdbc7fc000 	C:\WINDOWS\SYSTEM32\DNSAPI.dll
0x00007ffdb72a0000 - 0x00007ffdb72ab000 	C:\WINDOWS\SYSTEM32\WINNSI.DLL
0x0000000066e00000 - 0x0000000066f03000 	C:\Users\infinity\AppData\Local\Temp\sqlite-3.25.2-1254b93b-9bbc-4b74-b1da-704391f9ccb5-sqlitejdbc.dll

dbghelp: loaded successfully - version: 4.0.5 - missing functions: none
symbol engine: initialized successfully - sym options: 0x614 - pdb path: .;C:\Program Files\Android\Android Studio\jre\bin;C:\WINDOWS\SYSTEM32;C:\WINDOWS\WinSxS\amd64_microsoft.windows.common-controls_6595b64144ccf1df_6.0.19041.1052_none_60b8f8fd71f5e8cb;C:\Program Files\Android\Android Studio\jre\bin\server;C:\Users\infinity\.gradle\native\f6784746aeab05261644944871eae4fe03e0ef1612fff0a4a95f87b438bc6780\windows-amd64;C:\Users\infinity\AppData\Local\Temp

VM Arguments:
jvm_args: --add-opens=java.base/java.util=ALL-UNNAMED --add-opens=java.base/java.lang=ALL-UNNAMED --add-opens=java.base/java.lang.invoke=ALL-UNNAMED --add-opens=java.prefs/java.util.prefs=ALL-UNNAMED -Xmx2048m -Dfile.encoding=UTF-8 -Duser.country=IN -Duser.language=en -Duser.variant 
java_command: org.gradle.launcher.daemon.bootstrap.GradleDaemon 6.5
java_class_path (initial): C:\Users\infinity\.gradle\wrapper\dists\gradle-6.5-bin\6nifqtx7604sqp1q6g8wikw7p\gradle-6.5\lib\gradle-launcher-6.5.jar
Launcher Type: SUN_STANDARD

[Global flags]
     intx CICompilerCount                          = 3                                         {product} {ergonomic}
     uint ConcGCThreads                            = 1                                         {product} {ergonomic}
     uint G1ConcRefinementThreads                  = 4                                         {product} {ergonomic}
   size_t G1HeapRegionSize                         = 1048576                                   {product} {ergonomic}
    uintx GCDrainStackTargetSize                   = 64                                        {product} {ergonomic}
   size_t InitialHeapSize                          = 134217728                                 {product} {ergonomic}
   size_t MarkStackSize                            = 4194304                                   {product} {ergonomic}
   size_t MaxHeapSize                              = 2147483648                                {product} {command line}
   size_t MaxNewSize                               = 1287651328                                {product} {ergonomic}
   size_t MinHeapDeltaBytes                        = 1048576                                   {product} {ergonomic}
    uintx NonNMethodCodeHeapSize                   = 5830732                                {pd product} {ergonomic}
    uintx NonProfiledCodeHeapSize                  = 122913754                              {pd product} {ergonomic}
    uintx ProfiledCodeHeapSize                     = 122913754                              {pd product} {ergonomic}
    uintx ReservedCodeCacheSize                    = 251658240                              {pd product} {ergonomic}
     bool SegmentedCodeCache                       = true                                      {product} {ergonomic}
     bool UseCompressedClassPointers               = true                                 {lp64_product} {ergonomic}
     bool UseCompressedOops                        = true                                 {lp64_product} {ergonomic}
     bool UseG1GC                                  = true                                      {product} {ergonomic}
     bool UseLargePagesIndividualAllocation        = false                                  {pd product} {ergonomic}

Logging:
Log output configuration:
 #0: stdout all=warning uptime,level,tags
 #1: stderr all=off uptime,level,tags

Environment Variables:
JAVA_HOME=C:\Program Files\Java\jdk1.8.0_211
CLASSPATH=.;
PATH=C:\Windows\system32;C:\Windows;C:\Windows\System32\Wbem;C:\Windows\System32\WindowsPowerShell\v1.0\;C:\Windows\System32\OpenSSH\;C:\Program Files\Git\cmd;C:\Users\infinity\AppData\Local\Microsoft\WindowsApps;C:\adb;C:\ProgramData\chocolatey\bin;C:\Program Files\nodejs\;C:\Program Files\Java\jdk1.8.0_211\bin;C:\Program Files\Microsoft SQL Server\Client SDK\ODBC\170\Tools\Binn\;C:\Program Files\Azure Data Studio\bin;C:\Program Files (x86)\Microsoft SQL Server\150\Tools\Binn\;C:\Program Files\Microsoft SQL Server\150\Tools\Binn\;C:\Program Files\Microsoft SQL Server\150\DTS\Binn\;%SystemRoot%\system32;%SystemRoot%;%SystemRoot%\System32\Wbem;%SYSTEMROOT%\System32\WindowsPowerShell\v1.0\;%SYSTEMROOT%\System32\OpenSSH\;C:\Users\infinity\AppData\Local\Microsoft\WindowsApps;C:\Users\infinity\AppData\Roaming\npm;C:\Users\infinity\Downloads\flutter_windows_1.22.6-stable\flutter\bin;C:\Program Files\Azure Data Studio\bin;;C:\Users\infinity\AppData\Local\Programs\Microsoft VS Code\bin
USERNAME=infinity
OS=Windows_NT
PROCESSOR_IDENTIFIER=Intel64 Family 6 Model 42 Stepping 7, GenuineIntel



---------------  S Y S T E M  ---------------

OS: Windows 10 , 64 bit Build 19041 (10.0.19041.1023)
OS uptime: 5 days 3:06 hours

CPU:total 4 (initial active 4) (4 cores per cpu, 1 threads per core) family 6 model 42 stepping 7, cmov, cx8, fxsr, mmx, sse, sse2, sse3, ssse3, sse4.1, sse4.2, popcnt, avx, aes, clmul, tsc, tscinvbit

Memory: 4k page, system-wide physical 8064M (882M free)
TotalPageFile size 14765M (AvailPageFile size 51M)
current process WorkingSet (physical memory assigned to process): 501M, peak: 501M
current process commit charge ("private bytes"): 543M, peak: 604M

vm_info: OpenJDK 64-Bit Server VM (11.0.8+10-b944.6842174) for windows-amd64 JRE (11.0.8+10-b944.6842174), built on Sep 19 2020 01:11:42 by "builder" with MS VC++ 14.0 (VS2015)

END.
