#
# There is insufficient memory for the Java Runtime Environment to continue.
# Native memory allocation (mmap) failed to map 38797312 bytes for Failed to commit area from 0x000000008b900000 to 0x000000008de00000 of length 38797312.
# Possible reasons:
#   The system is out of physical RAM or swap space
#   The process is running with CompressedOops enabled, and the Java Heap may be blocking the growth of the native heap
# Possible solutions:
#   Reduce memory load on the system
#   Increase physical memory or swap space
#   Check if swap backing store is full
#   Decrease Java heap size (-Xmx/-Xms)
#   Decrease number of Java threads
#   Decrease Java thread stack sizes (-Xss)
#   Set larger code cache with -XX:ReservedCodeCacheSize=
#   JVM is running with Unscaled Compressed Oops mode in which the Java heap is
#     placed in the first 4GB address space. The Java Heap base address is the
#     maximum limit for the native heap growth. Please use -XX:HeapBaseMinAddress
#     to set the Java Heap base and to place the Java Heap above 4GB virtual address.
# This output file may be truncated or incomplete.
#
#  Out of Memory Error (./src/hotspot/os/windows/os_windows.cpp:3303), pid=24232, tid=25392
#
# JRE version: OpenJDK Runtime Environment (11.0.8+10) (build 11.0.8+10-b944.6842174)
# Java VM: OpenJDK 64-Bit Server VM (11.0.8+10-b944.6842174, mixed mode, tiered, compressed oops, g1 gc, windows-amd64)
# No core dump will be written. Minidumps are not enabled by default on client versions of Windows
#

---------------  S U M M A R Y ------------

Command Line: --add-opens=java.base/java.util=ALL-UNNAMED --add-opens=java.base/java.lang=ALL-UNNAMED --add-opens=java.base/java.lang.invoke=ALL-UNNAMED --add-opens=java.prefs/java.util.prefs=ALL-UNNAMED -Xmx2048m -Dfile.encoding=UTF-8 -Duser.country=IN -Duser.language=en -Duser.variant org.gradle.launcher.daemon.bootstrap.GradleDaemon 6.5

Host: Intel(R) Core(TM) i5-2400 CPU @ 3.10GHz, 4 cores, 7G,  Windows 10 , 64 bit Build 19041 (10.0.19041.1023)
Time: Mon Jun 28 17:30:04 2021 India Standard Time elapsed time: 28 seconds (0d 0h 0m 28s)

---------------  T H R E A D  ---------------

Current thread (0x000002d8c3aaa000):  VMThread "VM Thread" [stack: 0x000000ee1b000000,0x000000ee1b100000] [id=25392]

Stack: [0x000000ee1b000000,0x000000ee1b100000]
[error occurred during error reporting (printing stack bounds), id 0xc0000005, EXCEPTION_ACCESS_VIOLATION (0xc0000005) at pc=0x000002d8ad2a0dad]

Native frames: (J=compiled Java code, j=interpreted, Vv=VM code, C=native code)
V  [jvm.dll+0x5de50a]
V  [jvm.dll+0x7122f5]
V  [jvm.dll+0x71384d]
V  [jvm.dll+0x713e65]
V  [jvm.dll+0x713e1b]
V  [jvm.dll+0x5dd958]
V  [jvm.dll+0x5de0f8]
C  [ntdll.dll+0xa217f]
C  [ntdll.dll+0x51454]
C  [ntdll.dll+0xa0cae]
C  0x000002d8ad2a0dad

VM_Operation (0x000000ee232f9000): G1CollectForAllocation, mode: safepoint, requested by thread 0x000002d8ca133000


---------------  P R O C E S S  ---------------

Threads class SMR info:
_java_thread_list=0x000002d8c871cf50, length=128, elements={
0x000002d8a991b000, 0x000002d8c3ab0800, 0x000002d8c3ab4000, 0x000002d8c4442800,
0x000002d8c4443800, 0x000002d8c3acc800, 0x000002d8c3ad0800, 0x000002d8c447c000,
0x000002d8c457c000, 0x000002d8c45a3800, 0x000002d8c5a96000, 0x000002d8c52ca800,
0x000002d8c5641000, 0x000002d8c56ed800, 0x000002d8c5617000, 0x000002d8c5b90800,
0x000002d8c5b94800, 0x000002d8c5b97800, 0x000002d8c5b16800, 0x000002d8c5b1b800,
0x000002d8c5f1d000, 0x000002d8c5f23800, 0x000002d8c5f22000, 0x000002d8c5f23000,
0x000002d8c5f21800, 0x000002d8c5f1e000, 0x000002d8c5f1f000, 0x000002d8c5f1f800,
0x000002d8c5f20800, 0x000002d8c886d800, 0x000002d8c886f000, 0x000002d8c8870800,
0x000002d8c8870000, 0x000002d8c886b000, 0x000002d8c886c000, 0x000002d8c886e800,
0x000002d8c8872800, 0x000002d8c886c800, 0x000002d8c8875800, 0x000002d8c8879000,
0x000002d8c8876800, 0x000002d8c8877800, 0x000002d8c8878000, 0x000002d8c8875000,
0x000002d8c8873000, 0x000002d8c8879800, 0x000002d8c8874000, 0x000002d8c8ac3800,
0x000002d8c8abf800, 0x000002d8c8ac2000, 0x000002d8c8ac0800, 0x000002d8c8ac1000,
0x000002d8c8ac4800, 0x000002d8c8ac3000, 0x000002d8c8abe800, 0x000002d8c8aca000,
0x000002d8c8acb000, 0x000002d8c8ac7800, 0x000002d8c8ac8800, 0x000002d8c8ac6000,
0x000002d8c8ac9800, 0x000002d8c8ac7000, 0x000002d8c8ac5000, 0x000002d8c8acc000,
0x000002d8c8acc800, 0x000002d8c8acd800, 0x000002d8c89c4800, 0x000002d8c89c8800,
0x000002d8c89c7800, 0x000002d8c89c5000, 0x000002d8c89c9000, 0x000002d8c89c6800,
0x000002d8c89c3800, 0x000002d8c89ca000, 0x000002d8c89cb000, 0x000002d8c89cb800,
0x000002d8c89c6000, 0x000002d8c89d2000, 0x000002d8c89cd800, 0x000002d8c89cc800,
0x000002d8c89cf000, 0x000002d8c89ce000, 0x000002d8c89cf800, 0x000002d8c89d1800,
0x000002d8c89d0800, 0x000002d8c7178800, 0x000002d8c717d000, 0x000002d8c717b800,
0x000002d8c717c800, 0x000002d8c717e000, 0x000002d8c717f000, 0x000002d8c7179000,
0x000002d8c717b000, 0x000002d8c717f800, 0x000002d8c717a000, 0x000002d8c7184000,
0x000002d8c7184800, 0x000002d8c7185800, 0x000002d8c7182000, 0x000002d8c7181800,
0x000002d8c7186000, 0x000002d8c7183000, 0x000002d8c7180800, 0x000002d8c7187000,
0x000002d8cadd0800, 0x000002d8cadd1000, 0x000002d8cadcb800, 0x000002d8cadce800,
0x000002d8cadcf800, 0x000002d8cadd2000, 0x000002d8cadcc000, 0x000002d8cadd2800,
0x000002d8cadcd000, 0x000002d8cadd3800, 0x000002d8cadce000, 0x000002d8cadd8800,
0x000002d8cadd9800, 0x000002d8cadda000, 0x000002d8cadd7800, 0x000002d8cadd4800,
0x000002d8cadd5000, 0x000002d8ca134800, 0x000002d8ca130000, 0x000002d8ca133000,
0x000002d8ca135800, 0x000002d8ca130800, 0x000002d8ca137000, 0x000002d8ca132000
}

Java Threads: ( => current thread )
  0x000002d8a991b000 JavaThread "main" [_thread_blocked, id=15912, stack(0x000000ee1aa00000,0x000000ee1ab00000)]
  0x000002d8c3ab0800 JavaThread "Reference Handler" daemon [_thread_blocked, id=11048, stack(0x000000ee1b100000,0x000000ee1b200000)]
  0x000002d8c3ab4000 JavaThread "Finalizer" daemon [_thread_blocked, id=8824, stack(0x000000ee1b200000,0x000000ee1b300000)]
  0x000002d8c4442800 JavaThread "Signal Dispatcher" daemon [_thread_blocked, id=24468, stack(0x000000ee1b300000,0x000000ee1b400000)]
  0x000002d8c4443800 JavaThread "Attach Listener" daemon [_thread_blocked, id=17696, stack(0x000000ee1b400000,0x000000ee1b500000)]
  0x000002d8c3acc800 JavaThread "C2 CompilerThread0" daemon [_thread_blocked, id=19700, stack(0x000000ee1b500000,0x000000ee1b600000)]
  0x000002d8c3ad0800 JavaThread "C1 CompilerThread0" daemon [_thread_blocked, id=23864, stack(0x000000ee1b600000,0x000000ee1b700000)]
  0x000002d8c447c000 JavaThread "Sweeper thread" daemon [_thread_blocked, id=21860, stack(0x000000ee1b700000,0x000000ee1b800000)]
  0x000002d8c457c000 JavaThread "Common-Cleaner" daemon [_thread_blocked, id=24308, stack(0x000000ee1b800000,0x000000ee1b900000)]
  0x000002d8c45a3800 JavaThread "Service Thread" daemon [_thread_blocked, id=23652, stack(0x000000ee1b900000,0x000000ee1ba00000)]
  0x000002d8c5a96000 JavaThread "Daemon health stats" [_thread_blocked, id=24884, stack(0x000000ee1be00000,0x000000ee1bf00000)]
  0x000002d8c52ca800 JavaThread "Incoming local TCP Connector on port 56888" [_thread_in_native, id=16808, stack(0x000000ee1c000000,0x000000ee1c100000)]
  0x000002d8c5641000 JavaThread "Daemon periodic checks" [_thread_blocked, id=5724, stack(0x000000ee1c100000,0x000000ee1c200000)]
  0x000002d8c56ed800 JavaThread "Daemon" [_thread_blocked, id=21224, stack(0x000000ee1c200000,0x000000ee1c300000)]
  0x000002d8c5617000 JavaThread "Handler for socket connection from /127.0.0.1:56888 to /127.0.0.1:56889" [_thread_in_native, id=24512, stack(0x000000ee1c300000,0x000000ee1c400000)]
  0x000002d8c5b90800 JavaThread "Cancel handler" [_thread_blocked, id=8644, stack(0x000000ee1c400000,0x000000ee1c500000)]
  0x000002d8c5b94800 JavaThread "Daemon worker" [_thread_blocked, id=22300, stack(0x000000ee1c500000,0x000000ee1c600000)]
  0x000002d8c5b97800 JavaThread "Asynchronous log dispatcher for DefaultDaemonConnection: socket connection from /127.0.0.1:56888 to /127.0.0.1:56889" [_thread_blocked, id=17184, stack(0x000000ee1c600000,0x000000ee1c700000)]
  0x000002d8c5b16800 JavaThread "Stdin handler" [_thread_blocked, id=24328, stack(0x000000ee1c700000,0x000000ee1c800000)]
  0x000002d8c5b1b800 JavaThread "Thread-8" [_thread_blocked, id=12032, stack(0x000000ee1c800000,0x000000ee1c900000)]
  0x000002d8c5f1d000 JavaThread "Cache worker for journal cache (C:\Users\infinity\.gradle\caches\journal-1)" [_thread_blocked, id=11056, stack(0x000000ee1ca00000,0x000000ee1cb00000)]
  0x000002d8c5f23800 JavaThread "File lock request listener" [_thread_in_native, id=23260, stack(0x000000ee1cb00000,0x000000ee1cc00000)]
  0x000002d8c5f22000 JavaThread "Cache worker for file hash cache (C:\Users\infinity\.gradle\caches\6.5\fileHashes)" [_thread_blocked, id=24636, stack(0x000000ee1cc00000,0x000000ee1cd00000)]
  0x000002d8c5f23000 JavaThread "Cache worker for file hash cache (D:\monginisssss\.gradle\6.5\fileHashes)" [_thread_blocked, id=11568, stack(0x000000ee1ce00000,0x000000ee1cf00000)]
  0x000002d8c5f21800 JavaThread "jar transforms" [_thread_blocked, id=11532, stack(0x000000ee1cf00000,0x000000ee1d000000)]
  0x000002d8c5f1e000 JavaThread "jar transforms Thread 2" [_thread_blocked, id=24724, stack(0x000000ee1d000000,0x000000ee1d100000)]
  0x000002d8c5f1f000 JavaThread "jar transforms Thread 3" [_thread_blocked, id=25136, stack(0x000000ee1d100000,0x000000ee1d200000)]
  0x000002d8c5f1f800 JavaThread "jar transforms Thread 4" [_thread_blocked, id=6316, stack(0x000000ee1d200000,0x000000ee1d300000)]
  0x000002d8c5f20800 JavaThread "jar transforms Thread 5" [_thread_blocked, id=23920, stack(0x000000ee1d300000,0x000000ee1d400000)]
  0x000002d8c886d800 JavaThread "jar transforms Thread 6" [_thread_blocked, id=23872, stack(0x000000ee1d400000,0x000000ee1d500000)]
  0x000002d8c886f000 JavaThread "Cache worker for checksums cache (D:\monginisssss\.gradle\checksums)" [_thread_blocked, id=3744, stack(0x000000ee1d500000,0x000000ee1d600000)]
  0x000002d8c8870800 JavaThread "Cache worker for cache directory md-supplier (C:\Users\infinity\.gradle\caches\6.5\md-supplier)" [_thread_blocked, id=19288, stack(0x000000ee1d600000,0x000000ee1d700000)]
  0x000002d8c8870000 JavaThread "Cache worker for cache directory md-rule (C:\Users\infinity\.gradle\caches\6.5\md-rule)" [_thread_blocked, id=15796, stack(0x000000ee1d700000,0x000000ee1d800000)]
  0x000002d8c886b000 JavaThread "Cache worker for execution history cache (C:\Users\infinity\.gradle\caches\6.5\executionHistory)" [_thread_blocked, id=20004, stack(0x000000ee1d800000,0x000000ee1d900000)]
  0x000002d8c886c000 JavaThread "Cache worker for file content cache (C:\Users\infinity\.gradle\caches\6.5\fileContent)" [_thread_blocked, id=9724, stack(0x000000ee1d900000,0x000000ee1da00000)]
  0x000002d8c886e800 JavaThread "Build operations" [_thread_blocked, id=10756, stack(0x000000ee1da00000,0x000000ee1db00000)]
  0x000002d8c8872800 JavaThread "Build operations Thread 2" [_thread_blocked, id=21144, stack(0x000000ee1db00000,0x000000ee1dc00000)]
  0x000002d8c886c800 JavaThread "Build operations Thread 3" [_thread_blocked, id=21140, stack(0x000000ee1dc00000,0x000000ee1dd00000)]
  0x000002d8c8875800 JavaThread "Build operations Thread 4" [_thread_blocked, id=18012, stack(0x000000ee1dd00000,0x000000ee1de00000)]
  0x000002d8c8879000 JavaThread "jar transforms Thread 7" [_thread_blocked, id=20908, stack(0x000000ee1de00000,0x000000ee1df00000)]
  0x000002d8c8876800 JavaThread "jar transforms Thread 8" [_thread_blocked, id=17048, stack(0x000000ee1df00000,0x000000ee1e000000)]
  0x000002d8c8877800 JavaThread "jar transforms Thread 9" [_thread_blocked, id=22176, stack(0x000000ee1e000000,0x000000ee1e100000)]
  0x000002d8c8878000 JavaThread "jar transforms Thread 10" [_thread_blocked, id=9588, stack(0x000000ee1e100000,0x000000ee1e200000)]
  0x000002d8c8875000 JavaThread "jar transforms Thread 11" [_thread_blocked, id=25232, stack(0x000000ee1e200000,0x000000ee1e300000)]
  0x000002d8c8873000 JavaThread "jar transforms Thread 12" [_thread_blocked, id=22640, stack(0x000000ee1e300000,0x000000ee1e400000)]
  0x000002d8c8879800 JavaThread "jar transforms Thread 13" [_thread_blocked, id=10776, stack(0x000000ee1e400000,0x000000ee1e500000)]
  0x000002d8c8874000 JavaThread "jar transforms Thread 14" [_thread_blocked, id=22360, stack(0x000000ee1e500000,0x000000ee1e600000)]
  0x000002d8c8ac3800 JavaThread "jar transforms Thread 15" [_thread_blocked, id=9256, stack(0x000000ee1e600000,0x000000ee1e700000)]
  0x000002d8c8abf800 JavaThread "jar transforms Thread 16" [_thread_blocked, id=17288, stack(0x000000ee1e700000,0x000000ee1e800000)]
  0x000002d8c8ac2000 JavaThread "jar transforms Thread 17" [_thread_blocked, id=17556, stack(0x000000ee1e800000,0x000000ee1e900000)]
  0x000002d8c8ac0800 JavaThread "jar transforms Thread 18" [_thread_blocked, id=17332, stack(0x000000ee1e900000,0x000000ee1ea00000)]
  0x000002d8c8ac1000 JavaThread "jar transforms Thread 19" [_thread_blocked, id=18672, stack(0x000000ee1ea00000,0x000000ee1eb00000)]
  0x000002d8c8ac4800 JavaThread "jar transforms Thread 20" [_thread_blocked, id=19888, stack(0x000000ee1eb00000,0x000000ee1ec00000)]
  0x000002d8c8ac3000 JavaThread "jar transforms Thread 21" [_thread_blocked, id=7112, stack(0x000000ee1ec00000,0x000000ee1ed00000)]
  0x000002d8c8abe800 JavaThread "jar transforms Thread 22" [_thread_blocked, id=20264, stack(0x000000ee1ed00000,0x000000ee1ee00000)]
  0x000002d8c8aca000 JavaThread "jar transforms Thread 23" [_thread_blocked, id=8336, stack(0x000000ee1ee00000,0x000000ee1ef00000)]
  0x000002d8c8acb000 JavaThread "jar transforms Thread 24" [_thread_blocked, id=10344, stack(0x000000ee1ef00000,0x000000ee1f000000)]
  0x000002d8c8ac7800 JavaThread "jar transforms Thread 25" [_thread_blocked, id=6944, stack(0x000000ee1f000000,0x000000ee1f100000)]
  0x000002d8c8ac8800 JavaThread "jar transforms Thread 26" [_thread_blocked, id=8964, stack(0x000000ee1f100000,0x000000ee1f200000)]
  0x000002d8c8ac6000 JavaThread "jar transforms Thread 27" [_thread_blocked, id=23676, stack(0x000000ee1f200000,0x000000ee1f300000)]
  0x000002d8c8ac9800 JavaThread "jar transforms Thread 28" [_thread_blocked, id=23236, stack(0x000000ee1f300000,0x000000ee1f400000)]
  0x000002d8c8ac7000 JavaThread "jar transforms Thread 29" [_thread_blocked, id=24448, stack(0x000000ee1f400000,0x000000ee1f500000)]
  0x000002d8c8ac5000 JavaThread "jar transforms Thread 30" [_thread_blocked, id=24092, stack(0x000000ee1f500000,0x000000ee1f600000)]
  0x000002d8c8acc000 JavaThread "jar transforms Thread 31" [_thread_blocked, id=10744, stack(0x000000ee1f600000,0x000000ee1f700000)]
  0x000002d8c8acc800 JavaThread "jar transforms Thread 32" [_thread_blocked, id=18984, stack(0x000000ee1f700000,0x000000ee1f800000)]
  0x000002d8c8acd800 JavaThread "jar transforms Thread 33" [_thread_blocked, id=18128, stack(0x000000ee1f800000,0x000000ee1f900000)]
  0x000002d8c89c4800 JavaThread "jar transforms Thread 34" [_thread_blocked, id=24132, stack(0x000000ee1f900000,0x000000ee1fa00000)]
  0x000002d8c89c8800 JavaThread "jar transforms Thread 35" [_thread_blocked, id=20532, stack(0x000000ee1fa00000,0x000000ee1fb00000)]
  0x000002d8c89c7800 JavaThread "jar transforms Thread 36" [_thread_blocked, id=21252, stack(0x000000ee1fb00000,0x000000ee1fc00000)]
  0x000002d8c89c5000 JavaThread "jar transforms Thread 37" [_thread_blocked, id=6452, stack(0x000000ee1fc00000,0x000000ee1fd00000)]
  0x000002d8c89c9000 JavaThread "jar transforms Thread 38" [_thread_blocked, id=7948, stack(0x000000ee1fd00000,0x000000ee1fe00000)]
  0x000002d8c89c6800 JavaThread "jar transforms Thread 39" [_thread_blocked, id=2564, stack(0x000000ee1fe00000,0x000000ee1ff00000)]
  0x000002d8c89c3800 JavaThread "jar transforms Thread 40" [_thread_blocked, id=14484, stack(0x000000ee1ff00000,0x000000ee20000000)]
  0x000002d8c89ca000 JavaThread "jar transforms Thread 41" [_thread_blocked, id=23988, stack(0x000000ee20000000,0x000000ee20100000)]
  0x000002d8c89cb000 JavaThread "jar transforms Thread 42" [_thread_blocked, id=2376, stack(0x000000ee20100000,0x000000ee20200000)]
  0x000002d8c89cb800 JavaThread "jar transforms Thread 43" [_thread_blocked, id=744, stack(0x000000ee20200000,0x000000ee20300000)]
  0x000002d8c89c6000 JavaThread "jar transforms Thread 44" [_thread_blocked, id=23640, stack(0x000000ee20300000,0x000000ee20400000)]
  0x000002d8c89d2000 JavaThread "jar transforms Thread 45" [_thread_blocked, id=24192, stack(0x000000ee20400000,0x000000ee20500000)]
  0x000002d8c89cd800 JavaThread "jar transforms Thread 46" [_thread_blocked, id=23604, stack(0x000000ee20500000,0x000000ee20600000)]
  0x000002d8c89cc800 JavaThread "jar transforms Thread 47" [_thread_blocked, id=16420, stack(0x000000ee20600000,0x000000ee20700000)]
  0x000002d8c89cf000 JavaThread "jar transforms Thread 48" [_thread_blocked, id=20856, stack(0x000000ee20700000,0x000000ee20800000)]
  0x000002d8c89ce000 JavaThread "jar transforms Thread 49" [_thread_blocked, id=23912, stack(0x000000ee20800000,0x000000ee20900000)]
  0x000002d8c89cf800 JavaThread "jar transforms Thread 50" [_thread_blocked, id=24480, stack(0x000000ee20900000,0x000000ee20a00000)]
  0x000002d8c89d1800 JavaThread "jar transforms Thread 51" [_thread_blocked, id=17760, stack(0x000000ee20a00000,0x000000ee20b00000)]
  0x000002d8c89d0800 JavaThread "jar transforms Thread 52" [_thread_blocked, id=21216, stack(0x000000ee20b00000,0x000000ee20c00000)]
  0x000002d8c7178800 JavaThread "jar transforms Thread 53" [_thread_blocked, id=18176, stack(0x000000ee20c00000,0x000000ee20d00000)]
  0x000002d8c717d000 JavaThread "jar transforms Thread 54" [_thread_blocked, id=20576, stack(0x000000ee20d00000,0x000000ee20e00000)]
  0x000002d8c717b800 JavaThread "jar transforms Thread 55" [_thread_blocked, id=23784, stack(0x000000ee20e00000,0x000000ee20f00000)]
  0x000002d8c717c800 JavaThread "jar transforms Thread 56" [_thread_blocked, id=22536, stack(0x000000ee20f00000,0x000000ee21000000)]
  0x000002d8c717e000 JavaThread "jar transforms Thread 57" [_thread_blocked, id=2428, stack(0x000000ee21000000,0x000000ee21100000)]
  0x000002d8c717f000 JavaThread "jar transforms Thread 58" [_thread_blocked, id=20620, stack(0x000000ee21100000,0x000000ee21200000)]
  0x000002d8c7179000 JavaThread "jar transforms Thread 59" [_thread_blocked, id=9876, stack(0x000000ee21200000,0x000000ee21300000)]
  0x000002d8c717b000 JavaThread "jar transforms Thread 60" [_thread_blocked, id=14280, stack(0x000000ee21300000,0x000000ee21400000)]
  0x000002d8c717f800 JavaThread "jar transforms Thread 61" [_thread_blocked, id=15488, stack(0x000000ee21400000,0x000000ee21500000)]
  0x000002d8c717a000 JavaThread "jar transforms Thread 62" [_thread_blocked, id=25516, stack(0x000000ee21500000,0x000000ee21600000)]
  0x000002d8c7184000 JavaThread "jar transforms Thread 63" [_thread_blocked, id=9116, stack(0x000000ee21600000,0x000000ee21700000)]
  0x000002d8c7184800 JavaThread "jar transforms Thread 64" [_thread_blocked, id=5796, stack(0x000000ee21700000,0x000000ee21800000)]
  0x000002d8c7185800 JavaThread "jar transforms Thread 65" [_thread_blocked, id=20528, stack(0x000000ee21800000,0x000000ee21900000)]
  0x000002d8c7182000 JavaThread "jar transforms Thread 66" [_thread_blocked, id=8940, stack(0x000000ee21900000,0x000000ee21a00000)]
  0x000002d8c7181800 JavaThread "jar transforms Thread 67" [_thread_blocked, id=9428, stack(0x000000ee21a00000,0x000000ee21b00000)]
  0x000002d8c7186000 JavaThread "jar transforms Thread 68" [_thread_blocked, id=14052, stack(0x000000ee21b00000,0x000000ee21c00000)]
  0x000002d8c7183000 JavaThread "jar transforms Thread 69" [_thread_blocked, id=12836, stack(0x000000ee21c00000,0x000000ee21d00000)]
  0x000002d8c7180800 JavaThread "jar transforms Thread 70" [_thread_blocked, id=2588, stack(0x000000ee21d00000,0x000000ee21e00000)]
  0x000002d8c7187000 JavaThread "jar transforms Thread 71" [_thread_blocked, id=3020, stack(0x000000ee21e00000,0x000000ee21f00000)]
  0x000002d8cadd0800 JavaThread "jar transforms Thread 72" [_thread_blocked, id=25144, stack(0x000000ee21f00000,0x000000ee22000000)]
  0x000002d8cadd1000 JavaThread "jar transforms Thread 73" [_thread_blocked, id=25356, stack(0x000000ee22000000,0x000000ee22100000)]
  0x000002d8cadcb800 JavaThread "jar transforms Thread 74" [_thread_blocked, id=13876, stack(0x000000ee22100000,0x000000ee22200000)]
  0x000002d8cadce800 JavaThread "jar transforms Thread 75" [_thread_blocked, id=22116, stack(0x000000ee22200000,0x000000ee22300000)]
  0x000002d8cadcf800 JavaThread "jar transforms Thread 76" [_thread_blocked, id=25164, stack(0x000000ee22300000,0x000000ee22400000)]
  0x000002d8cadd2000 JavaThread "jar transforms Thread 77" [_thread_blocked, id=15768, stack(0x000000ee22400000,0x000000ee22500000)]
  0x000002d8cadcc000 JavaThread "jar transforms Thread 78" [_thread_blocked, id=21876, stack(0x000000ee22500000,0x000000ee22600000)]
  0x000002d8cadd2800 JavaThread "jar transforms Thread 79" [_thread_blocked, id=20100, stack(0x000000ee22600000,0x000000ee22700000)]
  0x000002d8cadcd000 JavaThread "jar transforms Thread 80" [_thread_blocked, id=24616, stack(0x000000ee22700000,0x000000ee22800000)]
  0x000002d8cadd3800 JavaThread "jar transforms Thread 81" [_thread_blocked, id=18308, stack(0x000000ee22800000,0x000000ee22900000)]
  0x000002d8cadce000 JavaThread "jar transforms Thread 82" [_thread_blocked, id=20552, stack(0x000000ee22900000,0x000000ee22a00000)]
  0x000002d8cadd8800 JavaThread "jar transforms Thread 83" [_thread_blocked, id=24420, stack(0x000000ee22a00000,0x000000ee22b00000)]
  0x000002d8cadd9800 JavaThread "jar transforms Thread 84" [_thread_blocked, id=25560, stack(0x000000ee22b00000,0x000000ee22c00000)]
  0x000002d8cadda000 JavaThread "jar transforms Thread 85" [_thread_blocked, id=19904, stack(0x000000ee22c00000,0x000000ee22d00000)]
  0x000002d8cadd7800 JavaThread "Cache worker for Build Output Cleanup Cache (D:\monginisssss\.gradle\buildOutputCleanup)" [_thread_blocked, id=22032, stack(0x000000ee22d00000,0x000000ee22e00000)]
  0x000002d8cadd4800 JavaThread "Memory manager" [_thread_blocked, id=25380, stack(0x000000ee22e00000,0x000000ee22f00000)]
  0x000002d8cadd5000 JavaThread "Cache worker for file content cache (D:\monginisssss\.gradle\6.5\fileContent)" [_thread_blocked, id=19264, stack(0x000000ee22f00000,0x000000ee23000000)]
  0x000002d8ca134800 JavaThread "Execution worker for ':'" [_thread_blocked, id=20116, stack(0x000000ee23000000,0x000000ee23100000)]
  0x000002d8ca130000 JavaThread "Execution worker for ':' Thread 2" [_thread_blocked, id=24548, stack(0x000000ee23100000,0x000000ee23200000)]
  0x000002d8ca133000 JavaThread "Execution worker for ':' Thread 3" [_thread_blocked, id=5636, stack(0x000000ee23200000,0x000000ee23300000)]
  0x000002d8ca135800 JavaThread "Cache worker for execution history cache (D:\monginisssss\.gradle\6.5\executionHistory)" [_thread_blocked, id=25216, stack(0x000000ee23300000,0x000000ee23400000)]
  0x000002d8ca130800 JavaThread "Cache worker for Java compile cache (C:\Users\infinity\.gradle\caches\6.5\javaCompile)" [_thread_blocked, id=14288, stack(0x000000ee23400000,0x000000ee23500000)]
  0x000002d8ca137000 JavaThread "Cache worker for Java compile cache (D:\monginisssss\.gradle\6.5\javaCompile)" [_thread_blocked, id=24700, stack(0x000000ee23500000,0x000000ee23600000)]
  0x000002d8ca132000 JavaThread "C2 CompilerThread1" daemon [_thread_blocked, id=16836, stack(0x000000ee1cd00000,0x000000ee1ce00000)]

Other Threads:
=>0x000002d8c3aaa000 VMThread "VM Thread" [stack: 0x000000ee1b000000,0x000000ee1b100000] [id=25392]
  0x000002d8c45a5000 WatcherThread [stack: 0x000000ee1ba00000,0x000000ee1bb00000] [id=22964]
  0x000002d8a9934800 GCTaskThread "GC Thread#0" [stack: 0x000000ee1ab00000,0x000000ee1ac00000] [id=15144]
  0x000002d8c4962000 GCTaskThread "GC Thread#1" [stack: 0x000000ee1bc00000,0x000000ee1bd00000] [id=23084]
  0x000002d8c4e47800 GCTaskThread "GC Thread#2" [stack: 0x000000ee1bd00000,0x000000ee1be00000] [id=14500]
  0x000002d8c6294000 GCTaskThread "GC Thread#3" [stack: 0x000000ee1c900000,0x000000ee1ca00000] [id=17568]
  0x000002d8a9964800 ConcurrentGCThread "G1 Main Marker" [stack: 0x000000ee1ac00000,0x000000ee1ad00000] [id=25468]
  0x000002d8a9966000 ConcurrentGCThread "G1 Conc#0" [stack: 0x000000ee1ad00000,0x000000ee1ae00000] [id=21808]
  0x000002d8a99f7800 ConcurrentGCThread "G1 Refine#0" [stack: 0x000000ee1ae00000,0x000000ee1af00000] [id=19460]
  0x000002d8a99f8800 ConcurrentGCThread "G1 Young RemSet Sampling" [stack: 0x000000ee1af00000,0x000000ee1b000000] [id=23856]

Threads with active compile tasks:
C2 CompilerThread0  28257 11727       4       com.sun.tools.javac.code.Symbol$MethodSymbol::<init> (84 bytes)
C2 CompilerThread1  28257 11729       4       com.sun.tools.javac.code.Scope$ScopeImpl::dble (147 bytes)

VM state:at safepoint (normal execution)

VM Mutex/Monitor currently owned by a thread:  ([mutex/lock_event])
[0x000002d8a9917fe0] Threads_lock - owner thread: 0x000002d8c3aaa000
[0x000002d8a9917c80] Heap_lock - owner thread: 0x000002d8ca133000

Heap address: 0x0000000080000000, size: 2048 MB, Compressed Oops mode: 32-bit
Narrow klass base: 0x0000000000000000, Narrow klass shift: 3
Compressed class space size: 1073741824 Address: 0x0000000100000000

Heap:
 garbage-first heap   total 227328K, used 155900K [0x0000000080000000, 0x0000000100000000)
  region size 1024K, 3 young (3072K), 3 survivors (3072K)
 Metaspace       used 83959K, capacity 86274K, committed 86568K, reserved 1124352K
  class space    used 10631K, capacity 11468K, committed 11608K, reserved 1048576K
Heap Regions: E=young(eden), S=young(survivor), O=old, HS=humongous(starts), HC=humongous(continues), CS=collection set, F=free, A=archive, TAMS=top-at-mark-start (previous, next)
|   0|0x0000000080000000, 0x0000000080100000, 0x0000000080100000|100%| O|  |TAMS 0x0000000080100000, 0x0000000080100000| Untracked 
|   1|0x0000000080100000, 0x0000000080200000, 0x0000000080200000|100%| O|  |TAMS 0x0000000080200000, 0x0000000080200000| Untracked 
|   2|0x0000000080200000, 0x0000000080300000, 0x0000000080300000|100%| O|  |TAMS 0x0000000080300000, 0x0000000080300000| Untracked 
|   3|0x0000000080300000, 0x0000000080400000, 0x0000000080400000|100%|HS|  |TAMS 0x0000000080400000, 0x0000000080400000| Complete 
|   4|0x0000000080400000, 0x0000000080500000, 0x0000000080500000|100%|HC|  |TAMS 0x0000000080500000, 0x0000000080500000| Complete 
|   5|0x0000000080500000, 0x0000000080600000, 0x0000000080600000|100%|HC|  |TAMS 0x0000000080600000, 0x0000000080600000| Complete 
|   6|0x0000000080600000, 0x0000000080700000, 0x0000000080700000|100%| O|  |TAMS 0x0000000080700000, 0x0000000080700000| Untracked 
|   7|0x0000000080700000, 0x0000000080800000, 0x0000000080800000|100%| O|  |TAMS 0x0000000080800000, 0x0000000080800000| Untracked 
|   8|0x0000000080800000, 0x0000000080900000, 0x0000000080900000|100%| O|  |TAMS 0x0000000080900000, 0x0000000080900000| Untracked 
|   9|0x0000000080900000, 0x0000000080a00000, 0x0000000080a00000|100%| O|  |TAMS 0x0000000080a00000, 0x0000000080a00000| Untracked 
|  10|0x0000000080a00000, 0x0000000080b00000, 0x0000000080b00000|100%| O|  |TAMS 0x0000000080b00000, 0x0000000080b00000| Untracked 
|  11|0x0000000080b00000, 0x0000000080c00000, 0x0000000080c00000|100%| O|  |TAMS 0x0000000080c00000, 0x0000000080c00000| Untracked 
|  12|0x0000000080c00000, 0x0000000080d00000, 0x0000000080d00000|100%| O|  |TAMS 0x0000000080d00000, 0x0000000080d00000| Untracked 
|  13|0x0000000080d00000, 0x0000000080e00000, 0x0000000080e00000|100%|HS|  |TAMS 0x0000000080e00000, 0x0000000080e00000| Complete 
|  14|0x0000000080e00000, 0x0000000080f00000, 0x0000000080f00000|100%|HC|  |TAMS 0x0000000080f00000, 0x0000000080f00000| Complete 
|  15|0x0000000080f00000, 0x0000000081000000, 0x0000000081000000|100%|HS|  |TAMS 0x0000000081000000, 0x0000000081000000| Complete 
|  16|0x0000000081000000, 0x0000000081100000, 0x0000000081100000|100%|HC|  |TAMS 0x0000000081100000, 0x0000000081100000| Complete 
|  17|0x0000000081100000, 0x0000000081200000, 0x0000000081200000|100%|HC|  |TAMS 0x0000000081200000, 0x0000000081200000| Complete 
|  18|0x0000000081200000, 0x0000000081300000, 0x0000000081300000|100%|HS|  |TAMS 0x0000000081300000, 0x0000000081300000| Complete 
|  19|0x0000000081300000, 0x0000000081400000, 0x0000000081400000|100%|HC|  |TAMS 0x0000000081400000, 0x0000000081400000| Complete 
|  20|0x0000000081400000, 0x0000000081500000, 0x0000000081500000|100%|HC|  |TAMS 0x0000000081500000, 0x0000000081500000| Complete 
|  21|0x0000000081500000, 0x0000000081600000, 0x0000000081600000|100%|HC|  |TAMS 0x0000000081600000, 0x0000000081600000| Complete 
|  22|0x0000000081600000, 0x0000000081700000, 0x0000000081700000|100%| O|  |TAMS 0x0000000081700000, 0x0000000081700000| Untracked 
|  23|0x0000000081700000, 0x0000000081800000, 0x0000000081800000|100%| O|  |TAMS 0x0000000081800000, 0x0000000081800000| Untracked 
|  24|0x0000000081800000, 0x0000000081900000, 0x0000000081900000|100%| O|  |TAMS 0x0000000081900000, 0x0000000081900000| Untracked 
|  25|0x0000000081900000, 0x0000000081a00000, 0x0000000081a00000|100%|HS|  |TAMS 0x0000000081a00000, 0x0000000081a00000| Complete 
|  26|0x0000000081a00000, 0x0000000081b00000, 0x0000000081b00000|100%|HC|  |TAMS 0x0000000081b00000, 0x0000000081b00000| Complete 
|  27|0x0000000081b00000, 0x0000000081c00000, 0x0000000081c00000|100%| O|  |TAMS 0x0000000081c00000, 0x0000000081c00000| Untracked 
|  28|0x0000000081c00000, 0x0000000081d00000, 0x0000000081d00000|100%| O|  |TAMS 0x0000000081d00000, 0x0000000081d00000| Untracked 
|  29|0x0000000081d00000, 0x0000000081e00000, 0x0000000081e00000|100%| O|  |TAMS 0x0000000081e00000, 0x0000000081e00000| Untracked 
|  30|0x0000000081e00000, 0x0000000081f00000, 0x0000000081f00000|100%| O|  |TAMS 0x0000000081f00000, 0x0000000081f00000| Untracked 
|  31|0x0000000081f00000, 0x0000000082000000, 0x0000000082000000|100%| O|  |TAMS 0x0000000082000000, 0x0000000082000000| Untracked 
|  32|0x0000000082000000, 0x0000000082100000, 0x0000000082100000|100%| O|  |TAMS 0x0000000082100000, 0x0000000082100000| Untracked 
|  33|0x0000000082100000, 0x0000000082200000, 0x0000000082200000|100%| O|  |TAMS 0x0000000082200000, 0x0000000082200000| Untracked 
|  34|0x0000000082200000, 0x0000000082300000, 0x0000000082300000|100%| O|  |TAMS 0x0000000082300000, 0x0000000082300000| Untracked 
|  35|0x0000000082300000, 0x0000000082400000, 0x0000000082400000|100%| O|  |TAMS 0x0000000082400000, 0x0000000082400000| Untracked 
|  36|0x0000000082400000, 0x0000000082500000, 0x0000000082500000|100%| O|  |TAMS 0x0000000082500000, 0x0000000082500000| Untracked 
|  37|0x0000000082500000, 0x0000000082600000, 0x0000000082600000|100%| O|  |TAMS 0x0000000082600000, 0x0000000082600000| Untracked 
|  38|0x0000000082600000, 0x0000000082700000, 0x0000000082700000|100%| O|  |TAMS 0x0000000082700000, 0x0000000082700000| Untracked 
|  39|0x0000000082700000, 0x0000000082800000, 0x0000000082800000|100%| O|  |TAMS 0x0000000082800000, 0x0000000082800000| Untracked 
|  40|0x0000000082800000, 0x0000000082900000, 0x0000000082900000|100%| O|  |TAMS 0x0000000082900000, 0x0000000082900000| Untracked 
|  41|0x0000000082900000, 0x0000000082a00000, 0x0000000082a00000|100%| O|  |TAMS 0x0000000082a00000, 0x0000000082a00000| Untracked 
|  42|0x0000000082a00000, 0x0000000082b00000, 0x0000000082b00000|100%| O|  |TAMS 0x0000000082b00000, 0x0000000082b00000| Untracked 
|  43|0x0000000082b00000, 0x0000000082c00000, 0x0000000082c00000|100%| O|  |TAMS 0x0000000082c00000, 0x0000000082c00000| Untracked 
|  44|0x0000000082c00000, 0x0000000082d00000, 0x0000000082d00000|100%| O|  |TAMS 0x0000000082d00000, 0x0000000082d00000| Untracked 
|  45|0x0000000082d00000, 0x0000000082e00000, 0x0000000082e00000|100%| O|  |TAMS 0x0000000082e00000, 0x0000000082e00000| Untracked 
|  46|0x0000000082e00000, 0x0000000082f00000, 0x0000000082f00000|100%| O|  |TAMS 0x0000000082f00000, 0x0000000082f00000| Untracked 
|  47|0x0000000082f00000, 0x0000000083000000, 0x0000000083000000|100%| O|  |TAMS 0x0000000083000000, 0x0000000083000000| Untracked 
|  48|0x0000000083000000, 0x0000000083100000, 0x0000000083100000|100%| O|  |TAMS 0x0000000083100000, 0x0000000083100000| Untracked 
|  49|0x0000000083100000, 0x0000000083200000, 0x0000000083200000|100%| O|  |TAMS 0x0000000083200000, 0x0000000083200000| Untracked 
|  50|0x0000000083200000, 0x0000000083300000, 0x0000000083300000|100%| O|  |TAMS 0x0000000083300000, 0x0000000083300000| Untracked 
|  51|0x0000000083300000, 0x0000000083400000, 0x0000000083400000|100%| O|  |TAMS 0x0000000083400000, 0x0000000083400000| Untracked 
|  52|0x0000000083400000, 0x0000000083500000, 0x0000000083500000|100%| O|  |TAMS 0x0000000083500000, 0x0000000083500000| Untracked 
|  53|0x0000000083500000, 0x0000000083600000, 0x0000000083600000|100%| O|  |TAMS 0x0000000083600000, 0x0000000083600000| Untracked 
|  54|0x0000000083600000, 0x0000000083700000, 0x0000000083700000|100%| O|  |TAMS 0x0000000083700000, 0x0000000083700000| Untracked 
|  55|0x0000000083700000, 0x0000000083800000, 0x0000000083800000|100%| O|  |TAMS 0x0000000083800000, 0x0000000083800000| Untracked 
|  56|0x0000000083800000, 0x0000000083900000, 0x0000000083900000|100%| O|  |TAMS 0x0000000083900000, 0x0000000083900000| Untracked 
|  57|0x0000000083900000, 0x0000000083a00000, 0x0000000083a00000|100%| O|  |TAMS 0x0000000083a00000, 0x0000000083a00000| Untracked 
|  58|0x0000000083a00000, 0x0000000083b00000, 0x0000000083b00000|100%| O|  |TAMS 0x0000000083b00000, 0x0000000083b00000| Untracked 
|  59|0x0000000083b00000, 0x0000000083c00000, 0x0000000083c00000|100%| O|  |TAMS 0x0000000083c00000, 0x0000000083c00000| Untracked 
|  60|0x0000000083c00000, 0x0000000083d00000, 0x0000000083d00000|100%| O|  |TAMS 0x0000000083d00000, 0x0000000083d00000| Untracked 
|  61|0x0000000083d00000, 0x0000000083e00000, 0x0000000083e00000|100%| O|  |TAMS 0x0000000083e00000, 0x0000000083e00000| Untracked 
|  62|0x0000000083e00000, 0x0000000083f00000, 0x0000000083f00000|100%| O|  |TAMS 0x0000000083f00000, 0x0000000083f00000| Untracked 
|  63|0x0000000083f00000, 0x0000000084000000, 0x0000000084000000|100%| O|  |TAMS 0x0000000084000000, 0x0000000084000000| Untracked 
|  64|0x0000000084000000, 0x0000000084100000, 0x0000000084100000|100%| O|  |TAMS 0x0000000084100000, 0x0000000084100000| Untracked 
|  65|0x0000000084100000, 0x0000000084200000, 0x0000000084200000|100%| O|  |TAMS 0x0000000084200000, 0x0000000084200000| Untracked 
|  66|0x0000000084200000, 0x0000000084300000, 0x0000000084300000|100%| O|  |TAMS 0x0000000084300000, 0x0000000084300000| Untracked 
|  67|0x0000000084300000, 0x0000000084400000, 0x0000000084400000|100%| O|  |TAMS 0x0000000084400000, 0x0000000084400000| Untracked 
|  68|0x0000000084400000, 0x0000000084500000, 0x0000000084500000|100%| O|  |TAMS 0x0000000084500000, 0x0000000084500000| Untracked 
|  69|0x0000000084500000, 0x0000000084600000, 0x0000000084600000|100%| O|  |TAMS 0x0000000084600000, 0x0000000084600000| Untracked 
|  70|0x0000000084600000, 0x0000000084700000, 0x0000000084700000|100%| O|  |TAMS 0x0000000084700000, 0x0000000084700000| Untracked 
|  71|0x0000000084700000, 0x0000000084800000, 0x0000000084800000|100%| O|  |TAMS 0x0000000084800000, 0x0000000084800000| Untracked 
|  72|0x0000000084800000, 0x0000000084900000, 0x0000000084900000|100%| O|  |TAMS 0x0000000084900000, 0x0000000084900000| Untracked 
|  73|0x0000000084900000, 0x0000000084a00000, 0x0000000084a00000|100%| O|  |TAMS 0x0000000084a00000, 0x0000000084a00000| Untracked 
|  74|0x0000000084a00000, 0x0000000084b00000, 0x0000000084b00000|100%|HS|  |TAMS 0x0000000084b00000, 0x0000000084b00000| Complete 
|  75|0x0000000084b00000, 0x0000000084c00000, 0x0000000084c00000|100%| O|  |TAMS 0x0000000084c00000, 0x0000000084c00000| Untracked 
|  76|0x0000000084c00000, 0x0000000084d00000, 0x0000000084d00000|100%| O|  |TAMS 0x0000000084d00000, 0x0000000084d00000| Untracked 
|  77|0x0000000084d00000, 0x0000000084e00000, 0x0000000084e00000|100%| O|  |TAMS 0x0000000084e00000, 0x0000000084e00000| Untracked 
|  78|0x0000000084e00000, 0x0000000084f00000, 0x0000000084f00000|100%| O|  |TAMS 0x0000000084f00000, 0x0000000084f00000| Untracked 
|  79|0x0000000084f00000, 0x0000000085000000, 0x0000000085000000|100%| O|  |TAMS 0x0000000085000000, 0x0000000085000000| Untracked 
|  80|0x0000000085000000, 0x0000000085100000, 0x0000000085100000|100%| O|  |TAMS 0x0000000085100000, 0x0000000085100000| Untracked 
|  81|0x0000000085100000, 0x0000000085200000, 0x0000000085200000|100%| O|  |TAMS 0x0000000085200000, 0x0000000085200000| Untracked 
|  82|0x0000000085200000, 0x0000000085300000, 0x0000000085300000|100%|HS|  |TAMS 0x0000000085300000, 0x0000000085300000| Complete 
|  83|0x0000000085300000, 0x0000000085400000, 0x0000000085400000|100%| O|  |TAMS 0x0000000085400000, 0x0000000085400000| Untracked 
|  84|0x0000000085400000, 0x0000000085500000, 0x0000000085500000|100%| O|  |TAMS 0x0000000085500000, 0x0000000085500000| Untracked 
|  85|0x0000000085500000, 0x0000000085600000, 0x0000000085600000|100%| O|  |TAMS 0x0000000085600000, 0x0000000085600000| Untracked 
|  86|0x0000000085600000, 0x0000000085700000, 0x0000000085700000|100%| O|  |TAMS 0x0000000085700000, 0x0000000085700000| Untracked 
|  87|0x0000000085700000, 0x0000000085800000, 0x0000000085800000|100%| O|  |TAMS 0x0000000085800000, 0x0000000085800000| Untracked 
|  88|0x0000000085800000, 0x0000000085900000, 0x0000000085900000|100%| O|  |TAMS 0x0000000085900000, 0x0000000085900000| Untracked 
|  89|0x0000000085900000, 0x0000000085a00000, 0x0000000085a00000|100%| O|  |TAMS 0x0000000085a00000, 0x0000000085a00000| Untracked 
|  90|0x0000000085a00000, 0x0000000085b00000, 0x0000000085b00000|100%| O|  |TAMS 0x0000000085b00000, 0x0000000085b00000| Untracked 
|  91|0x0000000085b00000, 0x0000000085c00000, 0x0000000085c00000|100%| O|  |TAMS 0x0000000085c00000, 0x0000000085c00000| Untracked 
|  92|0x0000000085c00000, 0x0000000085d00000, 0x0000000085d00000|100%| O|  |TAMS 0x0000000085d00000, 0x0000000085d00000| Untracked 
|  93|0x0000000085d00000, 0x0000000085e00000, 0x0000000085e00000|100%| O|  |TAMS 0x0000000085e00000, 0x0000000085e00000| Untracked 
|  94|0x0000000085e00000, 0x0000000085f00000, 0x0000000085f00000|100%| O|  |TAMS 0x0000000085f00000, 0x0000000085f00000| Untracked 
|  95|0x0000000085f00000, 0x0000000086000000, 0x0000000086000000|100%|HS|  |TAMS 0x0000000086000000, 0x0000000086000000| Complete 
|  96|0x0000000086000000, 0x0000000086100000, 0x0000000086100000|100%|HC|  |TAMS 0x0000000086100000, 0x0000000086100000| Complete 
|  97|0x0000000086100000, 0x0000000086200000, 0x0000000086200000|100%|HS|  |TAMS 0x0000000086200000, 0x0000000086200000| Complete 
|  98|0x0000000086200000, 0x0000000086300000, 0x0000000086300000|100%|HC|  |TAMS 0x0000000086300000, 0x0000000086300000| Complete 
|  99|0x0000000086300000, 0x0000000086400000, 0x0000000086400000|100%|HC|  |TAMS 0x0000000086400000, 0x0000000086400000| Complete 
| 100|0x0000000086400000, 0x0000000086500000, 0x0000000086500000|100%|HC|  |TAMS 0x0000000086500000, 0x0000000086500000| Complete 
| 101|0x0000000086500000, 0x0000000086600000, 0x0000000086600000|100%| O|  |TAMS 0x0000000086600000, 0x0000000086600000| Untracked 
| 102|0x0000000086600000, 0x0000000086700000, 0x0000000086700000|100%| O|  |TAMS 0x0000000086700000, 0x0000000086700000| Untracked 
| 103|0x0000000086700000, 0x0000000086800000, 0x0000000086800000|100%| O|  |TAMS 0x0000000086800000, 0x0000000086800000| Untracked 
| 104|0x0000000086800000, 0x0000000086900000, 0x0000000086900000|100%| O|  |TAMS 0x0000000086900000, 0x0000000086900000| Untracked 
| 105|0x0000000086900000, 0x0000000086a00000, 0x0000000086a00000|100%| O|  |TAMS 0x0000000086a00000, 0x0000000086a00000| Untracked 
| 106|0x0000000086a00000, 0x0000000086b00000, 0x0000000086b00000|100%| O|  |TAMS 0x0000000086b00000, 0x0000000086b00000| Untracked 
| 107|0x0000000086b00000, 0x0000000086c00000, 0x0000000086c00000|100%| O|  |TAMS 0x0000000086c00000, 0x0000000086c00000| Untracked 
| 108|0x0000000086c00000, 0x0000000086d00000, 0x0000000086d00000|100%| O|  |TAMS 0x0000000086d00000, 0x0000000086d00000| Untracked 
| 109|0x0000000086d00000, 0x0000000086e00000, 0x0000000086e00000|100%| O|  |TAMS 0x0000000086e00000, 0x0000000086e00000| Untracked 
| 110|0x0000000086e00000, 0x0000000086f00000, 0x0000000086f00000|100%|HS|  |TAMS 0x0000000086f00000, 0x0000000086f00000| Complete 
| 111|0x0000000086f00000, 0x0000000087000000, 0x0000000087000000|100%|HC|  |TAMS 0x0000000087000000, 0x0000000087000000| Complete 
| 112|0x0000000087000000, 0x0000000087100000, 0x0000000087100000|100%| O|  |TAMS 0x0000000087100000, 0x0000000087100000| Untracked 
| 113|0x0000000087100000, 0x0000000087200000, 0x0000000087200000|100%| O|  |TAMS 0x0000000087200000, 0x0000000087200000| Untracked 
| 114|0x0000000087200000, 0x0000000087300000, 0x0000000087300000|100%| O|  |TAMS 0x0000000087300000, 0x0000000087300000| Untracked 
| 115|0x0000000087300000, 0x0000000087400000, 0x0000000087400000|100%| O|  |TAMS 0x0000000087400000, 0x0000000087400000| Untracked 
| 116|0x0000000087400000, 0x0000000087500000, 0x0000000087500000|100%| O|  |TAMS 0x0000000087500000, 0x0000000087500000| Untracked 
| 117|0x0000000087500000, 0x0000000087600000, 0x0000000087600000|100%| O|  |TAMS 0x0000000087600000, 0x0000000087600000| Untracked 
| 118|0x0000000087600000, 0x0000000087700000, 0x0000000087700000|100%| O|  |TAMS 0x0000000087700000, 0x0000000087700000| Untracked 
| 119|0x0000000087700000, 0x0000000087800000, 0x0000000087800000|100%| O|  |TAMS 0x0000000087800000, 0x0000000087800000| Untracked 
| 120|0x0000000087800000, 0x0000000087900000, 0x0000000087900000|100%| O|  |TAMS 0x0000000087900000, 0x0000000087900000| Untracked 
| 121|0x0000000087900000, 0x0000000087a00000, 0x0000000087a00000|100%| O|  |TAMS 0x0000000087a00000, 0x0000000087a00000| Untracked 
| 122|0x0000000087a00000, 0x0000000087b00000, 0x0000000087b00000|100%| O|  |TAMS 0x0000000087b00000, 0x0000000087b00000| Untracked 
| 123|0x0000000087b00000, 0x0000000087c00000, 0x0000000087c00000|100%| O|  |TAMS 0x0000000087c00000, 0x0000000087c00000| Untracked 
| 124|0x0000000087c00000, 0x0000000087d00000, 0x0000000087d00000|100%| O|  |TAMS 0x0000000087d00000, 0x0000000087d00000| Untracked 
| 125|0x0000000087d00000, 0x0000000087e00000, 0x0000000087e00000|100%| O|  |TAMS 0x0000000087e00000, 0x0000000087e00000| Untracked 
| 126|0x0000000087e00000, 0x0000000087f00000, 0x0000000087f00000|100%| O|  |TAMS 0x0000000087f00000, 0x0000000087f00000| Untracked 
| 127|0x0000000087f00000, 0x0000000088000000, 0x0000000088000000|100%| O|  |TAMS 0x0000000088000000, 0x0000000088000000| Untracked 
| 128|0x0000000088000000, 0x0000000088100000, 0x0000000088100000|100%| O|  |TAMS 0x0000000088100000, 0x0000000088100000| Untracked 
| 129|0x0000000088100000, 0x0000000088200000, 0x0000000088200000|100%| O|  |TAMS 0x0000000088200000, 0x0000000088200000| Untracked 
| 130|0x0000000088200000, 0x0000000088300000, 0x0000000088300000|100%| O|  |TAMS 0x00000000882a1c00, 0x0000000088300000| Untracked 
| 131|0x0000000088300000, 0x0000000088400000, 0x0000000088400000|100%| O|  |TAMS 0x0000000088300000, 0x0000000088400000| Untracked 
| 132|0x0000000088400000, 0x0000000088500000, 0x0000000088500000|100%| O|  |TAMS 0x0000000088400000, 0x0000000088500000| Untracked 
| 133|0x0000000088500000, 0x0000000088600000, 0x0000000088600000|100%| O|  |TAMS 0x0000000088500000, 0x0000000088600000| Untracked 
| 134|0x0000000088600000, 0x0000000088700000, 0x0000000088700000|100%| O|  |TAMS 0x0000000088600000, 0x0000000088700000| Untracked 
| 135|0x0000000088700000, 0x0000000088800000, 0x0000000088800000|100%| O|  |TAMS 0x0000000088700000, 0x0000000088800000| Untracked 
| 136|0x0000000088800000, 0x0000000088900000, 0x0000000088900000|100%| O|  |TAMS 0x0000000088800000, 0x0000000088900000| Untracked 
| 137|0x0000000088900000, 0x0000000088a00000, 0x0000000088a00000|100%| O|  |TAMS 0x0000000088900000, 0x0000000088a00000| Untracked 
| 138|0x0000000088a00000, 0x0000000088b00000, 0x0000000088b00000|100%| O|  |TAMS 0x0000000088a00000, 0x0000000088b00000| Untracked 
| 139|0x0000000088b00000, 0x0000000088c00000, 0x0000000088c00000|100%| O|  |TAMS 0x0000000088b00000, 0x0000000088c00000| Untracked 
| 140|0x0000000088c00000, 0x0000000088d00000, 0x0000000088d00000|100%| O|  |TAMS 0x0000000088c00000, 0x0000000088d00000| Untracked 
| 141|0x0000000088d00000, 0x0000000088e00000, 0x0000000088e00000|100%| O|  |TAMS 0x0000000088d00000, 0x0000000088e00000| Untracked 
| 142|0x0000000088e00000, 0x0000000088f00000, 0x0000000088f00000|100%| O|  |TAMS 0x0000000088e00000, 0x0000000088f00000| Untracked 
| 143|0x0000000088f00000, 0x0000000089000000, 0x0000000089000000|100%| O|  |TAMS 0x0000000088f00000, 0x0000000089000000| Untracked 
| 144|0x0000000089000000, 0x0000000089100000, 0x0000000089100000|100%| O|  |TAMS 0x0000000089000000, 0x0000000089100000| Untracked 
| 145|0x0000000089100000, 0x0000000089200000, 0x0000000089200000|100%| O|  |TAMS 0x0000000089100000, 0x0000000089200000| Untracked 
| 146|0x0000000089200000, 0x0000000089300000, 0x0000000089300000|100%| O|  |TAMS 0x0000000089200000, 0x0000000089300000| Untracked 
| 147|0x0000000089300000, 0x0000000089400000, 0x0000000089400000|100%| O|  |TAMS 0x0000000089300000, 0x0000000089400000| Untracked 
| 148|0x0000000089400000, 0x0000000089500000, 0x0000000089500000|100%| O|  |TAMS 0x0000000089400000, 0x0000000089500000| Untracked 
| 149|0x0000000089500000, 0x000000008953f200, 0x0000000089600000| 24%| O|  |TAMS 0x0000000089500000, 0x000000008953f200| Untracked 
| 150|0x0000000089600000, 0x0000000089600000, 0x0000000089700000|  0%| F|  |TAMS 0x0000000089600000, 0x0000000089600000| Untracked 
| 151|0x0000000089700000, 0x0000000089700000, 0x0000000089800000|  0%| F|  |TAMS 0x0000000089700000, 0x0000000089700000| Untracked 
| 152|0x0000000089800000, 0x0000000089800000, 0x0000000089900000|  0%| F|  |TAMS 0x0000000089800000, 0x0000000089800000| Untracked 
| 153|0x0000000089900000, 0x0000000089900000, 0x0000000089a00000|  0%| F|  |TAMS 0x0000000089900000, 0x0000000089900000| Untracked 
| 154|0x0000000089a00000, 0x0000000089a00000, 0x0000000089b00000|  0%| F|  |TAMS 0x0000000089a00000, 0x0000000089a00000| Untracked 
| 155|0x0000000089b00000, 0x0000000089b00000, 0x0000000089c00000|  0%| F|  |TAMS 0x0000000089b00000, 0x0000000089b00000| Untracked 
| 156|0x0000000089c00000, 0x0000000089c00000, 0x0000000089d00000|  0%| F|  |TAMS 0x0000000089c00000, 0x0000000089c00000| Untracked 
| 157|0x0000000089d00000, 0x0000000089d00000, 0x0000000089e00000|  0%| F|  |TAMS 0x0000000089d00000, 0x0000000089d00000| Untracked 
| 158|0x0000000089e00000, 0x0000000089e00000, 0x0000000089f00000|  0%| F|  |TAMS 0x0000000089e00000, 0x0000000089e00000| Untracked 
| 159|0x0000000089f00000, 0x0000000089f00000, 0x000000008a000000|  0%| F|  |TAMS 0x0000000089f00000, 0x0000000089f00000| Untracked 
| 160|0x000000008a000000, 0x000000008a000000, 0x000000008a100000|  0%| F|  |TAMS 0x000000008a000000, 0x000000008a000000| Untracked 
| 161|0x000000008a100000, 0x000000008a100000, 0x000000008a200000|  0%| F|  |TAMS 0x000000008a100000, 0x000000008a100000| Untracked 
| 162|0x000000008a200000, 0x000000008a200000, 0x000000008a300000|  0%| F|  |TAMS 0x000000008a200000, 0x000000008a200000| Untracked 
| 163|0x000000008a300000, 0x000000008a300000, 0x000000008a400000|  0%| F|  |TAMS 0x000000008a300000, 0x000000008a300000| Untracked 
| 164|0x000000008a400000, 0x000000008a400000, 0x000000008a500000|  0%| F|  |TAMS 0x000000008a400000, 0x000000008a400000| Untracked 
| 165|0x000000008a500000, 0x000000008a600000, 0x000000008a600000|100%| S|CS|TAMS 0x000000008a500000, 0x000000008a500000| Complete 
| 166|0x000000008a600000, 0x000000008a700000, 0x000000008a700000|100%| S|CS|TAMS 0x000000008a600000, 0x000000008a600000| Complete 
| 167|0x000000008a700000, 0x000000008a800000, 0x000000008a800000|100%| S|CS|TAMS 0x000000008a700000, 0x000000008a700000| Complete 
| 168|0x000000008a800000, 0x000000008a800000, 0x000000008a900000|  0%| F|  |TAMS 0x000000008a800000, 0x000000008a800000| Untracked 
| 169|0x000000008a900000, 0x000000008a900000, 0x000000008aa00000|  0%| F|  |TAMS 0x000000008a900000, 0x000000008a900000| Untracked 
| 170|0x000000008aa00000, 0x000000008aa00000, 0x000000008ab00000|  0%| F|  |TAMS 0x000000008aa00000, 0x000000008aa00000| Untracked 
| 171|0x000000008ab00000, 0x000000008ab00000, 0x000000008ac00000|  0%| F|  |TAMS 0x000000008ab00000, 0x000000008ab00000| Untracked 
| 172|0x000000008ac00000, 0x000000008ac00000, 0x000000008ad00000|  0%| F|  |TAMS 0x000000008ac00000, 0x000000008ac00000| Untracked 
| 173|0x000000008ad00000, 0x000000008ad00000, 0x000000008ae00000|  0%| F|  |TAMS 0x000000008ad00000, 0x000000008ad00000| Untracked 
| 174|0x000000008ae00000, 0x000000008ae00000, 0x000000008af00000|  0%| F|  |TAMS 0x000000008ae00000, 0x000000008ae00000| Untracked 
| 175|0x000000008af00000, 0x000000008af00000, 0x000000008b000000|  0%| F|  |TAMS 0x000000008af00000, 0x000000008af00000| Untracked 
| 176|0x000000008b000000, 0x000000008b000000, 0x000000008b100000|  0%| F|  |TAMS 0x000000008b000000, 0x000000008b000000| Untracked 
| 177|0x000000008b100000, 0x000000008b100000, 0x000000008b200000|  0%| F|  |TAMS 0x000000008b100000, 0x000000008b100000| Untracked 
| 178|0x000000008b200000, 0x000000008b200000, 0x000000008b300000|  0%| F|  |TAMS 0x000000008b200000, 0x000000008b200000| Untracked 
| 179|0x000000008b300000, 0x000000008b300000, 0x000000008b400000|  0%| F|  |TAMS 0x000000008b300000, 0x000000008b300000| Untracked 
| 180|0x000000008b400000, 0x000000008b400000, 0x000000008b500000|  0%| F|  |TAMS 0x000000008b400000, 0x000000008b400000| Untracked 
| 181|0x000000008b500000, 0x000000008b500000, 0x000000008b600000|  0%| F|  |TAMS 0x000000008b500000, 0x000000008b500000| Untracked 
| 182|0x000000008b600000, 0x000000008b600000, 0x000000008b700000|  0%| F|  |TAMS 0x000000008b600000, 0x000000008b600000| Untracked 
| 183|0x000000008b700000, 0x000000008b700000, 0x000000008b800000|  0%| F|  |TAMS 0x000000008b700000, 0x000000008b700000| Untracked 
| 184|0x000000008b800000, 0x000000008b800000, 0x000000008b900000|  0%| F|  |TAMS 0x000000008b800000, 0x000000008b800000| Untracked 

Card table byte_map: [0x000002d8bccc0000,0x000002d8bd0c0000] _byte_map_base: 0x000002d8bc8c0000

Marking Bits (Prev, Next): (CMBitMap*) 0x000002d8a995bdf0, (CMBitMap*) 0x000002d8a995bdb8
 Prev Bits: [0x000002d8bf4c0000, 0x000002d8c14c0000)
 Next Bits: [0x000002d8bd4c0000, 0x000002d8bf4c0000)

Polling page: 0x000002d8a80b0000

Metaspace:

Usage:
  Non-class:     73.05 MB capacity,    71.61 MB ( 98%) used,     1.22 MB (  2%) free+waste,   227.69 KB ( <1%) overhead. 
      Class:     11.20 MB capacity,    10.38 MB ( 93%) used,   733.83 KB (  6%) free+waste,   103.13 KB ( <1%) overhead. 
       Both:     84.25 MB capacity,    81.99 MB ( 97%) used,     1.94 MB (  2%) free+waste,   330.81 KB ( <1%) overhead. 

Virtual space:
  Non-class space:       74.00 MB reserved,      73.20 MB ( 99%) committed 
      Class space:        1.00 GB reserved,      11.34 MB (  1%) committed 
             Both:        1.07 GB reserved,      84.54 MB (  8%) committed 

Chunk freelists:
   Non-Class:  26.00 KB
       Class:  20.00 KB
        Both:  46.00 KB

MaxMetaspaceSize: 17179869184.00 GB
CompressedClassSpaceSize: 1.00 GB

CodeHeap 'non-profiled nmethods': size=120064Kb used=7612Kb max_used=7612Kb free=112451Kb
 bounds [0x000002d8b4d60000, 0x000002d8b54d0000, 0x000002d8bc2a0000]
CodeHeap 'profiled nmethods': size=120000Kb used=25952Kb max_used=25952Kb free=94047Kb
 bounds [0x000002d8ad830000, 0x000002d8af190000, 0x000002d8b4d60000]
CodeHeap 'non-nmethods': size=5696Kb used=2266Kb max_used=2330Kb free=3429Kb
 bounds [0x000002d8ad2a0000, 0x000002d8ad510000, 0x000002d8ad830000]
 total_blobs=12241 nmethods=11379 adapters=772
 compilation: enabled
              stopped_count=0, restarted_count=0
 full_count=0

Compilation events (20 events):
Event: 28.202 Thread 0x000002d8c3ad0800 11715       3       com.sun.tools.javac.comp.Attr::attribAnnotationTypes (38 bytes)
Event: 28.203 Thread 0x000002d8c3ad0800 nmethod 11715 0x000002d8af185590 code [0x000002d8af1857a0, 0x000002d8af185df8]
Event: 28.203 Thread 0x000002d8c3ad0800 11723       3       com.sun.tools.javac.code.Scope$ImportScope::finalizeScope (39 bytes)
Event: 28.203 Thread 0x000002d8c3ad0800 nmethod 11723 0x000002d8af186110 code [0x000002d8af186300, 0x000002d8af186868]
Event: 28.203 Thread 0x000002d8c3ad0800 11724       3       com.sun.tools.javac.code.Scope$ScopeImpl$1::next (5 bytes)
Event: 28.203 Thread 0x000002d8c3ad0800 nmethod 11724 0x000002d8af186a10 code [0x000002d8af186c00, 0x000002d8af186ec8]
Event: 28.204 Thread 0x000002d8c3ad0800 11725       3       com.sun.tools.javac.tree.TreeMaker::isUnqualifiable (262 bytes)
Event: 28.205 Thread 0x000002d8ca132000 nmethod 11721 0x000002d8b54cc490 code [0x000002d8b54cc660, 0x000002d8b54cc928]
Event: 28.205 Thread 0x000002d8ca132000 11722       4       com.sun.tools.javac.tree.JCTree$JCPackageDecl::getTag (4 bytes)
Event: 28.205 Thread 0x000002d8ca132000 nmethod 11722 0x000002d8b54ccc90 code [0x000002d8b54cce20, 0x000002d8b54cce98]
Event: 28.205 Thread 0x000002d8ca132000 11716       4       com.sun.tools.javac.code.Symbol$VarSymbol$$Lambda$906/0x0000000100b29840::<init> (26 bytes)
Event: 28.206 Thread 0x000002d8c3ad0800 nmethod 11725 0x000002d8af187010 code [0x000002d8af187460, 0x000002d8af1896c8]
Event: 28.206 Thread 0x000002d8c3acc800 nmethod 11690 0x000002d8b54ccf10 code [0x000002d8b54cd120, 0x000002d8b54ce898]
Event: 28.207 Thread 0x000002d8c3ad0800 11726       3       com.sun.tools.javac.comp.TypeEnter::handleDeprecatedAnnotations (110 bytes)
Event: 28.208 Thread 0x000002d8c3ad0800 nmethod 11726 0x000002d8af18a190 code [0x000002d8af18a420, 0x000002d8af18b008]
Event: 28.208 Thread 0x000002d8c3acc800 11727       4       com.sun.tools.javac.code.Symbol$MethodSymbol::<init> (84 bytes)
Event: 28.208 Thread 0x000002d8ca132000 nmethod 11716 0x000002d8b54cee90 code [0x000002d8b54cf020, 0x000002d8b54cf398]
Event: 28.208 Thread 0x000002d8c3ad0800 11728       3       com.sun.tools.javac.util.AbstractLog::getSource (50 bytes)
Event: 28.209 Thread 0x000002d8c3ad0800 nmethod 11728 0x000002d8af18b410 code [0x000002d8af18b600, 0x000002d8af18bbf8]
Event: 28.211 Thread 0x000002d8ca132000 11729       4       com.sun.tools.javac.code.Scope$ScopeImpl::dble (147 bytes)

GC Heap History (20 events):
Event: 21.318 GC heap after
{Heap after GC invocations=24 (full 0):
 garbage-first heap   total 189440K, used 75075K [0x0000000080000000, 0x0000000100000000)
  region size 1024K, 12 young (12288K), 12 survivors (12288K)
 Metaspace       used 73926K, capacity 75856K, committed 76072K, reserved 1116160K
  class space    used 9494K, capacity 10219K, committed 10328K, reserved 1048576K
}
Event: 22.309 GC heap before
{Heap before GC invocations=24 (full 0):
 garbage-first heap   total 189440K, used 149827K [0x0000000080000000, 0x0000000100000000)
  region size 1024K, 86 young (88064K), 12 survivors (12288K)
 Metaspace       used 75136K, capacity 77195K, committed 77480K, reserved 1116160K
  class space    used 9614K, capacity 10352K, committed 10456K, reserved 1048576K
}
Event: 22.327 GC heap after
{Heap after GC invocations=25 (full 0):
 garbage-first heap   total 189440K, used 79814K [0x0000000080000000, 0x0000000100000000)
  region size 1024K, 5 young (5120K), 5 survivors (5120K)
 Metaspace       used 75136K, capacity 77195K, committed 77480K, reserved 1116160K
  class space    used 9614K, capacity 10352K, committed 10456K, reserved 1048576K
}
Event: 23.057 GC heap before
{Heap before GC invocations=25 (full 0):
 garbage-first heap   total 189440K, used 153542K [0x0000000080000000, 0x0000000100000000)
  region size 1024K, 76 young (77824K), 5 survivors (5120K)
 Metaspace       used 75242K, capacity 77364K, committed 77480K, reserved 1116160K
  class space    used 9617K, capacity 10386K, committed 10456K, reserved 1048576K
}
Event: 23.068 GC heap after
{Heap after GC invocations=26 (full 0):
 garbage-first heap   total 189440K, used 83398K [0x0000000080000000, 0x0000000100000000)
  region size 1024K, 8 young (8192K), 8 survivors (8192K)
 Metaspace       used 75242K, capacity 77364K, committed 77480K, reserved 1116160K
  class space    used 9617K, capacity 10386K, committed 10456K, reserved 1048576K
}
Event: 24.778 GC heap before
{Heap before GC invocations=26 (full 0):
 garbage-first heap   total 189440K, used 155078K [0x0000000080000000, 0x0000000100000000)
  region size 1024K, 78 young (79872K), 8 survivors (8192K)
 Metaspace       used 82636K, capacity 84825K, committed 85160K, reserved 1122304K
  class space    used 10558K, capacity 11358K, committed 11480K, reserved 1048576K
}
Event: 24.794 GC heap after
{Heap after GC invocations=27 (full 0):
 garbage-first heap   total 189440K, used 90826K [0x0000000080000000, 0x0000000100000000)
  region size 1024K, 10 young (10240K), 10 survivors (10240K)
 Metaspace       used 82636K, capacity 84825K, committed 85160K, reserved 1122304K
  class space    used 10558K, capacity 11358K, committed 11480K, reserved 1048576K
}
Event: 25.195 GC heap before
{Heap before GC invocations=27 (full 0):
 garbage-first heap   total 189440K, used 128714K [0x0000000080000000, 0x0000000100000000)
  region size 1024K, 45 young (46080K), 10 survivors (10240K)
 Metaspace       used 82660K, capacity 84953K, committed 85160K, reserved 1122304K
  class space    used 10558K, capacity 11358K, committed 11480K, reserved 1048576K
}
Event: 25.252 GC heap after
{Heap after GC invocations=28 (full 0):
 garbage-first heap   total 189440K, used 103278K [0x0000000080000000, 0x0000000100000000)
  region size 1024K, 9 young (9216K), 9 survivors (9216K)
 Metaspace       used 82660K, capacity 84953K, committed 85160K, reserved 1122304K
  class space    used 10558K, capacity 11358K, committed 11480K, reserved 1048576K
}
Event: 25.714 GC heap before
{Heap before GC invocations=29 (full 0):
 garbage-first heap   total 189440K, used 137070K [0x0000000080000000, 0x0000000100000000)
  region size 1024K, 35 young (35840K), 9 survivors (9216K)
 Metaspace       used 82633K, capacity 84894K, committed 85160K, reserved 1122304K
  class space    used 10546K, capacity 11338K, committed 11480K, reserved 1048576K
}
Event: 25.731 GC heap after
{Heap after GC invocations=30 (full 0):
 garbage-first heap   total 189440K, used 114030K [0x0000000080000000, 0x0000000100000000)
  region size 1024K, 5 young (5120K), 5 survivors (5120K)
 Metaspace       used 82633K, capacity 84894K, committed 85160K, reserved 1122304K
  class space    used 10546K, capacity 11338K, committed 11480K, reserved 1048576K
}
Event: 26.073 GC heap before
{Heap before GC invocations=31 (full 0):
 garbage-first heap   total 189440K, used 144750K [0x0000000080000000, 0x0000000100000000)
  region size 1024K, 20 young (20480K), 5 survivors (5120K)
 Metaspace       used 82633K, capacity 84894K, committed 85160K, reserved 1122304K
  class space    used 10546K, capacity 11338K, committed 11480K, reserved 1048576K
}
Event: 26.085 GC heap after
{Heap after GC invocations=32 (full 0):
 garbage-first heap   total 189440K, used 120536K [0x0000000080000000, 0x0000000100000000)
  region size 1024K, 5 young (5120K), 5 survivors (5120K)
 Metaspace       used 82633K, capacity 84894K, committed 85160K, reserved 1122304K
  class space    used 10546K, capacity 11338K, committed 11480K, reserved 1048576K
}
Event: 27.285 GC heap before
{Heap before GC invocations=33 (full 0):
 garbage-first heap   total 189440K, used 156376K [0x0000000080000000, 0x0000000100000000)
  region size 1024K, 37 young (37888K), 5 survivors (5120K)
 Metaspace       used 83422K, capacity 85651K, committed 85928K, reserved 1124352K
  class space    used 10611K, capacity 11418K, committed 11480K, reserved 1048576K
}
Event: 27.303 GC heap after
{Heap after GC invocations=34 (full 0):
 garbage-first heap   total 189440K, used 131982K [0x0000000080000000, 0x0000000100000000)
  region size 1024K, 5 young (5120K), 5 survivors (5120K)
 Metaspace       used 83422K, capacity 85651K, committed 85928K, reserved 1124352K
  class space    used 10611K, capacity 11418K, committed 11480K, reserved 1048576K
}
Event: 27.679 GC heap before
{Heap before GC invocations=34 (full 0):
 garbage-first heap   total 189440K, used 156558K [0x0000000080000000, 0x0000000100000000)
  region size 1024K, 29 young (29696K), 5 survivors (5120K)
 Metaspace       used 83870K, capacity 86207K, committed 86568K, reserved 1124352K
  class space    used 10631K, capacity 11468K, committed 11608K, reserved 1048576K
}
Event: 27.694 GC heap after
{Heap after GC invocations=35 (full 0):
 garbage-first heap   total 189440K, used 137863K [0x0000000080000000, 0x0000000100000000)
  region size 1024K, 4 young (4096K), 4 survivors (4096K)
 Metaspace       used 83870K, capacity 86207K, committed 86568K, reserved 1124352K
  class space    used 10631K, capacity 11468K, committed 11608K, reserved 1048576K
}
Event: 28.136 GC heap before
{Heap before GC invocations=36 (full 0):
 garbage-first heap   total 189440K, used 158343K [0x0000000080000000, 0x0000000100000000)
  region size 1024K, 24 young (24576K), 4 survivors (4096K)
 Metaspace       used 83930K, capacity 86208K, committed 86568K, reserved 1124352K
  class space    used 10631K, capacity 11468K, committed 11608K, reserved 1048576K
}
Event: 28.149 GC heap after
{Heap after GC invocations=37 (full 0):
 garbage-first heap   total 189440K, used 142194K [0x0000000080000000, 0x0000000100000000)
  region size 1024K, 3 young (3072K), 3 survivors (3072K)
 Metaspace       used 83930K, capacity 86208K, committed 86568K, reserved 1124352K
  class space    used 10631K, capacity 11468K, committed 11608K, reserved 1048576K
}
Event: 28.213 GC heap before
{Heap before GC invocations=37 (full 0):
 garbage-first heap   total 189440K, used 159602K [0x0000000080000000, 0x0000000100000000)
  region size 1024K, 20 young (20480K), 3 survivors (3072K)
 Metaspace       used 83959K, capacity 86274K, committed 86568K, reserved 1124352K
  class space    used 10631K, capacity 11468K, committed 11608K, reserved 1048576K
}

Deoptimization events (20 events):
Event: 27.452 Thread 0x000002d8ca133000 Uncommon trap: trap_request=0xffffffde fr.pc=0x000002d8b5464334 relative=0x0000000000000094
Event: 27.452 Thread 0x000002d8ca133000 Uncommon trap: reason=class_check action=maybe_recompile pc=0x000002d8b5464334 method=com.sun.tools.javac.tree.JCTree$JCVariableDecl.accept(Lcom/sun/tools/javac/tree/JCTree$Visitor;)V @ 2 c2
Event: 27.452 Thread 0x000002d8ca133000 DEOPT PACKING pc=0x000002d8b5464334 sp=0x000000ee232f98b0
Event: 27.452 Thread 0x000002d8ca133000 DEOPT UNPACKING pc=0x000002d8ad2c742f sp=0x000000ee232f9868 mode 2
Event: 27.494 Thread 0x000002d8ca133000 Uncommon trap: trap_request=0xffffff4d fr.pc=0x000002d8b4e35ed4 relative=0x0000000000000c34
Event: 27.494 Thread 0x000002d8ca133000 Uncommon trap: reason=unstable_if action=reinterpret pc=0x000002d8b4e35ed4 method=com.sun.tools.javac.code.Scope$ScopeImpl.dble()V @ 39 c2
Event: 27.494 Thread 0x000002d8ca133000 DEOPT PACKING pc=0x000002d8b4e35ed4 sp=0x000000ee232f94f0
Event: 27.494 Thread 0x000002d8ca133000 DEOPT UNPACKING pc=0x000002d8ad2c742f sp=0x000000ee232f9458 mode 2
Event: 27.571 Thread 0x000002d8ca133000 Uncommon trap: trap_request=0xffffff4d fr.pc=0x000002d8b54812dc relative=0x000000000000337c
Event: 27.571 Thread 0x000002d8ca133000 Uncommon trap: reason=unstable_if action=reinterpret pc=0x000002d8b54812dc method=com.sun.tools.javac.jvm.ClassReader.sigToType()Lcom/sun/tools/javac/code/Type; @ 10 c2
Event: 27.571 Thread 0x000002d8ca133000 DEOPT PACKING pc=0x000002d8b54812dc sp=0x000000ee232f85e0
Event: 27.571 Thread 0x000002d8ca133000 DEOPT UNPACKING pc=0x000002d8ad2c742f sp=0x000000ee232f85f0 mode 2
Event: 27.747 Thread 0x000002d8ca133000 Uncommon trap: trap_request=0xffffff4d fr.pc=0x000002d8b4d783cc relative=0x00000000000002ac
Event: 27.748 Thread 0x000002d8ca133000 Uncommon trap: reason=unstable_if action=reinterpret pc=0x000002d8b4d783cc method=com.sun.tools.javac.util.Convert.utf2chars([BI[CII)I @ 91 c2
Event: 27.748 Thread 0x000002d8ca133000 DEOPT PACKING pc=0x000002d8b4d783cc sp=0x000000ee232f72d0
Event: 27.748 Thread 0x000002d8ca133000 DEOPT UNPACKING pc=0x000002d8ad2c742f sp=0x000000ee232f7230 mode 2
Event: 27.908 Thread 0x000002d8ca133000 DEOPT PACKING pc=0x000002d8af102d27 sp=0x000000ee232f8a80
Event: 27.908 Thread 0x000002d8ca133000 DEOPT UNPACKING pc=0x000002d8ad2c724e sp=0x000000ee232f7f40 mode 0
Event: 28.211 Thread 0x000002d8ca133000 DEOPT PACKING pc=0x000002d8af040168 sp=0x000000ee232f9390
Event: 28.211 Thread 0x000002d8ca133000 DEOPT UNPACKING pc=0x000002d8ad2c724e sp=0x000000ee232f8878 mode 0

Classes redefined (0 events):
No events

Internal exceptions (20 events):
Event: 21.936 Thread 0x000002d8c5b1b800 Exception <a 'java/lang/NoSuchMethodError'{0x0000000088898e60}: <clinit>> (0x0000000088898e60) thrown at [./src/hotspot/share/prims/jni.cpp, line 1362]
Event: 21.938 Thread 0x000002d8c5b1b800 Exception <a 'java/lang/NoSuchMethodError'{0x00000000888b41a8}: <clinit>> (0x00000000888b41a8) thrown at [./src/hotspot/share/prims/jni.cpp, line 1362]
Event: 21.939 Thread 0x000002d8c5b1b800 Exception <a 'java/lang/NoSuchMethodError'{0x00000000888b5900}: <clinit>> (0x00000000888b5900) thrown at [./src/hotspot/share/prims/jni.cpp, line 1362]
Event: 21.939 Thread 0x000002d8c5b1b800 Exception <a 'java/lang/NoSuchMethodError'{0x00000000888b7308}: <clinit>> (0x00000000888b7308) thrown at [./src/hotspot/share/prims/jni.cpp, line 1362]
Event: 21.978 Thread 0x000002d8c5b1b800 Exception <a 'java/lang/NoSuchMethodError'{0x0000000088509eb8}: <clinit>> (0x0000000088509eb8) thrown at [./src/hotspot/share/prims/jni.cpp, line 1362]
Event: 22.667 Thread 0x000002d8c5b94800 Implicit null exception at 0x000002d8b52fbcb2 to 0x000002d8b52fc05c
Event: 22.667 Thread 0x000002d8ca133000 Implicit null exception at 0x000002d8b52fbcb2 to 0x000002d8b52fc05c
Event: 23.099 Thread 0x000002d8ca130000 Exception <a 'java/lang/NoSuchMethodError'{0x000000008b64d680}: <clinit>> (0x000000008b64d680) thrown at [./src/hotspot/share/prims/jni.cpp, line 1362]
Event: 23.351 Thread 0x000002d8ca133000 Exception <a 'sun/nio/fs/WindowsException'{0x000000008a62b028}> (0x000000008a62b028) thrown at [./src/hotspot/share/prims/jni.cpp, line 615]
Event: 23.351 Thread 0x000002d8ca133000 Exception <a 'sun/nio/fs/WindowsException'{0x000000008a62be28}> (0x000000008a62be28) thrown at [./src/hotspot/share/prims/jni.cpp, line 615]
Event: 23.353 Thread 0x000002d8ca133000 Exception <a 'java/lang/NoSuchMethodError'{0x000000008a647c50}: 'int java.lang.invoke.DirectMethodHandle$Holder.invokeSpecial(java.lang.Object, java.lang.Object, java.lang.Object, java.lang.Object, java.lang.Object)'> (0x000000008a647c50) thrown at [./src/hotspot/share/interpreter/linkResolver.cpp, line 773]
Event: 23.358 Thread 0x000002d8ca133000 Exception <a 'sun/nio/fs/WindowsException'{0x000000008a67cd98}> (0x000000008a67cd98) thrown at [./src/hotspot/share/prims/jni.cpp, line 615]
Event: 23.358 Thread 0x000002d8ca133000 Exception <a 'sun/nio/fs/WindowsException'{0x000000008a67d6d0}> (0x000000008a67d6d0) thrown at [./src/hotspot/share/prims/jni.cpp, line 615]
Event: 23.359 Thread 0x000002d8ca133000 Exception <a 'java/lang/NoSuchMethodError'{0x000000008a697a88}: 'void java.lang.invoke.DirectMethodHandle$Holder.invokeStatic(java.lang.Object, java.lang.Object, java.lang.Object, java.lang.Object, int, java.lang.Object)'> (0x000000008a697a88) thrown at [./src/hotspot/share/interpreter/linkResolver.cpp, line 773]
Event: 24.098 Thread 0x000002d8ca133000 Exception <a 'java/lang/NoSuchMethodError'{0x00000000893dbe28}: 'java.lang.Object java.lang.invoke.Invokers$Holder.linkToTargetMethod(java.lang.Object, java.lang.Object, java.lang.Object, int, int, java.lang.Object)'> (0x00000000893dbe28) thrown at [./src/hotspot/share/interpreter/linkResolver.cpp, line 773]
Event: 24.165 Thread 0x000002d8ca133000 Exception <a 'java/lang/NoSuchMethodError'{0x000000008909b628}: 'int java.lang.invoke.DirectMethodHandle$Holder.invokeVirtual(java.lang.Object, java.lang.Object, java.lang.Object)'> (0x000000008909b628) thrown at [./src/hotspot/share/interpreter/linkResolver.cpp, line 773]
Event: 26.139 Thread 0x000002d8ca133000 Exception <a 'sun/nio/fs/WindowsException'{0x000000008b44d0b0}> (0x000000008b44d0b0) thrown at [./src/hotspot/share/prims/jni.cpp, line 615]
Event: 26.139 Thread 0x000002d8ca133000 Exception <a 'sun/nio/fs/WindowsException'{0x000000008b44d1b8}> (0x000000008b44d1b8) thrown at [./src/hotspot/share/prims/jni.cpp, line 615]
Event: 27.306 Thread 0x000002d8ca133000 Implicit null exception at 0x000002d8b53a3b1c to 0x000002d8b53a46c4
Event: 27.334 Thread 0x000002d8ca133000 Implicit null exception at 0x000002d8b4da71f8 to 0x000002d8b4da7231

Events (20 events):
Event: 27.554 loading class com/sun/tools/javac/util/Filter done
Event: 27.554 loading class com/sun/tools/javac/code/Symbol
Event: 27.554 loading class com/sun/tools/javac/code/Symbol done
Event: 27.554 loading class com/sun/tools/javac/code/Symbol
Event: 27.554 loading class com/sun/tools/javac/code/Symbol done
Event: 27.555 Executing VM operation: Deoptimize
Event: 27.556 Executing VM operation: Deoptimize done
Event: 27.585 loading class com/sun/tools/javac/util/JCDiagnostic$DiagnosticPosition
Event: 27.585 loading class com/sun/tools/javac/util/JCDiagnostic$DiagnosticPosition done
Event: 27.585 loading class com/sun/tools/javac/comp/Check
Event: 27.585 loading class com/sun/tools/javac/comp/Check done
Event: 27.679 Executing VM operation: G1CollectForAllocation
Event: 27.694 Executing VM operation: G1CollectForAllocation done
Event: 27.932 Executing VM operation: CGC_Operation
Event: 27.943 Executing VM operation: CGC_Operation done
Event: 28.064 Executing VM operation: CGC_Operation
Event: 28.066 Executing VM operation: CGC_Operation done
Event: 28.135 Executing VM operation: G1CollectForAllocation
Event: 28.149 Executing VM operation: G1CollectForAllocation done
Event: 28.213 Executing VM operation: G1CollectForAllocation


Dynamic libraries:
0x00007ff6c17f0000 - 0x00007ff6c17fa000 	C:\Program Files\Android\Android Studio\jre\bin\java.exe
0x00007ffdbfbb0000 - 0x00007ffdbfda5000 	C:\WINDOWS\SYSTEM32\ntdll.dll
0x00007ffdbf740000 - 0x00007ffdbf7fd000 	C:\WINDOWS\System32\KERNEL32.DLL
0x00007ffdbd920000 - 0x00007ffdbdbe8000 	C:\WINDOWS\System32\KERNELBASE.dll
0x00007ffdbd500000 - 0x00007ffdbd600000 	C:\WINDOWS\System32\ucrtbase.dll
0x00007ffd8b630000 - 0x00007ffd8b649000 	C:\Program Files\Android\Android Studio\jre\bin\jli.dll
0x00007ffd998c0000 - 0x00007ffd998d7000 	C:\Program Files\Android\Android Studio\jre\bin\VCRUNTIME140.dll
0x00007ffdaee00000 - 0x00007ffdaf09a000 	C:\WINDOWS\WinSxS\amd64_microsoft.windows.common-controls_6595b64144ccf1df_6.0.19041.1052_none_60b8f8fd71f5e8cb\COMCTL32.dll
0x00007ffdbe410000 - 0x00007ffdbe5b0000 	C:\WINDOWS\System32\USER32.dll
0x00007ffdbf870000 - 0x00007ffdbf90e000 	C:\WINDOWS\System32\msvcrt.dll
0x00007ffdbdbf0000 - 0x00007ffdbdc12000 	C:\WINDOWS\System32\win32u.dll
0x00007ffdbfa90000 - 0x00007ffdbfaba000 	C:\WINDOWS\System32\GDI32.dll
0x00007ffdbd810000 - 0x00007ffdbd91b000 	C:\WINDOWS\System32\gdi32full.dll
0x00007ffdbd410000 - 0x00007ffdbd4ad000 	C:\WINDOWS\System32\msvcp_win.dll
0x00007ffdbe060000 - 0x00007ffdbe090000 	C:\WINDOWS\System32\IMM32.DLL
0x00007ffd7d510000 - 0x00007ffd7d5ad000 	C:\Program Files\Android\Android Studio\jre\bin\msvcp140.dll
0x00007ffd87e70000 - 0x00007ffd8892c000 	C:\Program Files\Android\Android Studio\jre\bin\server\jvm.dll
0x00007ffdbfac0000 - 0x00007ffdbfb6c000 	C:\WINDOWS\System32\ADVAPI32.dll
0x00007ffdbe6e0000 - 0x00007ffdbe77b000 	C:\WINDOWS\System32\sechost.dll
0x00007ffdbe2e0000 - 0x00007ffdbe40b000 	C:\WINDOWS\System32\RPCRT4.dll
0x00007ffdbf910000 - 0x00007ffdbf918000 	C:\WINDOWS\System32\PSAPI.DLL
0x00007ffdac460000 - 0x00007ffdac469000 	C:\WINDOWS\SYSTEM32\WSOCK32.dll
0x00007ffdbf800000 - 0x00007ffdbf86b000 	C:\WINDOWS\System32\WS2_32.dll
0x00007ffdb1eb0000 - 0x00007ffdb1ed7000 	C:\WINDOWS\SYSTEM32\WINMM.dll
0x00007ffdb3de0000 - 0x00007ffdb3dea000 	C:\WINDOWS\SYSTEM32\VERSION.dll
0x00007ffdbb260000 - 0x00007ffdbb272000 	C:\WINDOWS\SYSTEM32\kernel.appcore.dll
0x00007ffd968f0000 - 0x00007ffd96901000 	C:\Program Files\Android\Android Studio\jre\bin\verify.dll
0x00007ffdaba90000 - 0x00007ffdabc74000 	C:\WINDOWS\SYSTEM32\DBGHELP.DLL
0x00007ffdabd80000 - 0x00007ffdabdac000 	C:\WINDOWS\SYSTEM32\dbgcore.DLL
0x00007ffdbd350000 - 0x00007ffdbd3d3000 	C:\WINDOWS\System32\bcryptPrimitives.dll
0x00007ffd93ff0000 - 0x00007ffd94019000 	C:\Program Files\Android\Android Studio\jre\bin\java.dll
0x00007ffdab9c0000 - 0x00007ffdab9cb000 	C:\Program Files\Android\Android Studio\jre\bin\jimage.dll
0x00007ffd93da0000 - 0x00007ffd93db8000 	C:\Program Files\Android\Android Studio\jre\bin\zip.dll
0x00007ffdbe7a0000 - 0x00007ffdbeedf000 	C:\WINDOWS\System32\SHELL32.dll
0x00007ffdbb460000 - 0x00007ffdbbbf0000 	C:\WINDOWS\SYSTEM32\windows.storage.dll
0x00007ffdbdd00000 - 0x00007ffdbe055000 	C:\WINDOWS\System32\combase.dll
0x00007ffdbcc90000 - 0x00007ffdbccbc000 	C:\WINDOWS\SYSTEM32\Wldp.dll
0x00007ffdbf690000 - 0x00007ffdbf73e000 	C:\WINDOWS\System32\SHCORE.dll
0x00007ffdbf090000 - 0x00007ffdbf0e5000 	C:\WINDOWS\System32\shlwapi.dll
0x00007ffdbd230000 - 0x00007ffdbd24f000 	C:\WINDOWS\SYSTEM32\profapi.dll
0x00007ffd92e70000 - 0x00007ffd92e8a000 	C:\Program Files\Android\Android Studio\jre\bin\net.dll
0x00007ffdb7d10000 - 0x00007ffdb7e1b000 	C:\WINDOWS\SYSTEM32\WINHTTP.dll
0x00007ffdbca00000 - 0x00007ffdbca6a000 	C:\WINDOWS\system32\mswsock.dll
0x00007ffd92330000 - 0x00007ffd92344000 	C:\Program Files\Android\Android Studio\jre\bin\nio.dll
0x00007ffda5f10000 - 0x00007ffda5f37000 	C:\Users\infinity\.gradle\native\f6784746aeab05261644944871eae4fe03e0ef1612fff0a4a95f87b438bc6780\windows-amd64\native-platform.dll
0x00007ffda7880000 - 0x00007ffda788a000 	C:\Program Files\Android\Android Studio\jre\bin\management.dll
0x00007ffda7320000 - 0x00007ffda732c000 	C:\Program Files\Android\Android Studio\jre\bin\management_ext.dll
0x00007ffdbcbe0000 - 0x00007ffdbcbf8000 	C:\WINDOWS\SYSTEM32\CRYPTSP.dll
0x00007ffdbc3a0000 - 0x00007ffdbc3d4000 	C:\WINDOWS\system32\rsaenh.dll
0x00007ffdbd3e0000 - 0x00007ffdbd407000 	C:\WINDOWS\System32\bcrypt.dll
0x00007ffdbd1b0000 - 0x00007ffdbd1de000 	C:\WINDOWS\SYSTEM32\USERENV.dll
0x00007ffdbcbd0000 - 0x00007ffdbcbdc000 	C:\WINDOWS\SYSTEM32\CRYPTBASE.dll
0x00007ffdbc6f0000 - 0x00007ffdbc72b000 	C:\WINDOWS\SYSTEM32\IPHLPAPI.DLL
0x00007ffdbe6d0000 - 0x00007ffdbe6d8000 	C:\WINDOWS\System32\NSI.dll
0x00007ffdb6e80000 - 0x00007ffdb6e97000 	C:\WINDOWS\SYSTEM32\dhcpcsvc6.DLL
0x00007ffdb6e40000 - 0x00007ffdb6e5d000 	C:\WINDOWS\SYSTEM32\dhcpcsvc.DLL
0x00007ffdbc730000 - 0x00007ffdbc7fc000 	C:\WINDOWS\SYSTEM32\DNSAPI.dll
0x00007ffdb72a0000 - 0x00007ffdb72ab000 	C:\WINDOWS\SYSTEM32\WINNSI.DLL

dbghelp: loaded successfully - version: 4.0.5 - missing functions: none
symbol engine: initialized successfully - sym options: 0x614 - pdb path: .;C:\Program Files\Android\Android Studio\jre\bin;C:\WINDOWS\SYSTEM32;C:\WINDOWS\WinSxS\amd64_microsoft.windows.common-controls_6595b64144ccf1df_6.0.19041.1052_none_60b8f8fd71f5e8cb;C:\Program Files\Android\Android Studio\jre\bin\server;C:\Users\infinity\.gradle\native\f6784746aeab05261644944871eae4fe03e0ef1612fff0a4a95f87b438bc6780\windows-amd64

VM Arguments:
jvm_args: --add-opens=java.base/java.util=ALL-UNNAMED --add-opens=java.base/java.lang=ALL-UNNAMED --add-opens=java.base/java.lang.invoke=ALL-UNNAMED --add-opens=java.prefs/java.util.prefs=ALL-UNNAMED -Xmx2048m -Dfile.encoding=UTF-8 -Duser.country=IN -Duser.language=en -Duser.variant 
java_command: org.gradle.launcher.daemon.bootstrap.GradleDaemon 6.5
java_class_path (initial): C:\Users\infinity\.gradle\wrapper\dists\gradle-6.5-bin\6nifqtx7604sqp1q6g8wikw7p\gradle-6.5\lib\gradle-launcher-6.5.jar
Launcher Type: SUN_STANDARD

[Global flags]
     intx CICompilerCount                          = 3                                         {product} {ergonomic}
     uint ConcGCThreads                            = 1                                         {product} {ergonomic}
     uint G1ConcRefinementThreads                  = 4                                         {product} {ergonomic}
   size_t G1HeapRegionSize                         = 1048576                                   {product} {ergonomic}
    uintx GCDrainStackTargetSize                   = 64                                        {product} {ergonomic}
   size_t InitialHeapSize                          = 134217728                                 {product} {ergonomic}
   size_t MarkStackSize                            = 4194304                                   {product} {ergonomic}
   size_t MaxHeapSize                              = 2147483648                                {product} {command line}
   size_t MaxNewSize                               = 1287651328                                {product} {ergonomic}
   size_t MinHeapDeltaBytes                        = 1048576                                   {product} {ergonomic}
    uintx NonNMethodCodeHeapSize                   = 5830732                                {pd product} {ergonomic}
    uintx NonProfiledCodeHeapSize                  = 122913754                              {pd product} {ergonomic}
    uintx ProfiledCodeHeapSize                     = 122913754                              {pd product} {ergonomic}
    uintx ReservedCodeCacheSize                    = 251658240                              {pd product} {ergonomic}
     bool SegmentedCodeCache                       = true                                      {product} {ergonomic}
     bool UseCompressedClassPointers               = true                                 {lp64_product} {ergonomic}
     bool UseCompressedOops                        = true                                 {lp64_product} {ergonomic}
     bool UseG1GC                                  = true                                      {product} {ergonomic}
     bool UseLargePagesIndividualAllocation        = false                                  {pd product} {ergonomic}

Logging:
Log output configuration:
 #0: stdout all=warning uptime,level,tags
 #1: stderr all=off uptime,level,tags

Environment Variables:
JAVA_HOME=C:\Program Files\Java\jdk1.8.0_211
CLASSPATH=.;
PATH=C:\Windows\system32;C:\Windows;C:\Windows\System32\Wbem;C:\Windows\System32\WindowsPowerShell\v1.0\;C:\Windows\System32\OpenSSH\;C:\Program Files\Git\cmd;C:\Users\infinity\AppData\Local\Microsoft\WindowsApps;C:\adb;C:\ProgramData\chocolatey\bin;C:\Program Files\nodejs\;C:\Program Files\Java\jdk1.8.0_211\bin;C:\Program Files\Microsoft SQL Server\Client SDK\ODBC\170\Tools\Binn\;C:\Program Files\Azure Data Studio\bin;C:\Program Files (x86)\Microsoft SQL Server\150\Tools\Binn\;C:\Program Files\Microsoft SQL Server\150\Tools\Binn\;C:\Program Files\Microsoft SQL Server\150\DTS\Binn\;%SystemRoot%\system32;%SystemRoot%;%SystemRoot%\System32\Wbem;%SYSTEMROOT%\System32\WindowsPowerShell\v1.0\;%SYSTEMROOT%\System32\OpenSSH\;C:\Users\infinity\AppData\Local\Microsoft\WindowsApps;C:\Users\infinity\AppData\Roaming\npm;C:\Users\infinity\Downloads\flutter_windows_1.22.6-stable\flutter\bin;C:\Program Files\Azure Data Studio\bin;;C:\Users\infinity\AppData\Local\Programs\Microsoft VS Code\bin
USERNAME=infinity
OS=Windows_NT
PROCESSOR_IDENTIFIER=Intel64 Family 6 Model 42 Stepping 7, GenuineIntel



---------------  S Y S T E M  ---------------

OS: Windows 10 , 64 bit Build 19041 (10.0.19041.1023)
OS uptime: 5 days 3:03 hours

CPU:total 4 (initial active 4) (4 cores per cpu, 1 threads per core) family 6 model 42 stepping 7, cmov, cx8, fxsr, mmx, sse, sse2, sse3, ssse3, sse4.1, sse4.2, popcnt, avx, aes, clmul, tsc, tscinvbit

Memory: 4k page, system-wide physical 8064M (442M free)
TotalPageFile size 14765M (AvailPageFile size 27M)
current process WorkingSet (physical memory assigned to process): 452M, peak: 460M
current process commit charge ("private bytes"): 482M, peak: 519M

vm_info: OpenJDK 64-Bit Server VM (11.0.8+10-b944.6842174) for windows-amd64 JRE (11.0.8+10-b944.6842174), built on Sep 19 2020 01:11:42 by "builder" with MS VC++ 14.0 (VS2015)

END.
